ARM GAS  C:\Users\robom\AppData\Local\Temp\ccyv8O3S.s 			page 1


   1              		.syntax unified
   2              		.cpu cortex-m3
   3              		.fpu softvfp
   4              		.eabi_attribute 20, 1
   5              		.eabi_attribute 21, 1
   6              		.eabi_attribute 23, 3
   7              		.eabi_attribute 24, 1
   8              		.eabi_attribute 25, 1
   9              		.eabi_attribute 26, 1
  10              		.eabi_attribute 30, 1
  11              		.eabi_attribute 34, 1
  12              		.eabi_attribute 18, 4
  13              		.thumb
  14              		.syntax unified
  15              		.file	"tsk_io.c"
  16              		.text
  17              	.Ltext0:
  18              		.cfi_sections	.debug_frame
  19              		.section	.text.Functsk_io,"ax",%progbits
  20              		.align	2
  21              		.global	Functsk_io
  22              		.thumb
  23              		.thumb_func
  24              		.type	Functsk_io, %function
  25              	Functsk_io:
  26              	.LFB110:
  27              		.file 1 "source\\asw\\tsk_io.c"
   1:source\asw/tsk_io.c **** 
   2:source\asw/tsk_io.c **** 
   3:source\asw/tsk_io.c **** /*
   4:source\asw/tsk_io.c ****  * Filename: tsk_io.c
   5:source\asw/tsk_io.c ****  *
   6:source\asw/tsk_io.c ****  * Author: Autogenerated by H-DA RTE Generator, (c) Prof. Fromm
   7:source\asw/tsk_io.c ****  */
   8:source\asw/tsk_io.c **** 
   9:source\asw/tsk_io.c **** #include "project.h"
  10:source\asw/tsk_io.c **** #include "global.h"
  11:source\asw/tsk_io.c **** #include "rte.h"
  12:source\asw/tsk_io.c **** #include "rte_types.h"
  13:source\asw/tsk_io.c **** #include "tsk_io.h"
  14:source\asw/tsk_io.c **** 
  15:source\asw/tsk_io.c **** 
  16:source\asw/tsk_io.c **** 
  17:source\asw/tsk_io.c **** /* USER CODE START TSK_IO_INCLUDE */
  18:source\asw/tsk_io.c **** 
  19:source\asw/tsk_io.c **** /* USER CODE END TSK_IO_INCLUDE */
  20:source\asw/tsk_io.c **** 
  21:source\asw/tsk_io.c **** #include "swc_clock.h"
  22:source\asw/tsk_io.c **** 
  23:source\asw/tsk_io.c **** 
  24:source\asw/tsk_io.c **** 
  25:source\asw/tsk_io.c **** /* USER CODE START TSK_IO_USERDEFINITIONS */
  26:source\asw/tsk_io.c **** 
  27:source\asw/tsk_io.c **** /* USER CODE END TSK_IO_USERDEFINITIONS */
  28:source\asw/tsk_io.c **** 
  29:source\asw/tsk_io.c **** /*******************************************************************************
  30:source\asw/tsk_io.c ****  * Runnable Tables from Activation Engine
ARM GAS  C:\Users\robom\AppData\Local\Temp\ccyv8O3S.s 			page 2


  31:source\asw/tsk_io.c ****  *******************************************************************************/
  32:source\asw/tsk_io.c **** 
  33:source\asw/tsk_io.c **** /* Cyclic Table */
  34:source\asw/tsk_io.c **** 
  35:source\asw/tsk_io.c **** const RTE_cyclicTable_t RTE_cyclicActivationTable_tsk_io[] = {
  36:source\asw/tsk_io.c **** 	{ CLOCK_input_run, 50 },	//Runnable for the input of the clock
  37:source\asw/tsk_io.c **** 	{ CLOCK_display_run, 250 },	//Runnable
  38:source\asw/tsk_io.c **** };
  39:source\asw/tsk_io.c **** const uint16_t RTE_cyclicActivation_tsk_io_size = sizeof (RTE_cyclicActivationTable_tsk_io) / sizeo
  40:source\asw/tsk_io.c **** 
  41:source\asw/tsk_io.c **** /* Event Table */
  42:source\asw/tsk_io.c **** const RTE_eventTable_t RTE_eventActivationTable_tsk_io[] = {
  43:source\asw/tsk_io.c ****     { CLOCK_input_run, ev_1ms },  //Runnable for the input of the clock
  44:source\asw/tsk_io.c ****     { CLOCK_input_run, ev_event_onData },  //Runnable for the input of the clock
  45:source\asw/tsk_io.c ****     { CLOCK_display_run, ev_1ms },  //Runnable
  46:source\asw/tsk_io.c ****     { CLOCK_display_run, ev_event_onData },  //Runnable
  47:source\asw/tsk_io.c **** }; 
  48:source\asw/tsk_io.c **** const uint16_t RTE_eventActivation_tsk_io_size = sizeof (RTE_eventActivationTable_tsk_io) / sizeof(
  49:source\asw/tsk_io.c **** 
  50:source\asw/tsk_io.c **** /*******************************************************************************
  51:source\asw/tsk_io.c ****  * Task Body
  52:source\asw/tsk_io.c ****  *******************************************************************************/
  53:source\asw/tsk_io.c **** 
  54:source\asw/tsk_io.c **** 
  55:source\asw/tsk_io.c **** /*
  56:source\asw/tsk_io.c **** * description: This task will contain all IO operations, e.g. remote, engine,...
  57:source\asw/tsk_io.c **** * events: ev_1ms|ev_event_onData
  58:source\asw/tsk_io.c **** * mode: Cyclic and Event
  59:source\asw/tsk_io.c **** * name: tsk_io
  60:source\asw/tsk_io.c **** * shortname: io
  61:source\asw/tsk_io.c **** * signalpoolsRO: sp_common
  62:source\asw/tsk_io.c **** * signalpoolsRW: sp_common
  63:source\asw/tsk_io.c **** * tickEvent: ev_1ms
  64:source\asw/tsk_io.c **** * timertickperiod: 1
  65:source\asw/tsk_io.c **** */
  66:source\asw/tsk_io.c **** TASK(tsk_io)
  67:source\asw/tsk_io.c **** {
  28              		.loc 1 67 0
  29              		.cfi_startproc
  30              		@ args = 0, pretend = 0, frame = 8
  31              		@ frame_needed = 0, uses_anonymous_args = 0
  32 0000 10B5     		push	{r4, lr}
  33              		.cfi_def_cfa_offset 8
  34              		.cfi_offset 4, -8
  35              		.cfi_offset 14, -4
  36 0002 82B0     		sub	sp, sp, #8
  37              		.cfi_def_cfa_offset 16
  68:source\asw/tsk_io.c **** 	/* ticktime of the task */
  69:source\asw/tsk_io.c **** 	static uint32_t ticktime = 0;
  70:source\asw/tsk_io.c **** 	
  71:source\asw/tsk_io.c ****     EventMaskType ev = 0;
  38              		.loc 1 71 0
  39 0004 0023     		movs	r3, #0
  40 0006 0193     		str	r3, [sp, #4]
  41              	.L3:
  72:source\asw/tsk_io.c ****     
  73:source\asw/tsk_io.c ****     while(1)
ARM GAS  C:\Users\robom\AppData\Local\Temp\ccyv8O3S.s 			page 3


  74:source\asw/tsk_io.c ****     {
  75:source\asw/tsk_io.c ****         //Wait, read and clear the event
  76:source\asw/tsk_io.c ****         WaitEvent(ev_1ms|ev_event_onData);
  42              		.loc 1 76 0
  43 0008 0320     		movs	r0, #3
  44 000a FFF7FEFF 		bl	EE_oo_WaitEvent
  45              	.LVL0:
  77:source\asw/tsk_io.c ****         GetEvent(tsk_io,&ev);
  46              		.loc 1 77 0
  47 000e 01A9     		add	r1, sp, #4
  48 0010 0220     		movs	r0, #2
  49 0012 FFF7FEFF 		bl	EE_oo_GetEvent
  50              	.LVL1:
  78:source\asw/tsk_io.c ****         ClearEvent(ev);
  51              		.loc 1 78 0
  52 0016 0198     		ldr	r0, [sp, #4]
  53 0018 FFF7FEFF 		bl	EE_oo_ClearEvent
  54              	.LVL2:
  79:source\asw/tsk_io.c ****     
  80:source\asw/tsk_io.c **** 		/* USER CODE START TSK_IO_TASKBOBY_PRE */
  81:source\asw/tsk_io.c **** 
  82:source\asw/tsk_io.c **** 		/* USER CODE END TSK_IO_TASKBODY_PRE */
  83:source\asw/tsk_io.c ****         
  84:source\asw/tsk_io.c ****         if (ev & ev_1ms){
  55              		.loc 1 84 0
  56 001c 019B     		ldr	r3, [sp, #4]
  57 001e 13F0010F 		tst	r3, #1
  58 0022 0DD0     		beq	.L2
  85:source\asw/tsk_io.c ****             //Process Cyclic table on tick
  86:source\asw/tsk_io.c ****             RTE_ProcessCyclicTable(RTE_cyclicActivationTable_tsk_io, RTE_cyclicActivation_tsk_io_si
  59              		.loc 1 86 0
  60 0024 094C     		ldr	r4, .L5
  61 0026 2268     		ldr	r2, [r4]
  62 0028 0221     		movs	r1, #2
  63 002a 0948     		ldr	r0, .L5+4
  64 002c FFF7FEFF 		bl	RTE_ProcessCyclicTable
  65              	.LVL3:
  87:source\asw/tsk_io.c **** 
  88:source\asw/tsk_io.c **** 			ticktime += 1;
  66              		.loc 1 88 0
  67 0030 2368     		ldr	r3, [r4]
  68 0032 0133     		adds	r3, r3, #1
  69 0034 2360     		str	r3, [r4]
  89:source\asw/tsk_io.c **** 			if (ticktime > 0xFFFFFF00) ticktime = 0;
  70              		.loc 1 89 0
  71 0036 13F5807F 		cmn	r3, #256
  72 003a 01D9     		bls	.L2
  73              		.loc 1 89 0 is_stmt 0 discriminator 1
  74 003c 0022     		movs	r2, #0
  75 003e 2260     		str	r2, [r4]
  76              	.L2:
  90:source\asw/tsk_io.c **** 
  91:source\asw/tsk_io.c **** 		};
  92:source\asw/tsk_io.c **** 		
  93:source\asw/tsk_io.c **** 		//Process data driven events
  94:source\asw/tsk_io.c **** 		RTE_ProcessEventTable(RTE_eventActivationTable_tsk_io, RTE_eventActivation_tsk_io_size, ev);
  77              		.loc 1 94 0 is_stmt 1
ARM GAS  C:\Users\robom\AppData\Local\Temp\ccyv8O3S.s 			page 4


  78 0040 019A     		ldr	r2, [sp, #4]
  79 0042 0421     		movs	r1, #4
  80 0044 0348     		ldr	r0, .L5+8
  81 0046 FFF7FEFF 		bl	RTE_ProcessEventTable
  82              	.LVL4:
  95:source\asw/tsk_io.c **** 		
  96:source\asw/tsk_io.c **** 		/* USER CODE START TSK_IO_TASKBODY_POST */
  97:source\asw/tsk_io.c **** 
  98:source\asw/tsk_io.c **** 		/* USER CODE END TSK_IO_TASKBODY_POST */
  99:source\asw/tsk_io.c **** 
 100:source\asw/tsk_io.c ****         
 101:source\asw/tsk_io.c ****     }
  83              		.loc 1 101 0
  84 004a DDE7     		b	.L3
  85              	.L6:
  86              		.align	2
  87              	.L5:
  88 004c 00000000 		.word	.LANCHOR0
  89 0050 00000000 		.word	.LANCHOR1
  90 0054 10000000 		.word	.LANCHOR1+16
  91              		.cfi_endproc
  92              	.LFE110:
  93              		.size	Functsk_io, .-Functsk_io
  94              		.global	RTE_eventActivation_tsk_io_size
  95              		.global	RTE_eventActivationTable_tsk_io
  96              		.global	RTE_cyclicActivation_tsk_io_size
  97              		.global	RTE_cyclicActivationTable_tsk_io
  98              		.section	.rodata
  99              		.align	2
 100              		.set	.LANCHOR1,. + 0
 101              		.type	RTE_cyclicActivationTable_tsk_io, %object
 102              		.size	RTE_cyclicActivationTable_tsk_io, 16
 103              	RTE_cyclicActivationTable_tsk_io:
 104 0000 00000000 		.word	CLOCK_input_run
 105 0004 3200     		.short	50
 106 0006 0000     		.space	2
 107 0008 00000000 		.word	CLOCK_display_run
 108 000c FA00     		.short	250
 109 000e 0000     		.space	2
 110              		.type	RTE_eventActivationTable_tsk_io, %object
 111              		.size	RTE_eventActivationTable_tsk_io, 32
 112              	RTE_eventActivationTable_tsk_io:
 113 0010 00000000 		.word	CLOCK_input_run
 114 0014 01000000 		.word	1
 115 0018 00000000 		.word	CLOCK_input_run
 116 001c 02000000 		.word	2
 117 0020 00000000 		.word	CLOCK_display_run
 118 0024 01000000 		.word	1
 119 0028 00000000 		.word	CLOCK_display_run
 120 002c 02000000 		.word	2
 121              		.type	RTE_eventActivation_tsk_io_size, %object
 122              		.size	RTE_eventActivation_tsk_io_size, 2
 123              	RTE_eventActivation_tsk_io_size:
 124 0030 0400     		.short	4
 125              		.type	RTE_cyclicActivation_tsk_io_size, %object
 126              		.size	RTE_cyclicActivation_tsk_io_size, 2
 127              	RTE_cyclicActivation_tsk_io_size:
ARM GAS  C:\Users\robom\AppData\Local\Temp\ccyv8O3S.s 			page 5


 128 0032 0200     		.short	2
 129              		.bss
 130              		.align	2
 131              		.set	.LANCHOR0,. + 0
 132              		.type	ticktime.7440, %object
 133              		.size	ticktime.7440, 4
 134              	ticktime.7440:
 135 0000 00000000 		.space	4
 136              		.text
 137              	.Letext0:
 138              		.file 2 "c:\\program files (x86)\\cypress\\psoc creator\\4.4\\psoc creator\\import\\gnu\\arm\\5.4.
 139              		.file 3 "c:\\program files (x86)\\cypress\\psoc creator\\4.4\\psoc creator\\import\\gnu\\arm\\5.4.
 140              		.file 4 "Generated_Source\\PSoC5/ErikaOS_1_common_ee_types.inc"
 141              		.file 5 "Generated_Source\\PSoC5/ErikaOS_1_cortex_mx_ee_cpu.inc"
 142              		.file 6 "Generated_Source\\PSoC5/ErikaOS_1_ee_oo_common.inc"
 143              		.file 7 ".\\source\\rte/rte_types.h"
 144              		.file 8 ".\\source\\rte/rte.h"
 145              		.file 9 "Generated_Source\\PSoC5/ErikaOS_1_ee_oo_intfunc.inc"
 146              		.file 10 "Generated_Source\\PSoC5/ErikaOS_1_cortex_mx_ee_context.inc"
 147              		.file 11 "Generated_Source\\PSoC5/ErikaOS_1_common_ee_primitives.inc"
 148              		.file 12 "Generated_Source\\PSoC5/core_cm3.h"
 149              		.file 13 "Generated_Source\\PSoC5/ErikaOS_1_ee_oo_kernel.inc"
 150              		.section	.debug_info,"",%progbits
 151              	.Ldebug_info0:
 152 0000 2B030000 		.4byte	0x32b
 153 0004 0400     		.2byte	0x4
 154 0006 00000000 		.4byte	.Ldebug_abbrev0
 155 000a 04       		.byte	0x4
 156 000b 01       		.uleb128 0x1
 157 000c 36010000 		.4byte	.LASF48
 158 0010 0C       		.byte	0xc
 159 0011 9F020000 		.4byte	.LASF49
 160 0015 00000000 		.4byte	.LASF50
 161 0019 00000000 		.4byte	.Ldebug_ranges0+0
 162 001d 00000000 		.4byte	0
 163 0021 00000000 		.4byte	.Ldebug_line0
 164 0025 02       		.uleb128 0x2
 165 0026 01       		.byte	0x1
 166 0027 06       		.byte	0x6
 167 0028 BA030000 		.4byte	.LASF0
 168 002c 02       		.uleb128 0x2
 169 002d 01       		.byte	0x1
 170 002e 08       		.byte	0x8
 171 002f 28010000 		.4byte	.LASF1
 172 0033 02       		.uleb128 0x2
 173 0034 02       		.byte	0x2
 174 0035 05       		.byte	0x5
 175 0036 71030000 		.4byte	.LASF2
 176 003a 03       		.uleb128 0x3
 177 003b 4E020000 		.4byte	.LASF4
 178 003f 02       		.byte	0x2
 179 0040 2B       		.byte	0x2b
 180 0041 45000000 		.4byte	0x45
 181 0045 02       		.uleb128 0x2
 182 0046 02       		.byte	0x2
 183 0047 07       		.byte	0x7
 184 0048 FF010000 		.4byte	.LASF3
ARM GAS  C:\Users\robom\AppData\Local\Temp\ccyv8O3S.s 			page 6


 185 004c 03       		.uleb128 0x3
 186 004d A9000000 		.4byte	.LASF5
 187 0051 02       		.byte	0x2
 188 0052 3F       		.byte	0x3f
 189 0053 57000000 		.4byte	0x57
 190 0057 02       		.uleb128 0x2
 191 0058 04       		.byte	0x4
 192 0059 05       		.byte	0x5
 193 005a A5030000 		.4byte	.LASF6
 194 005e 03       		.uleb128 0x3
 195 005f 74020000 		.4byte	.LASF7
 196 0063 02       		.byte	0x2
 197 0064 41       		.byte	0x41
 198 0065 69000000 		.4byte	0x69
 199 0069 02       		.uleb128 0x2
 200 006a 04       		.byte	0x4
 201 006b 07       		.byte	0x7
 202 006c ED010000 		.4byte	.LASF8
 203 0070 02       		.uleb128 0x2
 204 0071 08       		.byte	0x8
 205 0072 05       		.byte	0x5
 206 0073 38030000 		.4byte	.LASF9
 207 0077 02       		.uleb128 0x2
 208 0078 08       		.byte	0x8
 209 0079 07       		.byte	0x7
 210 007a 07010000 		.4byte	.LASF10
 211 007e 04       		.uleb128 0x4
 212 007f 04       		.byte	0x4
 213 0080 05       		.byte	0x5
 214 0081 696E7400 		.ascii	"int\000"
 215 0085 02       		.uleb128 0x2
 216 0086 04       		.byte	0x4
 217 0087 07       		.byte	0x7
 218 0088 CB020000 		.4byte	.LASF11
 219 008c 03       		.uleb128 0x3
 220 008d 68030000 		.4byte	.LASF12
 221 0091 03       		.byte	0x3
 222 0092 24       		.byte	0x24
 223 0093 3A000000 		.4byte	0x3a
 224 0097 03       		.uleb128 0x3
 225 0098 27030000 		.4byte	.LASF13
 226 009c 03       		.byte	0x3
 227 009d 2C       		.byte	0x2c
 228 009e 4C000000 		.4byte	0x4c
 229 00a2 03       		.uleb128 0x3
 230 00a3 9C030000 		.4byte	.LASF14
 231 00a7 03       		.byte	0x3
 232 00a8 30       		.byte	0x30
 233 00a9 5E000000 		.4byte	0x5e
 234 00ad 02       		.uleb128 0x2
 235 00ae 04       		.byte	0x4
 236 00af 04       		.byte	0x4
 237 00b0 E8000000 		.4byte	.LASF15
 238 00b4 02       		.uleb128 0x2
 239 00b5 08       		.byte	0x8
 240 00b6 04       		.byte	0x4
 241 00b7 C1000000 		.4byte	.LASF16
ARM GAS  C:\Users\robom\AppData\Local\Temp\ccyv8O3S.s 			page 7


 242 00bb 02       		.uleb128 0x2
 243 00bc 01       		.byte	0x1
 244 00bd 08       		.byte	0x8
 245 00be 46030000 		.4byte	.LASF17
 246 00c2 02       		.uleb128 0x2
 247 00c3 08       		.byte	0x8
 248 00c4 04       		.byte	0x4
 249 00c5 AE030000 		.4byte	.LASF18
 250 00c9 03       		.uleb128 0x3
 251 00ca E4010000 		.4byte	.LASF19
 252 00ce 04       		.byte	0x4
 253 00cf 53       		.byte	0x53
 254 00d0 7E000000 		.4byte	0x7e
 255 00d4 03       		.uleb128 0x3
 256 00d5 E0020000 		.4byte	.LASF20
 257 00d9 04       		.byte	0x4
 258 00da 54       		.byte	0x54
 259 00db 85000000 		.4byte	0x85
 260 00df 03       		.uleb128 0x3
 261 00e0 4B030000 		.4byte	.LASF21
 262 00e4 05       		.byte	0x5
 263 00e5 4D       		.byte	0x4d
 264 00e6 D4000000 		.4byte	0xd4
 265 00ea 03       		.uleb128 0x3
 266 00eb D8020000 		.4byte	.LASF22
 267 00ef 05       		.byte	0x5
 268 00f0 4F       		.byte	0x4f
 269 00f1 D4000000 		.4byte	0xd4
 270 00f5 03       		.uleb128 0x3
 271 00f6 E1000000 		.4byte	.LASF23
 272 00fa 05       		.byte	0x5
 273 00fb 78       		.byte	0x78
 274 00fc C9000000 		.4byte	0xc9
 275 0100 05       		.uleb128 0x5
 276 0101 B3000000 		.4byte	.LASF24
 277 0105 06       		.byte	0x6
 278 0106 2C02     		.2byte	0x22c
 279 0108 DF000000 		.4byte	0xdf
 280 010c 02       		.uleb128 0x2
 281 010d 04       		.byte	0x4
 282 010e 07       		.byte	0x7
 283 010f 2F030000 		.4byte	.LASF25
 284 0113 03       		.uleb128 0x3
 285 0114 59020000 		.4byte	.LASF26
 286 0118 07       		.byte	0x7
 287 0119 21       		.byte	0x21
 288 011a 00010000 		.4byte	0x100
 289 011e 03       		.uleb128 0x3
 290 011f C6030000 		.4byte	.LASF27
 291 0123 08       		.byte	0x8
 292 0124 66       		.byte	0x66
 293 0125 29010000 		.4byte	0x129
 294 0129 06       		.uleb128 0x6
 295 012a 04       		.byte	0x4
 296 012b 2F010000 		.4byte	0x12f
 297 012f 07       		.uleb128 0x7
 298 0130 3A010000 		.4byte	0x13a
ARM GAS  C:\Users\robom\AppData\Local\Temp\ccyv8O3S.s 			page 8


 299 0134 08       		.uleb128 0x8
 300 0135 13010000 		.4byte	0x113
 301 0139 00       		.byte	0
 302 013a 09       		.uleb128 0x9
 303 013b 08       		.byte	0x8
 304 013c 08       		.byte	0x8
 305 013d 6B       		.byte	0x6b
 306 013e 5B010000 		.4byte	0x15b
 307 0142 0A       		.uleb128 0xa
 308 0143 72756E00 		.ascii	"run\000"
 309 0147 08       		.byte	0x8
 310 0148 6D       		.byte	0x6d
 311 0149 1E010000 		.4byte	0x11e
 312 014d 00       		.byte	0
 313 014e 0B       		.uleb128 0xb
 314 014f 1E010000 		.4byte	.LASF28
 315 0153 08       		.byte	0x8
 316 0154 6E       		.byte	0x6e
 317 0155 8C000000 		.4byte	0x8c
 318 0159 04       		.byte	0x4
 319 015a 00       		.byte	0
 320 015b 03       		.uleb128 0x3
 321 015c B9020000 		.4byte	.LASF29
 322 0160 08       		.byte	0x8
 323 0161 6F       		.byte	0x6f
 324 0162 3A010000 		.4byte	0x13a
 325 0166 09       		.uleb128 0x9
 326 0167 08       		.byte	0x8
 327 0168 08       		.byte	0x8
 328 0169 74       		.byte	0x74
 329 016a 87010000 		.4byte	0x187
 330 016e 0A       		.uleb128 0xa
 331 016f 72756E00 		.ascii	"run\000"
 332 0173 08       		.byte	0x8
 333 0174 76       		.byte	0x76
 334 0175 1E010000 		.4byte	0x11e
 335 0179 00       		.byte	0
 336 017a 0B       		.uleb128 0xb
 337 017b B3020000 		.4byte	.LASF30
 338 017f 08       		.byte	0x8
 339 0180 77       		.byte	0x77
 340 0181 00010000 		.4byte	0x100
 341 0185 04       		.byte	0x4
 342 0186 00       		.byte	0
 343 0187 03       		.uleb128 0x3
 344 0188 98000000 		.4byte	.LASF31
 345 018c 08       		.byte	0x8
 346 018d 78       		.byte	0x78
 347 018e 66010000 		.4byte	0x166
 348 0192 0C       		.uleb128 0xc
 349 0193 F3020000 		.4byte	.LASF51
 350 0197 01       		.byte	0x1
 351 0198 42       		.byte	0x42
 352 0199 00000000 		.4byte	.LFB110
 353 019d 58000000 		.4byte	.LFE110-.LFB110
 354 01a1 01       		.uleb128 0x1
 355 01a2 9C       		.byte	0x9c
ARM GAS  C:\Users\robom\AppData\Local\Temp\ccyv8O3S.s 			page 9


 356 01a3 2F020000 		.4byte	0x22f
 357 01a7 0D       		.uleb128 0xd
 358 01a8 EA020000 		.4byte	.LASF32
 359 01ac 01       		.byte	0x1
 360 01ad 45       		.byte	0x45
 361 01ae A2000000 		.4byte	0xa2
 362 01b2 05       		.uleb128 0x5
 363 01b3 03       		.byte	0x3
 364 01b4 00000000 		.4byte	ticktime.7440
 365 01b8 0E       		.uleb128 0xe
 366 01b9 657600   		.ascii	"ev\000"
 367 01bc 01       		.byte	0x1
 368 01bd 47       		.byte	0x47
 369 01be 00010000 		.4byte	0x100
 370 01c2 02       		.uleb128 0x2
 371 01c3 91       		.byte	0x91
 372 01c4 74       		.sleb128 -12
 373 01c5 0F       		.uleb128 0xf
 374 01c6 0E000000 		.4byte	.LVL0
 375 01ca F4020000 		.4byte	0x2f4
 376 01ce D8010000 		.4byte	0x1d8
 377 01d2 10       		.uleb128 0x10
 378 01d3 01       		.uleb128 0x1
 379 01d4 50       		.byte	0x50
 380 01d5 01       		.uleb128 0x1
 381 01d6 33       		.byte	0x33
 382 01d7 00       		.byte	0
 383 01d8 0F       		.uleb128 0xf
 384 01d9 16000000 		.4byte	.LVL1
 385 01dd 00030000 		.4byte	0x300
 386 01e1 F1010000 		.4byte	0x1f1
 387 01e5 10       		.uleb128 0x10
 388 01e6 01       		.uleb128 0x1
 389 01e7 50       		.byte	0x50
 390 01e8 01       		.uleb128 0x1
 391 01e9 32       		.byte	0x32
 392 01ea 10       		.uleb128 0x10
 393 01eb 01       		.uleb128 0x1
 394 01ec 51       		.byte	0x51
 395 01ed 02       		.uleb128 0x2
 396 01ee 91       		.byte	0x91
 397 01ef 74       		.sleb128 -12
 398 01f0 00       		.byte	0
 399 01f1 11       		.uleb128 0x11
 400 01f2 1C000000 		.4byte	.LVL2
 401 01f6 0C030000 		.4byte	0x30c
 402 01fa 0F       		.uleb128 0xf
 403 01fb 30000000 		.4byte	.LVL3
 404 01ff 18030000 		.4byte	0x318
 405 0203 16020000 		.4byte	0x216
 406 0207 10       		.uleb128 0x10
 407 0208 01       		.uleb128 0x1
 408 0209 50       		.byte	0x50
 409 020a 05       		.uleb128 0x5
 410 020b 03       		.byte	0x3
 411 020c 00000000 		.4byte	.LANCHOR1
 412 0210 10       		.uleb128 0x10
ARM GAS  C:\Users\robom\AppData\Local\Temp\ccyv8O3S.s 			page 10


 413 0211 01       		.uleb128 0x1
 414 0212 51       		.byte	0x51
 415 0213 01       		.uleb128 0x1
 416 0214 32       		.byte	0x32
 417 0215 00       		.byte	0
 418 0216 12       		.uleb128 0x12
 419 0217 4A000000 		.4byte	.LVL4
 420 021b 23030000 		.4byte	0x323
 421 021f 10       		.uleb128 0x10
 422 0220 01       		.uleb128 0x1
 423 0221 50       		.byte	0x50
 424 0222 05       		.uleb128 0x5
 425 0223 03       		.byte	0x3
 426 0224 10000000 		.4byte	.LANCHOR1+16
 427 0228 10       		.uleb128 0x10
 428 0229 01       		.uleb128 0x1
 429 022a 51       		.byte	0x51
 430 022b 01       		.uleb128 0x1
 431 022c 34       		.byte	0x34
 432 022d 00       		.byte	0
 433 022e 00       		.byte	0
 434 022f 13       		.uleb128 0x13
 435 0230 12020000 		.4byte	.LASF33
 436 0234 09       		.byte	0x9
 437 0235 40       		.byte	0x40
 438 0236 DF000000 		.4byte	0xdf
 439 023a 13       		.uleb128 0x13
 440 023b C8000000 		.4byte	.LASF34
 441 023f 09       		.byte	0x9
 442 0240 47       		.byte	0x47
 443 0241 EA000000 		.4byte	0xea
 444 0245 13       		.uleb128 0x13
 445 0246 FE020000 		.4byte	.LASF35
 446 024a 09       		.byte	0x9
 447 024b 4A       		.byte	0x4a
 448 024c DF000000 		.4byte	0xdf
 449 0250 13       		.uleb128 0x13
 450 0251 EE000000 		.4byte	.LASF36
 451 0255 0A       		.byte	0xa
 452 0256 48       		.byte	0x48
 453 0257 F5000000 		.4byte	0xf5
 454 025b 13       		.uleb128 0x13
 455 025c 53030000 		.4byte	.LASF37
 456 0260 0B       		.byte	0xb
 457 0261 44       		.byte	0x44
 458 0262 DF000000 		.4byte	0xdf
 459 0266 14       		.uleb128 0x14
 460 0267 2A020000 		.4byte	.LASF38
 461 026b 0C       		.byte	0xc
 462 026c 1207     		.2byte	0x712
 463 026e 72020000 		.4byte	0x272
 464 0272 15       		.uleb128 0x15
 465 0273 97000000 		.4byte	0x97
 466 0277 16       		.uleb128 0x16
 467 0278 87020000 		.4byte	0x287
 468 027c 87020000 		.4byte	0x287
 469 0280 17       		.uleb128 0x17
ARM GAS  C:\Users\robom\AppData\Local\Temp\ccyv8O3S.s 			page 11


 470 0281 0C010000 		.4byte	0x10c
 471 0285 01       		.byte	0x1
 472 0286 00       		.byte	0
 473 0287 18       		.uleb128 0x18
 474 0288 5B010000 		.4byte	0x15b
 475 028c 19       		.uleb128 0x19
 476 028d E3030000 		.4byte	.LASF39
 477 0291 01       		.byte	0x1
 478 0292 23       		.byte	0x23
 479 0293 9D020000 		.4byte	0x29d
 480 0297 05       		.uleb128 0x5
 481 0298 03       		.byte	0x3
 482 0299 00000000 		.4byte	RTE_cyclicActivationTable_tsk_io
 483 029d 18       		.uleb128 0x18
 484 029e 77020000 		.4byte	0x277
 485 02a2 19       		.uleb128 0x19
 486 02a3 7B030000 		.4byte	.LASF40
 487 02a7 01       		.byte	0x1
 488 02a8 27       		.byte	0x27
 489 02a9 B3020000 		.4byte	0x2b3
 490 02ad 05       		.uleb128 0x5
 491 02ae 03       		.byte	0x3
 492 02af 00000000 		.4byte	RTE_cyclicActivation_tsk_io_size
 493 02b3 18       		.uleb128 0x18
 494 02b4 8C000000 		.4byte	0x8c
 495 02b8 16       		.uleb128 0x16
 496 02b9 C8020000 		.4byte	0x2c8
 497 02bd C8020000 		.4byte	0x2c8
 498 02c1 17       		.uleb128 0x17
 499 02c2 0C010000 		.4byte	0x10c
 500 02c6 03       		.byte	0x3
 501 02c7 00       		.byte	0
 502 02c8 18       		.uleb128 0x18
 503 02c9 87010000 		.4byte	0x187
 504 02cd 19       		.uleb128 0x19
 505 02ce 7F020000 		.4byte	.LASF41
 506 02d2 01       		.byte	0x1
 507 02d3 2A       		.byte	0x2a
 508 02d4 DE020000 		.4byte	0x2de
 509 02d8 05       		.uleb128 0x5
 510 02d9 03       		.byte	0x3
 511 02da 00000000 		.4byte	RTE_eventActivationTable_tsk_io
 512 02de 18       		.uleb128 0x18
 513 02df B8020000 		.4byte	0x2b8
 514 02e3 19       		.uleb128 0x19
 515 02e4 C4010000 		.4byte	.LASF42
 516 02e8 01       		.byte	0x1
 517 02e9 30       		.byte	0x30
 518 02ea B3020000 		.4byte	0x2b3
 519 02ee 05       		.uleb128 0x5
 520 02ef 03       		.byte	0x3
 521 02f0 00000000 		.4byte	RTE_eventActivation_tsk_io_size
 522 02f4 1A       		.uleb128 0x1a
 523 02f5 88000000 		.4byte	.LASF43
 524 02f9 88000000 		.4byte	.LASF43
 525 02fd 0D       		.byte	0xd
 526 02fe 5901     		.2byte	0x159
ARM GAS  C:\Users\robom\AppData\Local\Temp\ccyv8O3S.s 			page 12


 527 0300 1A       		.uleb128 0x1a
 528 0301 D4030000 		.4byte	.LASF44
 529 0305 D4030000 		.4byte	.LASF44
 530 0309 0D       		.byte	0xd
 531 030a 5401     		.2byte	0x154
 532 030c 1A       		.uleb128 0x1a
 533 030d 63020000 		.4byte	.LASF45
 534 0311 63020000 		.4byte	.LASF45
 535 0315 0D       		.byte	0xd
 536 0316 4F01     		.2byte	0x14f
 537 0318 1B       		.uleb128 0x1b
 538 0319 37020000 		.4byte	.LASF46
 539 031d 37020000 		.4byte	.LASF46
 540 0321 08       		.byte	0x8
 541 0322 8E       		.byte	0x8e
 542 0323 1B       		.uleb128 0x1b
 543 0324 11030000 		.4byte	.LASF47
 544 0328 11030000 		.4byte	.LASF47
 545 032c 08       		.byte	0x8
 546 032d 97       		.byte	0x97
 547 032e 00       		.byte	0
 548              		.section	.debug_abbrev,"",%progbits
 549              	.Ldebug_abbrev0:
 550 0000 01       		.uleb128 0x1
 551 0001 11       		.uleb128 0x11
 552 0002 01       		.byte	0x1
 553 0003 25       		.uleb128 0x25
 554 0004 0E       		.uleb128 0xe
 555 0005 13       		.uleb128 0x13
 556 0006 0B       		.uleb128 0xb
 557 0007 03       		.uleb128 0x3
 558 0008 0E       		.uleb128 0xe
 559 0009 1B       		.uleb128 0x1b
 560 000a 0E       		.uleb128 0xe
 561 000b 55       		.uleb128 0x55
 562 000c 17       		.uleb128 0x17
 563 000d 11       		.uleb128 0x11
 564 000e 01       		.uleb128 0x1
 565 000f 10       		.uleb128 0x10
 566 0010 17       		.uleb128 0x17
 567 0011 00       		.byte	0
 568 0012 00       		.byte	0
 569 0013 02       		.uleb128 0x2
 570 0014 24       		.uleb128 0x24
 571 0015 00       		.byte	0
 572 0016 0B       		.uleb128 0xb
 573 0017 0B       		.uleb128 0xb
 574 0018 3E       		.uleb128 0x3e
 575 0019 0B       		.uleb128 0xb
 576 001a 03       		.uleb128 0x3
 577 001b 0E       		.uleb128 0xe
 578 001c 00       		.byte	0
 579 001d 00       		.byte	0
 580 001e 03       		.uleb128 0x3
 581 001f 16       		.uleb128 0x16
 582 0020 00       		.byte	0
 583 0021 03       		.uleb128 0x3
ARM GAS  C:\Users\robom\AppData\Local\Temp\ccyv8O3S.s 			page 13


 584 0022 0E       		.uleb128 0xe
 585 0023 3A       		.uleb128 0x3a
 586 0024 0B       		.uleb128 0xb
 587 0025 3B       		.uleb128 0x3b
 588 0026 0B       		.uleb128 0xb
 589 0027 49       		.uleb128 0x49
 590 0028 13       		.uleb128 0x13
 591 0029 00       		.byte	0
 592 002a 00       		.byte	0
 593 002b 04       		.uleb128 0x4
 594 002c 24       		.uleb128 0x24
 595 002d 00       		.byte	0
 596 002e 0B       		.uleb128 0xb
 597 002f 0B       		.uleb128 0xb
 598 0030 3E       		.uleb128 0x3e
 599 0031 0B       		.uleb128 0xb
 600 0032 03       		.uleb128 0x3
 601 0033 08       		.uleb128 0x8
 602 0034 00       		.byte	0
 603 0035 00       		.byte	0
 604 0036 05       		.uleb128 0x5
 605 0037 16       		.uleb128 0x16
 606 0038 00       		.byte	0
 607 0039 03       		.uleb128 0x3
 608 003a 0E       		.uleb128 0xe
 609 003b 3A       		.uleb128 0x3a
 610 003c 0B       		.uleb128 0xb
 611 003d 3B       		.uleb128 0x3b
 612 003e 05       		.uleb128 0x5
 613 003f 49       		.uleb128 0x49
 614 0040 13       		.uleb128 0x13
 615 0041 00       		.byte	0
 616 0042 00       		.byte	0
 617 0043 06       		.uleb128 0x6
 618 0044 0F       		.uleb128 0xf
 619 0045 00       		.byte	0
 620 0046 0B       		.uleb128 0xb
 621 0047 0B       		.uleb128 0xb
 622 0048 49       		.uleb128 0x49
 623 0049 13       		.uleb128 0x13
 624 004a 00       		.byte	0
 625 004b 00       		.byte	0
 626 004c 07       		.uleb128 0x7
 627 004d 15       		.uleb128 0x15
 628 004e 01       		.byte	0x1
 629 004f 27       		.uleb128 0x27
 630 0050 19       		.uleb128 0x19
 631 0051 01       		.uleb128 0x1
 632 0052 13       		.uleb128 0x13
 633 0053 00       		.byte	0
 634 0054 00       		.byte	0
 635 0055 08       		.uleb128 0x8
 636 0056 05       		.uleb128 0x5
 637 0057 00       		.byte	0
 638 0058 49       		.uleb128 0x49
 639 0059 13       		.uleb128 0x13
 640 005a 00       		.byte	0
ARM GAS  C:\Users\robom\AppData\Local\Temp\ccyv8O3S.s 			page 14


 641 005b 00       		.byte	0
 642 005c 09       		.uleb128 0x9
 643 005d 13       		.uleb128 0x13
 644 005e 01       		.byte	0x1
 645 005f 0B       		.uleb128 0xb
 646 0060 0B       		.uleb128 0xb
 647 0061 3A       		.uleb128 0x3a
 648 0062 0B       		.uleb128 0xb
 649 0063 3B       		.uleb128 0x3b
 650 0064 0B       		.uleb128 0xb
 651 0065 01       		.uleb128 0x1
 652 0066 13       		.uleb128 0x13
 653 0067 00       		.byte	0
 654 0068 00       		.byte	0
 655 0069 0A       		.uleb128 0xa
 656 006a 0D       		.uleb128 0xd
 657 006b 00       		.byte	0
 658 006c 03       		.uleb128 0x3
 659 006d 08       		.uleb128 0x8
 660 006e 3A       		.uleb128 0x3a
 661 006f 0B       		.uleb128 0xb
 662 0070 3B       		.uleb128 0x3b
 663 0071 0B       		.uleb128 0xb
 664 0072 49       		.uleb128 0x49
 665 0073 13       		.uleb128 0x13
 666 0074 38       		.uleb128 0x38
 667 0075 0B       		.uleb128 0xb
 668 0076 00       		.byte	0
 669 0077 00       		.byte	0
 670 0078 0B       		.uleb128 0xb
 671 0079 0D       		.uleb128 0xd
 672 007a 00       		.byte	0
 673 007b 03       		.uleb128 0x3
 674 007c 0E       		.uleb128 0xe
 675 007d 3A       		.uleb128 0x3a
 676 007e 0B       		.uleb128 0xb
 677 007f 3B       		.uleb128 0x3b
 678 0080 0B       		.uleb128 0xb
 679 0081 49       		.uleb128 0x49
 680 0082 13       		.uleb128 0x13
 681 0083 38       		.uleb128 0x38
 682 0084 0B       		.uleb128 0xb
 683 0085 00       		.byte	0
 684 0086 00       		.byte	0
 685 0087 0C       		.uleb128 0xc
 686 0088 2E       		.uleb128 0x2e
 687 0089 01       		.byte	0x1
 688 008a 3F       		.uleb128 0x3f
 689 008b 19       		.uleb128 0x19
 690 008c 03       		.uleb128 0x3
 691 008d 0E       		.uleb128 0xe
 692 008e 3A       		.uleb128 0x3a
 693 008f 0B       		.uleb128 0xb
 694 0090 3B       		.uleb128 0x3b
 695 0091 0B       		.uleb128 0xb
 696 0092 27       		.uleb128 0x27
 697 0093 19       		.uleb128 0x19
ARM GAS  C:\Users\robom\AppData\Local\Temp\ccyv8O3S.s 			page 15


 698 0094 8701     		.uleb128 0x87
 699 0096 19       		.uleb128 0x19
 700 0097 11       		.uleb128 0x11
 701 0098 01       		.uleb128 0x1
 702 0099 12       		.uleb128 0x12
 703 009a 06       		.uleb128 0x6
 704 009b 40       		.uleb128 0x40
 705 009c 18       		.uleb128 0x18
 706 009d 9742     		.uleb128 0x2117
 707 009f 19       		.uleb128 0x19
 708 00a0 01       		.uleb128 0x1
 709 00a1 13       		.uleb128 0x13
 710 00a2 00       		.byte	0
 711 00a3 00       		.byte	0
 712 00a4 0D       		.uleb128 0xd
 713 00a5 34       		.uleb128 0x34
 714 00a6 00       		.byte	0
 715 00a7 03       		.uleb128 0x3
 716 00a8 0E       		.uleb128 0xe
 717 00a9 3A       		.uleb128 0x3a
 718 00aa 0B       		.uleb128 0xb
 719 00ab 3B       		.uleb128 0x3b
 720 00ac 0B       		.uleb128 0xb
 721 00ad 49       		.uleb128 0x49
 722 00ae 13       		.uleb128 0x13
 723 00af 02       		.uleb128 0x2
 724 00b0 18       		.uleb128 0x18
 725 00b1 00       		.byte	0
 726 00b2 00       		.byte	0
 727 00b3 0E       		.uleb128 0xe
 728 00b4 34       		.uleb128 0x34
 729 00b5 00       		.byte	0
 730 00b6 03       		.uleb128 0x3
 731 00b7 08       		.uleb128 0x8
 732 00b8 3A       		.uleb128 0x3a
 733 00b9 0B       		.uleb128 0xb
 734 00ba 3B       		.uleb128 0x3b
 735 00bb 0B       		.uleb128 0xb
 736 00bc 49       		.uleb128 0x49
 737 00bd 13       		.uleb128 0x13
 738 00be 02       		.uleb128 0x2
 739 00bf 18       		.uleb128 0x18
 740 00c0 00       		.byte	0
 741 00c1 00       		.byte	0
 742 00c2 0F       		.uleb128 0xf
 743 00c3 898201   		.uleb128 0x4109
 744 00c6 01       		.byte	0x1
 745 00c7 11       		.uleb128 0x11
 746 00c8 01       		.uleb128 0x1
 747 00c9 31       		.uleb128 0x31
 748 00ca 13       		.uleb128 0x13
 749 00cb 01       		.uleb128 0x1
 750 00cc 13       		.uleb128 0x13
 751 00cd 00       		.byte	0
 752 00ce 00       		.byte	0
 753 00cf 10       		.uleb128 0x10
 754 00d0 8A8201   		.uleb128 0x410a
ARM GAS  C:\Users\robom\AppData\Local\Temp\ccyv8O3S.s 			page 16


 755 00d3 00       		.byte	0
 756 00d4 02       		.uleb128 0x2
 757 00d5 18       		.uleb128 0x18
 758 00d6 9142     		.uleb128 0x2111
 759 00d8 18       		.uleb128 0x18
 760 00d9 00       		.byte	0
 761 00da 00       		.byte	0
 762 00db 11       		.uleb128 0x11
 763 00dc 898201   		.uleb128 0x4109
 764 00df 00       		.byte	0
 765 00e0 11       		.uleb128 0x11
 766 00e1 01       		.uleb128 0x1
 767 00e2 31       		.uleb128 0x31
 768 00e3 13       		.uleb128 0x13
 769 00e4 00       		.byte	0
 770 00e5 00       		.byte	0
 771 00e6 12       		.uleb128 0x12
 772 00e7 898201   		.uleb128 0x4109
 773 00ea 01       		.byte	0x1
 774 00eb 11       		.uleb128 0x11
 775 00ec 01       		.uleb128 0x1
 776 00ed 31       		.uleb128 0x31
 777 00ee 13       		.uleb128 0x13
 778 00ef 00       		.byte	0
 779 00f0 00       		.byte	0
 780 00f1 13       		.uleb128 0x13
 781 00f2 34       		.uleb128 0x34
 782 00f3 00       		.byte	0
 783 00f4 03       		.uleb128 0x3
 784 00f5 0E       		.uleb128 0xe
 785 00f6 3A       		.uleb128 0x3a
 786 00f7 0B       		.uleb128 0xb
 787 00f8 3B       		.uleb128 0x3b
 788 00f9 0B       		.uleb128 0xb
 789 00fa 49       		.uleb128 0x49
 790 00fb 13       		.uleb128 0x13
 791 00fc 3F       		.uleb128 0x3f
 792 00fd 19       		.uleb128 0x19
 793 00fe 3C       		.uleb128 0x3c
 794 00ff 19       		.uleb128 0x19
 795 0100 00       		.byte	0
 796 0101 00       		.byte	0
 797 0102 14       		.uleb128 0x14
 798 0103 34       		.uleb128 0x34
 799 0104 00       		.byte	0
 800 0105 03       		.uleb128 0x3
 801 0106 0E       		.uleb128 0xe
 802 0107 3A       		.uleb128 0x3a
 803 0108 0B       		.uleb128 0xb
 804 0109 3B       		.uleb128 0x3b
 805 010a 05       		.uleb128 0x5
 806 010b 49       		.uleb128 0x49
 807 010c 13       		.uleb128 0x13
 808 010d 3F       		.uleb128 0x3f
 809 010e 19       		.uleb128 0x19
 810 010f 3C       		.uleb128 0x3c
 811 0110 19       		.uleb128 0x19
ARM GAS  C:\Users\robom\AppData\Local\Temp\ccyv8O3S.s 			page 17


 812 0111 00       		.byte	0
 813 0112 00       		.byte	0
 814 0113 15       		.uleb128 0x15
 815 0114 35       		.uleb128 0x35
 816 0115 00       		.byte	0
 817 0116 49       		.uleb128 0x49
 818 0117 13       		.uleb128 0x13
 819 0118 00       		.byte	0
 820 0119 00       		.byte	0
 821 011a 16       		.uleb128 0x16
 822 011b 01       		.uleb128 0x1
 823 011c 01       		.byte	0x1
 824 011d 49       		.uleb128 0x49
 825 011e 13       		.uleb128 0x13
 826 011f 01       		.uleb128 0x1
 827 0120 13       		.uleb128 0x13
 828 0121 00       		.byte	0
 829 0122 00       		.byte	0
 830 0123 17       		.uleb128 0x17
 831 0124 21       		.uleb128 0x21
 832 0125 00       		.byte	0
 833 0126 49       		.uleb128 0x49
 834 0127 13       		.uleb128 0x13
 835 0128 2F       		.uleb128 0x2f
 836 0129 0B       		.uleb128 0xb
 837 012a 00       		.byte	0
 838 012b 00       		.byte	0
 839 012c 18       		.uleb128 0x18
 840 012d 26       		.uleb128 0x26
 841 012e 00       		.byte	0
 842 012f 49       		.uleb128 0x49
 843 0130 13       		.uleb128 0x13
 844 0131 00       		.byte	0
 845 0132 00       		.byte	0
 846 0133 19       		.uleb128 0x19
 847 0134 34       		.uleb128 0x34
 848 0135 00       		.byte	0
 849 0136 03       		.uleb128 0x3
 850 0137 0E       		.uleb128 0xe
 851 0138 3A       		.uleb128 0x3a
 852 0139 0B       		.uleb128 0xb
 853 013a 3B       		.uleb128 0x3b
 854 013b 0B       		.uleb128 0xb
 855 013c 49       		.uleb128 0x49
 856 013d 13       		.uleb128 0x13
 857 013e 3F       		.uleb128 0x3f
 858 013f 19       		.uleb128 0x19
 859 0140 02       		.uleb128 0x2
 860 0141 18       		.uleb128 0x18
 861 0142 00       		.byte	0
 862 0143 00       		.byte	0
 863 0144 1A       		.uleb128 0x1a
 864 0145 2E       		.uleb128 0x2e
 865 0146 00       		.byte	0
 866 0147 3F       		.uleb128 0x3f
 867 0148 19       		.uleb128 0x19
 868 0149 3C       		.uleb128 0x3c
ARM GAS  C:\Users\robom\AppData\Local\Temp\ccyv8O3S.s 			page 18


 869 014a 19       		.uleb128 0x19
 870 014b 6E       		.uleb128 0x6e
 871 014c 0E       		.uleb128 0xe
 872 014d 03       		.uleb128 0x3
 873 014e 0E       		.uleb128 0xe
 874 014f 3A       		.uleb128 0x3a
 875 0150 0B       		.uleb128 0xb
 876 0151 3B       		.uleb128 0x3b
 877 0152 05       		.uleb128 0x5
 878 0153 00       		.byte	0
 879 0154 00       		.byte	0
 880 0155 1B       		.uleb128 0x1b
 881 0156 2E       		.uleb128 0x2e
 882 0157 00       		.byte	0
 883 0158 3F       		.uleb128 0x3f
 884 0159 19       		.uleb128 0x19
 885 015a 3C       		.uleb128 0x3c
 886 015b 19       		.uleb128 0x19
 887 015c 6E       		.uleb128 0x6e
 888 015d 0E       		.uleb128 0xe
 889 015e 03       		.uleb128 0x3
 890 015f 0E       		.uleb128 0xe
 891 0160 3A       		.uleb128 0x3a
 892 0161 0B       		.uleb128 0xb
 893 0162 3B       		.uleb128 0x3b
 894 0163 0B       		.uleb128 0xb
 895 0164 00       		.byte	0
 896 0165 00       		.byte	0
 897 0166 00       		.byte	0
 898              		.section	.debug_aranges,"",%progbits
 899 0000 1C000000 		.4byte	0x1c
 900 0004 0200     		.2byte	0x2
 901 0006 00000000 		.4byte	.Ldebug_info0
 902 000a 04       		.byte	0x4
 903 000b 00       		.byte	0
 904 000c 0000     		.2byte	0
 905 000e 0000     		.2byte	0
 906 0010 00000000 		.4byte	.LFB110
 907 0014 58000000 		.4byte	.LFE110-.LFB110
 908 0018 00000000 		.4byte	0
 909 001c 00000000 		.4byte	0
 910              		.section	.debug_ranges,"",%progbits
 911              	.Ldebug_ranges0:
 912 0000 00000000 		.4byte	.LFB110
 913 0004 58000000 		.4byte	.LFE110
 914 0008 00000000 		.4byte	0
 915 000c 00000000 		.4byte	0
 916              		.section	.debug_line,"",%progbits
 917              	.Ldebug_line0:
 918 0000 82020000 		.section	.debug_str,"MS",%progbits,1
 918      02005B02 
 918      00000201 
 918      FB0E0D00 
 918      01010101 
 919              	.LASF50:
 920 0000 433A5C55 		.ascii	"C:\\Users\\robom\\OneDrive\\University\\Darmstadt\\"
 920      73657273 
ARM GAS  C:\Users\robom\AppData\Local\Temp\ccyv8O3S.s 			page 19


 920      5C726F62 
 920      6F6D5C4F 
 920      6E654472 
 921 002d 456D6265 		.ascii	"Embedded Architecture and Applications\\Labs\\Lab 2"
 921      64646564 
 921      20417263 
 921      68697465 
 921      63747572 
 922 005e 202D2045 		.ascii	" - Electronic Clock\\ElectronicClock.cydsn\000"
 922      6C656374 
 922      726F6E69 
 922      6320436C 
 922      6F636B5C 
 923              	.LASF43:
 924 0088 45455F6F 		.ascii	"EE_oo_WaitEvent\000"
 924      6F5F5761 
 924      69744576 
 924      656E7400 
 925              	.LASF31:
 926 0098 5254455F 		.ascii	"RTE_eventTable_t\000"
 926      6576656E 
 926      74546162 
 926      6C655F74 
 926      00
 927              	.LASF5:
 928 00a9 5F5F696E 		.ascii	"__int32_t\000"
 928      7433325F 
 928      7400
 929              	.LASF24:
 930 00b3 4576656E 		.ascii	"EventMaskType\000"
 930      744D6173 
 930      6B547970 
 930      6500
 931              	.LASF16:
 932 00c1 646F7562 		.ascii	"double\000"
 932      6C6500
 933              	.LASF34:
 934 00c8 45455F6F 		.ascii	"EE_oo_IRQ_suspend_status\000"
 934      6F5F4952 
 934      515F7375 
 934      7370656E 
 934      645F7374 
 935              	.LASF23:
 936 00e1 45455F54 		.ascii	"EE_TID\000"
 936      494400
 937              	.LASF15:
 938 00e8 666C6F61 		.ascii	"float\000"
 938      7400
 939              	.LASF36:
 940 00ee 45455F73 		.ascii	"EE_std_endcycle_next_tid\000"
 940      74645F65 
 940      6E646379 
 940      636C655F 
 940      6E657874 
 941              	.LASF10:
 942 0107 6C6F6E67 		.ascii	"long long unsigned int\000"
 942      206C6F6E 
ARM GAS  C:\Users\robom\AppData\Local\Temp\ccyv8O3S.s 			page 20


 942      6720756E 
 942      7369676E 
 942      65642069 
 943              	.LASF28:
 944 011e 6379636C 		.ascii	"cycleTime\000"
 944      6554696D 
 944      6500
 945              	.LASF1:
 946 0128 756E7369 		.ascii	"unsigned char\000"
 946      676E6564 
 946      20636861 
 946      7200
 947              	.LASF48:
 948 0136 474E5520 		.ascii	"GNU C11 5.4.1 20160609 (release) [ARM/embedded-5-br"
 948      43313120 
 948      352E342E 
 948      31203230 
 948      31363036 
 949 0169 616E6368 		.ascii	"anch revision 237715] -mcpu=cortex-m3 -mthumb -g -O"
 949      20726576 
 949      6973696F 
 949      6E203233 
 949      37373135 
 950 019c 67202D66 		.ascii	"g -ffunction-sections -ffat-lto-objects\000"
 950      66756E63 
 950      74696F6E 
 950      2D736563 
 950      74696F6E 
 951              	.LASF42:
 952 01c4 5254455F 		.ascii	"RTE_eventActivation_tsk_io_size\000"
 952      6576656E 
 952      74416374 
 952      69766174 
 952      696F6E5F 
 953              	.LASF19:
 954 01e4 45455F49 		.ascii	"EE_INT32\000"
 954      4E543332 
 954      00
 955              	.LASF8:
 956 01ed 6C6F6E67 		.ascii	"long unsigned int\000"
 956      20756E73 
 956      69676E65 
 956      6420696E 
 956      7400
 957              	.LASF3:
 958 01ff 73686F72 		.ascii	"short unsigned int\000"
 958      7420756E 
 958      7369676E 
 958      65642069 
 958      6E7400
 959              	.LASF33:
 960 0212 45455F6F 		.ascii	"EE_oo_IRQ_disable_count\000"
 960      6F5F4952 
 960      515F6469 
 960      7361626C 
 960      655F636F 
 961              	.LASF38:
ARM GAS  C:\Users\robom\AppData\Local\Temp\ccyv8O3S.s 			page 21


 962 022a 49544D5F 		.ascii	"ITM_RxBuffer\000"
 962      52784275 
 962      66666572 
 962      00
 963              	.LASF46:
 964 0237 5254455F 		.ascii	"RTE_ProcessCyclicTable\000"
 964      50726F63 
 964      65737343 
 964      79636C69 
 964      63546162 
 965              	.LASF4:
 966 024e 5F5F7569 		.ascii	"__uint16_t\000"
 966      6E743136 
 966      5F7400
 967              	.LASF26:
 968 0259 5254455F 		.ascii	"RTE_event\000"
 968      6576656E 
 968      7400
 969              	.LASF45:
 970 0263 45455F6F 		.ascii	"EE_oo_ClearEvent\000"
 970      6F5F436C 
 970      65617245 
 970      76656E74 
 970      00
 971              	.LASF7:
 972 0274 5F5F7569 		.ascii	"__uint32_t\000"
 972      6E743332 
 972      5F7400
 973              	.LASF41:
 974 027f 5254455F 		.ascii	"RTE_eventActivationTable_tsk_io\000"
 974      6576656E 
 974      74416374 
 974      69766174 
 974      696F6E54 
 975              	.LASF49:
 976 029f 736F7572 		.ascii	"source\\asw\\tsk_io.c\000"
 976      63655C61 
 976      73775C74 
 976      736B5F69 
 976      6F2E6300 
 977              	.LASF30:
 978 02b3 6576656E 		.ascii	"event\000"
 978      7400
 979              	.LASF29:
 980 02b9 5254455F 		.ascii	"RTE_cyclicTable_t\000"
 980      6379636C 
 980      69635461 
 980      626C655F 
 980      7400
 981              	.LASF11:
 982 02cb 756E7369 		.ascii	"unsigned int\000"
 982      676E6564 
 982      20696E74 
 982      00
 983              	.LASF22:
 984 02d8 45455F46 		.ascii	"EE_FREG\000"
 984      52454700 
ARM GAS  C:\Users\robom\AppData\Local\Temp\ccyv8O3S.s 			page 22


 985              	.LASF20:
 986 02e0 45455F55 		.ascii	"EE_UINT32\000"
 986      494E5433 
 986      3200
 987              	.LASF32:
 988 02ea 7469636B 		.ascii	"ticktime\000"
 988      74696D65 
 988      00
 989              	.LASF51:
 990 02f3 46756E63 		.ascii	"Functsk_io\000"
 990      74736B5F 
 990      696F00
 991              	.LASF35:
 992 02fe 45455F41 		.ascii	"EE_ApplicationMode\000"
 992      70706C69 
 992      63617469 
 992      6F6E4D6F 
 992      646500
 993              	.LASF47:
 994 0311 5254455F 		.ascii	"RTE_ProcessEventTable\000"
 994      50726F63 
 994      65737345 
 994      76656E74 
 994      5461626C 
 995              	.LASF13:
 996 0327 696E7433 		.ascii	"int32_t\000"
 996      325F7400 
 997              	.LASF25:
 998 032f 73697A65 		.ascii	"sizetype\000"
 998      74797065 
 998      00
 999              	.LASF9:
 1000 0338 6C6F6E67 		.ascii	"long long int\000"
 1000      206C6F6E 
 1000      6720696E 
 1000      7400
 1001              	.LASF17:
 1002 0346 63686172 		.ascii	"char\000"
 1002      00
 1003              	.LASF21:
 1004 034b 45455F55 		.ascii	"EE_UREG\000"
 1004      52454700 
 1005              	.LASF37:
 1006 0353 45455F49 		.ascii	"EE_IRQ_nesting_level\000"
 1006      52515F6E 
 1006      65737469 
 1006      6E675F6C 
 1006      6576656C 
 1007              	.LASF12:
 1008 0368 75696E74 		.ascii	"uint16_t\000"
 1008      31365F74 
 1008      00
 1009              	.LASF2:
 1010 0371 73686F72 		.ascii	"short int\000"
 1010      7420696E 
 1010      7400
 1011              	.LASF40:
ARM GAS  C:\Users\robom\AppData\Local\Temp\ccyv8O3S.s 			page 23


 1012 037b 5254455F 		.ascii	"RTE_cyclicActivation_tsk_io_size\000"
 1012      6379636C 
 1012      69634163 
 1012      74697661 
 1012      74696F6E 
 1013              	.LASF14:
 1014 039c 75696E74 		.ascii	"uint32_t\000"
 1014      33325F74 
 1014      00
 1015              	.LASF6:
 1016 03a5 6C6F6E67 		.ascii	"long int\000"
 1016      20696E74 
 1016      00
 1017              	.LASF18:
 1018 03ae 6C6F6E67 		.ascii	"long double\000"
 1018      20646F75 
 1018      626C6500 
 1019              	.LASF0:
 1020 03ba 7369676E 		.ascii	"signed char\000"
 1020      65642063 
 1020      68617200 
 1021              	.LASF27:
 1022 03c6 5254455F 		.ascii	"RTE_pRunnable\000"
 1022      7052756E 
 1022      6E61626C 
 1022      6500
 1023              	.LASF44:
 1024 03d4 45455F6F 		.ascii	"EE_oo_GetEvent\000"
 1024      6F5F4765 
 1024      74457665 
 1024      6E7400
 1025              	.LASF39:
 1026 03e3 5254455F 		.ascii	"RTE_cyclicActivationTable_tsk_io\000"
 1026      6379636C 
 1026      69634163 
 1026      74697661 
 1026      74696F6E 
 1027              		.ident	"GCC: (GNU Tools for ARM Embedded Processors) 5.4.1 20160609 (release) [ARM/embedded-5-bran
