ARM GAS  C:\Users\MATEOC~1.QUE\AppData\Local\Temp\cc0lZ7pl.s 			page 1


   1              		.syntax unified
   2              		.cpu cortex-m3
   3              		.fpu softvfp
   4              		.eabi_attribute 20, 1
   5              		.eabi_attribute 21, 1
   6              		.eabi_attribute 23, 3
   7              		.eabi_attribute 24, 1
   8              		.eabi_attribute 25, 1
   9              		.eabi_attribute 26, 1
  10              		.eabi_attribute 30, 1
  11              		.eabi_attribute 34, 1
  12              		.eabi_attribute 18, 4
  13              		.thumb
  14              		.syntax unified
  15              		.file	"sp_common.c"
  16              		.text
  17              	.Ltext0:
  18              		.cfi_sections	.debug_frame
  19              		.section	.text.RTE_timertick_sp_common_tick,"ax",%progbits
  20              		.align	2
  21              		.global	RTE_timertick_sp_common_tick
  22              		.thumb
  23              		.thumb_func
  24              		.type	RTE_timertick_sp_common_tick, %function
  25              	RTE_timertick_sp_common_tick:
  26              	.LFB120:
  27              		.file 1 "source\\rte\\sp_common.c"
   1:source\rte/sp_common.c **** 
   2:source\rte/sp_common.c **** 
   3:source\rte/sp_common.c **** /*
   4:source\rte/sp_common.c ****  * Filename: sp_common.c
   5:source\rte/sp_common.c ****  *
   6:source\rte/sp_common.c ****  * Author: Autogenerated by H-DA RTE Generator, (c) Prof. Fromm
   7:source\rte/sp_common.c ****  */
   8:source\rte/sp_common.c **** 
   9:source\rte/sp_common.c **** #include "project.h"
  10:source\rte/sp_common.c **** #include "global.h"
  11:source\rte/sp_common.c **** #include "rte.h"
  12:source\rte/sp_common.c **** #include "rte_types.h"
  13:source\rte/sp_common.c **** #include "sp_common.h"
  14:source\rte/sp_common.c **** 
  15:source\rte/sp_common.c **** 
  16:source\rte/sp_common.c **** 
  17:source\rte/sp_common.c **** /* USER CODE START SP_COMMON_INCLUDE */
  18:source\rte/sp_common.c **** 
  19:source\rte/sp_common.c **** /* USER CODE END SP_COMMON_INCLUDE */
  20:source\rte/sp_common.c **** 
  21:source\rte/sp_common.c **** #include "sc_events.h"
  22:source\rte/sp_common.c **** #include "sc_events_type.h"
  23:source\rte/sp_common.c **** 
  24:source\rte/sp_common.c **** 
  25:source\rte/sp_common.c **** 
  26:source\rte/sp_common.c **** /* signal configuration */
  27:source\rte/sp_common.c **** /*
  28:source\rte/sp_common.c **** * description: Event
  29:source\rte/sp_common.c **** * indriver: 0
  30:source\rte/sp_common.c **** * name: so_event
ARM GAS  C:\Users\MATEOC~1.QUE\AppData\Local\Temp\cc0lZ7pl.s 			page 2


  31:source\rte/sp_common.c **** * onDataError: 0
  32:source\rte/sp_common.c **** * onDataUpdate: ev_event_onData
  33:source\rte/sp_common.c **** * outdriver: 0
  34:source\rte/sp_common.c **** * resource: None
  35:source\rte/sp_common.c **** * shortname: event
  36:source\rte/sp_common.c **** * signalclass: sc_events
  37:source\rte/sp_common.c **** * signalpool: sp_common
  38:source\rte/sp_common.c **** */
  39:source\rte/sp_common.c **** 
  40:source\rte/sp_common.c **** 
  41:source\rte/sp_common.c **** /* The following array contains the receiving tasks for onUpdate signal events */
  42:source\rte/sp_common.c **** const TaskTypeArray so_event_updTasks = { tsk_io };
  43:source\rte/sp_common.c ****  
  44:source\rte/sp_common.c **** 
  45:source\rte/sp_common.c **** static const SC_EVENTS_cfg_t SO_EVENT_cfg = 
  46:source\rte/sp_common.c **** {
  47:source\rte/sp_common.c ****    /* indriver           */  0,
  48:source\rte/sp_common.c ****    /* outdriver          */  0,
  49:source\rte/sp_common.c **** 
  50:source\rte/sp_common.c ****    /* onUpdate           */  ev_event_onData,
  51:source\rte/sp_common.c ****    /* onError            */  0,
  52:source\rte/sp_common.c ****    /* taskCount onUpdate */  1,
  53:source\rte/sp_common.c ****    /* task list onUpdate */  &so_event_updTasks,
  54:source\rte/sp_common.c ****    /* taskCount onError  */  0,
  55:source\rte/sp_common.c ****    /* task list onError  */  NULL,
  56:source\rte/sp_common.c **** 
  57:source\rte/sp_common.c ****    /* resource active    */  FALSE,
  58:source\rte/sp_common.c ****    /* resource           */  NULL,
  59:source\rte/sp_common.c ****    
  60:source\rte/sp_common.c **** }; /* configuration so_event */
  61:source\rte/sp_common.c **** 
  62:source\rte/sp_common.c **** 
  63:source\rte/sp_common.c **** /* signal data */
  64:source\rte/sp_common.c **** 
  65:source\rte/sp_common.c **** SC_EVENTS_t SO_EVENT_signal= 
  66:source\rte/sp_common.c **** {
  67:source\rte/sp_common.c ****    /* init value    */  SC_EVENTS_INIT_DATA,
  68:source\rte/sp_common.c ****    /* status        */  RTE_SIGNALSTATUS_STARTUP,
  69:source\rte/sp_common.c ****    /* age           */  0,
  70:source\rte/sp_common.c ****    /* cfg           */  &SO_EVENT_cfg,
  71:source\rte/sp_common.c **** }; /* data so_event */
  72:source\rte/sp_common.c **** 
  73:source\rte/sp_common.c **** 
  74:source\rte/sp_common.c **** 
  75:source\rte/sp_common.c **** void RTE_timertick_sp_common_tick(uint32_t tick){
  28              		.loc 1 75 0
  29              		.cfi_startproc
  30              		@ args = 0, pretend = 0, frame = 0
  31              		@ frame_needed = 0, uses_anonymous_args = 0
  32              		@ link register save eliminated.
  33              	.LVL0:
  34              	.LBB4:
  35              	.LBB5:
  36              		.file 2 "source\\rte\\sc_events.h"
   1:source\rte/sc_events.h **** 
   2:source\rte/sc_events.h **** 
   3:source\rte/sc_events.h **** /**
ARM GAS  C:\Users\MATEOC~1.QUE\AppData\Local\Temp\cc0lZ7pl.s 			page 3


   4:source\rte/sc_events.h **** *  file    SC_EVENTS_signal.h
   5:source\rte/sc_events.h **** *
   6:source\rte/sc_events.h **** *  brief   signal base class for signal sc_events
   7:source\rte/sc_events.h **** *
   8:source\rte/sc_events.h **** *  author  Autogenerated, Peter Fromm       <peter.fromm@h-da.de>
   9:source\rte/sc_events.h **** *
  10:source\rte/sc_events.h **** *
  11:source\rte/sc_events.h **** */
  12:source\rte/sc_events.h **** 
  13:source\rte/sc_events.h **** /*
  14:source\rte/sc_events.h **** * description: Event of clock
  15:source\rte/sc_events.h **** * name: sc_events
  16:source\rte/sc_events.h **** * shortname: events
  17:source\rte/sc_events.h **** */
  18:source\rte/sc_events.h **** 
  19:source\rte/sc_events.h **** #ifndef SC_EVENTS_SIGNAL_H_INCLUDED
  20:source\rte/sc_events.h **** #define SC_EVENTS_SIGNAL_H_INCLUDED
  21:source\rte/sc_events.h **** 
  22:source\rte/sc_events.h **** /*================================================[ public includes  ]=============================
  23:source\rte/sc_events.h **** #include "global.h"
  24:source\rte/sc_events.h **** #include "project.h"
  25:source\rte/sc_events.h **** #include "rte.h"
  26:source\rte/sc_events.h **** #include "rte_types.h"
  27:source\rte/sc_events.h **** 
  28:source\rte/sc_events.h **** #include "sc_events_type.h"
  29:source\rte/sc_events.h **** 
  30:source\rte/sc_events.h **** 
  31:source\rte/sc_events.h **** /**************************************************************************************************
  32:source\rte/sc_events.h **** /* The driver API block																						*/
  33:source\rte/sc_events.h **** /**************************************************************************************************
  34:source\rte/sc_events.h ****                                                                                                    
  35:source\rte/sc_events.h **** /**
  36:source\rte/sc_events.h ****  *  Definition of function types for driver interfaces.
  37:source\rte/sc_events.h ****  *  I-Port
  38:source\rte/sc_events.h ****  */
  39:source\rte/sc_events.h **** typedef RC_t (*SC_EVENTS_driverIn_t)(SC_EVENTS_data_t * const);
  40:source\rte/sc_events.h **** 
  41:source\rte/sc_events.h **** /**
  42:source\rte/sc_events.h ****  *  Definition of function types for driver interfaces.
  43:source\rte/sc_events.h ****  *  O-Port
  44:source\rte/sc_events.h ****  */
  45:source\rte/sc_events.h **** typedef RC_t (*SC_EVENTS_driverOut_t)( const SC_EVENTS_data_t * const);
  46:source\rte/sc_events.h **** 
  47:source\rte/sc_events.h **** 
  48:source\rte/sc_events.h **** /**************************************************************************************************
  49:source\rte/sc_events.h **** /* The signal configuration API block																				*/
  50:source\rte/sc_events.h **** /**************************************************************************************************
  51:source\rte/sc_events.h **** 
  52:source\rte/sc_events.h **** /**
  53:source\rte/sc_events.h ****  * Instances of the struct SC_EVENTS_cfg_t represent the signal object configuration.
  54:source\rte/sc_events.h ****  */
  55:source\rte/sc_events.h **** struct SC_EVENTS_cfg_s
  56:source\rte/sc_events.h **** {
  57:source\rte/sc_events.h ****     /**
  58:source\rte/sc_events.h ****      * Function pointer to the input driver
  59:source\rte/sc_events.h ****      */
  60:source\rte/sc_events.h ****     SC_EVENTS_driverIn_t const inDriver;
ARM GAS  C:\Users\MATEOC~1.QUE\AppData\Local\Temp\cc0lZ7pl.s 			page 4


  61:source\rte/sc_events.h **** 
  62:source\rte/sc_events.h ****     /**
  63:source\rte/sc_events.h ****      * Function pointer to the output driver table
  64:source\rte/sc_events.h ****      */
  65:source\rte/sc_events.h ****    SC_EVENTS_driverOut_t const outDriver;
  66:source\rte/sc_events.h ****    
  67:source\rte/sc_events.h ****     /**
  68:source\rte/sc_events.h ****      * Event onUpdate
  69:source\rte/sc_events.h ****      */
  70:source\rte/sc_events.h ****     EventMaskType const evOnUpdate;
  71:source\rte/sc_events.h ****     
  72:source\rte/sc_events.h ****     
  73:source\rte/sc_events.h ****     /**
  74:source\rte/sc_events.h ****      * Event onError
  75:source\rte/sc_events.h ****      */
  76:source\rte/sc_events.h ****     EventMaskType const evOnError;
  77:source\rte/sc_events.h ****     
  78:source\rte/sc_events.h ****     /**
  79:source\rte/sc_events.h ****      * Task Count onUpdate
  80:source\rte/sc_events.h ****      */
  81:source\rte/sc_events.h ****     size_t const onUpdateTaskCount;
  82:source\rte/sc_events.h **** 
  83:source\rte/sc_events.h ****     /**
  84:source\rte/sc_events.h ****      * Task List onUpdate
  85:source\rte/sc_events.h ****      */
  86:source\rte/sc_events.h ****     TaskTypeArray* const onUpdateTasks;
  87:source\rte/sc_events.h ****     
  88:source\rte/sc_events.h ****     /**
  89:source\rte/sc_events.h ****      * Task Count onError
  90:source\rte/sc_events.h ****      */
  91:source\rte/sc_events.h ****     size_t const onErrorTaskCount;
  92:source\rte/sc_events.h **** 
  93:source\rte/sc_events.h ****     /**
  94:source\rte/sc_events.h ****      * Task List onError
  95:source\rte/sc_events.h ****      */
  96:source\rte/sc_events.h ****     TaskTypeArray* const onErrorTasks;
  97:source\rte/sc_events.h **** 	
  98:source\rte/sc_events.h **** 	
  99:source\rte/sc_events.h **** 	/**
 100:source\rte/sc_events.h **** 	 * Ressourse is active? We need an additional boolean as a ressource value 0 is valid.
 101:source\rte/sc_events.h **** 	 */
 102:source\rte/sc_events.h **** 	 boolean_t const resourceActive;
 103:source\rte/sc_events.h **** 	 
 104:source\rte/sc_events.h **** 	/**
 105:source\rte/sc_events.h **** 	 * Ressourse 
 106:source\rte/sc_events.h **** 	 */
 107:source\rte/sc_events.h **** 	 ResourceType const resource;
 108:source\rte/sc_events.h **** 
 109:source\rte/sc_events.h **** };                                                                                                 
 110:source\rte/sc_events.h **** typedef const struct SC_EVENTS_cfg_s SC_EVENTS_cfg_t;
 111:source\rte/sc_events.h ****                               
 112:source\rte/sc_events.h **** /**************************************************************************************************
 113:source\rte/sc_events.h **** /* The data interface block																							*/
 114:source\rte/sc_events.h **** /**************************************************************************************************
 115:source\rte/sc_events.h **** 
 116:source\rte/sc_events.h ****                                                                                                    
 117:source\rte/sc_events.h **** 							  
ARM GAS  C:\Users\MATEOC~1.QUE\AppData\Local\Temp\cc0lZ7pl.s 			page 5


 118:source\rte/sc_events.h **** /**
 119:source\rte/sc_events.h ****  * Instances of the struct SC_EVENTS_t represent the signal objects.
 120:source\rte/sc_events.h ****  * A signal object contains the current application value 'value' as well as relevant meta data.
 121:source\rte/sc_events.h ****  */
 122:source\rte/sc_events.h **** struct SC_EVENTS_s
 123:source\rte/sc_events.h **** {                                                                                                  
 124:source\rte/sc_events.h **** 
 125:source\rte/sc_events.h **** 	/**
 126:source\rte/sc_events.h **** 	 * Data buffer for the application value
 127:source\rte/sc_events.h **** 	 */
 128:source\rte/sc_events.h ****     SC_EVENTS_data_t value;
 129:source\rte/sc_events.h **** 
 130:source\rte/sc_events.h ****     /**
 131:source\rte/sc_events.h ****      * Current signal status
 132:source\rte/sc_events.h ****      */
 133:source\rte/sc_events.h ****     RTE_signalStatus_t status;
 134:source\rte/sc_events.h **** 
 135:source\rte/sc_events.h ****     /**
 136:source\rte/sc_events.h ****      * Current age of the signal (in calling cycles)
 137:source\rte/sc_events.h ****      */
 138:source\rte/sc_events.h ****     uint32_t age;
 139:source\rte/sc_events.h **** 
 140:source\rte/sc_events.h ****     /**
 141:source\rte/sc_events.h ****      * Pointer to the signal configuration
 142:source\rte/sc_events.h ****      */
 143:source\rte/sc_events.h **** 	const SC_EVENTS_cfg_t * const    pSigCfg;
 144:source\rte/sc_events.h **** 
 145:source\rte/sc_events.h **** };                                                                                                 
 146:source\rte/sc_events.h **** typedef struct SC_EVENTS_s SC_EVENTS_t;
 147:source\rte/sc_events.h **** 
 148:source\rte/sc_events.h **** /**************************************************************************************************
 149:source\rte/sc_events.h **** /* Signal initialisation   																							*/
 150:source\rte/sc_events.h **** /**************************************************************************************************
 151:source\rte/sc_events.h **** 
 152:source\rte/sc_events.h **** /**
 153:source\rte/sc_events.h ****  * Initializes a signal instance with a passed init value.
 154:source\rte/sc_events.h ****  * Depending on the configured conversion or scaling function the raw_value will be calculated.
 155:source\rte/sc_events.h ****  * Signal status will change from RTE_SIGNALSTATUS_STARTUP to RTE_SIGNALSTATUS_INITIALIZED.
 156:source\rte/sc_events.h ****  *
 157:source\rte/sc_events.h ****  * @param  SC_EVENTS_t * const signal: Pointer to the signal object which will be initialised
 158:source\rte/sc_events.h ****  * @param const sc_events_data_t * const value: Pointer to initial value of the application data
 159:source\rte/sc_events.h ****  * @return RC_t: standard return code, currently only RC_SUCCESS
 160:source\rte/sc_events.h ****  *
 161:source\rte/sc_events.h ****  **/
 162:source\rte/sc_events.h **** inline RC_t RTE_SC_EVENTS_init( SC_EVENTS_t * const signal, const SC_EVENTS_data_t * const value )
 163:source\rte/sc_events.h **** {                                                                                                  
 164:source\rte/sc_events.h **** 
 165:source\rte/sc_events.h ****    RC_t ret = RC_SUCCESS;
 166:source\rte/sc_events.h **** 
 167:source\rte/sc_events.h ****    //Set value and raw value
 168:source\rte/sc_events.h ****    signal->value  = *value;
 169:source\rte/sc_events.h ****    signal->age    = 0;
 170:source\rte/sc_events.h ****    signal->status = RTE_SIGNALSTATUS_INITIALIZED;
 171:source\rte/sc_events.h **** 
 172:source\rte/sc_events.h ****    return ret;
 173:source\rte/sc_events.h **** }
 174:source\rte/sc_events.h **** 
ARM GAS  C:\Users\MATEOC~1.QUE\AppData\Local\Temp\cc0lZ7pl.s 			page 6


 175:source\rte/sc_events.h **** /**************************************************************************************************
 176:source\rte/sc_events.h **** /* Status and timeout control																						*/
 177:source\rte/sc_events.h **** /**************************************************************************************************
 178:source\rte/sc_events.h **** 
 179:source\rte/sc_events.h **** /**
 180:source\rte/sc_events.h ****  *  Returns the current signal status of the passed signal instance.
 181:source\rte/sc_events.h ****  *
 182:source\rte/sc_events.h ****  * @param  SC_EVENTS_t * const signal: Pointer to the signal object
 183:source\rte/sc_events.h ****  * @return  sig_status_t: The current signal status
 184:source\rte/sc_events.h ****  *
 185:source\rte/sc_events.h ****  **/
 186:source\rte/sc_events.h **** inline RTE_signalStatus_t RTE_SC_EVENTS_getStatus( const SC_EVENTS_t * const signal )
 187:source\rte/sc_events.h **** {
 188:source\rte/sc_events.h ****    return signal->status;
 189:source\rte/sc_events.h **** }
 190:source\rte/sc_events.h **** 
 191:source\rte/sc_events.h **** 
 192:source\rte/sc_events.h **** /**
 193:source\rte/sc_events.h ****  *  Sets a new signal status of the passed signal instance by passing the new status.
 194:source\rte/sc_events.h ****  *
 195:source\rte/sc_events.h ****  * @param  SC_EVENTS_t * const signal: Pointer to the signal object
 196:source\rte/sc_events.h ****  * @param  const sig_status_t status: New signal status
 197:source\rte/sc_events.h ****  * @return RC_t: standard return code, currently only RC_SUCCESS
 198:source\rte/sc_events.h ****  *
 199:source\rte/sc_events.h ****  */
 200:source\rte/sc_events.h **** inline RC_t RTE_SC_EVENTS_setStatus( SC_EVENTS_t * const signal, const RTE_signalStatus_t status )
 201:source\rte/sc_events.h **** {
 202:source\rte/sc_events.h ****    signal->status = status;
 203:source\rte/sc_events.h ****    size_t taskNum=0;
 204:source\rte/sc_events.h ****    
 205:source\rte/sc_events.h ****    //Fire error events in case of invalid state
 206:source\rte/sc_events.h ****    if (signal->status == RTE_SIGNALSTATUS_INVALID)
 207:source\rte/sc_events.h ****    {
 208:source\rte/sc_events.h **** 	    //Pointer to the Taskarray, containing the tasks receiving the onUpdate events
 209:source\rte/sc_events.h **** 		TaskTypeArray* pTaskArray = signal->pSigCfg->onErrorTasks;
 210:source\rte/sc_events.h **** 
 211:source\rte/sc_events.h **** 		if (NULL!=signal->pSigCfg->evOnError && NULL != pTaskArray){
 212:source\rte/sc_events.h **** 			for( taskNum=0 ; taskNum < signal->pSigCfg->onErrorTaskCount ;taskNum++){
 213:source\rte/sc_events.h **** 				TaskType task = (*pTaskArray)[taskNum];
 214:source\rte/sc_events.h **** 				SetEvent( task, signal->pSigCfg->evOnError);
 215:source\rte/sc_events.h **** 			}
 216:source\rte/sc_events.h **** 		}
 217:source\rte/sc_events.h ****    }
 218:source\rte/sc_events.h ****    
 219:source\rte/sc_events.h ****    return RC_SUCCESS;
 220:source\rte/sc_events.h **** }
 221:source\rte/sc_events.h **** 
 222:source\rte/sc_events.h **** 
 223:source\rte/sc_events.h **** /**
 224:source\rte/sc_events.h ****  * Returns the count of refreshing trials (refresh, set or set_raw) that failed.
 225:source\rte/sc_events.h ****  * Prerquisite: The signal is refreshed cyclically
 226:source\rte/sc_events.h ****  *
 227:source\rte/sc_events.h ****  * @param  SC_EVENTS_t * const signal: Pointer to the signal object
 228:source\rte/sc_events.h ****  * @return uint32_t: Number of cycles since the signal has been updated for the last time
 229:source\rte/sc_events.h ****  */
 230:source\rte/sc_events.h **** inline uint32_t RTE_SC_EVENTS_getAge( const SC_EVENTS_t * const signal )
 231:source\rte/sc_events.h **** {
ARM GAS  C:\Users\MATEOC~1.QUE\AppData\Local\Temp\cc0lZ7pl.s 			page 7


 232:source\rte/sc_events.h ****    return signal->age;
 233:source\rte/sc_events.h **** }
 234:source\rte/sc_events.h **** 
 235:source\rte/sc_events.h **** /**
 236:source\rte/sc_events.h ****  * Should be called by application or driver if no new value can be provided.
 237:source\rte/sc_events.h ****  * @param  SC_EVENTS_t * const signal: Pointer to the signal object
 238:source\rte/sc_events.h ****  * @param uint32_t increment: incrementvalue, typically in [ms]
 239:source\rte/sc_events.h ****  * @return void
 240:source\rte/sc_events.h ****  */
 241:source\rte/sc_events.h **** inline void RTE_SC_EVENTS_incAge(  SC_EVENTS_t * const signal , uint32_t increment)
 242:source\rte/sc_events.h **** {
 243:source\rte/sc_events.h **** 	   //Hack....
 244:source\rte/sc_events.h **** 	   if ( 0xFFFF0000 > (signal->age + increment) )
  37              		.loc 2 244 0
  38 0000 044B     		ldr	r3, .L3
  39 0002 5B68     		ldr	r3, [r3, #4]
  40 0004 1844     		add	r0, r0, r3
  41              	.LVL1:
  42 0006 10F1011F 		cmn	r0, #65537
  43 000a 01D8     		bhi	.L1
 245:source\rte/sc_events.h **** 	   {
 246:source\rte/sc_events.h **** 	      signal->age += increment;
  44              		.loc 2 246 0
  45 000c 014B     		ldr	r3, .L3
  46 000e 5860     		str	r0, [r3, #4]
  47              	.LVL2:
  48              	.L1:
  49 0010 7047     		bx	lr
  50              	.L4:
  51 0012 00BF     		.align	2
  52              	.L3:
  53 0014 00000000 		.word	.LANCHOR0
  54              	.LBE5:
  55              	.LBE4:
  56              		.cfi_endproc
  57              	.LFE120:
  58              		.size	RTE_timertick_sp_common_tick, .-RTE_timertick_sp_common_tick
  59              		.global	SO_EVENT_signal
  60              		.global	so_event_updTasks
  61              		.section	.rodata
  62              		.align	2
  63              		.type	SO_EVENT_cfg, %object
  64              		.size	SO_EVENT_cfg, 40
  65              	SO_EVENT_cfg:
  66 0000 00000000 		.word	0
  67 0004 00000000 		.word	0
  68 0008 10000000 		.word	16
  69 000c 00000000 		.word	0
  70 0010 01000000 		.word	1
  71 0014 00000000 		.word	so_event_updTasks
  72 0018 00000000 		.word	0
  73 001c 00000000 		.word	0
  74 0020 00       		.byte	0
  75 0021 000000   		.space	3
  76 0024 00000000 		.word	0
  77              		.type	so_event_updTasks, %object
  78              		.size	so_event_updTasks, 4
ARM GAS  C:\Users\MATEOC~1.QUE\AppData\Local\Temp\cc0lZ7pl.s 			page 8


  79              	so_event_updTasks:
  80 0028 02000000 		.word	2
  81              		.data
  82              		.align	2
  83              		.set	.LANCHOR0,. + 0
  84              		.type	SO_EVENT_signal, %object
  85              		.size	SO_EVENT_signal, 12
  86              	SO_EVENT_signal:
  87 0000 00       		.byte	0
  88 0001 00       		.byte	0
  89 0002 0000     		.space	2
  90 0004 00000000 		.word	0
  91 0008 00000000 		.word	SO_EVENT_cfg
  92              		.text
  93              	.Letext0:
  94              		.file 3 "c:\\program files (x86)\\cypress\\psoc creator\\4.4\\psoc creator\\import\\gnu\\arm\\5.4.
  95              		.file 4 "c:\\program files (x86)\\cypress\\psoc creator\\4.4\\psoc creator\\import\\gnu\\arm\\5.4.
  96              		.file 5 "c:\\program files (x86)\\cypress\\psoc creator\\4.4\\psoc creator\\import\\gnu\\arm\\5.4.
  97              		.file 6 "Generated_Source\\PSoC5/ErikaOS_1_common_ee_types.inc"
  98              		.file 7 "Generated_Source\\PSoC5/ErikaOS_1_cortex_mx_ee_cpu.inc"
  99              		.file 8 "Generated_Source\\PSoC5/ErikaOS_1_ee_oo_common.inc"
 100              		.file 9 ".\\source\\bsw/global.h"
 101              		.file 10 "source\\rte\\rte_types.h"
 102              		.file 11 "source\\rte\\rte.h"
 103              		.file 12 "source\\rte\\sc_events_type.h"
 104              		.file 13 "Generated_Source\\PSoC5/ErikaOS_1_ee_oo_intfunc.inc"
 105              		.file 14 "Generated_Source\\PSoC5/ErikaOS_1_cortex_mx_ee_context.inc"
 106              		.file 15 "Generated_Source\\PSoC5/ErikaOS_1_common_ee_primitives.inc"
 107              		.file 16 "Generated_Source\\PSoC5/core_cm3.h"
 108              		.section	.debug_info,"",%progbits
 109              	.Ldebug_info0:
 110 0000 ED040000 		.4byte	0x4ed
 111 0004 0400     		.2byte	0x4
 112 0006 00000000 		.4byte	.Ldebug_abbrev0
 113 000a 04       		.byte	0x4
 114 000b 01       		.uleb128 0x1
 115 000c 9E050000 		.4byte	.LASF98
 116 0010 0C       		.byte	0xc
 117 0011 14040000 		.4byte	.LASF99
 118 0015 B1000000 		.4byte	.LASF100
 119 0019 00000000 		.4byte	.Ldebug_ranges0+0
 120 001d 00000000 		.4byte	0
 121 0021 00000000 		.4byte	.Ldebug_line0
 122 0025 02       		.uleb128 0x2
 123 0026 01       		.byte	0x1
 124 0027 06       		.byte	0x6
 125 0028 FD020000 		.4byte	.LASF0
 126 002c 02       		.uleb128 0x2
 127 002d 01       		.byte	0x1
 128 002e 08       		.byte	0x8
 129 002f EF020000 		.4byte	.LASF1
 130 0033 02       		.uleb128 0x2
 131 0034 02       		.byte	0x2
 132 0035 05       		.byte	0x5
 133 0036 70000000 		.4byte	.LASF2
 134 003a 02       		.uleb128 0x2
 135 003b 02       		.byte	0x2
ARM GAS  C:\Users\MATEOC~1.QUE\AppData\Local\Temp\cc0lZ7pl.s 			page 9


 136 003c 07       		.byte	0x7
 137 003d 01040000 		.4byte	.LASF3
 138 0041 03       		.uleb128 0x3
 139 0042 F0040000 		.4byte	.LASF5
 140 0046 03       		.byte	0x3
 141 0047 3F       		.byte	0x3f
 142 0048 4C000000 		.4byte	0x4c
 143 004c 02       		.uleb128 0x2
 144 004d 04       		.byte	0x4
 145 004e 05       		.byte	0x5
 146 004f 3D020000 		.4byte	.LASF4
 147 0053 03       		.uleb128 0x3
 148 0054 34010000 		.4byte	.LASF6
 149 0058 03       		.byte	0x3
 150 0059 41       		.byte	0x41
 151 005a 5E000000 		.4byte	0x5e
 152 005e 02       		.uleb128 0x2
 153 005f 04       		.byte	0x4
 154 0060 07       		.byte	0x7
 155 0061 90040000 		.4byte	.LASF7
 156 0065 02       		.uleb128 0x2
 157 0066 08       		.byte	0x8
 158 0067 05       		.byte	0x5
 159 0068 DF010000 		.4byte	.LASF8
 160 006c 02       		.uleb128 0x2
 161 006d 08       		.byte	0x8
 162 006e 07       		.byte	0x7
 163 006f 16030000 		.4byte	.LASF9
 164 0073 04       		.uleb128 0x4
 165 0074 04       		.byte	0x4
 166 0075 05       		.byte	0x5
 167 0076 696E7400 		.ascii	"int\000"
 168 007a 02       		.uleb128 0x2
 169 007b 04       		.byte	0x4
 170 007c 07       		.byte	0x7
 171 007d 36030000 		.4byte	.LASF10
 172 0081 03       		.uleb128 0x3
 173 0082 F9030000 		.4byte	.LASF11
 174 0086 04       		.byte	0x4
 175 0087 2C       		.byte	0x2c
 176 0088 41000000 		.4byte	0x41
 177 008c 03       		.uleb128 0x3
 178 008d 2D030000 		.4byte	.LASF12
 179 0091 04       		.byte	0x4
 180 0092 30       		.byte	0x30
 181 0093 53000000 		.4byte	0x53
 182 0097 02       		.uleb128 0x2
 183 0098 04       		.byte	0x4
 184 0099 04       		.byte	0x4
 185 009a AC010000 		.4byte	.LASF13
 186 009e 02       		.uleb128 0x2
 187 009f 08       		.byte	0x8
 188 00a0 04       		.byte	0x4
 189 00a1 61050000 		.4byte	.LASF14
 190 00a5 02       		.uleb128 0x2
 191 00a6 01       		.byte	0x1
 192 00a7 08       		.byte	0x8
ARM GAS  C:\Users\MATEOC~1.QUE\AppData\Local\Temp\cc0lZ7pl.s 			page 10


 193 00a8 B7030000 		.4byte	.LASF15
 194 00ac 03       		.uleb128 0x3
 195 00ad 7A000000 		.4byte	.LASF16
 196 00b1 05       		.byte	0x5
 197 00b2 D8       		.byte	0xd8
 198 00b3 7A000000 		.4byte	0x7a
 199 00b7 02       		.uleb128 0x2
 200 00b8 08       		.byte	0x8
 201 00b9 04       		.byte	0x4
 202 00ba D1020000 		.4byte	.LASF17
 203 00be 03       		.uleb128 0x3
 204 00bf 78030000 		.4byte	.LASF18
 205 00c3 06       		.byte	0x6
 206 00c4 53       		.byte	0x53
 207 00c5 73000000 		.4byte	0x73
 208 00c9 03       		.uleb128 0x3
 209 00ca 3F010000 		.4byte	.LASF19
 210 00ce 06       		.byte	0x6
 211 00cf 54       		.byte	0x54
 212 00d0 7A000000 		.4byte	0x7a
 213 00d4 03       		.uleb128 0x3
 214 00d5 2F000000 		.4byte	.LASF20
 215 00d9 07       		.byte	0x7
 216 00da 4D       		.byte	0x4d
 217 00db C9000000 		.4byte	0xc9
 218 00df 03       		.uleb128 0x3
 219 00e0 1B010000 		.4byte	.LASF21
 220 00e4 07       		.byte	0x7
 221 00e5 4F       		.byte	0x4f
 222 00e6 C9000000 		.4byte	0xc9
 223 00ea 03       		.uleb128 0x3
 224 00eb 49010000 		.4byte	.LASF22
 225 00ef 07       		.byte	0x7
 226 00f0 78       		.byte	0x78
 227 00f1 BE000000 		.4byte	0xbe
 228 00f5 05       		.uleb128 0x5
 229 00f6 E6020000 		.4byte	.LASF23
 230 00fa 08       		.byte	0x8
 231 00fb F701     		.2byte	0x1f7
 232 00fd EA000000 		.4byte	0xea
 233 0101 05       		.uleb128 0x5
 234 0102 62000000 		.4byte	.LASF24
 235 0106 08       		.byte	0x8
 236 0107 2C02     		.2byte	0x22c
 237 0109 D4000000 		.4byte	0xd4
 238 010d 02       		.uleb128 0x2
 239 010e 04       		.byte	0x4
 240 010f 07       		.byte	0x7
 241 0110 96000000 		.4byte	.LASF25
 242 0114 03       		.uleb128 0x3
 243 0115 BD020000 		.4byte	.LASF26
 244 0119 09       		.byte	0x9
 245 011a 9C       		.byte	0x9c
 246 011b 2C000000 		.4byte	0x2c
 247 011f 06       		.uleb128 0x6
 248 0120 01       		.byte	0x1
 249 0121 25000000 		.4byte	0x25
ARM GAS  C:\Users\MATEOC~1.QUE\AppData\Local\Temp\cc0lZ7pl.s 			page 11


 250 0125 09       		.byte	0x9
 251 0126 CF       		.byte	0xcf
 252 0127 C8010000 		.4byte	0x1c8
 253 012b 07       		.uleb128 0x7
 254 012c 37000000 		.4byte	.LASF27
 255 0130 00       		.byte	0
 256 0131 08       		.uleb128 0x8
 257 0132 DD020000 		.4byte	.LASF28
 258 0136 7F       		.sleb128 -1
 259 0137 08       		.uleb128 0x8
 260 0138 51030000 		.4byte	.LASF29
 261 013c 7E       		.sleb128 -2
 262 013d 08       		.uleb128 0x8
 263 013e 2F020000 		.4byte	.LASF30
 264 0142 7D       		.sleb128 -3
 265 0143 08       		.uleb128 0x8
 266 0144 31060000 		.4byte	.LASF31
 267 0148 7C       		.sleb128 -4
 268 0149 08       		.uleb128 0x8
 269 014a 9D010000 		.4byte	.LASF32
 270 014e 7B       		.sleb128 -5
 271 014f 08       		.uleb128 0x8
 272 0150 DF040000 		.4byte	.LASF33
 273 0154 7A       		.sleb128 -6
 274 0155 08       		.uleb128 0x8
 275 0156 46020000 		.4byte	.LASF34
 276 015a 79       		.sleb128 -7
 277 015b 08       		.uleb128 0x8
 278 015c 09000000 		.4byte	.LASF35
 279 0160 78       		.sleb128 -8
 280 0161 08       		.uleb128 0x8
 281 0162 7C060000 		.4byte	.LASF36
 282 0166 77       		.sleb128 -9
 283 0167 08       		.uleb128 0x8
 284 0168 58020000 		.4byte	.LASF37
 285 016c 76       		.sleb128 -10
 286 016d 08       		.uleb128 0x8
 287 016e 97060000 		.4byte	.LASF38
 288 0172 75       		.sleb128 -11
 289 0173 08       		.uleb128 0x8
 290 0174 43030000 		.4byte	.LASF39
 291 0178 74       		.sleb128 -12
 292 0179 08       		.uleb128 0x8
 293 017a CD040000 		.4byte	.LASF40
 294 017e 73       		.sleb128 -13
 295 017f 08       		.uleb128 0x8
 296 0180 FA040000 		.4byte	.LASF41
 297 0184 72       		.sleb128 -14
 298 0185 08       		.uleb128 0x8
 299 0186 B2010000 		.4byte	.LASF42
 300 018a 71       		.sleb128 -15
 301 018b 08       		.uleb128 0x8
 302 018c 23010000 		.4byte	.LASF43
 303 0190 70       		.sleb128 -16
 304 0191 08       		.uleb128 0x8
 305 0192 37040000 		.4byte	.LASF44
 306 0196 6F       		.sleb128 -17
ARM GAS  C:\Users\MATEOC~1.QUE\AppData\Local\Temp\cc0lZ7pl.s 			page 12


 307 0197 08       		.uleb128 0x8
 308 0198 81000000 		.4byte	.LASF45
 309 019c 6E       		.sleb128 -18
 310 019d 08       		.uleb128 0x8
 311 019e 0B020000 		.4byte	.LASF46
 312 01a2 6D       		.sleb128 -19
 313 01a3 08       		.uleb128 0x8
 314 01a4 4B040000 		.4byte	.LASF47
 315 01a8 6C       		.sleb128 -20
 316 01a9 08       		.uleb128 0x8
 317 01aa AB020000 		.4byte	.LASF48
 318 01ae 6B       		.sleb128 -21
 319 01af 08       		.uleb128 0x8
 320 01b0 42050000 		.4byte	.LASF49
 321 01b4 6A       		.sleb128 -22
 322 01b5 08       		.uleb128 0x8
 323 01b6 60010000 		.4byte	.LASF50
 324 01ba 69       		.sleb128 -23
 325 01bb 08       		.uleb128 0x8
 326 01bc 1E020000 		.4byte	.LASF51
 327 01c0 68       		.sleb128 -24
 328 01c1 08       		.uleb128 0x8
 329 01c2 C6010000 		.4byte	.LASF52
 330 01c6 67       		.sleb128 -25
 331 01c7 00       		.byte	0
 332 01c8 03       		.uleb128 0x3
 333 01c9 92060000 		.4byte	.LASF53
 334 01cd 09       		.byte	0x9
 335 01ce EA       		.byte	0xea
 336 01cf 1F010000 		.4byte	0x11f
 337 01d3 03       		.uleb128 0x3
 338 01d4 59060000 		.4byte	.LASF54
 339 01d8 0A       		.byte	0xa
 340 01d9 19       		.byte	0x19
 341 01da DE010000 		.4byte	0x1de
 342 01de 09       		.uleb128 0x9
 343 01df F5000000 		.4byte	0xf5
 344 01e3 E9010000 		.4byte	0x1e9
 345 01e7 0A       		.uleb128 0xa
 346 01e8 00       		.byte	0
 347 01e9 03       		.uleb128 0x3
 348 01ea 54050000 		.4byte	.LASF55
 349 01ee 0A       		.byte	0xa
 350 01ef 2D       		.byte	0x2d
 351 01f0 8C000000 		.4byte	0x8c
 352 01f4 06       		.uleb128 0x6
 353 01f5 01       		.byte	0x1
 354 01f6 2C000000 		.4byte	0x2c
 355 01fa 0B       		.byte	0xb
 356 01fb 59       		.byte	0x59
 357 01fc 19020000 		.4byte	0x219
 358 0200 07       		.uleb128 0x7
 359 0201 66020000 		.4byte	.LASF56
 360 0205 00       		.byte	0
 361 0206 07       		.uleb128 0x7
 362 0207 DC030000 		.4byte	.LASF57
 363 020b 01       		.byte	0x1
ARM GAS  C:\Users\MATEOC~1.QUE\AppData\Local\Temp\cc0lZ7pl.s 			page 13


 364 020c 07       		.uleb128 0x7
 365 020d 04010000 		.4byte	.LASF58
 366 0211 02       		.byte	0x2
 367 0212 07       		.uleb128 0x7
 368 0213 C3030000 		.4byte	.LASF59
 369 0217 03       		.byte	0x3
 370 0218 00       		.byte	0
 371 0219 03       		.uleb128 0x3
 372 021a F1000000 		.4byte	.LASF60
 373 021e 0B       		.byte	0xb
 374 021f 5E       		.byte	0x5e
 375 0220 F4010000 		.4byte	0x1f4
 376 0224 06       		.uleb128 0x6
 377 0225 01       		.byte	0x1
 378 0226 2C000000 		.4byte	0x2c
 379 022a 0C       		.byte	0xc
 380 022b 1B       		.byte	0x1b
 381 022c 4F020000 		.4byte	0x24f
 382 0230 07       		.uleb128 0x7
 383 0231 0D050000 		.4byte	.LASF61
 384 0235 00       		.byte	0
 385 0236 07       		.uleb128 0x7
 386 0237 15050000 		.4byte	.LASF62
 387 023b 01       		.byte	0x1
 388 023c 07       		.uleb128 0x7
 389 023d 9F020000 		.4byte	.LASF63
 390 0241 02       		.byte	0x2
 391 0242 07       		.uleb128 0x7
 392 0243 00000000 		.4byte	.LASF64
 393 0247 03       		.byte	0x3
 394 0248 07       		.uleb128 0x7
 395 0249 95010000 		.4byte	.LASF65
 396 024d 04       		.byte	0x4
 397 024e 00       		.byte	0
 398 024f 03       		.uleb128 0x3
 399 0250 09030000 		.4byte	.LASF66
 400 0254 0C       		.byte	0xc
 401 0255 23       		.byte	0x23
 402 0256 24020000 		.4byte	0x224
 403 025a 0B       		.uleb128 0xb
 404 025b 01       		.byte	0x1
 405 025c 0C       		.byte	0xc
 406 025d 28       		.byte	0x28
 407 025e 6F020000 		.4byte	0x26f
 408 0262 0C       		.uleb128 0xc
 409 0263 06020000 		.4byte	.LASF70
 410 0267 0C       		.byte	0xc
 411 0268 2A       		.byte	0x2a
 412 0269 4F020000 		.4byte	0x24f
 413 026d 00       		.byte	0
 414 026e 00       		.byte	0
 415 026f 03       		.uleb128 0x3
 416 0270 77050000 		.4byte	.LASF67
 417 0274 0C       		.byte	0xc
 418 0275 2D       		.byte	0x2d
 419 0276 5A020000 		.4byte	0x25a
 420 027a 03       		.uleb128 0x3
ARM GAS  C:\Users\MATEOC~1.QUE\AppData\Local\Temp\cc0lZ7pl.s 			page 14


 421 027b 67060000 		.4byte	.LASF68
 422 027f 02       		.byte	0x2
 423 0280 27       		.byte	0x27
 424 0281 85020000 		.4byte	0x285
 425 0285 0D       		.uleb128 0xd
 426 0286 04       		.byte	0x4
 427 0287 8B020000 		.4byte	0x28b
 428 028b 0E       		.uleb128 0xe
 429 028c C8010000 		.4byte	0x1c8
 430 0290 9A020000 		.4byte	0x29a
 431 0294 0F       		.uleb128 0xf
 432 0295 A0020000 		.4byte	0x2a0
 433 0299 00       		.byte	0
 434 029a 0D       		.uleb128 0xd
 435 029b 04       		.byte	0x4
 436 029c 6F020000 		.4byte	0x26f
 437 02a0 10       		.uleb128 0x10
 438 02a1 9A020000 		.4byte	0x29a
 439 02a5 03       		.uleb128 0x3
 440 02a6 4C000000 		.4byte	.LASF69
 441 02aa 02       		.byte	0x2
 442 02ab 2D       		.byte	0x2d
 443 02ac B0020000 		.4byte	0x2b0
 444 02b0 0D       		.uleb128 0xd
 445 02b1 04       		.byte	0x4
 446 02b2 B6020000 		.4byte	0x2b6
 447 02b6 0E       		.uleb128 0xe
 448 02b7 C8010000 		.4byte	0x1c8
 449 02bb C5020000 		.4byte	0x2c5
 450 02bf 0F       		.uleb128 0xf
 451 02c0 D0020000 		.4byte	0x2d0
 452 02c4 00       		.byte	0
 453 02c5 0D       		.uleb128 0xd
 454 02c6 04       		.byte	0x4
 455 02c7 CB020000 		.4byte	0x2cb
 456 02cb 10       		.uleb128 0x10
 457 02cc 6F020000 		.4byte	0x26f
 458 02d0 10       		.uleb128 0x10
 459 02d1 C5020000 		.4byte	0x2c5
 460 02d5 11       		.uleb128 0x11
 461 02d6 7F020000 		.4byte	.LASF82
 462 02da 28       		.byte	0x28
 463 02db 02       		.byte	0x2
 464 02dc 37       		.byte	0x37
 465 02dd 5A030000 		.4byte	0x35a
 466 02e1 0C       		.uleb128 0xc
 467 02e2 88050000 		.4byte	.LASF71
 468 02e6 02       		.byte	0x2
 469 02e7 3C       		.byte	0x3c
 470 02e8 5A030000 		.4byte	0x35a
 471 02ec 00       		.byte	0
 472 02ed 0C       		.uleb128 0xc
 473 02ee 56010000 		.4byte	.LASF72
 474 02f2 02       		.byte	0x2
 475 02f3 41       		.byte	0x41
 476 02f4 5F030000 		.4byte	0x35f
 477 02f8 04       		.byte	0x4
ARM GAS  C:\Users\MATEOC~1.QUE\AppData\Local\Temp\cc0lZ7pl.s 			page 15


 478 02f9 0C       		.uleb128 0xc
 479 02fa 99030000 		.4byte	.LASF73
 480 02fe 02       		.byte	0x2
 481 02ff 46       		.byte	0x46
 482 0300 64030000 		.4byte	0x364
 483 0304 08       		.byte	0x8
 484 0305 0C       		.uleb128 0xc
 485 0306 42000000 		.4byte	.LASF74
 486 030a 02       		.byte	0x2
 487 030b 4C       		.byte	0x4c
 488 030c 64030000 		.4byte	0x364
 489 0310 0C       		.byte	0xc
 490 0311 0C       		.uleb128 0xc
 491 0312 6B040000 		.4byte	.LASF75
 492 0316 02       		.byte	0x2
 493 0317 51       		.byte	0x51
 494 0318 69030000 		.4byte	0x369
 495 031c 10       		.byte	0x10
 496 031d 0C       		.uleb128 0xc
 497 031e A2040000 		.4byte	.LASF76
 498 0322 02       		.byte	0x2
 499 0323 56       		.byte	0x56
 500 0324 74030000 		.4byte	0x374
 501 0328 14       		.byte	0x14
 502 0329 0C       		.uleb128 0xc
 503 032a 1E000000 		.4byte	.LASF77
 504 032e 02       		.byte	0x2
 505 032f 5B       		.byte	0x5b
 506 0330 69030000 		.4byte	0x369
 507 0334 18       		.byte	0x18
 508 0335 0C       		.uleb128 0xc
 509 0336 5E040000 		.4byte	.LASF78
 510 033a 02       		.byte	0x2
 511 033b 60       		.byte	0x60
 512 033c 74030000 		.4byte	0x374
 513 0340 1C       		.byte	0x1c
 514 0341 0C       		.uleb128 0xc
 515 0342 68050000 		.4byte	.LASF79
 516 0346 02       		.byte	0x2
 517 0347 66       		.byte	0x66
 518 0348 79030000 		.4byte	0x379
 519 034c 20       		.byte	0x20
 520 034d 0C       		.uleb128 0xc
 521 034e 77010000 		.4byte	.LASF80
 522 0352 02       		.byte	0x2
 523 0353 6B       		.byte	0x6b
 524 0354 7E030000 		.4byte	0x37e
 525 0358 24       		.byte	0x24
 526 0359 00       		.byte	0
 527 035a 10       		.uleb128 0x10
 528 035b 7A020000 		.4byte	0x27a
 529 035f 10       		.uleb128 0x10
 530 0360 A5020000 		.4byte	0x2a5
 531 0364 10       		.uleb128 0x10
 532 0365 01010000 		.4byte	0x101
 533 0369 10       		.uleb128 0x10
 534 036a AC000000 		.4byte	0xac
ARM GAS  C:\Users\MATEOC~1.QUE\AppData\Local\Temp\cc0lZ7pl.s 			page 16


 535 036e 0D       		.uleb128 0xd
 536 036f 04       		.byte	0x4
 537 0370 D3010000 		.4byte	0x1d3
 538 0374 10       		.uleb128 0x10
 539 0375 6E030000 		.4byte	0x36e
 540 0379 10       		.uleb128 0x10
 541 037a 14010000 		.4byte	0x114
 542 037e 10       		.uleb128 0x10
 543 037f E9010000 		.4byte	0x1e9
 544 0383 03       		.uleb128 0x3
 545 0384 8F020000 		.4byte	.LASF81
 546 0388 02       		.byte	0x2
 547 0389 6E       		.byte	0x6e
 548 038a 8E030000 		.4byte	0x38e
 549 038e 10       		.uleb128 0x10
 550 038f D5020000 		.4byte	0x2d5
 551 0393 11       		.uleb128 0x11
 552 0394 2B040000 		.4byte	.LASF83
 553 0398 0C       		.byte	0xc
 554 0399 02       		.byte	0x2
 555 039a 7A       		.byte	0x7a
 556 039b D0030000 		.4byte	0x3d0
 557 039f 0C       		.uleb128 0xc
 558 03a0 50010000 		.4byte	.LASF84
 559 03a4 02       		.byte	0x2
 560 03a5 80       		.byte	0x80
 561 03a6 6F020000 		.4byte	0x26f
 562 03aa 00       		.byte	0
 563 03ab 0C       		.uleb128 0xc
 564 03ac A4030000 		.4byte	.LASF85
 565 03b0 02       		.byte	0x2
 566 03b1 85       		.byte	0x85
 567 03b2 19020000 		.4byte	0x219
 568 03b6 01       		.byte	0x1
 569 03b7 12       		.uleb128 0x12
 570 03b8 61676500 		.ascii	"age\000"
 571 03bc 02       		.byte	0x2
 572 03bd 8A       		.byte	0x8a
 573 03be 8C000000 		.4byte	0x8c
 574 03c2 04       		.byte	0x4
 575 03c3 0C       		.uleb128 0xc
 576 03c4 91030000 		.4byte	.LASF86
 577 03c8 02       		.byte	0x2
 578 03c9 8F       		.byte	0x8f
 579 03ca D6030000 		.4byte	0x3d6
 580 03ce 08       		.byte	0x8
 581 03cf 00       		.byte	0
 582 03d0 0D       		.uleb128 0xd
 583 03d1 04       		.byte	0x4
 584 03d2 83030000 		.4byte	0x383
 585 03d6 10       		.uleb128 0x10
 586 03d7 D0030000 		.4byte	0x3d0
 587 03db 03       		.uleb128 0x3
 588 03dc AB030000 		.4byte	.LASF87
 589 03e0 02       		.byte	0x2
 590 03e1 92       		.byte	0x92
 591 03e2 93030000 		.4byte	0x393
ARM GAS  C:\Users\MATEOC~1.QUE\AppData\Local\Temp\cc0lZ7pl.s 			page 17


 592 03e6 13       		.uleb128 0x13
 593 03e7 2D050000 		.4byte	.LASF101
 594 03eb 02       		.byte	0x2
 595 03ec F1       		.byte	0xf1
 596 03ed 03       		.byte	0x3
 597 03ee 09040000 		.4byte	0x409
 598 03f2 14       		.uleb128 0x14
 599 03f3 BC030000 		.4byte	.LASF88
 600 03f7 02       		.byte	0x2
 601 03f8 F1       		.byte	0xf1
 602 03f9 0F040000 		.4byte	0x40f
 603 03fd 14       		.uleb128 0x14
 604 03fe C7020000 		.4byte	.LASF89
 605 0402 02       		.byte	0x2
 606 0403 F1       		.byte	0xf1
 607 0404 8C000000 		.4byte	0x8c
 608 0408 00       		.byte	0
 609 0409 0D       		.uleb128 0xd
 610 040a 04       		.byte	0x4
 611 040b DB030000 		.4byte	0x3db
 612 040f 10       		.uleb128 0x10
 613 0410 09040000 		.4byte	0x409
 614 0414 15       		.uleb128 0x15
 615 0415 B0040000 		.4byte	.LASF102
 616 0419 01       		.byte	0x1
 617 041a 4B       		.byte	0x4b
 618 041b 00000000 		.4byte	.LFB120
 619 041f 18000000 		.4byte	.LFE120-.LFB120
 620 0423 01       		.uleb128 0x1
 621 0424 9C       		.byte	0x9c
 622 0425 5B040000 		.4byte	0x45b
 623 0429 16       		.uleb128 0x16
 624 042a 2C060000 		.4byte	.LASF103
 625 042e 01       		.byte	0x1
 626 042f 4B       		.byte	0x4b
 627 0430 8C000000 		.4byte	0x8c
 628 0434 00000000 		.4byte	.LLST0
 629 0438 17       		.uleb128 0x17
 630 0439 E6030000 		.4byte	0x3e6
 631 043d 00000000 		.4byte	.LBB4
 632 0441 18000000 		.4byte	.LBE4-.LBB4
 633 0445 01       		.byte	0x1
 634 0446 4C       		.byte	0x4c
 635 0447 18       		.uleb128 0x18
 636 0448 FD030000 		.4byte	0x3fd
 637 044c 21000000 		.4byte	.LLST1
 638 0450 18       		.uleb128 0x18
 639 0451 F2030000 		.4byte	0x3f2
 640 0455 42000000 		.4byte	.LLST2
 641 0459 00       		.byte	0
 642 045a 00       		.byte	0
 643 045b 19       		.uleb128 0x19
 644 045c 20050000 		.4byte	.LASF104
 645 0460 01       		.byte	0x1
 646 0461 2D       		.byte	0x2d
 647 0462 83030000 		.4byte	0x383
 648 0466 05       		.uleb128 0x5
ARM GAS  C:\Users\MATEOC~1.QUE\AppData\Local\Temp\cc0lZ7pl.s 			page 18


 649 0467 03       		.byte	0x3
 650 0468 00000000 		.4byte	SO_EVENT_cfg
 651 046c 1A       		.uleb128 0x1a
 652 046d 41060000 		.4byte	.LASF90
 653 0471 0D       		.byte	0xd
 654 0472 40       		.byte	0x40
 655 0473 D4000000 		.4byte	0xd4
 656 0477 1A       		.uleb128 0x1a
 657 0478 ED010000 		.4byte	.LASF91
 658 047c 0D       		.byte	0xd
 659 047d 47       		.byte	0x47
 660 047e DF000000 		.4byte	0xdf
 661 0482 1A       		.uleb128 0x1a
 662 0483 7D040000 		.4byte	.LASF92
 663 0487 0D       		.byte	0xd
 664 0488 4A       		.byte	0x4a
 665 0489 D4000000 		.4byte	0xd4
 666 048d 1A       		.uleb128 0x1a
 667 048e 5F030000 		.4byte	.LASF93
 668 0492 0E       		.byte	0xe
 669 0493 48       		.byte	0x48
 670 0494 EA000000 		.4byte	0xea
 671 0498 1A       		.uleb128 0x1a
 672 0499 80010000 		.4byte	.LASF94
 673 049d 0F       		.byte	0xf
 674 049e 44       		.byte	0x44
 675 049f D4000000 		.4byte	0xd4
 676 04a3 1B       		.uleb128 0x1b
 677 04a4 91050000 		.4byte	.LASF95
 678 04a8 10       		.byte	0x10
 679 04a9 1207     		.2byte	0x712
 680 04ab AF040000 		.4byte	0x4af
 681 04af 1C       		.uleb128 0x1c
 682 04b0 81000000 		.4byte	0x81
 683 04b4 1D       		.uleb128 0x1d
 684 04b5 81030000 		.4byte	.LASF96
 685 04b9 01       		.byte	0x1
 686 04ba 41       		.byte	0x41
 687 04bb DB030000 		.4byte	0x3db
 688 04bf 05       		.uleb128 0x5
 689 04c0 03       		.byte	0x3
 690 04c1 00000000 		.4byte	SO_EVENT_signal
 691 04c5 09       		.uleb128 0x9
 692 04c6 D5040000 		.4byte	0x4d5
 693 04ca D5040000 		.4byte	0x4d5
 694 04ce 1E       		.uleb128 0x1e
 695 04cf 0D010000 		.4byte	0x10d
 696 04d3 00       		.byte	0
 697 04d4 00       		.byte	0
 698 04d5 10       		.uleb128 0x10
 699 04d6 F5000000 		.4byte	0xf5
 700 04da 1D       		.uleb128 0x1d
 701 04db 9F000000 		.4byte	.LASF97
 702 04df 01       		.byte	0x1
 703 04e0 2A       		.byte	0x2a
 704 04e1 EB040000 		.4byte	0x4eb
 705 04e5 05       		.uleb128 0x5
ARM GAS  C:\Users\MATEOC~1.QUE\AppData\Local\Temp\cc0lZ7pl.s 			page 19


 706 04e6 03       		.byte	0x3
 707 04e7 00000000 		.4byte	so_event_updTasks
 708 04eb 10       		.uleb128 0x10
 709 04ec C5040000 		.4byte	0x4c5
 710 04f0 00       		.byte	0
 711              		.section	.debug_abbrev,"",%progbits
 712              	.Ldebug_abbrev0:
 713 0000 01       		.uleb128 0x1
 714 0001 11       		.uleb128 0x11
 715 0002 01       		.byte	0x1
 716 0003 25       		.uleb128 0x25
 717 0004 0E       		.uleb128 0xe
 718 0005 13       		.uleb128 0x13
 719 0006 0B       		.uleb128 0xb
 720 0007 03       		.uleb128 0x3
 721 0008 0E       		.uleb128 0xe
 722 0009 1B       		.uleb128 0x1b
 723 000a 0E       		.uleb128 0xe
 724 000b 55       		.uleb128 0x55
 725 000c 17       		.uleb128 0x17
 726 000d 11       		.uleb128 0x11
 727 000e 01       		.uleb128 0x1
 728 000f 10       		.uleb128 0x10
 729 0010 17       		.uleb128 0x17
 730 0011 00       		.byte	0
 731 0012 00       		.byte	0
 732 0013 02       		.uleb128 0x2
 733 0014 24       		.uleb128 0x24
 734 0015 00       		.byte	0
 735 0016 0B       		.uleb128 0xb
 736 0017 0B       		.uleb128 0xb
 737 0018 3E       		.uleb128 0x3e
 738 0019 0B       		.uleb128 0xb
 739 001a 03       		.uleb128 0x3
 740 001b 0E       		.uleb128 0xe
 741 001c 00       		.byte	0
 742 001d 00       		.byte	0
 743 001e 03       		.uleb128 0x3
 744 001f 16       		.uleb128 0x16
 745 0020 00       		.byte	0
 746 0021 03       		.uleb128 0x3
 747 0022 0E       		.uleb128 0xe
 748 0023 3A       		.uleb128 0x3a
 749 0024 0B       		.uleb128 0xb
 750 0025 3B       		.uleb128 0x3b
 751 0026 0B       		.uleb128 0xb
 752 0027 49       		.uleb128 0x49
 753 0028 13       		.uleb128 0x13
 754 0029 00       		.byte	0
 755 002a 00       		.byte	0
 756 002b 04       		.uleb128 0x4
 757 002c 24       		.uleb128 0x24
 758 002d 00       		.byte	0
 759 002e 0B       		.uleb128 0xb
 760 002f 0B       		.uleb128 0xb
 761 0030 3E       		.uleb128 0x3e
 762 0031 0B       		.uleb128 0xb
ARM GAS  C:\Users\MATEOC~1.QUE\AppData\Local\Temp\cc0lZ7pl.s 			page 20


 763 0032 03       		.uleb128 0x3
 764 0033 08       		.uleb128 0x8
 765 0034 00       		.byte	0
 766 0035 00       		.byte	0
 767 0036 05       		.uleb128 0x5
 768 0037 16       		.uleb128 0x16
 769 0038 00       		.byte	0
 770 0039 03       		.uleb128 0x3
 771 003a 0E       		.uleb128 0xe
 772 003b 3A       		.uleb128 0x3a
 773 003c 0B       		.uleb128 0xb
 774 003d 3B       		.uleb128 0x3b
 775 003e 05       		.uleb128 0x5
 776 003f 49       		.uleb128 0x49
 777 0040 13       		.uleb128 0x13
 778 0041 00       		.byte	0
 779 0042 00       		.byte	0
 780 0043 06       		.uleb128 0x6
 781 0044 04       		.uleb128 0x4
 782 0045 01       		.byte	0x1
 783 0046 0B       		.uleb128 0xb
 784 0047 0B       		.uleb128 0xb
 785 0048 49       		.uleb128 0x49
 786 0049 13       		.uleb128 0x13
 787 004a 3A       		.uleb128 0x3a
 788 004b 0B       		.uleb128 0xb
 789 004c 3B       		.uleb128 0x3b
 790 004d 0B       		.uleb128 0xb
 791 004e 01       		.uleb128 0x1
 792 004f 13       		.uleb128 0x13
 793 0050 00       		.byte	0
 794 0051 00       		.byte	0
 795 0052 07       		.uleb128 0x7
 796 0053 28       		.uleb128 0x28
 797 0054 00       		.byte	0
 798 0055 03       		.uleb128 0x3
 799 0056 0E       		.uleb128 0xe
 800 0057 1C       		.uleb128 0x1c
 801 0058 0B       		.uleb128 0xb
 802 0059 00       		.byte	0
 803 005a 00       		.byte	0
 804 005b 08       		.uleb128 0x8
 805 005c 28       		.uleb128 0x28
 806 005d 00       		.byte	0
 807 005e 03       		.uleb128 0x3
 808 005f 0E       		.uleb128 0xe
 809 0060 1C       		.uleb128 0x1c
 810 0061 0D       		.uleb128 0xd
 811 0062 00       		.byte	0
 812 0063 00       		.byte	0
 813 0064 09       		.uleb128 0x9
 814 0065 01       		.uleb128 0x1
 815 0066 01       		.byte	0x1
 816 0067 49       		.uleb128 0x49
 817 0068 13       		.uleb128 0x13
 818 0069 01       		.uleb128 0x1
 819 006a 13       		.uleb128 0x13
ARM GAS  C:\Users\MATEOC~1.QUE\AppData\Local\Temp\cc0lZ7pl.s 			page 21


 820 006b 00       		.byte	0
 821 006c 00       		.byte	0
 822 006d 0A       		.uleb128 0xa
 823 006e 21       		.uleb128 0x21
 824 006f 00       		.byte	0
 825 0070 00       		.byte	0
 826 0071 00       		.byte	0
 827 0072 0B       		.uleb128 0xb
 828 0073 13       		.uleb128 0x13
 829 0074 01       		.byte	0x1
 830 0075 0B       		.uleb128 0xb
 831 0076 0B       		.uleb128 0xb
 832 0077 3A       		.uleb128 0x3a
 833 0078 0B       		.uleb128 0xb
 834 0079 3B       		.uleb128 0x3b
 835 007a 0B       		.uleb128 0xb
 836 007b 01       		.uleb128 0x1
 837 007c 13       		.uleb128 0x13
 838 007d 00       		.byte	0
 839 007e 00       		.byte	0
 840 007f 0C       		.uleb128 0xc
 841 0080 0D       		.uleb128 0xd
 842 0081 00       		.byte	0
 843 0082 03       		.uleb128 0x3
 844 0083 0E       		.uleb128 0xe
 845 0084 3A       		.uleb128 0x3a
 846 0085 0B       		.uleb128 0xb
 847 0086 3B       		.uleb128 0x3b
 848 0087 0B       		.uleb128 0xb
 849 0088 49       		.uleb128 0x49
 850 0089 13       		.uleb128 0x13
 851 008a 38       		.uleb128 0x38
 852 008b 0B       		.uleb128 0xb
 853 008c 00       		.byte	0
 854 008d 00       		.byte	0
 855 008e 0D       		.uleb128 0xd
 856 008f 0F       		.uleb128 0xf
 857 0090 00       		.byte	0
 858 0091 0B       		.uleb128 0xb
 859 0092 0B       		.uleb128 0xb
 860 0093 49       		.uleb128 0x49
 861 0094 13       		.uleb128 0x13
 862 0095 00       		.byte	0
 863 0096 00       		.byte	0
 864 0097 0E       		.uleb128 0xe
 865 0098 15       		.uleb128 0x15
 866 0099 01       		.byte	0x1
 867 009a 27       		.uleb128 0x27
 868 009b 19       		.uleb128 0x19
 869 009c 49       		.uleb128 0x49
 870 009d 13       		.uleb128 0x13
 871 009e 01       		.uleb128 0x1
 872 009f 13       		.uleb128 0x13
 873 00a0 00       		.byte	0
 874 00a1 00       		.byte	0
 875 00a2 0F       		.uleb128 0xf
 876 00a3 05       		.uleb128 0x5
ARM GAS  C:\Users\MATEOC~1.QUE\AppData\Local\Temp\cc0lZ7pl.s 			page 22


 877 00a4 00       		.byte	0
 878 00a5 49       		.uleb128 0x49
 879 00a6 13       		.uleb128 0x13
 880 00a7 00       		.byte	0
 881 00a8 00       		.byte	0
 882 00a9 10       		.uleb128 0x10
 883 00aa 26       		.uleb128 0x26
 884 00ab 00       		.byte	0
 885 00ac 49       		.uleb128 0x49
 886 00ad 13       		.uleb128 0x13
 887 00ae 00       		.byte	0
 888 00af 00       		.byte	0
 889 00b0 11       		.uleb128 0x11
 890 00b1 13       		.uleb128 0x13
 891 00b2 01       		.byte	0x1
 892 00b3 03       		.uleb128 0x3
 893 00b4 0E       		.uleb128 0xe
 894 00b5 0B       		.uleb128 0xb
 895 00b6 0B       		.uleb128 0xb
 896 00b7 3A       		.uleb128 0x3a
 897 00b8 0B       		.uleb128 0xb
 898 00b9 3B       		.uleb128 0x3b
 899 00ba 0B       		.uleb128 0xb
 900 00bb 01       		.uleb128 0x1
 901 00bc 13       		.uleb128 0x13
 902 00bd 00       		.byte	0
 903 00be 00       		.byte	0
 904 00bf 12       		.uleb128 0x12
 905 00c0 0D       		.uleb128 0xd
 906 00c1 00       		.byte	0
 907 00c2 03       		.uleb128 0x3
 908 00c3 08       		.uleb128 0x8
 909 00c4 3A       		.uleb128 0x3a
 910 00c5 0B       		.uleb128 0xb
 911 00c6 3B       		.uleb128 0x3b
 912 00c7 0B       		.uleb128 0xb
 913 00c8 49       		.uleb128 0x49
 914 00c9 13       		.uleb128 0x13
 915 00ca 38       		.uleb128 0x38
 916 00cb 0B       		.uleb128 0xb
 917 00cc 00       		.byte	0
 918 00cd 00       		.byte	0
 919 00ce 13       		.uleb128 0x13
 920 00cf 2E       		.uleb128 0x2e
 921 00d0 01       		.byte	0x1
 922 00d1 3F       		.uleb128 0x3f
 923 00d2 19       		.uleb128 0x19
 924 00d3 03       		.uleb128 0x3
 925 00d4 0E       		.uleb128 0xe
 926 00d5 3A       		.uleb128 0x3a
 927 00d6 0B       		.uleb128 0xb
 928 00d7 3B       		.uleb128 0x3b
 929 00d8 0B       		.uleb128 0xb
 930 00d9 27       		.uleb128 0x27
 931 00da 19       		.uleb128 0x19
 932 00db 20       		.uleb128 0x20
 933 00dc 0B       		.uleb128 0xb
ARM GAS  C:\Users\MATEOC~1.QUE\AppData\Local\Temp\cc0lZ7pl.s 			page 23


 934 00dd 01       		.uleb128 0x1
 935 00de 13       		.uleb128 0x13
 936 00df 00       		.byte	0
 937 00e0 00       		.byte	0
 938 00e1 14       		.uleb128 0x14
 939 00e2 05       		.uleb128 0x5
 940 00e3 00       		.byte	0
 941 00e4 03       		.uleb128 0x3
 942 00e5 0E       		.uleb128 0xe
 943 00e6 3A       		.uleb128 0x3a
 944 00e7 0B       		.uleb128 0xb
 945 00e8 3B       		.uleb128 0x3b
 946 00e9 0B       		.uleb128 0xb
 947 00ea 49       		.uleb128 0x49
 948 00eb 13       		.uleb128 0x13
 949 00ec 00       		.byte	0
 950 00ed 00       		.byte	0
 951 00ee 15       		.uleb128 0x15
 952 00ef 2E       		.uleb128 0x2e
 953 00f0 01       		.byte	0x1
 954 00f1 3F       		.uleb128 0x3f
 955 00f2 19       		.uleb128 0x19
 956 00f3 03       		.uleb128 0x3
 957 00f4 0E       		.uleb128 0xe
 958 00f5 3A       		.uleb128 0x3a
 959 00f6 0B       		.uleb128 0xb
 960 00f7 3B       		.uleb128 0x3b
 961 00f8 0B       		.uleb128 0xb
 962 00f9 27       		.uleb128 0x27
 963 00fa 19       		.uleb128 0x19
 964 00fb 11       		.uleb128 0x11
 965 00fc 01       		.uleb128 0x1
 966 00fd 12       		.uleb128 0x12
 967 00fe 06       		.uleb128 0x6
 968 00ff 40       		.uleb128 0x40
 969 0100 18       		.uleb128 0x18
 970 0101 9742     		.uleb128 0x2117
 971 0103 19       		.uleb128 0x19
 972 0104 01       		.uleb128 0x1
 973 0105 13       		.uleb128 0x13
 974 0106 00       		.byte	0
 975 0107 00       		.byte	0
 976 0108 16       		.uleb128 0x16
 977 0109 05       		.uleb128 0x5
 978 010a 00       		.byte	0
 979 010b 03       		.uleb128 0x3
 980 010c 0E       		.uleb128 0xe
 981 010d 3A       		.uleb128 0x3a
 982 010e 0B       		.uleb128 0xb
 983 010f 3B       		.uleb128 0x3b
 984 0110 0B       		.uleb128 0xb
 985 0111 49       		.uleb128 0x49
 986 0112 13       		.uleb128 0x13
 987 0113 02       		.uleb128 0x2
 988 0114 17       		.uleb128 0x17
 989 0115 00       		.byte	0
 990 0116 00       		.byte	0
ARM GAS  C:\Users\MATEOC~1.QUE\AppData\Local\Temp\cc0lZ7pl.s 			page 24


 991 0117 17       		.uleb128 0x17
 992 0118 1D       		.uleb128 0x1d
 993 0119 01       		.byte	0x1
 994 011a 31       		.uleb128 0x31
 995 011b 13       		.uleb128 0x13
 996 011c 11       		.uleb128 0x11
 997 011d 01       		.uleb128 0x1
 998 011e 12       		.uleb128 0x12
 999 011f 06       		.uleb128 0x6
 1000 0120 58       		.uleb128 0x58
 1001 0121 0B       		.uleb128 0xb
 1002 0122 59       		.uleb128 0x59
 1003 0123 0B       		.uleb128 0xb
 1004 0124 00       		.byte	0
 1005 0125 00       		.byte	0
 1006 0126 18       		.uleb128 0x18
 1007 0127 05       		.uleb128 0x5
 1008 0128 00       		.byte	0
 1009 0129 31       		.uleb128 0x31
 1010 012a 13       		.uleb128 0x13
 1011 012b 02       		.uleb128 0x2
 1012 012c 17       		.uleb128 0x17
 1013 012d 00       		.byte	0
 1014 012e 00       		.byte	0
 1015 012f 19       		.uleb128 0x19
 1016 0130 34       		.uleb128 0x34
 1017 0131 00       		.byte	0
 1018 0132 03       		.uleb128 0x3
 1019 0133 0E       		.uleb128 0xe
 1020 0134 3A       		.uleb128 0x3a
 1021 0135 0B       		.uleb128 0xb
 1022 0136 3B       		.uleb128 0x3b
 1023 0137 0B       		.uleb128 0xb
 1024 0138 49       		.uleb128 0x49
 1025 0139 13       		.uleb128 0x13
 1026 013a 02       		.uleb128 0x2
 1027 013b 18       		.uleb128 0x18
 1028 013c 00       		.byte	0
 1029 013d 00       		.byte	0
 1030 013e 1A       		.uleb128 0x1a
 1031 013f 34       		.uleb128 0x34
 1032 0140 00       		.byte	0
 1033 0141 03       		.uleb128 0x3
 1034 0142 0E       		.uleb128 0xe
 1035 0143 3A       		.uleb128 0x3a
 1036 0144 0B       		.uleb128 0xb
 1037 0145 3B       		.uleb128 0x3b
 1038 0146 0B       		.uleb128 0xb
 1039 0147 49       		.uleb128 0x49
 1040 0148 13       		.uleb128 0x13
 1041 0149 3F       		.uleb128 0x3f
 1042 014a 19       		.uleb128 0x19
 1043 014b 3C       		.uleb128 0x3c
 1044 014c 19       		.uleb128 0x19
 1045 014d 00       		.byte	0
 1046 014e 00       		.byte	0
 1047 014f 1B       		.uleb128 0x1b
ARM GAS  C:\Users\MATEOC~1.QUE\AppData\Local\Temp\cc0lZ7pl.s 			page 25


 1048 0150 34       		.uleb128 0x34
 1049 0151 00       		.byte	0
 1050 0152 03       		.uleb128 0x3
 1051 0153 0E       		.uleb128 0xe
 1052 0154 3A       		.uleb128 0x3a
 1053 0155 0B       		.uleb128 0xb
 1054 0156 3B       		.uleb128 0x3b
 1055 0157 05       		.uleb128 0x5
 1056 0158 49       		.uleb128 0x49
 1057 0159 13       		.uleb128 0x13
 1058 015a 3F       		.uleb128 0x3f
 1059 015b 19       		.uleb128 0x19
 1060 015c 3C       		.uleb128 0x3c
 1061 015d 19       		.uleb128 0x19
 1062 015e 00       		.byte	0
 1063 015f 00       		.byte	0
 1064 0160 1C       		.uleb128 0x1c
 1065 0161 35       		.uleb128 0x35
 1066 0162 00       		.byte	0
 1067 0163 49       		.uleb128 0x49
 1068 0164 13       		.uleb128 0x13
 1069 0165 00       		.byte	0
 1070 0166 00       		.byte	0
 1071 0167 1D       		.uleb128 0x1d
 1072 0168 34       		.uleb128 0x34
 1073 0169 00       		.byte	0
 1074 016a 03       		.uleb128 0x3
 1075 016b 0E       		.uleb128 0xe
 1076 016c 3A       		.uleb128 0x3a
 1077 016d 0B       		.uleb128 0xb
 1078 016e 3B       		.uleb128 0x3b
 1079 016f 0B       		.uleb128 0xb
 1080 0170 49       		.uleb128 0x49
 1081 0171 13       		.uleb128 0x13
 1082 0172 3F       		.uleb128 0x3f
 1083 0173 19       		.uleb128 0x19
 1084 0174 02       		.uleb128 0x2
 1085 0175 18       		.uleb128 0x18
 1086 0176 00       		.byte	0
 1087 0177 00       		.byte	0
 1088 0178 1E       		.uleb128 0x1e
 1089 0179 21       		.uleb128 0x21
 1090 017a 00       		.byte	0
 1091 017b 49       		.uleb128 0x49
 1092 017c 13       		.uleb128 0x13
 1093 017d 2F       		.uleb128 0x2f
 1094 017e 0B       		.uleb128 0xb
 1095 017f 00       		.byte	0
 1096 0180 00       		.byte	0
 1097 0181 00       		.byte	0
 1098              		.section	.debug_loc,"",%progbits
 1099              	.Ldebug_loc0:
 1100              	.LLST0:
 1101 0000 00000000 		.4byte	.LVL0
 1102 0004 06000000 		.4byte	.LVL1
 1103 0008 0100     		.2byte	0x1
 1104 000a 50       		.byte	0x50
ARM GAS  C:\Users\MATEOC~1.QUE\AppData\Local\Temp\cc0lZ7pl.s 			page 26


 1105 000b 06000000 		.4byte	.LVL1
 1106 000f 18000000 		.4byte	.LFE120
 1107 0013 0400     		.2byte	0x4
 1108 0015 F3       		.byte	0xf3
 1109 0016 01       		.uleb128 0x1
 1110 0017 50       		.byte	0x50
 1111 0018 9F       		.byte	0x9f
 1112 0019 00000000 		.4byte	0
 1113 001d 00000000 		.4byte	0
 1114              	.LLST1:
 1115 0021 00000000 		.4byte	.LVL0
 1116 0025 06000000 		.4byte	.LVL1
 1117 0029 0100     		.2byte	0x1
 1118 002b 50       		.byte	0x50
 1119 002c 06000000 		.4byte	.LVL1
 1120 0030 10000000 		.4byte	.LVL2
 1121 0034 0400     		.2byte	0x4
 1122 0036 F3       		.byte	0xf3
 1123 0037 01       		.uleb128 0x1
 1124 0038 50       		.byte	0x50
 1125 0039 9F       		.byte	0x9f
 1126 003a 00000000 		.4byte	0
 1127 003e 00000000 		.4byte	0
 1128              	.LLST2:
 1129 0042 00000000 		.4byte	.LVL0
 1130 0046 10000000 		.4byte	.LVL2
 1131 004a 0600     		.2byte	0x6
 1132 004c 03       		.byte	0x3
 1133 004d 00000000 		.4byte	SO_EVENT_signal
 1134 0051 9F       		.byte	0x9f
 1135 0052 00000000 		.4byte	0
 1136 0056 00000000 		.4byte	0
 1137              		.section	.debug_aranges,"",%progbits
 1138 0000 1C000000 		.4byte	0x1c
 1139 0004 0200     		.2byte	0x2
 1140 0006 00000000 		.4byte	.Ldebug_info0
 1141 000a 04       		.byte	0x4
 1142 000b 00       		.byte	0
 1143 000c 0000     		.2byte	0
 1144 000e 0000     		.2byte	0
 1145 0010 00000000 		.4byte	.LFB120
 1146 0014 18000000 		.4byte	.LFE120-.LFB120
 1147 0018 00000000 		.4byte	0
 1148 001c 00000000 		.4byte	0
 1149              		.section	.debug_ranges,"",%progbits
 1150              	.Ldebug_ranges0:
 1151 0000 00000000 		.4byte	.LFB120
 1152 0004 18000000 		.4byte	.LFE120
 1153 0008 00000000 		.4byte	0
 1154 000c 00000000 		.4byte	0
 1155              		.section	.debug_line,"",%progbits
 1156              	.Ldebug_line0:
 1157 0000 0E030000 		.section	.debug_str,"MS",%progbits,1
 1157      0200F102 
 1157      00000201 
 1157      FB0E0D00 
 1157      01010101 
ARM GAS  C:\Users\MATEOC~1.QUE\AppData\Local\Temp\cc0lZ7pl.s 			page 27


 1158              	.LASF64:
 1159 0000 45565F32 		.ascii	"EV_250MS\000"
 1159      35304D53 
 1159      00
 1160              	.LASF35:
 1161 0009 52435F45 		.ascii	"RC_ERROR_BUFFER_FULL\000"
 1161      52524F52 
 1161      5F425546 
 1161      4645525F 
 1161      46554C4C 
 1162              	.LASF77:
 1163 001e 6F6E4572 		.ascii	"onErrorTaskCount\000"
 1163      726F7254 
 1163      61736B43 
 1163      6F756E74 
 1163      00
 1164              	.LASF20:
 1165 002f 45455F55 		.ascii	"EE_UREG\000"
 1165      52454700 
 1166              	.LASF27:
 1167 0037 52435F53 		.ascii	"RC_SUCCESS\000"
 1167      55434345 
 1167      535300
 1168              	.LASF74:
 1169 0042 65764F6E 		.ascii	"evOnError\000"
 1169      4572726F 
 1169      7200
 1170              	.LASF69:
 1171 004c 53435F45 		.ascii	"SC_EVENTS_driverOut_t\000"
 1171      56454E54 
 1171      535F6472 
 1171      69766572 
 1171      4F75745F 
 1172              	.LASF24:
 1173 0062 4576656E 		.ascii	"EventMaskType\000"
 1173      744D6173 
 1173      6B547970 
 1173      6500
 1174              	.LASF2:
 1175 0070 73686F72 		.ascii	"short int\000"
 1175      7420696E 
 1175      7400
 1176              	.LASF16:
 1177 007a 73697A65 		.ascii	"size_t\000"
 1177      5F7400
 1178              	.LASF45:
 1179 0081 52435F45 		.ascii	"RC_ERROR_WRITE_FAILS\000"
 1179      52524F52 
 1179      5F575249 
 1179      54455F46 
 1179      41494C53 
 1180              	.LASF25:
 1181 0096 73697A65 		.ascii	"sizetype\000"
 1181      74797065 
 1181      00
 1182              	.LASF97:
 1183 009f 736F5F65 		.ascii	"so_event_updTasks\000"
ARM GAS  C:\Users\MATEOC~1.QUE\AppData\Local\Temp\cc0lZ7pl.s 			page 28


 1183      76656E74 
 1183      5F757064 
 1183      5461736B 
 1183      7300
 1184              	.LASF100:
 1185 00b1 433A5C55 		.ascii	"C:\\Users\\Mateo C. Querol\\Desktop\\EAA\\LABS\\Ele"
 1185      73657273 
 1185      5C4D6174 
 1185      656F2043 
 1185      2E205175 
 1186 00de 6374726F 		.ascii	"ctronicClock.cydsn\000"
 1186      6E696343 
 1186      6C6F636B 
 1186      2E637964 
 1186      736E00
 1187              	.LASF60:
 1188 00f1 5254455F 		.ascii	"RTE_signalStatus_t\000"
 1188      7369676E 
 1188      616C5374 
 1188      61747573 
 1188      5F7400
 1189              	.LASF58:
 1190 0104 5254455F 		.ascii	"RTE_SIGNALSTATUS_VALID\000"
 1190      5349474E 
 1190      414C5354 
 1190      41545553 
 1190      5F56414C 
 1191              	.LASF21:
 1192 011b 45455F46 		.ascii	"EE_FREG\000"
 1192      52454700 
 1193              	.LASF43:
 1194 0123 52435F45 		.ascii	"RC_ERROR_INVALID\000"
 1194      52524F52 
 1194      5F494E56 
 1194      414C4944 
 1194      00
 1195              	.LASF6:
 1196 0134 5F5F7569 		.ascii	"__uint32_t\000"
 1196      6E743332 
 1196      5F7400
 1197              	.LASF19:
 1198 013f 45455F55 		.ascii	"EE_UINT32\000"
 1198      494E5433 
 1198      3200
 1199              	.LASF22:
 1200 0149 45455F54 		.ascii	"EE_TID\000"
 1200      494400
 1201              	.LASF84:
 1202 0150 76616C75 		.ascii	"value\000"
 1202      6500
 1203              	.LASF72:
 1204 0156 6F757444 		.ascii	"outDriver\000"
 1204      72697665 
 1204      7200
 1205              	.LASF50:
 1206 0160 52435F45 		.ascii	"RC_ERROR_INVALID_STATE\000"
 1206      52524F52 
ARM GAS  C:\Users\MATEOC~1.QUE\AppData\Local\Temp\cc0lZ7pl.s 			page 29


 1206      5F494E56 
 1206      414C4944 
 1206      5F535441 
 1207              	.LASF80:
 1208 0177 7265736F 		.ascii	"resource\000"
 1208      75726365 
 1208      00
 1209              	.LASF94:
 1210 0180 45455F49 		.ascii	"EE_IRQ_nesting_level\000"
 1210      52515F6E 
 1210      65737469 
 1210      6E675F6C 
 1210      6576656C 
 1211              	.LASF65:
 1212 0195 45565F31 		.ascii	"EV_1MIN\000"
 1212      4D494E00 
 1213              	.LASF32:
 1214 019d 52435F45 		.ascii	"RC_ERROR_RANGE\000"
 1214      52524F52 
 1214      5F52414E 
 1214      474500
 1215              	.LASF13:
 1216 01ac 666C6F61 		.ascii	"float\000"
 1216      7400
 1217              	.LASF42:
 1218 01b2 52435F45 		.ascii	"RC_ERROR_WRITE_ONLY\000"
 1218      52524F52 
 1218      5F575249 
 1218      54455F4F 
 1218      4E4C5900 
 1219              	.LASF52:
 1220 01c6 52435F45 		.ascii	"RC_ERROR_NOT_IMPLEMENTED\000"
 1220      52524F52 
 1220      5F4E4F54 
 1220      5F494D50 
 1220      4C454D45 
 1221              	.LASF8:
 1222 01df 6C6F6E67 		.ascii	"long long int\000"
 1222      206C6F6E 
 1222      6720696E 
 1222      7400
 1223              	.LASF91:
 1224 01ed 45455F6F 		.ascii	"EE_oo_IRQ_suspend_status\000"
 1224      6F5F4952 
 1224      515F7375 
 1224      7370656E 
 1224      645F7374 
 1225              	.LASF70:
 1226 0206 6D5F6576 		.ascii	"m_ev\000"
 1226      00
 1227              	.LASF46:
 1228 020b 52435F45 		.ascii	"RC_ERROR_NOT_MATCH\000"
 1228      52524F52 
 1228      5F4E4F54 
 1228      5F4D4154 
 1228      434800
 1229              	.LASF51:
ARM GAS  C:\Users\MATEOC~1.QUE\AppData\Local\Temp\cc0lZ7pl.s 			page 30


 1230 021e 52435F45 		.ascii	"RC_ERROR_UNKNOWN\000"
 1230      52524F52 
 1230      5F554E4B 
 1230      4E4F574E 
 1230      00
 1231              	.LASF30:
 1232 022f 52435F45 		.ascii	"RC_ERROR_ZERO\000"
 1232      52524F52 
 1232      5F5A4552 
 1232      4F00
 1233              	.LASF4:
 1234 023d 6C6F6E67 		.ascii	"long int\000"
 1234      20696E74 
 1234      00
 1235              	.LASF34:
 1236 0246 52435F45 		.ascii	"RC_ERROR_UNDERRUN\000"
 1236      52524F52 
 1236      5F554E44 
 1236      45525255 
 1236      4E00
 1237              	.LASF37:
 1238 0258 52435F45 		.ascii	"RC_ERROR_BUSY\000"
 1238      52524F52 
 1238      5F425553 
 1238      5900
 1239              	.LASF56:
 1240 0266 5254455F 		.ascii	"RTE_SIGNALSTATUS_STARTUP\000"
 1240      5349474E 
 1240      414C5354 
 1240      41545553 
 1240      5F535441 
 1241              	.LASF82:
 1242 027f 53435F45 		.ascii	"SC_EVENTS_cfg_s\000"
 1242      56454E54 
 1242      535F6366 
 1242      675F7300 
 1243              	.LASF81:
 1244 028f 53435F45 		.ascii	"SC_EVENTS_cfg_t\000"
 1244      56454E54 
 1244      535F6366 
 1244      675F7400 
 1245              	.LASF63:
 1246 029f 45565F4B 		.ascii	"EV_KEYRIGHT\000"
 1246      45595249 
 1246      47485400 
 1247              	.LASF48:
 1248 02ab 52435F45 		.ascii	"RC_ERROR_BAD_DATA\000"
 1248      52524F52 
 1248      5F424144 
 1248      5F444154 
 1248      4100
 1249              	.LASF26:
 1250 02bd 626F6F6C 		.ascii	"boolean_t\000"
 1250      65616E5F 
 1250      7400
 1251              	.LASF89:
 1252 02c7 696E6372 		.ascii	"increment\000"
ARM GAS  C:\Users\MATEOC~1.QUE\AppData\Local\Temp\cc0lZ7pl.s 			page 31


 1252      656D656E 
 1252      7400
 1253              	.LASF17:
 1254 02d1 6C6F6E67 		.ascii	"long double\000"
 1254      20646F75 
 1254      626C6500 
 1255              	.LASF28:
 1256 02dd 52435F45 		.ascii	"RC_ERROR\000"
 1256      52524F52 
 1256      00
 1257              	.LASF23:
 1258 02e6 5461736B 		.ascii	"TaskType\000"
 1258      54797065 
 1258      00
 1259              	.LASF1:
 1260 02ef 756E7369 		.ascii	"unsigned char\000"
 1260      676E6564 
 1260      20636861 
 1260      7200
 1261              	.LASF0:
 1262 02fd 7369676E 		.ascii	"signed char\000"
 1262      65642063 
 1262      68617200 
 1263              	.LASF66:
 1264 0309 4556454E 		.ascii	"EVENT_enum_t\000"
 1264      545F656E 
 1264      756D5F74 
 1264      00
 1265              	.LASF9:
 1266 0316 6C6F6E67 		.ascii	"long long unsigned int\000"
 1266      206C6F6E 
 1266      6720756E 
 1266      7369676E 
 1266      65642069 
 1267              	.LASF12:
 1268 032d 75696E74 		.ascii	"uint32_t\000"
 1268      33325F74 
 1268      00
 1269              	.LASF10:
 1270 0336 756E7369 		.ascii	"unsigned int\000"
 1270      676E6564 
 1270      20696E74 
 1270      00
 1271              	.LASF39:
 1272 0343 52435F45 		.ascii	"RC_ERROR_OPEN\000"
 1272      52524F52 
 1272      5F4F5045 
 1272      4E00
 1273              	.LASF29:
 1274 0351 52435F45 		.ascii	"RC_ERROR_NULL\000"
 1274      52524F52 
 1274      5F4E554C 
 1274      4C00
 1275              	.LASF93:
 1276 035f 45455F73 		.ascii	"EE_std_endcycle_next_tid\000"
 1276      74645F65 
 1276      6E646379 
ARM GAS  C:\Users\MATEOC~1.QUE\AppData\Local\Temp\cc0lZ7pl.s 			page 32


 1276      636C655F 
 1276      6E657874 
 1277              	.LASF18:
 1278 0378 45455F49 		.ascii	"EE_INT32\000"
 1278      4E543332 
 1278      00
 1279              	.LASF96:
 1280 0381 534F5F45 		.ascii	"SO_EVENT_signal\000"
 1280      56454E54 
 1280      5F736967 
 1280      6E616C00 
 1281              	.LASF86:
 1282 0391 70536967 		.ascii	"pSigCfg\000"
 1282      43666700 
 1283              	.LASF73:
 1284 0399 65764F6E 		.ascii	"evOnUpdate\000"
 1284      55706461 
 1284      746500
 1285              	.LASF85:
 1286 03a4 73746174 		.ascii	"status\000"
 1286      757300
 1287              	.LASF87:
 1288 03ab 53435F45 		.ascii	"SC_EVENTS_t\000"
 1288      56454E54 
 1288      535F7400 
 1289              	.LASF15:
 1290 03b7 63686172 		.ascii	"char\000"
 1290      00
 1291              	.LASF88:
 1292 03bc 7369676E 		.ascii	"signal\000"
 1292      616C00
 1293              	.LASF59:
 1294 03c3 5254455F 		.ascii	"RTE_SIGNALSTATUS_INVALID\000"
 1294      5349474E 
 1294      414C5354 
 1294      41545553 
 1294      5F494E56 
 1295              	.LASF57:
 1296 03dc 5254455F 		.ascii	"RTE_SIGNALSTATUS_INITIALIZED\000"
 1296      5349474E 
 1296      414C5354 
 1296      41545553 
 1296      5F494E49 
 1297              	.LASF11:
 1298 03f9 696E7433 		.ascii	"int32_t\000"
 1298      325F7400 
 1299              	.LASF3:
 1300 0401 73686F72 		.ascii	"short unsigned int\000"
 1300      7420756E 
 1300      7369676E 
 1300      65642069 
 1300      6E7400
 1301              	.LASF99:
 1302 0414 736F7572 		.ascii	"source\\rte\\sp_common.c\000"
 1302      63655C72 
 1302      74655C73 
 1302      705F636F 
ARM GAS  C:\Users\MATEOC~1.QUE\AppData\Local\Temp\cc0lZ7pl.s 			page 33


 1302      6D6D6F6E 
 1303              	.LASF83:
 1304 042b 53435F45 		.ascii	"SC_EVENTS_s\000"
 1304      56454E54 
 1304      535F7300 
 1305              	.LASF44:
 1306 0437 52435F45 		.ascii	"RC_ERROR_READ_FAILS\000"
 1306      52524F52 
 1306      5F524541 
 1306      445F4641 
 1306      494C5300 
 1307              	.LASF47:
 1308 044b 52435F45 		.ascii	"RC_ERROR_BAD_PARAM\000"
 1308      52524F52 
 1308      5F424144 
 1308      5F504152 
 1308      414D00
 1309              	.LASF78:
 1310 045e 6F6E4572 		.ascii	"onErrorTasks\000"
 1310      726F7254 
 1310      61736B73 
 1310      00
 1311              	.LASF75:
 1312 046b 6F6E5570 		.ascii	"onUpdateTaskCount\000"
 1312      64617465 
 1312      5461736B 
 1312      436F756E 
 1312      7400
 1313              	.LASF92:
 1314 047d 45455F41 		.ascii	"EE_ApplicationMode\000"
 1314      70706C69 
 1314      63617469 
 1314      6F6E4D6F 
 1314      646500
 1315              	.LASF7:
 1316 0490 6C6F6E67 		.ascii	"long unsigned int\000"
 1316      20756E73 
 1316      69676E65 
 1316      6420696E 
 1316      7400
 1317              	.LASF76:
 1318 04a2 6F6E5570 		.ascii	"onUpdateTasks\000"
 1318      64617465 
 1318      5461736B 
 1318      7300
 1319              	.LASF102:
 1320 04b0 5254455F 		.ascii	"RTE_timertick_sp_common_tick\000"
 1320      74696D65 
 1320      72746963 
 1320      6B5F7370 
 1320      5F636F6D 
 1321              	.LASF40:
 1322 04cd 52435F45 		.ascii	"RC_ERROR_CHECKSUM\000"
 1322      52524F52 
 1322      5F434845 
 1322      434B5355 
 1322      4D00
ARM GAS  C:\Users\MATEOC~1.QUE\AppData\Local\Temp\cc0lZ7pl.s 			page 34


 1323              	.LASF33:
 1324 04df 52435F45 		.ascii	"RC_ERROR_OVERRUN\000"
 1324      52524F52 
 1324      5F4F5645 
 1324      5252554E 
 1324      00
 1325              	.LASF5:
 1326 04f0 5F5F696E 		.ascii	"__int32_t\000"
 1326      7433325F 
 1326      7400
 1327              	.LASF41:
 1328 04fa 52435F45 		.ascii	"RC_ERROR_READ_ONLY\000"
 1328      52524F52 
 1328      5F524541 
 1328      445F4F4E 
 1328      4C5900
 1329              	.LASF61:
 1330 050d 45565F4E 		.ascii	"EV_NONE\000"
 1330      4F4E4500 
 1331              	.LASF62:
 1332 0515 45565F4B 		.ascii	"EV_KEYLEFT\000"
 1332      45594C45 
 1332      465400
 1333              	.LASF104:
 1334 0520 534F5F45 		.ascii	"SO_EVENT_cfg\000"
 1334      56454E54 
 1334      5F636667 
 1334      00
 1335              	.LASF101:
 1336 052d 5254455F 		.ascii	"RTE_SC_EVENTS_incAge\000"
 1336      53435F45 
 1336      56454E54 
 1336      535F696E 
 1336      63416765 
 1337              	.LASF49:
 1338 0542 52435F45 		.ascii	"RC_ERROR_CANCELED\000"
 1338      52524F52 
 1338      5F43414E 
 1338      43454C45 
 1338      4400
 1339              	.LASF55:
 1340 0554 5265736F 		.ascii	"ResourceType\000"
 1340      75726365 
 1340      54797065 
 1340      00
 1341              	.LASF14:
 1342 0561 646F7562 		.ascii	"double\000"
 1342      6C6500
 1343              	.LASF79:
 1344 0568 7265736F 		.ascii	"resourceActive\000"
 1344      75726365 
 1344      41637469 
 1344      766500
 1345              	.LASF67:
 1346 0577 53435F45 		.ascii	"SC_EVENTS_data_t\000"
 1346      56454E54 
 1346      535F6461 
ARM GAS  C:\Users\MATEOC~1.QUE\AppData\Local\Temp\cc0lZ7pl.s 			page 35


 1346      74615F74 
 1346      00
 1347              	.LASF71:
 1348 0588 696E4472 		.ascii	"inDriver\000"
 1348      69766572 
 1348      00
 1349              	.LASF95:
 1350 0591 49544D5F 		.ascii	"ITM_RxBuffer\000"
 1350      52784275 
 1350      66666572 
 1350      00
 1351              	.LASF98:
 1352 059e 474E5520 		.ascii	"GNU C11 5.4.1 20160609 (release) [ARM/embedded-5-br"
 1352      43313120 
 1352      352E342E 
 1352      31203230 
 1352      31363036 
 1353 05d1 616E6368 		.ascii	"anch revision 237715] -mcpu=cortex-m3 -mthumb -g -O"
 1353      20726576 
 1353      6973696F 
 1353      6E203233 
 1353      37373135 
 1354 0604 67202D66 		.ascii	"g -ffunction-sections -ffat-lto-objects\000"
 1354      66756E63 
 1354      74696F6E 
 1354      2D736563 
 1354      74696F6E 
 1355              	.LASF103:
 1356 062c 7469636B 		.ascii	"tick\000"
 1356      00
 1357              	.LASF31:
 1358 0631 52435F45 		.ascii	"RC_ERROR_MEMORY\000"
 1358      52524F52 
 1358      5F4D454D 
 1358      4F525900 
 1359              	.LASF90:
 1360 0641 45455F6F 		.ascii	"EE_oo_IRQ_disable_count\000"
 1360      6F5F4952 
 1360      515F6469 
 1360      7361626C 
 1360      655F636F 
 1361              	.LASF54:
 1362 0659 5461736B 		.ascii	"TaskTypeArray\000"
 1362      54797065 
 1362      41727261 
 1362      7900
 1363              	.LASF68:
 1364 0667 53435F45 		.ascii	"SC_EVENTS_driverIn_t\000"
 1364      56454E54 
 1364      535F6472 
 1364      69766572 
 1364      496E5F74 
 1365              	.LASF36:
 1366 067c 52435F45 		.ascii	"RC_ERROR_BUFFER_EMTPY\000"
 1366      52524F52 
 1366      5F425546 
 1366      4645525F 
ARM GAS  C:\Users\MATEOC~1.QUE\AppData\Local\Temp\cc0lZ7pl.s 			page 36


 1366      454D5450 
 1367              	.LASF53:
 1368 0692 52435F74 		.ascii	"RC_t\000"
 1368      00
 1369              	.LASF38:
 1370 0697 52435F45 		.ascii	"RC_ERROR_TIME_OUT\000"
 1370      52524F52 
 1370      5F54494D 
 1370      455F4F55 
 1370      5400
 1371              		.ident	"GCC: (GNU Tools for ARM Embedded Processors) 5.4.1 20160609 (release) [ARM/embedded-5-bran
