ARM GAS  C:\Users\MATEOC~1.QUE\AppData\Local\Temp\ccPNSuVy.s 			page 1


   1              		.syntax unified
   2              		.cpu cortex-m3
   3              		.fpu softvfp
   4              		.eabi_attribute 20, 1
   5              		.eabi_attribute 21, 1
   6              		.eabi_attribute 23, 3
   7              		.eabi_attribute 24, 1
   8              		.eabi_attribute 25, 1
   9              		.eabi_attribute 26, 1
  10              		.eabi_attribute 30, 1
  11              		.eabi_attribute 34, 1
  12              		.eabi_attribute 18, 4
  13              		.thumb
  14              		.syntax unified
  15              		.file	"swc_clock.c"
  16              		.text
  17              	.Ltext0:
  18              		.cfi_sections	.debug_frame
  19              		.section	.text.CLOCK_input_run,"ax",%progbits
  20              		.align	2
  21              		.global	CLOCK_input_run
  22              		.thumb
  23              		.thumb_func
  24              		.type	CLOCK_input_run, %function
  25              	CLOCK_input_run:
  26              	.LFB120:
  27              		.file 1 "source\\asw\\swc_clock.c"
   1:source\asw/swc_clock.c **** 
   2:source\asw/swc_clock.c **** 
   3:source\asw/swc_clock.c **** /*
   4:source\asw/swc_clock.c ****  * Filename: swc_clock.c
   5:source\asw/swc_clock.c ****  *
   6:source\asw/swc_clock.c ****  * Author: Autogenerated by H-DA RTE Generator, (c) Prof. Fromm
   7:source\asw/swc_clock.c ****  */
   8:source\asw/swc_clock.c **** 
   9:source\asw/swc_clock.c **** #include "project.h"
  10:source\asw/swc_clock.c **** #include "global.h"
  11:source\asw/swc_clock.c **** #include "rte.h"
  12:source\asw/swc_clock.c **** #include "rte_types.h"
  13:source\asw/swc_clock.c **** #include "swc_clock.h"
  14:source\asw/swc_clock.c **** 
  15:source\asw/swc_clock.c **** 
  16:source\asw/swc_clock.c **** 
  17:source\asw/swc_clock.c **** /* USER CODE START SWC_CLOCK_INCLUDE */
  18:source\asw/swc_clock.c **** 
  19:source\asw/swc_clock.c **** /* USER CODE END SWC_CLOCK_INCLUDE */
  20:source\asw/swc_clock.c **** 
  21:source\asw/swc_clock.c **** 
  22:source\asw/swc_clock.c **** #include "sp_common.h"
  23:source\asw/swc_clock.c **** 
  24:source\asw/swc_clock.c **** /* USER CODE START SWC_CLOCK_USERDEFINITIONS */
  25:source\asw/swc_clock.c **** 
  26:source\asw/swc_clock.c **** /* USER CODE END SWC_CLOCK_USERDEFINITIONS */
  27:source\asw/swc_clock.c **** 
  28:source\asw/swc_clock.c **** 
  29:source\asw/swc_clock.c **** 
  30:source\asw/swc_clock.c **** /*
ARM GAS  C:\Users\MATEOC~1.QUE\AppData\Local\Temp\ccPNSuVy.s 			page 2


  31:source\asw/swc_clock.c **** * component: swc_clock
  32:source\asw/swc_clock.c **** * cycletime: 50
  33:source\asw/swc_clock.c **** * description: Runnable
  34:source\asw/swc_clock.c **** * events: 
  35:source\asw/swc_clock.c **** * name: CLOCK_input_run
  36:source\asw/swc_clock.c **** * shortname: input
  37:source\asw/swc_clock.c **** * signalIN: so_event
  38:source\asw/swc_clock.c **** * signalOUT: so_event
  39:source\asw/swc_clock.c **** * task: tsk_io
  40:source\asw/swc_clock.c **** */
  41:source\asw/swc_clock.c **** void CLOCK_input_run(RTE_event ev){
  28              		.loc 1 41 0
  29              		.cfi_startproc
  30              		@ args = 0, pretend = 0, frame = 0
  31              		@ frame_needed = 0, uses_anonymous_args = 0
  32              		@ link register save eliminated.
  33              	.LVL0:
  34 0000 7047     		bx	lr
  35              		.cfi_endproc
  36              	.LFE120:
  37              		.size	CLOCK_input_run, .-CLOCK_input_run
  38 0002 00BF     		.section	.text.CLOCK_control_run,"ax",%progbits
  39              		.align	2
  40              		.global	CLOCK_control_run
  41              		.thumb
  42              		.thumb_func
  43              		.type	CLOCK_control_run, %function
  44              	CLOCK_control_run:
  45              	.LFB121:
  42:source\asw/swc_clock.c **** 	
  43:source\asw/swc_clock.c **** 	/* USER CODE START CLOCK_input_run */
  44:source\asw/swc_clock.c **** 
  45:source\asw/swc_clock.c ****     /* USER CODE END CLOCK_input_run */
  46:source\asw/swc_clock.c **** }
  47:source\asw/swc_clock.c **** 
  48:source\asw/swc_clock.c **** /*
  49:source\asw/swc_clock.c **** * component: swc_clock
  50:source\asw/swc_clock.c **** * cycletime: 0
  51:source\asw/swc_clock.c **** * description: Runnable
  52:source\asw/swc_clock.c **** * events: 
  53:source\asw/swc_clock.c **** * name: CLOCK_control_run
  54:source\asw/swc_clock.c **** * shortname: control
  55:source\asw/swc_clock.c **** * signalIN: so_event
  56:source\asw/swc_clock.c **** * signalOUT: so_event
  57:source\asw/swc_clock.c **** * task: tsk_io
  58:source\asw/swc_clock.c **** */
  59:source\asw/swc_clock.c **** void CLOCK_control_run(RTE_event ev){
  46              		.loc 1 59 0
  47              		.cfi_startproc
  48              		@ args = 0, pretend = 0, frame = 0
  49              		@ frame_needed = 0, uses_anonymous_args = 0
  50              		@ link register save eliminated.
  51              	.LVL1:
  52 0000 7047     		bx	lr
  53              		.cfi_endproc
  54              	.LFE121:
  55              		.size	CLOCK_control_run, .-CLOCK_control_run
ARM GAS  C:\Users\MATEOC~1.QUE\AppData\Local\Temp\ccPNSuVy.s 			page 3


  56 0002 00BF     		.section	.text.CLOCK_display_run,"ax",%progbits
  57              		.align	2
  58              		.global	CLOCK_display_run
  59              		.thumb
  60              		.thumb_func
  61              		.type	CLOCK_display_run, %function
  62              	CLOCK_display_run:
  63              	.LFB122:
  60:source\asw/swc_clock.c **** 	
  61:source\asw/swc_clock.c **** 	/* USER CODE START CLOCK_control_run */
  62:source\asw/swc_clock.c **** 
  63:source\asw/swc_clock.c ****     /* USER CODE END CLOCK_control_run */
  64:source\asw/swc_clock.c **** }
  65:source\asw/swc_clock.c **** 
  66:source\asw/swc_clock.c **** /*
  67:source\asw/swc_clock.c **** * component: swc_clock
  68:source\asw/swc_clock.c **** * cycletime: 250
  69:source\asw/swc_clock.c **** * description: Runnable
  70:source\asw/swc_clock.c **** * events: 
  71:source\asw/swc_clock.c **** * name: CLOCK_display_run
  72:source\asw/swc_clock.c **** * shortname: display
  73:source\asw/swc_clock.c **** * signalIN: so_event
  74:source\asw/swc_clock.c **** * signalOUT: so_event
  75:source\asw/swc_clock.c **** * task: tsk_io
  76:source\asw/swc_clock.c **** */
  77:source\asw/swc_clock.c **** void CLOCK_display_run(RTE_event ev){
  64              		.loc 1 77 0
  65              		.cfi_startproc
  66              		@ args = 0, pretend = 0, frame = 0
  67              		@ frame_needed = 0, uses_anonymous_args = 0
  68              		@ link register save eliminated.
  69              	.LVL2:
  70 0000 7047     		bx	lr
  71              		.cfi_endproc
  72              	.LFE122:
  73              		.size	CLOCK_display_run, .-CLOCK_display_run
  74 0002 00BF     		.text
  75              	.Letext0:
  76              		.file 2 "c:\\program files (x86)\\cypress\\psoc creator\\4.4\\psoc creator\\import\\gnu\\arm\\5.4.
  77              		.file 3 "c:\\program files (x86)\\cypress\\psoc creator\\4.4\\psoc creator\\import\\gnu\\arm\\5.4.
  78              		.file 4 "Generated_Source\\PSoC5/ErikaOS_1_common_ee_types.inc"
  79              		.file 5 "Generated_Source\\PSoC5/ErikaOS_1_cortex_mx_ee_cpu.inc"
  80              		.file 6 "Generated_Source\\PSoC5/ErikaOS_1_ee_oo_common.inc"
  81              		.file 7 ".\\source\\rte/rte_types.h"
  82              		.file 8 "Generated_Source\\PSoC5/ErikaOS_1_ee_oo_intfunc.inc"
  83              		.file 9 "Generated_Source\\PSoC5/ErikaOS_1_cortex_mx_ee_context.inc"
  84              		.file 10 "Generated_Source\\PSoC5/ErikaOS_1_common_ee_primitives.inc"
  85              		.file 11 "Generated_Source\\PSoC5/core_cm3.h"
  86              		.section	.debug_info,"",%progbits
  87              	.Ldebug_info0:
  88 0000 9D010000 		.4byte	0x19d
  89 0004 0400     		.2byte	0x4
  90 0006 00000000 		.4byte	.Ldebug_abbrev0
  91 000a 04       		.byte	0x4
  92 000b 01       		.uleb128 0x1
  93 000c C4000000 		.4byte	.LASF32
  94 0010 0C       		.byte	0xc
ARM GAS  C:\Users\MATEOC~1.QUE\AppData\Local\Temp\ccPNSuVy.s 			page 4


  95 0011 6A000000 		.4byte	.LASF33
  96 0015 00000000 		.4byte	.LASF34
  97 0019 00000000 		.4byte	.Ldebug_ranges0+0
  98 001d 00000000 		.4byte	0
  99 0021 00000000 		.4byte	.Ldebug_line0
 100 0025 02       		.uleb128 0x2
 101 0026 01       		.byte	0x1
 102 0027 06       		.byte	0x6
 103 0028 8B020000 		.4byte	.LASF0
 104 002c 02       		.uleb128 0x2
 105 002d 01       		.byte	0x1
 106 002e 08       		.byte	0x8
 107 002f B6000000 		.4byte	.LASF1
 108 0033 02       		.uleb128 0x2
 109 0034 02       		.byte	0x2
 110 0035 05       		.byte	0x5
 111 0036 6C020000 		.4byte	.LASF2
 112 003a 02       		.uleb128 0x2
 113 003b 02       		.byte	0x2
 114 003c 07       		.byte	0x7
 115 003d 6D010000 		.4byte	.LASF3
 116 0041 03       		.uleb128 0x3
 117 0042 52000000 		.4byte	.LASF9
 118 0046 02       		.byte	0x2
 119 0047 3F       		.byte	0x3f
 120 0048 4C000000 		.4byte	0x4c
 121 004c 02       		.uleb128 0x2
 122 004d 04       		.byte	0x4
 123 004e 05       		.byte	0x5
 124 004f 76020000 		.4byte	.LASF4
 125 0053 02       		.uleb128 0x2
 126 0054 04       		.byte	0x4
 127 0055 07       		.byte	0x7
 128 0056 5B010000 		.4byte	.LASF5
 129 005a 02       		.uleb128 0x2
 130 005b 08       		.byte	0x8
 131 005c 05       		.byte	0x5
 132 005d 3C020000 		.4byte	.LASF6
 133 0061 02       		.uleb128 0x2
 134 0062 08       		.byte	0x8
 135 0063 07       		.byte	0x7
 136 0064 F9010000 		.4byte	.LASF7
 137 0068 04       		.uleb128 0x4
 138 0069 04       		.byte	0x4
 139 006a 05       		.byte	0x5
 140 006b 696E7400 		.ascii	"int\000"
 141 006f 02       		.uleb128 0x2
 142 0070 04       		.byte	0x4
 143 0071 07       		.byte	0x7
 144 0072 DA010000 		.4byte	.LASF8
 145 0076 03       		.uleb128 0x3
 146 0077 A8000000 		.4byte	.LASF10
 147 007b 03       		.byte	0x3
 148 007c 2C       		.byte	0x2c
 149 007d 41000000 		.4byte	0x41
 150 0081 02       		.uleb128 0x2
 151 0082 04       		.byte	0x4
ARM GAS  C:\Users\MATEOC~1.QUE\AppData\Local\Temp\ccPNSuVy.s 			page 5


 152 0083 04       		.byte	0x4
 153 0084 B0000000 		.4byte	.LASF11
 154 0088 02       		.uleb128 0x2
 155 0089 08       		.byte	0x8
 156 008a 04       		.byte	0x4
 157 008b 81000000 		.4byte	.LASF12
 158 008f 02       		.uleb128 0x2
 159 0090 01       		.byte	0x1
 160 0091 08       		.byte	0x8
 161 0092 4A020000 		.4byte	.LASF13
 162 0096 02       		.uleb128 0x2
 163 0097 08       		.byte	0x8
 164 0098 04       		.byte	0x4
 165 0099 7F020000 		.4byte	.LASF14
 166 009d 03       		.uleb128 0x3
 167 009e 52010000 		.4byte	.LASF15
 168 00a2 04       		.byte	0x4
 169 00a3 53       		.byte	0x53
 170 00a4 68000000 		.4byte	0x68
 171 00a8 03       		.uleb128 0x3
 172 00a9 EF010000 		.4byte	.LASF16
 173 00ad 04       		.byte	0x4
 174 00ae 54       		.byte	0x54
 175 00af 6F000000 		.4byte	0x6f
 176 00b3 03       		.uleb128 0x3
 177 00b4 4F020000 		.4byte	.LASF17
 178 00b8 05       		.byte	0x5
 179 00b9 4D       		.byte	0x4d
 180 00ba A8000000 		.4byte	0xa8
 181 00be 03       		.uleb128 0x3
 182 00bf E7010000 		.4byte	.LASF18
 183 00c3 05       		.byte	0x5
 184 00c4 4F       		.byte	0x4f
 185 00c5 A8000000 		.4byte	0xa8
 186 00c9 03       		.uleb128 0x3
 187 00ca A1000000 		.4byte	.LASF19
 188 00ce 05       		.byte	0x5
 189 00cf 78       		.byte	0x78
 190 00d0 9D000000 		.4byte	0x9d
 191 00d4 05       		.uleb128 0x5
 192 00d5 5C000000 		.4byte	.LASF20
 193 00d9 06       		.byte	0x6
 194 00da 2C02     		.2byte	0x22c
 195 00dc B3000000 		.4byte	0xb3
 196 00e0 02       		.uleb128 0x2
 197 00e1 04       		.byte	0x4
 198 00e2 07       		.byte	0x7
 199 00e3 33020000 		.4byte	.LASF21
 200 00e7 03       		.uleb128 0x3
 201 00e8 B7010000 		.4byte	.LASF22
 202 00ec 07       		.byte	0x7
 203 00ed 21       		.byte	0x21
 204 00ee D4000000 		.4byte	0xd4
 205 00f2 06       		.uleb128 0x6
 206 00f3 23020000 		.4byte	.LASF23
 207 00f7 01       		.byte	0x1
 208 00f8 29       		.byte	0x29
ARM GAS  C:\Users\MATEOC~1.QUE\AppData\Local\Temp\ccPNSuVy.s 			page 6


 209 00f9 00000000 		.4byte	.LFB120
 210 00fd 02000000 		.4byte	.LFE120-.LFB120
 211 0101 01       		.uleb128 0x1
 212 0102 9C       		.byte	0x9c
 213 0103 14010000 		.4byte	0x114
 214 0107 07       		.uleb128 0x7
 215 0108 657600   		.ascii	"ev\000"
 216 010b 01       		.byte	0x1
 217 010c 29       		.byte	0x29
 218 010d E7000000 		.4byte	0xe7
 219 0111 01       		.uleb128 0x1
 220 0112 50       		.byte	0x50
 221 0113 00       		.byte	0
 222 0114 06       		.uleb128 0x6
 223 0115 40000000 		.4byte	.LASF24
 224 0119 01       		.byte	0x1
 225 011a 3B       		.byte	0x3b
 226 011b 00000000 		.4byte	.LFB121
 227 011f 02000000 		.4byte	.LFE121-.LFB121
 228 0123 01       		.uleb128 0x1
 229 0124 9C       		.byte	0x9c
 230 0125 36010000 		.4byte	0x136
 231 0129 07       		.uleb128 0x7
 232 012a 657600   		.ascii	"ev\000"
 233 012d 01       		.byte	0x1
 234 012e 3B       		.byte	0x3b
 235 012f E7000000 		.4byte	0xe7
 236 0133 01       		.uleb128 0x1
 237 0134 50       		.byte	0x50
 238 0135 00       		.byte	0
 239 0136 06       		.uleb128 0x6
 240 0137 A5010000 		.4byte	.LASF25
 241 013b 01       		.byte	0x1
 242 013c 4D       		.byte	0x4d
 243 013d 00000000 		.4byte	.LFB122
 244 0141 02000000 		.4byte	.LFE122-.LFB122
 245 0145 01       		.uleb128 0x1
 246 0146 9C       		.byte	0x9c
 247 0147 58010000 		.4byte	0x158
 248 014b 07       		.uleb128 0x7
 249 014c 657600   		.ascii	"ev\000"
 250 014f 01       		.byte	0x1
 251 0150 4D       		.byte	0x4d
 252 0151 E7000000 		.4byte	0xe7
 253 0155 01       		.uleb128 0x1
 254 0156 50       		.byte	0x50
 255 0157 00       		.byte	0
 256 0158 08       		.uleb128 0x8
 257 0159 80010000 		.4byte	.LASF26
 258 015d 08       		.byte	0x8
 259 015e 40       		.byte	0x40
 260 015f B3000000 		.4byte	0xb3
 261 0163 08       		.uleb128 0x8
 262 0164 88000000 		.4byte	.LASF27
 263 0168 08       		.byte	0x8
 264 0169 47       		.byte	0x47
 265 016a BE000000 		.4byte	0xbe
ARM GAS  C:\Users\MATEOC~1.QUE\AppData\Local\Temp\ccPNSuVy.s 			page 7


 266 016e 08       		.uleb128 0x8
 267 016f 10020000 		.4byte	.LASF28
 268 0173 08       		.byte	0x8
 269 0174 4A       		.byte	0x4a
 270 0175 B3000000 		.4byte	0xb3
 271 0179 08       		.uleb128 0x8
 272 017a C1010000 		.4byte	.LASF29
 273 017e 09       		.byte	0x9
 274 017f 48       		.byte	0x48
 275 0180 C9000000 		.4byte	0xc9
 276 0184 08       		.uleb128 0x8
 277 0185 57020000 		.4byte	.LASF30
 278 0189 0A       		.byte	0xa
 279 018a 44       		.byte	0x44
 280 018b B3000000 		.4byte	0xb3
 281 018f 09       		.uleb128 0x9
 282 0190 98010000 		.4byte	.LASF31
 283 0194 0B       		.byte	0xb
 284 0195 1207     		.2byte	0x712
 285 0197 9B010000 		.4byte	0x19b
 286 019b 0A       		.uleb128 0xa
 287 019c 76000000 		.4byte	0x76
 288 01a0 00       		.byte	0
 289              		.section	.debug_abbrev,"",%progbits
 290              	.Ldebug_abbrev0:
 291 0000 01       		.uleb128 0x1
 292 0001 11       		.uleb128 0x11
 293 0002 01       		.byte	0x1
 294 0003 25       		.uleb128 0x25
 295 0004 0E       		.uleb128 0xe
 296 0005 13       		.uleb128 0x13
 297 0006 0B       		.uleb128 0xb
 298 0007 03       		.uleb128 0x3
 299 0008 0E       		.uleb128 0xe
 300 0009 1B       		.uleb128 0x1b
 301 000a 0E       		.uleb128 0xe
 302 000b 55       		.uleb128 0x55
 303 000c 17       		.uleb128 0x17
 304 000d 11       		.uleb128 0x11
 305 000e 01       		.uleb128 0x1
 306 000f 10       		.uleb128 0x10
 307 0010 17       		.uleb128 0x17
 308 0011 00       		.byte	0
 309 0012 00       		.byte	0
 310 0013 02       		.uleb128 0x2
 311 0014 24       		.uleb128 0x24
 312 0015 00       		.byte	0
 313 0016 0B       		.uleb128 0xb
 314 0017 0B       		.uleb128 0xb
 315 0018 3E       		.uleb128 0x3e
 316 0019 0B       		.uleb128 0xb
 317 001a 03       		.uleb128 0x3
 318 001b 0E       		.uleb128 0xe
 319 001c 00       		.byte	0
 320 001d 00       		.byte	0
 321 001e 03       		.uleb128 0x3
 322 001f 16       		.uleb128 0x16
ARM GAS  C:\Users\MATEOC~1.QUE\AppData\Local\Temp\ccPNSuVy.s 			page 8


 323 0020 00       		.byte	0
 324 0021 03       		.uleb128 0x3
 325 0022 0E       		.uleb128 0xe
 326 0023 3A       		.uleb128 0x3a
 327 0024 0B       		.uleb128 0xb
 328 0025 3B       		.uleb128 0x3b
 329 0026 0B       		.uleb128 0xb
 330 0027 49       		.uleb128 0x49
 331 0028 13       		.uleb128 0x13
 332 0029 00       		.byte	0
 333 002a 00       		.byte	0
 334 002b 04       		.uleb128 0x4
 335 002c 24       		.uleb128 0x24
 336 002d 00       		.byte	0
 337 002e 0B       		.uleb128 0xb
 338 002f 0B       		.uleb128 0xb
 339 0030 3E       		.uleb128 0x3e
 340 0031 0B       		.uleb128 0xb
 341 0032 03       		.uleb128 0x3
 342 0033 08       		.uleb128 0x8
 343 0034 00       		.byte	0
 344 0035 00       		.byte	0
 345 0036 05       		.uleb128 0x5
 346 0037 16       		.uleb128 0x16
 347 0038 00       		.byte	0
 348 0039 03       		.uleb128 0x3
 349 003a 0E       		.uleb128 0xe
 350 003b 3A       		.uleb128 0x3a
 351 003c 0B       		.uleb128 0xb
 352 003d 3B       		.uleb128 0x3b
 353 003e 05       		.uleb128 0x5
 354 003f 49       		.uleb128 0x49
 355 0040 13       		.uleb128 0x13
 356 0041 00       		.byte	0
 357 0042 00       		.byte	0
 358 0043 06       		.uleb128 0x6
 359 0044 2E       		.uleb128 0x2e
 360 0045 01       		.byte	0x1
 361 0046 3F       		.uleb128 0x3f
 362 0047 19       		.uleb128 0x19
 363 0048 03       		.uleb128 0x3
 364 0049 0E       		.uleb128 0xe
 365 004a 3A       		.uleb128 0x3a
 366 004b 0B       		.uleb128 0xb
 367 004c 3B       		.uleb128 0x3b
 368 004d 0B       		.uleb128 0xb
 369 004e 27       		.uleb128 0x27
 370 004f 19       		.uleb128 0x19
 371 0050 11       		.uleb128 0x11
 372 0051 01       		.uleb128 0x1
 373 0052 12       		.uleb128 0x12
 374 0053 06       		.uleb128 0x6
 375 0054 40       		.uleb128 0x40
 376 0055 18       		.uleb128 0x18
 377 0056 9742     		.uleb128 0x2117
 378 0058 19       		.uleb128 0x19
 379 0059 01       		.uleb128 0x1
ARM GAS  C:\Users\MATEOC~1.QUE\AppData\Local\Temp\ccPNSuVy.s 			page 9


 380 005a 13       		.uleb128 0x13
 381 005b 00       		.byte	0
 382 005c 00       		.byte	0
 383 005d 07       		.uleb128 0x7
 384 005e 05       		.uleb128 0x5
 385 005f 00       		.byte	0
 386 0060 03       		.uleb128 0x3
 387 0061 08       		.uleb128 0x8
 388 0062 3A       		.uleb128 0x3a
 389 0063 0B       		.uleb128 0xb
 390 0064 3B       		.uleb128 0x3b
 391 0065 0B       		.uleb128 0xb
 392 0066 49       		.uleb128 0x49
 393 0067 13       		.uleb128 0x13
 394 0068 02       		.uleb128 0x2
 395 0069 18       		.uleb128 0x18
 396 006a 00       		.byte	0
 397 006b 00       		.byte	0
 398 006c 08       		.uleb128 0x8
 399 006d 34       		.uleb128 0x34
 400 006e 00       		.byte	0
 401 006f 03       		.uleb128 0x3
 402 0070 0E       		.uleb128 0xe
 403 0071 3A       		.uleb128 0x3a
 404 0072 0B       		.uleb128 0xb
 405 0073 3B       		.uleb128 0x3b
 406 0074 0B       		.uleb128 0xb
 407 0075 49       		.uleb128 0x49
 408 0076 13       		.uleb128 0x13
 409 0077 3F       		.uleb128 0x3f
 410 0078 19       		.uleb128 0x19
 411 0079 3C       		.uleb128 0x3c
 412 007a 19       		.uleb128 0x19
 413 007b 00       		.byte	0
 414 007c 00       		.byte	0
 415 007d 09       		.uleb128 0x9
 416 007e 34       		.uleb128 0x34
 417 007f 00       		.byte	0
 418 0080 03       		.uleb128 0x3
 419 0081 0E       		.uleb128 0xe
 420 0082 3A       		.uleb128 0x3a
 421 0083 0B       		.uleb128 0xb
 422 0084 3B       		.uleb128 0x3b
 423 0085 05       		.uleb128 0x5
 424 0086 49       		.uleb128 0x49
 425 0087 13       		.uleb128 0x13
 426 0088 3F       		.uleb128 0x3f
 427 0089 19       		.uleb128 0x19
 428 008a 3C       		.uleb128 0x3c
 429 008b 19       		.uleb128 0x19
 430 008c 00       		.byte	0
 431 008d 00       		.byte	0
 432 008e 0A       		.uleb128 0xa
 433 008f 35       		.uleb128 0x35
 434 0090 00       		.byte	0
 435 0091 49       		.uleb128 0x49
 436 0092 13       		.uleb128 0x13
ARM GAS  C:\Users\MATEOC~1.QUE\AppData\Local\Temp\ccPNSuVy.s 			page 10


 437 0093 00       		.byte	0
 438 0094 00       		.byte	0
 439 0095 00       		.byte	0
 440              		.section	.debug_aranges,"",%progbits
 441 0000 2C000000 		.4byte	0x2c
 442 0004 0200     		.2byte	0x2
 443 0006 00000000 		.4byte	.Ldebug_info0
 444 000a 04       		.byte	0x4
 445 000b 00       		.byte	0
 446 000c 0000     		.2byte	0
 447 000e 0000     		.2byte	0
 448 0010 00000000 		.4byte	.LFB120
 449 0014 02000000 		.4byte	.LFE120-.LFB120
 450 0018 00000000 		.4byte	.LFB121
 451 001c 02000000 		.4byte	.LFE121-.LFB121
 452 0020 00000000 		.4byte	.LFB122
 453 0024 02000000 		.4byte	.LFE122-.LFB122
 454 0028 00000000 		.4byte	0
 455 002c 00000000 		.4byte	0
 456              		.section	.debug_ranges,"",%progbits
 457              	.Ldebug_ranges0:
 458 0000 00000000 		.4byte	.LFB120
 459 0004 02000000 		.4byte	.LFE120
 460 0008 00000000 		.4byte	.LFB121
 461 000c 02000000 		.4byte	.LFE121
 462 0010 00000000 		.4byte	.LFB122
 463 0014 02000000 		.4byte	.LFE122
 464 0018 00000000 		.4byte	0
 465 001c 00000000 		.4byte	0
 466              		.section	.debug_line,"",%progbits
 467              	.Ldebug_line0:
 468 0000 6B020000 		.section	.debug_str,"MS",%progbits,1
 468      02003702 
 468      00000201 
 468      FB0E0D00 
 468      01010101 
 469              	.LASF34:
 470 0000 433A5C55 		.ascii	"C:\\Users\\Mateo C. Querol\\Desktop\\EAA\\LABS\\Ele"
 470      73657273 
 470      5C4D6174 
 470      656F2043 
 470      2E205175 
 471 002d 6374726F 		.ascii	"ctronicClock.cydsn\000"
 471      6E696343 
 471      6C6F636B 
 471      2E637964 
 471      736E00
 472              	.LASF24:
 473 0040 434C4F43 		.ascii	"CLOCK_control_run\000"
 473      4B5F636F 
 473      6E74726F 
 473      6C5F7275 
 473      6E00
 474              	.LASF9:
 475 0052 5F5F696E 		.ascii	"__int32_t\000"
 475      7433325F 
 475      7400
ARM GAS  C:\Users\MATEOC~1.QUE\AppData\Local\Temp\ccPNSuVy.s 			page 11


 476              	.LASF20:
 477 005c 4576656E 		.ascii	"EventMaskType\000"
 477      744D6173 
 477      6B547970 
 477      6500
 478              	.LASF33:
 479 006a 736F7572 		.ascii	"source\\asw\\swc_clock.c\000"
 479      63655C61 
 479      73775C73 
 479      77635F63 
 479      6C6F636B 
 480              	.LASF12:
 481 0081 646F7562 		.ascii	"double\000"
 481      6C6500
 482              	.LASF27:
 483 0088 45455F6F 		.ascii	"EE_oo_IRQ_suspend_status\000"
 483      6F5F4952 
 483      515F7375 
 483      7370656E 
 483      645F7374 
 484              	.LASF19:
 485 00a1 45455F54 		.ascii	"EE_TID\000"
 485      494400
 486              	.LASF10:
 487 00a8 696E7433 		.ascii	"int32_t\000"
 487      325F7400 
 488              	.LASF11:
 489 00b0 666C6F61 		.ascii	"float\000"
 489      7400
 490              	.LASF1:
 491 00b6 756E7369 		.ascii	"unsigned char\000"
 491      676E6564 
 491      20636861 
 491      7200
 492              	.LASF32:
 493 00c4 474E5520 		.ascii	"GNU C11 5.4.1 20160609 (release) [ARM/embedded-5-br"
 493      43313120 
 493      352E342E 
 493      31203230 
 493      31363036 
 494 00f7 616E6368 		.ascii	"anch revision 237715] -mcpu=cortex-m3 -mthumb -g -O"
 494      20726576 
 494      6973696F 
 494      6E203233 
 494      37373135 
 495 012a 67202D66 		.ascii	"g -ffunction-sections -ffat-lto-objects\000"
 495      66756E63 
 495      74696F6E 
 495      2D736563 
 495      74696F6E 
 496              	.LASF15:
 497 0152 45455F49 		.ascii	"EE_INT32\000"
 497      4E543332 
 497      00
 498              	.LASF5:
 499 015b 6C6F6E67 		.ascii	"long unsigned int\000"
 499      20756E73 
ARM GAS  C:\Users\MATEOC~1.QUE\AppData\Local\Temp\ccPNSuVy.s 			page 12


 499      69676E65 
 499      6420696E 
 499      7400
 500              	.LASF3:
 501 016d 73686F72 		.ascii	"short unsigned int\000"
 501      7420756E 
 501      7369676E 
 501      65642069 
 501      6E7400
 502              	.LASF26:
 503 0180 45455F6F 		.ascii	"EE_oo_IRQ_disable_count\000"
 503      6F5F4952 
 503      515F6469 
 503      7361626C 
 503      655F636F 
 504              	.LASF31:
 505 0198 49544D5F 		.ascii	"ITM_RxBuffer\000"
 505      52784275 
 505      66666572 
 505      00
 506              	.LASF25:
 507 01a5 434C4F43 		.ascii	"CLOCK_display_run\000"
 507      4B5F6469 
 507      73706C61 
 507      795F7275 
 507      6E00
 508              	.LASF22:
 509 01b7 5254455F 		.ascii	"RTE_event\000"
 509      6576656E 
 509      7400
 510              	.LASF29:
 511 01c1 45455F73 		.ascii	"EE_std_endcycle_next_tid\000"
 511      74645F65 
 511      6E646379 
 511      636C655F 
 511      6E657874 
 512              	.LASF8:
 513 01da 756E7369 		.ascii	"unsigned int\000"
 513      676E6564 
 513      20696E74 
 513      00
 514              	.LASF18:
 515 01e7 45455F46 		.ascii	"EE_FREG\000"
 515      52454700 
 516              	.LASF16:
 517 01ef 45455F55 		.ascii	"EE_UINT32\000"
 517      494E5433 
 517      3200
 518              	.LASF7:
 519 01f9 6C6F6E67 		.ascii	"long long unsigned int\000"
 519      206C6F6E 
 519      6720756E 
 519      7369676E 
 519      65642069 
 520              	.LASF28:
 521 0210 45455F41 		.ascii	"EE_ApplicationMode\000"
 521      70706C69 
ARM GAS  C:\Users\MATEOC~1.QUE\AppData\Local\Temp\ccPNSuVy.s 			page 13


 521      63617469 
 521      6F6E4D6F 
 521      646500
 522              	.LASF23:
 523 0223 434C4F43 		.ascii	"CLOCK_input_run\000"
 523      4B5F696E 
 523      7075745F 
 523      72756E00 
 524              	.LASF21:
 525 0233 73697A65 		.ascii	"sizetype\000"
 525      74797065 
 525      00
 526              	.LASF6:
 527 023c 6C6F6E67 		.ascii	"long long int\000"
 527      206C6F6E 
 527      6720696E 
 527      7400
 528              	.LASF13:
 529 024a 63686172 		.ascii	"char\000"
 529      00
 530              	.LASF17:
 531 024f 45455F55 		.ascii	"EE_UREG\000"
 531      52454700 
 532              	.LASF30:
 533 0257 45455F49 		.ascii	"EE_IRQ_nesting_level\000"
 533      52515F6E 
 533      65737469 
 533      6E675F6C 
 533      6576656C 
 534              	.LASF2:
 535 026c 73686F72 		.ascii	"short int\000"
 535      7420696E 
 535      7400
 536              	.LASF4:
 537 0276 6C6F6E67 		.ascii	"long int\000"
 537      20696E74 
 537      00
 538              	.LASF14:
 539 027f 6C6F6E67 		.ascii	"long double\000"
 539      20646F75 
 539      626C6500 
 540              	.LASF0:
 541 028b 7369676E 		.ascii	"signed char\000"
 541      65642063 
 541      68617200 
 542              		.ident	"GCC: (GNU Tools for ARM Embedded Processors) 5.4.1 20160609 (release) [ARM/embedded-5-bran
