ARM GAS  C:\Users\robom\AppData\Local\Temp\cc6cvnYy.s 			page 1


   1              		.syntax unified
   2              		.cpu cortex-m3
   3              		.fpu softvfp
   4              		.eabi_attribute 20, 1
   5              		.eabi_attribute 21, 1
   6              		.eabi_attribute 23, 3
   7              		.eabi_attribute 24, 1
   8              		.eabi_attribute 25, 1
   9              		.eabi_attribute 26, 1
  10              		.eabi_attribute 30, 1
  11              		.eabi_attribute 34, 1
  12              		.eabi_attribute 18, 4
  13              		.thumb
  14              		.syntax unified
  15              		.file	"tsk_control.c"
  16              		.text
  17              	.Ltext0:
  18              		.cfi_sections	.debug_frame
  19              		.section	.text.Functsk_control,"ax",%progbits
  20              		.align	2
  21              		.global	Functsk_control
  22              		.thumb
  23              		.thumb_func
  24              		.type	Functsk_control, %function
  25              	Functsk_control:
  26              	.LFB110:
  27              		.file 1 "source\\asw\\tsk_control.c"
   1:source\asw/tsk_control.c **** 
   2:source\asw/tsk_control.c **** 
   3:source\asw/tsk_control.c **** /*
   4:source\asw/tsk_control.c ****  * Filename: tsk_control.c
   5:source\asw/tsk_control.c ****  *
   6:source\asw/tsk_control.c ****  * Author: Autogenerated by H-DA RTE Generator, (c) Prof. Fromm
   7:source\asw/tsk_control.c ****  */
   8:source\asw/tsk_control.c **** 
   9:source\asw/tsk_control.c **** #include "project.h"
  10:source\asw/tsk_control.c **** #include "global.h"
  11:source\asw/tsk_control.c **** #include "rte.h"
  12:source\asw/tsk_control.c **** #include "rte_types.h"
  13:source\asw/tsk_control.c **** #include "tsk_control.h"
  14:source\asw/tsk_control.c **** 
  15:source\asw/tsk_control.c **** 
  16:source\asw/tsk_control.c **** 
  17:source\asw/tsk_control.c **** /* USER CODE START TSK_CONTROL_INCLUDE */
  18:source\asw/tsk_control.c **** 
  19:source\asw/tsk_control.c **** /* USER CODE END TSK_CONTROL_INCLUDE */
  20:source\asw/tsk_control.c **** 
  21:source\asw/tsk_control.c **** #include "swc_clock.h"
  22:source\asw/tsk_control.c **** 
  23:source\asw/tsk_control.c **** 
  24:source\asw/tsk_control.c **** 
  25:source\asw/tsk_control.c **** /* USER CODE START TSK_CONTROL_USERDEFINITIONS */
  26:source\asw/tsk_control.c **** 
  27:source\asw/tsk_control.c **** /* USER CODE END TSK_CONTROL_USERDEFINITIONS */
  28:source\asw/tsk_control.c **** 
  29:source\asw/tsk_control.c **** /*******************************************************************************
  30:source\asw/tsk_control.c ****  * Runnable Tables from Activation Engine
ARM GAS  C:\Users\robom\AppData\Local\Temp\cc6cvnYy.s 			page 2


  31:source\asw/tsk_control.c ****  *******************************************************************************/
  32:source\asw/tsk_control.c **** 
  33:source\asw/tsk_control.c **** /* Cyclic Table */
  34:source\asw/tsk_control.c **** 
  35:source\asw/tsk_control.c **** const RTE_cyclicTable_t RTE_cyclicActivationTable_tsk_control[] = {
  36:source\asw/tsk_control.c **** };
  37:source\asw/tsk_control.c **** const uint16_t RTE_cyclicActivation_tsk_control_size = sizeof (RTE_cyclicActivationTable_tsk_contro
  38:source\asw/tsk_control.c **** 
  39:source\asw/tsk_control.c **** /* Event Table */
  40:source\asw/tsk_control.c **** const RTE_eventTable_t RTE_eventActivationTable_tsk_control[] = {
  41:source\asw/tsk_control.c ****     { CLOCK_control_run, ev_event_onData },  //Runnable
  42:source\asw/tsk_control.c **** }; 
  43:source\asw/tsk_control.c **** const uint16_t RTE_eventActivation_tsk_control_size = sizeof (RTE_eventActivationTable_tsk_control)
  44:source\asw/tsk_control.c **** 
  45:source\asw/tsk_control.c **** /*******************************************************************************
  46:source\asw/tsk_control.c ****  * Task Body
  47:source\asw/tsk_control.c ****  *******************************************************************************/
  48:source\asw/tsk_control.c **** 
  49:source\asw/tsk_control.c **** 
  50:source\asw/tsk_control.c **** /*
  51:source\asw/tsk_control.c **** * description: Task control will call the application code (control algorithm, ADAS fuctions,..)
  52:source\asw/tsk_control.c **** * events: ev_1ms|ev_event_onData
  53:source\asw/tsk_control.c **** * mode: Cyclic and Event
  54:source\asw/tsk_control.c **** * name: tsk_control
  55:source\asw/tsk_control.c **** * shortname: control
  56:source\asw/tsk_control.c **** * signalpoolsRO: sp_common
  57:source\asw/tsk_control.c **** * signalpoolsRW: sp_common
  58:source\asw/tsk_control.c **** * tickEvent: ev_1ms
  59:source\asw/tsk_control.c **** * timertickperiod: 1
  60:source\asw/tsk_control.c **** */
  61:source\asw/tsk_control.c **** TASK(tsk_control)
  62:source\asw/tsk_control.c **** {
  28              		.loc 1 62 0
  29              		.cfi_startproc
  30              		@ args = 0, pretend = 0, frame = 8
  31              		@ frame_needed = 0, uses_anonymous_args = 0
  32 0000 10B5     		push	{r4, lr}
  33              		.cfi_def_cfa_offset 8
  34              		.cfi_offset 4, -8
  35              		.cfi_offset 14, -4
  36 0002 82B0     		sub	sp, sp, #8
  37              		.cfi_def_cfa_offset 16
  63:source\asw/tsk_control.c **** 	/* ticktime of the task */
  64:source\asw/tsk_control.c **** 	static uint32_t ticktime = 0;
  65:source\asw/tsk_control.c **** 	
  66:source\asw/tsk_control.c ****     EventMaskType ev = 0;
  38              		.loc 1 66 0
  39 0004 0023     		movs	r3, #0
  40 0006 0193     		str	r3, [sp, #4]
  41              	.L3:
  67:source\asw/tsk_control.c ****     
  68:source\asw/tsk_control.c ****     while(1)
  69:source\asw/tsk_control.c ****     {
  70:source\asw/tsk_control.c ****         //Wait, read and clear the event
  71:source\asw/tsk_control.c ****         WaitEvent(ev_1ms|ev_event_onData);
  42              		.loc 1 71 0
  43 0008 0320     		movs	r0, #3
ARM GAS  C:\Users\robom\AppData\Local\Temp\cc6cvnYy.s 			page 3


  44 000a FFF7FEFF 		bl	EE_oo_WaitEvent
  45              	.LVL0:
  72:source\asw/tsk_control.c ****         GetEvent(tsk_control,&ev);
  46              		.loc 1 72 0
  47 000e 01A9     		add	r1, sp, #4
  48 0010 0320     		movs	r0, #3
  49 0012 FFF7FEFF 		bl	EE_oo_GetEvent
  50              	.LVL1:
  73:source\asw/tsk_control.c ****         ClearEvent(ev);
  51              		.loc 1 73 0
  52 0016 0198     		ldr	r0, [sp, #4]
  53 0018 FFF7FEFF 		bl	EE_oo_ClearEvent
  54              	.LVL2:
  74:source\asw/tsk_control.c ****     
  75:source\asw/tsk_control.c **** 		/* USER CODE START TSK_CONTROL_TASKBOBY_PRE */
  76:source\asw/tsk_control.c **** 
  77:source\asw/tsk_control.c **** 		/* USER CODE END TSK_CONTROL_TASKBODY_PRE */
  78:source\asw/tsk_control.c ****         
  79:source\asw/tsk_control.c ****         if (ev & ev_1ms){
  55              		.loc 1 79 0
  56 001c 019B     		ldr	r3, [sp, #4]
  57 001e 13F0010F 		tst	r3, #1
  58 0022 0DD0     		beq	.L2
  80:source\asw/tsk_control.c ****             //Process Cyclic table on tick
  81:source\asw/tsk_control.c ****             RTE_ProcessCyclicTable(RTE_cyclicActivationTable_tsk_control, RTE_cyclicActivation_tsk_
  59              		.loc 1 81 0
  60 0024 094C     		ldr	r4, .L5
  61 0026 2268     		ldr	r2, [r4]
  62 0028 0021     		movs	r1, #0
  63 002a 0948     		ldr	r0, .L5+4
  64 002c FFF7FEFF 		bl	RTE_ProcessCyclicTable
  65              	.LVL3:
  82:source\asw/tsk_control.c **** 
  83:source\asw/tsk_control.c **** 			ticktime += 1;
  66              		.loc 1 83 0
  67 0030 2368     		ldr	r3, [r4]
  68 0032 0133     		adds	r3, r3, #1
  69 0034 2360     		str	r3, [r4]
  84:source\asw/tsk_control.c **** 			if (ticktime > 0xFFFFFF00) ticktime = 0;
  70              		.loc 1 84 0
  71 0036 13F5807F 		cmn	r3, #256
  72 003a 01D9     		bls	.L2
  73              		.loc 1 84 0 is_stmt 0 discriminator 1
  74 003c 0022     		movs	r2, #0
  75 003e 2260     		str	r2, [r4]
  76              	.L2:
  85:source\asw/tsk_control.c **** 
  86:source\asw/tsk_control.c **** 		};
  87:source\asw/tsk_control.c **** 		
  88:source\asw/tsk_control.c **** 		//Process data driven events
  89:source\asw/tsk_control.c **** 		RTE_ProcessEventTable(RTE_eventActivationTable_tsk_control, RTE_eventActivation_tsk_control_size,
  77              		.loc 1 89 0 is_stmt 1
  78 0040 019A     		ldr	r2, [sp, #4]
  79 0042 0121     		movs	r1, #1
  80 0044 0248     		ldr	r0, .L5+4
  81 0046 FFF7FEFF 		bl	RTE_ProcessEventTable
  82              	.LVL4:
ARM GAS  C:\Users\robom\AppData\Local\Temp\cc6cvnYy.s 			page 4


  90:source\asw/tsk_control.c **** 		
  91:source\asw/tsk_control.c **** 		/* USER CODE START TSK_CONTROL_TASKBODY_POST */
  92:source\asw/tsk_control.c **** 
  93:source\asw/tsk_control.c **** 		/* USER CODE END TSK_CONTROL_TASKBODY_POST */
  94:source\asw/tsk_control.c **** 
  95:source\asw/tsk_control.c ****         
  96:source\asw/tsk_control.c ****     }
  83              		.loc 1 96 0
  84 004a DDE7     		b	.L3
  85              	.L6:
  86              		.align	2
  87              	.L5:
  88 004c 00000000 		.word	.LANCHOR0
  89 0050 00000000 		.word	.LANCHOR1
  90              		.cfi_endproc
  91              	.LFE110:
  92              		.size	Functsk_control, .-Functsk_control
  93              		.global	RTE_eventActivation_tsk_control_size
  94              		.global	RTE_eventActivationTable_tsk_control
  95              		.global	RTE_cyclicActivation_tsk_control_size
  96              		.global	RTE_cyclicActivationTable_tsk_control
  97              		.section	.rodata
  98              		.align	2
  99              		.set	.LANCHOR1,. + 0
 100              		.type	RTE_cyclicActivationTable_tsk_control, %object
 101              		.size	RTE_cyclicActivationTable_tsk_control, 0
 102              	RTE_cyclicActivationTable_tsk_control:
 103              		.type	RTE_eventActivationTable_tsk_control, %object
 104              		.size	RTE_eventActivationTable_tsk_control, 8
 105              	RTE_eventActivationTable_tsk_control:
 106 0000 00000000 		.word	CLOCK_control_run
 107 0004 02000000 		.word	2
 108              		.type	RTE_eventActivation_tsk_control_size, %object
 109              		.size	RTE_eventActivation_tsk_control_size, 2
 110              	RTE_eventActivation_tsk_control_size:
 111 0008 0100     		.short	1
 112              		.type	RTE_cyclicActivation_tsk_control_size, %object
 113              		.size	RTE_cyclicActivation_tsk_control_size, 2
 114              	RTE_cyclicActivation_tsk_control_size:
 115 000a 0000     		.space	2
 116              		.bss
 117              		.align	2
 118              		.set	.LANCHOR0,. + 0
 119              		.type	ticktime.7440, %object
 120              		.size	ticktime.7440, 4
 121              	ticktime.7440:
 122 0000 00000000 		.space	4
 123              		.text
 124              	.Letext0:
 125              		.file 2 "c:\\program files (x86)\\cypress\\psoc creator\\4.4\\psoc creator\\import\\gnu\\arm\\5.4.
 126              		.file 3 "c:\\program files (x86)\\cypress\\psoc creator\\4.4\\psoc creator\\import\\gnu\\arm\\5.4.
 127              		.file 4 "Generated_Source\\PSoC5/ErikaOS_1_common_ee_types.inc"
 128              		.file 5 "Generated_Source\\PSoC5/ErikaOS_1_cortex_mx_ee_cpu.inc"
 129              		.file 6 "Generated_Source\\PSoC5/ErikaOS_1_ee_oo_common.inc"
 130              		.file 7 ".\\source\\rte/rte_types.h"
 131              		.file 8 ".\\source\\rte/rte.h"
 132              		.file 9 "Generated_Source\\PSoC5/ErikaOS_1_ee_oo_intfunc.inc"
ARM GAS  C:\Users\robom\AppData\Local\Temp\cc6cvnYy.s 			page 5


 133              		.file 10 "Generated_Source\\PSoC5/ErikaOS_1_cortex_mx_ee_context.inc"
 134              		.file 11 "Generated_Source\\PSoC5/ErikaOS_1_common_ee_primitives.inc"
 135              		.file 12 "Generated_Source\\PSoC5/core_cm3.h"
 136              		.file 13 "Generated_Source\\PSoC5/ErikaOS_1_ee_oo_kernel.inc"
 137              		.section	.debug_info,"",%progbits
 138              	.Ldebug_info0:
 139 0000 32030000 		.4byte	0x332
 140 0004 0400     		.2byte	0x4
 141 0006 00000000 		.4byte	.Ldebug_abbrev0
 142 000a 04       		.byte	0x4
 143 000b 01       		.uleb128 0x1
 144 000c 79010000 		.4byte	.LASF49
 145 0010 0C       		.byte	0xc
 146 0011 B5030000 		.4byte	.LASF50
 147 0015 29000000 		.4byte	.LASF51
 148 0019 00000000 		.4byte	.Ldebug_ranges0+0
 149 001d 00000000 		.4byte	0
 150 0021 00000000 		.4byte	.Ldebug_line0
 151 0025 02       		.uleb128 0x2
 152 0026 01       		.byte	0x1
 153 0027 06       		.byte	0x6
 154 0028 EC030000 		.4byte	.LASF0
 155 002c 02       		.uleb128 0x2
 156 002d 01       		.byte	0x1
 157 002e 08       		.byte	0x8
 158 002f 6B010000 		.4byte	.LASF1
 159 0033 02       		.uleb128 0x2
 160 0034 02       		.byte	0x2
 161 0035 05       		.byte	0x5
 162 0036 A2030000 		.4byte	.LASF2
 163 003a 03       		.uleb128 0x3
 164 003b 80020000 		.4byte	.LASF4
 165 003f 02       		.byte	0x2
 166 0040 2B       		.byte	0x2b
 167 0041 45000000 		.4byte	0x45
 168 0045 02       		.uleb128 0x2
 169 0046 02       		.byte	0x2
 170 0047 07       		.byte	0x7
 171 0048 48020000 		.4byte	.LASF3
 172 004c 03       		.uleb128 0x3
 173 004d D2000000 		.4byte	.LASF5
 174 0051 02       		.byte	0x2
 175 0052 3F       		.byte	0x3f
 176 0053 57000000 		.4byte	0x57
 177 0057 02       		.uleb128 0x2
 178 0058 04       		.byte	0x4
 179 0059 05       		.byte	0x5
 180 005a D7030000 		.4byte	.LASF6
 181 005e 03       		.uleb128 0x3
 182 005f B0020000 		.4byte	.LASF7
 183 0063 02       		.byte	0x2
 184 0064 41       		.byte	0x41
 185 0065 69000000 		.4byte	0x69
 186 0069 02       		.uleb128 0x2
 187 006a 04       		.byte	0x4
 188 006b 07       		.byte	0x7
 189 006c 10020000 		.4byte	.LASF8
ARM GAS  C:\Users\robom\AppData\Local\Temp\cc6cvnYy.s 			page 6


 190 0070 02       		.uleb128 0x2
 191 0071 08       		.byte	0x8
 192 0072 05       		.byte	0x5
 193 0073 72030000 		.4byte	.LASF9
 194 0077 02       		.uleb128 0x2
 195 0078 08       		.byte	0x8
 196 0079 07       		.byte	0x7
 197 007a 21030000 		.4byte	.LASF10
 198 007e 04       		.uleb128 0x4
 199 007f 04       		.byte	0x4
 200 0080 05       		.byte	0x5
 201 0081 696E7400 		.ascii	"int\000"
 202 0085 02       		.uleb128 0x2
 203 0086 04       		.byte	0x4
 204 0087 07       		.byte	0x7
 205 0088 F9020000 		.4byte	.LASF11
 206 008c 03       		.uleb128 0x3
 207 008d AC030000 		.4byte	.LASF12
 208 0091 03       		.byte	0x3
 209 0092 24       		.byte	0x24
 210 0093 3A000000 		.4byte	0x3a
 211 0097 03       		.uleb128 0x3
 212 0098 61030000 		.4byte	.LASF13
 213 009c 03       		.byte	0x3
 214 009d 2C       		.byte	0x2c
 215 009e 4C000000 		.4byte	0x4c
 216 00a2 03       		.uleb128 0x3
 217 00a3 CE030000 		.4byte	.LASF14
 218 00a7 03       		.byte	0x3
 219 00a8 30       		.byte	0x30
 220 00a9 5E000000 		.4byte	0x5e
 221 00ad 02       		.uleb128 0x2
 222 00ae 04       		.byte	0x4
 223 00af 04       		.byte	0x4
 224 00b0 36010000 		.4byte	.LASF15
 225 00b4 02       		.uleb128 0x2
 226 00b5 08       		.byte	0x8
 227 00b6 04       		.byte	0x4
 228 00b7 0F010000 		.4byte	.LASF16
 229 00bb 02       		.uleb128 0x2
 230 00bc 01       		.byte	0x1
 231 00bd 08       		.byte	0x8
 232 00be 80030000 		.4byte	.LASF17
 233 00c2 02       		.uleb128 0x2
 234 00c3 08       		.byte	0x8
 235 00c4 04       		.byte	0x4
 236 00c5 E0030000 		.4byte	.LASF18
 237 00c9 03       		.uleb128 0x3
 238 00ca 07020000 		.4byte	.LASF19
 239 00ce 04       		.byte	0x4
 240 00cf 53       		.byte	0x53
 241 00d0 7E000000 		.4byte	0x7e
 242 00d4 03       		.uleb128 0x3
 243 00d5 0E030000 		.4byte	.LASF20
 244 00d9 04       		.byte	0x4
 245 00da 54       		.byte	0x54
 246 00db 85000000 		.4byte	0x85
ARM GAS  C:\Users\robom\AppData\Local\Temp\cc6cvnYy.s 			page 7


 247 00df 03       		.uleb128 0x3
 248 00e0 85030000 		.4byte	.LASF21
 249 00e4 05       		.byte	0x5
 250 00e5 4D       		.byte	0x4d
 251 00e6 D4000000 		.4byte	0xd4
 252 00ea 03       		.uleb128 0x3
 253 00eb 06030000 		.4byte	.LASF22
 254 00ef 05       		.byte	0x5
 255 00f0 4F       		.byte	0x4f
 256 00f1 D4000000 		.4byte	0xd4
 257 00f5 03       		.uleb128 0x3
 258 00f6 2F010000 		.4byte	.LASF23
 259 00fa 05       		.byte	0x5
 260 00fb 78       		.byte	0x78
 261 00fc C9000000 		.4byte	0xc9
 262 0100 05       		.uleb128 0x5
 263 0101 DC000000 		.4byte	.LASF24
 264 0105 06       		.byte	0x6
 265 0106 2C02     		.2byte	0x22c
 266 0108 DF000000 		.4byte	0xdf
 267 010c 02       		.uleb128 0x2
 268 010d 04       		.byte	0x4
 269 010e 07       		.byte	0x7
 270 010f 69030000 		.4byte	.LASF25
 271 0113 03       		.uleb128 0x3
 272 0114 8B020000 		.4byte	.LASF26
 273 0118 07       		.byte	0x7
 274 0119 21       		.byte	0x21
 275 011a 00010000 		.4byte	0x100
 276 011e 03       		.uleb128 0x3
 277 011f F8030000 		.4byte	.LASF27
 278 0123 08       		.byte	0x8
 279 0124 66       		.byte	0x66
 280 0125 29010000 		.4byte	0x129
 281 0129 06       		.uleb128 0x6
 282 012a 04       		.byte	0x4
 283 012b 2F010000 		.4byte	0x12f
 284 012f 07       		.uleb128 0x7
 285 0130 3A010000 		.4byte	0x13a
 286 0134 08       		.uleb128 0x8
 287 0135 13010000 		.4byte	0x113
 288 0139 00       		.byte	0
 289 013a 09       		.uleb128 0x9
 290 013b 08       		.byte	0x8
 291 013c 08       		.byte	0x8
 292 013d 6B       		.byte	0x6b
 293 013e 5B010000 		.4byte	0x15b
 294 0142 0A       		.uleb128 0xa
 295 0143 72756E00 		.ascii	"run\000"
 296 0147 08       		.byte	0x8
 297 0148 6D       		.byte	0x6d
 298 0149 1E010000 		.4byte	0x11e
 299 014d 00       		.byte	0
 300 014e 0B       		.uleb128 0xb
 301 014f 61010000 		.4byte	.LASF28
 302 0153 08       		.byte	0x8
 303 0154 6E       		.byte	0x6e
ARM GAS  C:\Users\robom\AppData\Local\Temp\cc6cvnYy.s 			page 8


 304 0155 8C000000 		.4byte	0x8c
 305 0159 04       		.byte	0x4
 306 015a 00       		.byte	0
 307 015b 03       		.uleb128 0x3
 308 015c E7020000 		.4byte	.LASF29
 309 0160 08       		.byte	0x8
 310 0161 6F       		.byte	0x6f
 311 0162 3A010000 		.4byte	0x13a
 312 0166 09       		.uleb128 0x9
 313 0167 08       		.byte	0x8
 314 0168 08       		.byte	0x8
 315 0169 74       		.byte	0x74
 316 016a 87010000 		.4byte	0x187
 317 016e 0A       		.uleb128 0xa
 318 016f 72756E00 		.ascii	"run\000"
 319 0173 08       		.byte	0x8
 320 0174 76       		.byte	0x76
 321 0175 1E010000 		.4byte	0x11e
 322 0179 00       		.byte	0
 323 017a 0B       		.uleb128 0xb
 324 017b E1020000 		.4byte	.LASF30
 325 017f 08       		.byte	0x8
 326 0180 77       		.byte	0x77
 327 0181 00010000 		.4byte	0x100
 328 0185 04       		.byte	0x4
 329 0186 00       		.byte	0
 330 0187 03       		.uleb128 0x3
 331 0188 C1000000 		.4byte	.LASF31
 332 018c 08       		.byte	0x8
 333 018d 78       		.byte	0x78
 334 018e 66010000 		.4byte	0x166
 335 0192 0C       		.uleb128 0xc
 336 0193 19000000 		.4byte	.LASF52
 337 0197 01       		.byte	0x1
 338 0198 3D       		.byte	0x3d
 339 0199 00000000 		.4byte	.LFB110
 340 019d 54000000 		.4byte	.LFE110-.LFB110
 341 01a1 01       		.uleb128 0x1
 342 01a2 9C       		.byte	0x9c
 343 01a3 2F020000 		.4byte	0x22f
 344 01a7 0D       		.uleb128 0xd
 345 01a8 18030000 		.4byte	.LASF32
 346 01ac 01       		.byte	0x1
 347 01ad 40       		.byte	0x40
 348 01ae A2000000 		.4byte	0xa2
 349 01b2 05       		.uleb128 0x5
 350 01b3 03       		.byte	0x3
 351 01b4 00000000 		.4byte	ticktime.7440
 352 01b8 0E       		.uleb128 0xe
 353 01b9 657600   		.ascii	"ev\000"
 354 01bc 01       		.byte	0x1
 355 01bd 42       		.byte	0x42
 356 01be 00010000 		.4byte	0x100
 357 01c2 02       		.uleb128 0x2
 358 01c3 91       		.byte	0x91
 359 01c4 74       		.sleb128 -12
 360 01c5 0F       		.uleb128 0xf
ARM GAS  C:\Users\robom\AppData\Local\Temp\cc6cvnYy.s 			page 9


 361 01c6 0E000000 		.4byte	.LVL0
 362 01ca FB020000 		.4byte	0x2fb
 363 01ce D8010000 		.4byte	0x1d8
 364 01d2 10       		.uleb128 0x10
 365 01d3 01       		.uleb128 0x1
 366 01d4 50       		.byte	0x50
 367 01d5 01       		.uleb128 0x1
 368 01d6 33       		.byte	0x33
 369 01d7 00       		.byte	0
 370 01d8 0F       		.uleb128 0xf
 371 01d9 16000000 		.4byte	.LVL1
 372 01dd 07030000 		.4byte	0x307
 373 01e1 F1010000 		.4byte	0x1f1
 374 01e5 10       		.uleb128 0x10
 375 01e6 01       		.uleb128 0x1
 376 01e7 50       		.byte	0x50
 377 01e8 01       		.uleb128 0x1
 378 01e9 33       		.byte	0x33
 379 01ea 10       		.uleb128 0x10
 380 01eb 01       		.uleb128 0x1
 381 01ec 51       		.byte	0x51
 382 01ed 02       		.uleb128 0x2
 383 01ee 91       		.byte	0x91
 384 01ef 74       		.sleb128 -12
 385 01f0 00       		.byte	0
 386 01f1 11       		.uleb128 0x11
 387 01f2 1C000000 		.4byte	.LVL2
 388 01f6 13030000 		.4byte	0x313
 389 01fa 0F       		.uleb128 0xf
 390 01fb 30000000 		.4byte	.LVL3
 391 01ff 1F030000 		.4byte	0x31f
 392 0203 16020000 		.4byte	0x216
 393 0207 10       		.uleb128 0x10
 394 0208 01       		.uleb128 0x1
 395 0209 50       		.byte	0x50
 396 020a 05       		.uleb128 0x5
 397 020b 03       		.byte	0x3
 398 020c 00000000 		.4byte	.LANCHOR1
 399 0210 10       		.uleb128 0x10
 400 0211 01       		.uleb128 0x1
 401 0212 51       		.byte	0x51
 402 0213 01       		.uleb128 0x1
 403 0214 30       		.byte	0x30
 404 0215 00       		.byte	0
 405 0216 12       		.uleb128 0x12
 406 0217 4A000000 		.4byte	.LVL4
 407 021b 2A030000 		.4byte	0x32a
 408 021f 10       		.uleb128 0x10
 409 0220 01       		.uleb128 0x1
 410 0221 50       		.byte	0x50
 411 0222 05       		.uleb128 0x5
 412 0223 03       		.byte	0x3
 413 0224 00000000 		.4byte	.LANCHOR1
 414 0228 10       		.uleb128 0x10
 415 0229 01       		.uleb128 0x1
 416 022a 51       		.byte	0x51
 417 022b 01       		.uleb128 0x1
ARM GAS  C:\Users\robom\AppData\Local\Temp\cc6cvnYy.s 			page 10


 418 022c 31       		.byte	0x31
 419 022d 00       		.byte	0
 420 022e 00       		.byte	0
 421 022f 13       		.uleb128 0x13
 422 0230 5B020000 		.4byte	.LASF33
 423 0234 09       		.byte	0x9
 424 0235 40       		.byte	0x40
 425 0236 DF000000 		.4byte	0xdf
 426 023a 13       		.uleb128 0x13
 427 023b 16010000 		.4byte	.LASF34
 428 023f 09       		.byte	0x9
 429 0240 47       		.byte	0x47
 430 0241 EA000000 		.4byte	0xea
 431 0245 13       		.uleb128 0x13
 432 0246 38030000 		.4byte	.LASF35
 433 024a 09       		.byte	0x9
 434 024b 4A       		.byte	0x4a
 435 024c DF000000 		.4byte	0xdf
 436 0250 13       		.uleb128 0x13
 437 0251 00000000 		.4byte	.LASF36
 438 0255 0A       		.byte	0xa
 439 0256 48       		.byte	0x48
 440 0257 F5000000 		.4byte	0xf5
 441 025b 13       		.uleb128 0x13
 442 025c 8D030000 		.4byte	.LASF37
 443 0260 0B       		.byte	0xb
 444 0261 44       		.byte	0x44
 445 0262 DF000000 		.4byte	0xdf
 446 0266 14       		.uleb128 0x14
 447 0267 73020000 		.4byte	.LASF38
 448 026b 0C       		.byte	0xc
 449 026c 1207     		.2byte	0x712
 450 026e 72020000 		.4byte	0x272
 451 0272 15       		.uleb128 0x15
 452 0273 97000000 		.4byte	0x97
 453 0277 16       		.uleb128 0x16
 454 0278 8E020000 		.4byte	0x28e
 455 027c 87020000 		.4byte	0x287
 456 0280 17       		.uleb128 0x17
 457 0281 87020000 		.4byte	0x287
 458 0285 7F       		.sleb128 -1
 459 0286 00       		.byte	0
 460 0287 02       		.uleb128 0x2
 461 0288 04       		.byte	0x4
 462 0289 05       		.byte	0x5
 463 028a 95020000 		.4byte	.LASF39
 464 028e 18       		.uleb128 0x18
 465 028f 5B010000 		.4byte	0x15b
 466 0293 19       		.uleb128 0x19
 467 0294 BB020000 		.4byte	.LASF40
 468 0298 01       		.byte	0x1
 469 0299 23       		.byte	0x23
 470 029a A4020000 		.4byte	0x2a4
 471 029e 05       		.uleb128 0x5
 472 029f 03       		.byte	0x3
 473 02a0 00000000 		.4byte	RTE_cyclicActivationTable_tsk_control
 474 02a4 18       		.uleb128 0x18
ARM GAS  C:\Users\robom\AppData\Local\Temp\cc6cvnYy.s 			page 11


 475 02a5 77020000 		.4byte	0x277
 476 02a9 19       		.uleb128 0x19
 477 02aa 22020000 		.4byte	.LASF41
 478 02ae 01       		.byte	0x1
 479 02af 25       		.byte	0x25
 480 02b0 BA020000 		.4byte	0x2ba
 481 02b4 05       		.uleb128 0x5
 482 02b5 03       		.byte	0x3
 483 02b6 00000000 		.4byte	RTE_cyclicActivation_tsk_control_size
 484 02ba 18       		.uleb128 0x18
 485 02bb 8C000000 		.4byte	0x8c
 486 02bf 16       		.uleb128 0x16
 487 02c0 CF020000 		.4byte	0x2cf
 488 02c4 CF020000 		.4byte	0x2cf
 489 02c8 1A       		.uleb128 0x1a
 490 02c9 0C010000 		.4byte	0x10c
 491 02cd 00       		.byte	0
 492 02ce 00       		.byte	0
 493 02cf 18       		.uleb128 0x18
 494 02d0 87010000 		.4byte	0x187
 495 02d4 19       		.uleb128 0x19
 496 02d5 3C010000 		.4byte	.LASF42
 497 02d9 01       		.byte	0x1
 498 02da 28       		.byte	0x28
 499 02db E5020000 		.4byte	0x2e5
 500 02df 05       		.uleb128 0x5
 501 02e0 03       		.byte	0x3
 502 02e1 00000000 		.4byte	RTE_eventActivationTable_tsk_control
 503 02e5 18       		.uleb128 0x18
 504 02e6 BF020000 		.4byte	0x2bf
 505 02ea 19       		.uleb128 0x19
 506 02eb EA000000 		.4byte	.LASF43
 507 02ef 01       		.byte	0x1
 508 02f0 2B       		.byte	0x2b
 509 02f1 BA020000 		.4byte	0x2ba
 510 02f5 05       		.uleb128 0x5
 511 02f6 03       		.byte	0x3
 512 02f7 00000000 		.4byte	RTE_eventActivation_tsk_control_size
 513 02fb 1B       		.uleb128 0x1b
 514 02fc B1000000 		.4byte	.LASF44
 515 0300 B1000000 		.4byte	.LASF44
 516 0304 0D       		.byte	0xd
 517 0305 5901     		.2byte	0x159
 518 0307 1B       		.uleb128 0x1b
 519 0308 06040000 		.4byte	.LASF45
 520 030c 06040000 		.4byte	.LASF45
 521 0310 0D       		.byte	0xd
 522 0311 5401     		.2byte	0x154
 523 0313 1B       		.uleb128 0x1b
 524 0314 9F020000 		.4byte	.LASF46
 525 0318 9F020000 		.4byte	.LASF46
 526 031c 0D       		.byte	0xd
 527 031d 4F01     		.2byte	0x14f
 528 031f 1C       		.uleb128 0x1c
 529 0320 15040000 		.4byte	.LASF47
 530 0324 15040000 		.4byte	.LASF47
 531 0328 08       		.byte	0x8
ARM GAS  C:\Users\robom\AppData\Local\Temp\cc6cvnYy.s 			page 12


 532 0329 8E       		.byte	0x8e
 533 032a 1C       		.uleb128 0x1c
 534 032b 4B030000 		.4byte	.LASF48
 535 032f 4B030000 		.4byte	.LASF48
 536 0333 08       		.byte	0x8
 537 0334 97       		.byte	0x97
 538 0335 00       		.byte	0
 539              		.section	.debug_abbrev,"",%progbits
 540              	.Ldebug_abbrev0:
 541 0000 01       		.uleb128 0x1
 542 0001 11       		.uleb128 0x11
 543 0002 01       		.byte	0x1
 544 0003 25       		.uleb128 0x25
 545 0004 0E       		.uleb128 0xe
 546 0005 13       		.uleb128 0x13
 547 0006 0B       		.uleb128 0xb
 548 0007 03       		.uleb128 0x3
 549 0008 0E       		.uleb128 0xe
 550 0009 1B       		.uleb128 0x1b
 551 000a 0E       		.uleb128 0xe
 552 000b 55       		.uleb128 0x55
 553 000c 17       		.uleb128 0x17
 554 000d 11       		.uleb128 0x11
 555 000e 01       		.uleb128 0x1
 556 000f 10       		.uleb128 0x10
 557 0010 17       		.uleb128 0x17
 558 0011 00       		.byte	0
 559 0012 00       		.byte	0
 560 0013 02       		.uleb128 0x2
 561 0014 24       		.uleb128 0x24
 562 0015 00       		.byte	0
 563 0016 0B       		.uleb128 0xb
 564 0017 0B       		.uleb128 0xb
 565 0018 3E       		.uleb128 0x3e
 566 0019 0B       		.uleb128 0xb
 567 001a 03       		.uleb128 0x3
 568 001b 0E       		.uleb128 0xe
 569 001c 00       		.byte	0
 570 001d 00       		.byte	0
 571 001e 03       		.uleb128 0x3
 572 001f 16       		.uleb128 0x16
 573 0020 00       		.byte	0
 574 0021 03       		.uleb128 0x3
 575 0022 0E       		.uleb128 0xe
 576 0023 3A       		.uleb128 0x3a
 577 0024 0B       		.uleb128 0xb
 578 0025 3B       		.uleb128 0x3b
 579 0026 0B       		.uleb128 0xb
 580 0027 49       		.uleb128 0x49
 581 0028 13       		.uleb128 0x13
 582 0029 00       		.byte	0
 583 002a 00       		.byte	0
 584 002b 04       		.uleb128 0x4
 585 002c 24       		.uleb128 0x24
 586 002d 00       		.byte	0
 587 002e 0B       		.uleb128 0xb
 588 002f 0B       		.uleb128 0xb
ARM GAS  C:\Users\robom\AppData\Local\Temp\cc6cvnYy.s 			page 13


 589 0030 3E       		.uleb128 0x3e
 590 0031 0B       		.uleb128 0xb
 591 0032 03       		.uleb128 0x3
 592 0033 08       		.uleb128 0x8
 593 0034 00       		.byte	0
 594 0035 00       		.byte	0
 595 0036 05       		.uleb128 0x5
 596 0037 16       		.uleb128 0x16
 597 0038 00       		.byte	0
 598 0039 03       		.uleb128 0x3
 599 003a 0E       		.uleb128 0xe
 600 003b 3A       		.uleb128 0x3a
 601 003c 0B       		.uleb128 0xb
 602 003d 3B       		.uleb128 0x3b
 603 003e 05       		.uleb128 0x5
 604 003f 49       		.uleb128 0x49
 605 0040 13       		.uleb128 0x13
 606 0041 00       		.byte	0
 607 0042 00       		.byte	0
 608 0043 06       		.uleb128 0x6
 609 0044 0F       		.uleb128 0xf
 610 0045 00       		.byte	0
 611 0046 0B       		.uleb128 0xb
 612 0047 0B       		.uleb128 0xb
 613 0048 49       		.uleb128 0x49
 614 0049 13       		.uleb128 0x13
 615 004a 00       		.byte	0
 616 004b 00       		.byte	0
 617 004c 07       		.uleb128 0x7
 618 004d 15       		.uleb128 0x15
 619 004e 01       		.byte	0x1
 620 004f 27       		.uleb128 0x27
 621 0050 19       		.uleb128 0x19
 622 0051 01       		.uleb128 0x1
 623 0052 13       		.uleb128 0x13
 624 0053 00       		.byte	0
 625 0054 00       		.byte	0
 626 0055 08       		.uleb128 0x8
 627 0056 05       		.uleb128 0x5
 628 0057 00       		.byte	0
 629 0058 49       		.uleb128 0x49
 630 0059 13       		.uleb128 0x13
 631 005a 00       		.byte	0
 632 005b 00       		.byte	0
 633 005c 09       		.uleb128 0x9
 634 005d 13       		.uleb128 0x13
 635 005e 01       		.byte	0x1
 636 005f 0B       		.uleb128 0xb
 637 0060 0B       		.uleb128 0xb
 638 0061 3A       		.uleb128 0x3a
 639 0062 0B       		.uleb128 0xb
 640 0063 3B       		.uleb128 0x3b
 641 0064 0B       		.uleb128 0xb
 642 0065 01       		.uleb128 0x1
 643 0066 13       		.uleb128 0x13
 644 0067 00       		.byte	0
 645 0068 00       		.byte	0
ARM GAS  C:\Users\robom\AppData\Local\Temp\cc6cvnYy.s 			page 14


 646 0069 0A       		.uleb128 0xa
 647 006a 0D       		.uleb128 0xd
 648 006b 00       		.byte	0
 649 006c 03       		.uleb128 0x3
 650 006d 08       		.uleb128 0x8
 651 006e 3A       		.uleb128 0x3a
 652 006f 0B       		.uleb128 0xb
 653 0070 3B       		.uleb128 0x3b
 654 0071 0B       		.uleb128 0xb
 655 0072 49       		.uleb128 0x49
 656 0073 13       		.uleb128 0x13
 657 0074 38       		.uleb128 0x38
 658 0075 0B       		.uleb128 0xb
 659 0076 00       		.byte	0
 660 0077 00       		.byte	0
 661 0078 0B       		.uleb128 0xb
 662 0079 0D       		.uleb128 0xd
 663 007a 00       		.byte	0
 664 007b 03       		.uleb128 0x3
 665 007c 0E       		.uleb128 0xe
 666 007d 3A       		.uleb128 0x3a
 667 007e 0B       		.uleb128 0xb
 668 007f 3B       		.uleb128 0x3b
 669 0080 0B       		.uleb128 0xb
 670 0081 49       		.uleb128 0x49
 671 0082 13       		.uleb128 0x13
 672 0083 38       		.uleb128 0x38
 673 0084 0B       		.uleb128 0xb
 674 0085 00       		.byte	0
 675 0086 00       		.byte	0
 676 0087 0C       		.uleb128 0xc
 677 0088 2E       		.uleb128 0x2e
 678 0089 01       		.byte	0x1
 679 008a 3F       		.uleb128 0x3f
 680 008b 19       		.uleb128 0x19
 681 008c 03       		.uleb128 0x3
 682 008d 0E       		.uleb128 0xe
 683 008e 3A       		.uleb128 0x3a
 684 008f 0B       		.uleb128 0xb
 685 0090 3B       		.uleb128 0x3b
 686 0091 0B       		.uleb128 0xb
 687 0092 27       		.uleb128 0x27
 688 0093 19       		.uleb128 0x19
 689 0094 8701     		.uleb128 0x87
 690 0096 19       		.uleb128 0x19
 691 0097 11       		.uleb128 0x11
 692 0098 01       		.uleb128 0x1
 693 0099 12       		.uleb128 0x12
 694 009a 06       		.uleb128 0x6
 695 009b 40       		.uleb128 0x40
 696 009c 18       		.uleb128 0x18
 697 009d 9742     		.uleb128 0x2117
 698 009f 19       		.uleb128 0x19
 699 00a0 01       		.uleb128 0x1
 700 00a1 13       		.uleb128 0x13
 701 00a2 00       		.byte	0
 702 00a3 00       		.byte	0
ARM GAS  C:\Users\robom\AppData\Local\Temp\cc6cvnYy.s 			page 15


 703 00a4 0D       		.uleb128 0xd
 704 00a5 34       		.uleb128 0x34
 705 00a6 00       		.byte	0
 706 00a7 03       		.uleb128 0x3
 707 00a8 0E       		.uleb128 0xe
 708 00a9 3A       		.uleb128 0x3a
 709 00aa 0B       		.uleb128 0xb
 710 00ab 3B       		.uleb128 0x3b
 711 00ac 0B       		.uleb128 0xb
 712 00ad 49       		.uleb128 0x49
 713 00ae 13       		.uleb128 0x13
 714 00af 02       		.uleb128 0x2
 715 00b0 18       		.uleb128 0x18
 716 00b1 00       		.byte	0
 717 00b2 00       		.byte	0
 718 00b3 0E       		.uleb128 0xe
 719 00b4 34       		.uleb128 0x34
 720 00b5 00       		.byte	0
 721 00b6 03       		.uleb128 0x3
 722 00b7 08       		.uleb128 0x8
 723 00b8 3A       		.uleb128 0x3a
 724 00b9 0B       		.uleb128 0xb
 725 00ba 3B       		.uleb128 0x3b
 726 00bb 0B       		.uleb128 0xb
 727 00bc 49       		.uleb128 0x49
 728 00bd 13       		.uleb128 0x13
 729 00be 02       		.uleb128 0x2
 730 00bf 18       		.uleb128 0x18
 731 00c0 00       		.byte	0
 732 00c1 00       		.byte	0
 733 00c2 0F       		.uleb128 0xf
 734 00c3 898201   		.uleb128 0x4109
 735 00c6 01       		.byte	0x1
 736 00c7 11       		.uleb128 0x11
 737 00c8 01       		.uleb128 0x1
 738 00c9 31       		.uleb128 0x31
 739 00ca 13       		.uleb128 0x13
 740 00cb 01       		.uleb128 0x1
 741 00cc 13       		.uleb128 0x13
 742 00cd 00       		.byte	0
 743 00ce 00       		.byte	0
 744 00cf 10       		.uleb128 0x10
 745 00d0 8A8201   		.uleb128 0x410a
 746 00d3 00       		.byte	0
 747 00d4 02       		.uleb128 0x2
 748 00d5 18       		.uleb128 0x18
 749 00d6 9142     		.uleb128 0x2111
 750 00d8 18       		.uleb128 0x18
 751 00d9 00       		.byte	0
 752 00da 00       		.byte	0
 753 00db 11       		.uleb128 0x11
 754 00dc 898201   		.uleb128 0x4109
 755 00df 00       		.byte	0
 756 00e0 11       		.uleb128 0x11
 757 00e1 01       		.uleb128 0x1
 758 00e2 31       		.uleb128 0x31
 759 00e3 13       		.uleb128 0x13
ARM GAS  C:\Users\robom\AppData\Local\Temp\cc6cvnYy.s 			page 16


 760 00e4 00       		.byte	0
 761 00e5 00       		.byte	0
 762 00e6 12       		.uleb128 0x12
 763 00e7 898201   		.uleb128 0x4109
 764 00ea 01       		.byte	0x1
 765 00eb 11       		.uleb128 0x11
 766 00ec 01       		.uleb128 0x1
 767 00ed 31       		.uleb128 0x31
 768 00ee 13       		.uleb128 0x13
 769 00ef 00       		.byte	0
 770 00f0 00       		.byte	0
 771 00f1 13       		.uleb128 0x13
 772 00f2 34       		.uleb128 0x34
 773 00f3 00       		.byte	0
 774 00f4 03       		.uleb128 0x3
 775 00f5 0E       		.uleb128 0xe
 776 00f6 3A       		.uleb128 0x3a
 777 00f7 0B       		.uleb128 0xb
 778 00f8 3B       		.uleb128 0x3b
 779 00f9 0B       		.uleb128 0xb
 780 00fa 49       		.uleb128 0x49
 781 00fb 13       		.uleb128 0x13
 782 00fc 3F       		.uleb128 0x3f
 783 00fd 19       		.uleb128 0x19
 784 00fe 3C       		.uleb128 0x3c
 785 00ff 19       		.uleb128 0x19
 786 0100 00       		.byte	0
 787 0101 00       		.byte	0
 788 0102 14       		.uleb128 0x14
 789 0103 34       		.uleb128 0x34
 790 0104 00       		.byte	0
 791 0105 03       		.uleb128 0x3
 792 0106 0E       		.uleb128 0xe
 793 0107 3A       		.uleb128 0x3a
 794 0108 0B       		.uleb128 0xb
 795 0109 3B       		.uleb128 0x3b
 796 010a 05       		.uleb128 0x5
 797 010b 49       		.uleb128 0x49
 798 010c 13       		.uleb128 0x13
 799 010d 3F       		.uleb128 0x3f
 800 010e 19       		.uleb128 0x19
 801 010f 3C       		.uleb128 0x3c
 802 0110 19       		.uleb128 0x19
 803 0111 00       		.byte	0
 804 0112 00       		.byte	0
 805 0113 15       		.uleb128 0x15
 806 0114 35       		.uleb128 0x35
 807 0115 00       		.byte	0
 808 0116 49       		.uleb128 0x49
 809 0117 13       		.uleb128 0x13
 810 0118 00       		.byte	0
 811 0119 00       		.byte	0
 812 011a 16       		.uleb128 0x16
 813 011b 01       		.uleb128 0x1
 814 011c 01       		.byte	0x1
 815 011d 49       		.uleb128 0x49
 816 011e 13       		.uleb128 0x13
ARM GAS  C:\Users\robom\AppData\Local\Temp\cc6cvnYy.s 			page 17


 817 011f 01       		.uleb128 0x1
 818 0120 13       		.uleb128 0x13
 819 0121 00       		.byte	0
 820 0122 00       		.byte	0
 821 0123 17       		.uleb128 0x17
 822 0124 21       		.uleb128 0x21
 823 0125 00       		.byte	0
 824 0126 49       		.uleb128 0x49
 825 0127 13       		.uleb128 0x13
 826 0128 2F       		.uleb128 0x2f
 827 0129 0D       		.uleb128 0xd
 828 012a 00       		.byte	0
 829 012b 00       		.byte	0
 830 012c 18       		.uleb128 0x18
 831 012d 26       		.uleb128 0x26
 832 012e 00       		.byte	0
 833 012f 49       		.uleb128 0x49
 834 0130 13       		.uleb128 0x13
 835 0131 00       		.byte	0
 836 0132 00       		.byte	0
 837 0133 19       		.uleb128 0x19
 838 0134 34       		.uleb128 0x34
 839 0135 00       		.byte	0
 840 0136 03       		.uleb128 0x3
 841 0137 0E       		.uleb128 0xe
 842 0138 3A       		.uleb128 0x3a
 843 0139 0B       		.uleb128 0xb
 844 013a 3B       		.uleb128 0x3b
 845 013b 0B       		.uleb128 0xb
 846 013c 49       		.uleb128 0x49
 847 013d 13       		.uleb128 0x13
 848 013e 3F       		.uleb128 0x3f
 849 013f 19       		.uleb128 0x19
 850 0140 02       		.uleb128 0x2
 851 0141 18       		.uleb128 0x18
 852 0142 00       		.byte	0
 853 0143 00       		.byte	0
 854 0144 1A       		.uleb128 0x1a
 855 0145 21       		.uleb128 0x21
 856 0146 00       		.byte	0
 857 0147 49       		.uleb128 0x49
 858 0148 13       		.uleb128 0x13
 859 0149 2F       		.uleb128 0x2f
 860 014a 0B       		.uleb128 0xb
 861 014b 00       		.byte	0
 862 014c 00       		.byte	0
 863 014d 1B       		.uleb128 0x1b
 864 014e 2E       		.uleb128 0x2e
 865 014f 00       		.byte	0
 866 0150 3F       		.uleb128 0x3f
 867 0151 19       		.uleb128 0x19
 868 0152 3C       		.uleb128 0x3c
 869 0153 19       		.uleb128 0x19
 870 0154 6E       		.uleb128 0x6e
 871 0155 0E       		.uleb128 0xe
 872 0156 03       		.uleb128 0x3
 873 0157 0E       		.uleb128 0xe
ARM GAS  C:\Users\robom\AppData\Local\Temp\cc6cvnYy.s 			page 18


 874 0158 3A       		.uleb128 0x3a
 875 0159 0B       		.uleb128 0xb
 876 015a 3B       		.uleb128 0x3b
 877 015b 05       		.uleb128 0x5
 878 015c 00       		.byte	0
 879 015d 00       		.byte	0
 880 015e 1C       		.uleb128 0x1c
 881 015f 2E       		.uleb128 0x2e
 882 0160 00       		.byte	0
 883 0161 3F       		.uleb128 0x3f
 884 0162 19       		.uleb128 0x19
 885 0163 3C       		.uleb128 0x3c
 886 0164 19       		.uleb128 0x19
 887 0165 6E       		.uleb128 0x6e
 888 0166 0E       		.uleb128 0xe
 889 0167 03       		.uleb128 0x3
 890 0168 0E       		.uleb128 0xe
 891 0169 3A       		.uleb128 0x3a
 892 016a 0B       		.uleb128 0xb
 893 016b 3B       		.uleb128 0x3b
 894 016c 0B       		.uleb128 0xb
 895 016d 00       		.byte	0
 896 016e 00       		.byte	0
 897 016f 00       		.byte	0
 898              		.section	.debug_aranges,"",%progbits
 899 0000 1C000000 		.4byte	0x1c
 900 0004 0200     		.2byte	0x2
 901 0006 00000000 		.4byte	.Ldebug_info0
 902 000a 04       		.byte	0x4
 903 000b 00       		.byte	0
 904 000c 0000     		.2byte	0
 905 000e 0000     		.2byte	0
 906 0010 00000000 		.4byte	.LFB110
 907 0014 54000000 		.4byte	.LFE110-.LFB110
 908 0018 00000000 		.4byte	0
 909 001c 00000000 		.4byte	0
 910              		.section	.debug_ranges,"",%progbits
 911              	.Ldebug_ranges0:
 912 0000 00000000 		.4byte	.LFB110
 913 0004 54000000 		.4byte	.LFE110
 914 0008 00000000 		.4byte	0
 915 000c 00000000 		.4byte	0
 916              		.section	.debug_line,"",%progbits
 917              	.Ldebug_line0:
 918 0000 86020000 		.section	.debug_str,"MS",%progbits,1
 918      02006002 
 918      00000201 
 918      FB0E0D00 
 918      01010101 
 919              	.LASF36:
 920 0000 45455F73 		.ascii	"EE_std_endcycle_next_tid\000"
 920      74645F65 
 920      6E646379 
 920      636C655F 
 920      6E657874 
 921              	.LASF52:
 922 0019 46756E63 		.ascii	"Functsk_control\000"
ARM GAS  C:\Users\robom\AppData\Local\Temp\cc6cvnYy.s 			page 19


 922      74736B5F 
 922      636F6E74 
 922      726F6C00 
 923              	.LASF51:
 924 0029 433A5C55 		.ascii	"C:\\Users\\robom\\OneDrive\\University\\Darmstadt\\"
 924      73657273 
 924      5C726F62 
 924      6F6D5C4F 
 924      6E654472 
 925 0056 456D6265 		.ascii	"Embedded Architecture and Applications\\Labs\\Lab 2"
 925      64646564 
 925      20417263 
 925      68697465 
 925      63747572 
 926 0087 202D2045 		.ascii	" - Electronic Clock\\ElectronicClock.cydsn\000"
 926      6C656374 
 926      726F6E69 
 926      6320436C 
 926      6F636B5C 
 927              	.LASF44:
 928 00b1 45455F6F 		.ascii	"EE_oo_WaitEvent\000"
 928      6F5F5761 
 928      69744576 
 928      656E7400 
 929              	.LASF31:
 930 00c1 5254455F 		.ascii	"RTE_eventTable_t\000"
 930      6576656E 
 930      74546162 
 930      6C655F74 
 930      00
 931              	.LASF5:
 932 00d2 5F5F696E 		.ascii	"__int32_t\000"
 932      7433325F 
 932      7400
 933              	.LASF24:
 934 00dc 4576656E 		.ascii	"EventMaskType\000"
 934      744D6173 
 934      6B547970 
 934      6500
 935              	.LASF43:
 936 00ea 5254455F 		.ascii	"RTE_eventActivation_tsk_control_size\000"
 936      6576656E 
 936      74416374 
 936      69766174 
 936      696F6E5F 
 937              	.LASF16:
 938 010f 646F7562 		.ascii	"double\000"
 938      6C6500
 939              	.LASF34:
 940 0116 45455F6F 		.ascii	"EE_oo_IRQ_suspend_status\000"
 940      6F5F4952 
 940      515F7375 
 940      7370656E 
 940      645F7374 
 941              	.LASF23:
 942 012f 45455F54 		.ascii	"EE_TID\000"
 942      494400
ARM GAS  C:\Users\robom\AppData\Local\Temp\cc6cvnYy.s 			page 20


 943              	.LASF15:
 944 0136 666C6F61 		.ascii	"float\000"
 944      7400
 945              	.LASF42:
 946 013c 5254455F 		.ascii	"RTE_eventActivationTable_tsk_control\000"
 946      6576656E 
 946      74416374 
 946      69766174 
 946      696F6E54 
 947              	.LASF28:
 948 0161 6379636C 		.ascii	"cycleTime\000"
 948      6554696D 
 948      6500
 949              	.LASF1:
 950 016b 756E7369 		.ascii	"unsigned char\000"
 950      676E6564 
 950      20636861 
 950      7200
 951              	.LASF49:
 952 0179 474E5520 		.ascii	"GNU C11 5.4.1 20160609 (release) [ARM/embedded-5-br"
 952      43313120 
 952      352E342E 
 952      31203230 
 952      31363036 
 953 01ac 616E6368 		.ascii	"anch revision 237715] -mcpu=cortex-m3 -mthumb -g -O"
 953      20726576 
 953      6973696F 
 953      6E203233 
 953      37373135 
 954 01df 67202D66 		.ascii	"g -ffunction-sections -ffat-lto-objects\000"
 954      66756E63 
 954      74696F6E 
 954      2D736563 
 954      74696F6E 
 955              	.LASF19:
 956 0207 45455F49 		.ascii	"EE_INT32\000"
 956      4E543332 
 956      00
 957              	.LASF8:
 958 0210 6C6F6E67 		.ascii	"long unsigned int\000"
 958      20756E73 
 958      69676E65 
 958      6420696E 
 958      7400
 959              	.LASF41:
 960 0222 5254455F 		.ascii	"RTE_cyclicActivation_tsk_control_size\000"
 960      6379636C 
 960      69634163 
 960      74697661 
 960      74696F6E 
 961              	.LASF3:
 962 0248 73686F72 		.ascii	"short unsigned int\000"
 962      7420756E 
 962      7369676E 
 962      65642069 
 962      6E7400
 963              	.LASF33:
ARM GAS  C:\Users\robom\AppData\Local\Temp\cc6cvnYy.s 			page 21


 964 025b 45455F6F 		.ascii	"EE_oo_IRQ_disable_count\000"
 964      6F5F4952 
 964      515F6469 
 964      7361626C 
 964      655F636F 
 965              	.LASF38:
 966 0273 49544D5F 		.ascii	"ITM_RxBuffer\000"
 966      52784275 
 966      66666572 
 966      00
 967              	.LASF4:
 968 0280 5F5F7569 		.ascii	"__uint16_t\000"
 968      6E743136 
 968      5F7400
 969              	.LASF26:
 970 028b 5254455F 		.ascii	"RTE_event\000"
 970      6576656E 
 970      7400
 971              	.LASF39:
 972 0295 7373697A 		.ascii	"ssizetype\000"
 972      65747970 
 972      6500
 973              	.LASF46:
 974 029f 45455F6F 		.ascii	"EE_oo_ClearEvent\000"
 974      6F5F436C 
 974      65617245 
 974      76656E74 
 974      00
 975              	.LASF7:
 976 02b0 5F5F7569 		.ascii	"__uint32_t\000"
 976      6E743332 
 976      5F7400
 977              	.LASF40:
 978 02bb 5254455F 		.ascii	"RTE_cyclicActivationTable_tsk_control\000"
 978      6379636C 
 978      69634163 
 978      74697661 
 978      74696F6E 
 979              	.LASF30:
 980 02e1 6576656E 		.ascii	"event\000"
 980      7400
 981              	.LASF29:
 982 02e7 5254455F 		.ascii	"RTE_cyclicTable_t\000"
 982      6379636C 
 982      69635461 
 982      626C655F 
 982      7400
 983              	.LASF11:
 984 02f9 756E7369 		.ascii	"unsigned int\000"
 984      676E6564 
 984      20696E74 
 984      00
 985              	.LASF22:
 986 0306 45455F46 		.ascii	"EE_FREG\000"
 986      52454700 
 987              	.LASF20:
 988 030e 45455F55 		.ascii	"EE_UINT32\000"
ARM GAS  C:\Users\robom\AppData\Local\Temp\cc6cvnYy.s 			page 22


 988      494E5433 
 988      3200
 989              	.LASF32:
 990 0318 7469636B 		.ascii	"ticktime\000"
 990      74696D65 
 990      00
 991              	.LASF10:
 992 0321 6C6F6E67 		.ascii	"long long unsigned int\000"
 992      206C6F6E 
 992      6720756E 
 992      7369676E 
 992      65642069 
 993              	.LASF35:
 994 0338 45455F41 		.ascii	"EE_ApplicationMode\000"
 994      70706C69 
 994      63617469 
 994      6F6E4D6F 
 994      646500
 995              	.LASF48:
 996 034b 5254455F 		.ascii	"RTE_ProcessEventTable\000"
 996      50726F63 
 996      65737345 
 996      76656E74 
 996      5461626C 
 997              	.LASF13:
 998 0361 696E7433 		.ascii	"int32_t\000"
 998      325F7400 
 999              	.LASF25:
 1000 0369 73697A65 		.ascii	"sizetype\000"
 1000      74797065 
 1000      00
 1001              	.LASF9:
 1002 0372 6C6F6E67 		.ascii	"long long int\000"
 1002      206C6F6E 
 1002      6720696E 
 1002      7400
 1003              	.LASF17:
 1004 0380 63686172 		.ascii	"char\000"
 1004      00
 1005              	.LASF21:
 1006 0385 45455F55 		.ascii	"EE_UREG\000"
 1006      52454700 
 1007              	.LASF37:
 1008 038d 45455F49 		.ascii	"EE_IRQ_nesting_level\000"
 1008      52515F6E 
 1008      65737469 
 1008      6E675F6C 
 1008      6576656C 
 1009              	.LASF2:
 1010 03a2 73686F72 		.ascii	"short int\000"
 1010      7420696E 
 1010      7400
 1011              	.LASF12:
 1012 03ac 75696E74 		.ascii	"uint16_t\000"
 1012      31365F74 
 1012      00
 1013              	.LASF50:
ARM GAS  C:\Users\robom\AppData\Local\Temp\cc6cvnYy.s 			page 23


 1014 03b5 736F7572 		.ascii	"source\\asw\\tsk_control.c\000"
 1014      63655C61 
 1014      73775C74 
 1014      736B5F63 
 1014      6F6E7472 
 1015              	.LASF14:
 1016 03ce 75696E74 		.ascii	"uint32_t\000"
 1016      33325F74 
 1016      00
 1017              	.LASF6:
 1018 03d7 6C6F6E67 		.ascii	"long int\000"
 1018      20696E74 
 1018      00
 1019              	.LASF18:
 1020 03e0 6C6F6E67 		.ascii	"long double\000"
 1020      20646F75 
 1020      626C6500 
 1021              	.LASF0:
 1022 03ec 7369676E 		.ascii	"signed char\000"
 1022      65642063 
 1022      68617200 
 1023              	.LASF27:
 1024 03f8 5254455F 		.ascii	"RTE_pRunnable\000"
 1024      7052756E 
 1024      6E61626C 
 1024      6500
 1025              	.LASF45:
 1026 0406 45455F6F 		.ascii	"EE_oo_GetEvent\000"
 1026      6F5F4765 
 1026      74457665 
 1026      6E7400
 1027              	.LASF47:
 1028 0415 5254455F 		.ascii	"RTE_ProcessCyclicTable\000"
 1028      50726F63 
 1028      65737343 
 1028      79636C69 
 1028      63546162 
 1029              		.ident	"GCC: (GNU Tools for ARM Embedded Processors) 5.4.1 20160609 (release) [ARM/embedded-5-bran
