ARM GAS  C:\Users\mau_g\AppData\Local\Temp\ccUXRXth.s 			page 1


   1              		.syntax unified
   2              		.cpu cortex-m3
   3              		.fpu softvfp
   4              		.eabi_attribute 20, 1
   5              		.eabi_attribute 21, 1
   6              		.eabi_attribute 23, 3
   7              		.eabi_attribute 24, 1
   8              		.eabi_attribute 25, 1
   9              		.eabi_attribute 26, 1
  10              		.eabi_attribute 30, 1
  11              		.eabi_attribute 34, 1
  12              		.eabi_attribute 18, 4
  13              		.thumb
  14              		.syntax unified
  15              		.file	"ErikaOS_1_eecfg.c"
  16              		.text
  17              	.Ltext0:
  18              		.cfi_sections	.debug_frame
  19              		.global	EE_oo_autostart_task_data
  20              		.comm	EE_ApplicationMode,4,4
  21              		.global	EE_oo_action_ROM
  22              		.comm	EE_oo_counter_object_RAM,48,4
  23              		.global	EE_oo_counter_object_ROM
  24              		.global	EE_ALARM_ID
  25              		.global	EE_ALARM_NAME
  26              		.global	EE_alarm_ROM
  27              		.global	EE_counter_RAM
  28              		.global	EE_counter_ROM
  29              		.comm	EE_resource_oldceiling,4,4
  30              		.global	EE_resource_ceiling
  31              		.global	EE_resource_locked
  32              		.global	EE_resource_stack
  33              		.global	EE_th_resource_last
  34              		.global	EE_th_is_extended
  35              		.global	EE_th_waswaiting
  36              		.global	EE_th_event_waitmask
  37              		.global	EE_th_event_active
  38              		.global	EE_th_terminate_nextask
  39              		.global	EE_rq_free
  40              		.comm	EE_rq_pairs_tid,16,4
  41              		.global	EE_rq_pairs_next
  42              		.global	EE_rq_link
  43              		.global	EE_th_rnact_max
  44              		.global	EE_th_rnact
  45              		.global	EE_rq_bitmask
  46              		.global	EE_rq_queues_tail
  47              		.global	EE_rq_queues_head
  48              		.global	EE_sys_ceiling
  49              		.global	EE_stkfirst
  50              		.global	EE_th_next
  51              		.global	EE_th_status
  52              		.global	EE_th_dispatch_prio
  53              		.global	EE_EVENT_ID
  54              		.global	EE_EVENT_NAME
  55              		.global	EE_RESOURCE_ID
  56              		.global	EE_RESOURCE_NAME
  57              		.global	EE_TASK_NAME
ARM GAS  C:\Users\mau_g\AppData\Local\Temp\ccUXRXth.s 			page 2


  58              		.global	EE_th_ready_prio
  59              		.global	EE_terminate_real_th_body
  60              		.comm	EE_terminate_data,16,4
  61              		.global	EE_hal_thread_body
  62              		.global	EE_cortex_mx_IRQ_tos
  63              		.global	EE_cortex_mx_active_tos
  64              		.global	EE_cortex_mx_system_tos
  65              		.global	EE_std_thread_tos
  66              		.comm	EE_cortex_mx_stack_9,512,4
  67              		.comm	EE_cortex_mx_stack_4,800,4
  68              		.section	.rodata
  69              		.align	2
  70              		.type	EE_oo_autostart_task_data, %object
  71              		.size	EE_oo_autostart_task_data, 8
  72              	EE_oo_autostart_task_data:
  73 0000 01000000 		.word	1
  74 0004 08000000 		.word	EE_oo_autostart_task_mode_OSDEFAULTAPPMODE
  75              		.type	EE_oo_autostart_task_mode_OSDEFAULTAPPMODE, %object
  76              		.size	EE_oo_autostart_task_mode_OSDEFAULTAPPMODE, 4
  77              	EE_oo_autostart_task_mode_OSDEFAULTAPPMODE:
  78 0008 00000000 		.space	4
  79              		.type	EE_oo_action_ROM, %object
  80              		.size	EE_oo_action_ROM, 60
  81              	EE_oo_action_ROM:
  82 000c 00       		.byte	0
  83 000d 000000   		.space	3
  84 0010 02000000 		.word	2
  85 0014 00000000 		.word	0
  86 0018 00000000 		.word	0
  87 001c FFFFFFFF 		.word	-1
  88 0020 03       		.byte	3
  89 0021 000000   		.space	3
  90 0024 00000000 		.word	0
  91 0028 00000000 		.word	0
  92 002c 00000000 		.word	clbk_250ms
  93 0030 FFFFFFFF 		.word	-1
  94 0034 03       		.byte	3
  95 0035 000000   		.space	3
  96 0038 00000000 		.word	0
  97 003c 00000000 		.word	0
  98 0040 00000000 		.word	clbk_1s
  99 0044 FFFFFFFF 		.word	-1
 100              		.type	EE_oo_counter_object_ROM, %object
 101              		.size	EE_oo_counter_object_ROM, 36
 102              	EE_oo_counter_object_ROM:
 103 0048 00000000 		.word	0
 104 004c 00000000 		.word	0
 105 0050 00       		.byte	0
 106 0051 000000   		.space	3
 107 0054 00000000 		.word	0
 108 0058 01000000 		.word	1
 109 005c 00       		.byte	0
 110 005d 000000   		.space	3
 111 0060 00000000 		.word	0
 112 0064 02000000 		.word	2
 113 0068 00       		.byte	0
 114 0069 000000   		.space	3
ARM GAS  C:\Users\mau_g\AppData\Local\Temp\ccUXRXth.s 			page 3


 115              		.type	EE_ALARM_ID, %object
 116              		.size	EE_ALARM_ID, 12
 117              	EE_ALARM_ID:
 118 006c 00000000 		.word	0
 119 0070 01000000 		.word	1
 120 0074 02000000 		.word	2
 121              		.type	EE_alarm_ROM, %object
 122              		.size	EE_alarm_ROM, 12
 123              	EE_alarm_ROM:
 124 0078 00000000 		.word	0
 125 007c 01000000 		.word	1
 126 0080 02000000 		.word	2
 127              		.type	EE_counter_ROM, %object
 128              		.size	EE_counter_ROM, 12
 129              	EE_counter_ROM:
 130 0084 10270000 		.word	10000
 131 0088 01000000 		.word	1
 132 008c 00000000 		.word	0
 133              		.type	EE_resource_ceiling, %object
 134              		.size	EE_resource_ceiling, 4
 135              	EE_resource_ceiling:
 136 0090 10000000 		.word	16
 137              		.type	EE_th_is_extended, %object
 138              		.size	EE_th_is_extended, 16
 139              	EE_th_is_extended:
 140 0094 00000000 		.word	0
 141 0098 00000000 		.word	0
 142 009c 00000000 		.word	0
 143 00a0 01000000 		.word	1
 144              		.type	EE_th_rnact_max, %object
 145              		.size	EE_th_rnact_max, 16
 146              	EE_th_rnact_max:
 147 00a4 01000000 		.word	1
 148 00a8 01000000 		.word	1
 149 00ac 01000000 		.word	1
 150 00b0 01000000 		.word	1
 151              		.type	EE_th_dispatch_prio, %object
 152              		.size	EE_th_dispatch_prio, 16
 153              	EE_th_dispatch_prio:
 154 00b4 80000000 		.word	128
 155 00b8 01000000 		.word	1
 156 00bc 10000000 		.word	16
 157 00c0 10000000 		.word	16
 158              		.type	EE_EVENT_ID, %object
 159              		.size	EE_EVENT_ID, 8
 160              	EE_EVENT_ID:
 161 00c4 01000000 		.word	1
 162 00c8 02000000 		.word	2
 163              		.type	EE_RESOURCE_ID, %object
 164              		.size	EE_RESOURCE_ID, 4
 165              	EE_RESOURCE_ID:
 166 00cc 00000000 		.space	4
 167              		.type	EE_th_ready_prio, %object
 168              		.size	EE_th_ready_prio, 16
 169              	EE_th_ready_prio:
 170 00d0 01000000 		.word	1
 171 00d4 01000000 		.word	1
ARM GAS  C:\Users\mau_g\AppData\Local\Temp\ccUXRXth.s 			page 4


 172 00d8 10000000 		.word	16
 173 00dc 10000000 		.word	16
 174              		.type	EE_terminate_real_th_body, %object
 175              		.size	EE_terminate_real_th_body, 16
 176              	EE_terminate_real_th_body:
 177 00e0 00000000 		.word	Functsk_init
 178 00e4 00000000 		.word	Functsk_background
 179 00e8 00000000 		.word	Functsk_io
 180 00ec 00000000 		.word	Functsk_control
 181              		.type	EE_hal_thread_body, %object
 182              		.size	EE_hal_thread_body, 16
 183              	EE_hal_thread_body:
 184 00f0 00000000 		.word	EE_oo_thread_stub
 185 00f4 00000000 		.word	EE_oo_thread_stub
 186 00f8 00000000 		.word	EE_oo_thread_stub
 187 00fc 00000000 		.word	EE_oo_thread_stub
 188              		.type	EE_std_thread_tos, %object
 189              		.size	EE_std_thread_tos, 20
 190              	EE_std_thread_tos:
 191 0100 00000000 		.word	0
 192 0104 00000000 		.word	0
 193 0108 00000000 		.word	0
 194 010c 00000000 		.word	0
 195 0110 01000000 		.word	1
 196              		.data
 197              		.align	2
 198              		.type	EE_ALARM_NAME, %object
 199              		.size	EE_ALARM_NAME, 12
 200              	EE_ALARM_NAME:
 201 0000 00000000 		.word	.LC0
 202 0004 0C000000 		.word	.LC1
 203 0008 18000000 		.word	.LC2
 204              		.type	EE_counter_RAM, %object
 205              		.size	EE_counter_RAM, 8
 206              	EE_counter_RAM:
 207 000c 00000000 		.word	0
 208 0010 FFFFFFFF 		.word	-1
 209              		.type	EE_resource_stack, %object
 210              		.size	EE_resource_stack, 4
 211              	EE_resource_stack:
 212 0014 FFFFFFFF 		.word	-1
 213              		.type	EE_th_resource_last, %object
 214              		.size	EE_th_resource_last, 16
 215              	EE_th_resource_last:
 216 0018 FFFFFFFF 		.word	-1
 217 001c FFFFFFFF 		.word	-1
 218 0020 FFFFFFFF 		.word	-1
 219 0024 FFFFFFFF 		.word	-1
 220              		.type	EE_th_terminate_nextask, %object
 221              		.size	EE_th_terminate_nextask, 16
 222              	EE_th_terminate_nextask:
 223 0028 FFFFFFFF 		.word	-1
 224 002c FFFFFFFF 		.word	-1
 225 0030 FFFFFFFF 		.word	-1
 226 0034 FFFFFFFF 		.word	-1
 227              		.type	EE_rq_pairs_next, %object
 228              		.size	EE_rq_pairs_next, 16
ARM GAS  C:\Users\mau_g\AppData\Local\Temp\ccUXRXth.s 			page 5


 229              	EE_rq_pairs_next:
 230 0038 01000000 		.word	1
 231 003c 02000000 		.word	2
 232 0040 03000000 		.word	3
 233 0044 FFFFFFFF 		.word	-1
 234              		.type	EE_rq_link, %object
 235              		.size	EE_rq_link, 16
 236              	EE_rq_link:
 237 0048 00000000 		.word	0
 238 004c 00000000 		.word	0
 239 0050 04000000 		.word	4
 240 0054 04000000 		.word	4
 241              		.type	EE_th_rnact, %object
 242              		.size	EE_th_rnact, 16
 243              	EE_th_rnact:
 244 0058 01000000 		.word	1
 245 005c 01000000 		.word	1
 246 0060 01000000 		.word	1
 247 0064 01000000 		.word	1
 248              		.type	EE_rq_queues_tail, %object
 249              		.size	EE_rq_queues_tail, 64
 250              	EE_rq_queues_tail:
 251 0068 FFFFFFFF 		.word	-1
 252 006c FFFFFFFF 		.word	-1
 253 0070 FFFFFFFF 		.word	-1
 254 0074 FFFFFFFF 		.word	-1
 255 0078 FFFFFFFF 		.word	-1
 256 007c FFFFFFFF 		.word	-1
 257 0080 FFFFFFFF 		.word	-1
 258 0084 FFFFFFFF 		.word	-1
 259 0088 FFFFFFFF 		.word	-1
 260 008c FFFFFFFF 		.word	-1
 261 0090 FFFFFFFF 		.word	-1
 262 0094 FFFFFFFF 		.word	-1
 263 0098 FFFFFFFF 		.word	-1
 264 009c FFFFFFFF 		.word	-1
 265 00a0 FFFFFFFF 		.word	-1
 266 00a4 FFFFFFFF 		.word	-1
 267              		.type	EE_rq_queues_head, %object
 268              		.size	EE_rq_queues_head, 64
 269              	EE_rq_queues_head:
 270 00a8 FFFFFFFF 		.word	-1
 271 00ac FFFFFFFF 		.word	-1
 272 00b0 FFFFFFFF 		.word	-1
 273 00b4 FFFFFFFF 		.word	-1
 274 00b8 FFFFFFFF 		.word	-1
 275 00bc FFFFFFFF 		.word	-1
 276 00c0 FFFFFFFF 		.word	-1
 277 00c4 FFFFFFFF 		.word	-1
 278 00c8 FFFFFFFF 		.word	-1
 279 00cc FFFFFFFF 		.word	-1
 280 00d0 FFFFFFFF 		.word	-1
 281 00d4 FFFFFFFF 		.word	-1
 282 00d8 FFFFFFFF 		.word	-1
 283 00dc FFFFFFFF 		.word	-1
 284 00e0 FFFFFFFF 		.word	-1
 285 00e4 FFFFFFFF 		.word	-1
ARM GAS  C:\Users\mau_g\AppData\Local\Temp\ccUXRXth.s 			page 6


 286              		.type	EE_stkfirst, %object
 287              		.size	EE_stkfirst, 4
 288              	EE_stkfirst:
 289 00e8 FFFFFFFF 		.word	-1
 290              		.type	EE_th_next, %object
 291              		.size	EE_th_next, 16
 292              	EE_th_next:
 293 00ec FFFFFFFF 		.word	-1
 294 00f0 FFFFFFFF 		.word	-1
 295 00f4 FFFFFFFF 		.word	-1
 296 00f8 FFFFFFFF 		.word	-1
 297              		.type	EE_th_status, %object
 298              		.size	EE_th_status, 16
 299              	EE_th_status:
 300 00fc 03000000 		.word	3
 301 0100 03000000 		.word	3
 302 0104 03000000 		.word	3
 303 0108 03000000 		.word	3
 304              		.type	EE_EVENT_NAME, %object
 305              		.size	EE_EVENT_NAME, 8
 306              	EE_EVENT_NAME:
 307 010c 20000000 		.word	.LC3
 308 0110 2C000000 		.word	.LC4
 309              		.type	EE_RESOURCE_NAME, %object
 310              		.size	EE_RESOURCE_NAME, 4
 311              	EE_RESOURCE_NAME:
 312 0114 34000000 		.word	.LC5
 313              		.type	EE_TASK_NAME, %object
 314              		.size	EE_TASK_NAME, 16
 315              	EE_TASK_NAME:
 316 0118 44000000 		.word	.LC6
 317 011c 50000000 		.word	.LC7
 318 0120 60000000 		.word	.LC8
 319 0124 68000000 		.word	.LC9
 320              		.type	EE_cortex_mx_IRQ_tos, %object
 321              		.size	EE_cortex_mx_IRQ_tos, 4
 322              	EE_cortex_mx_IRQ_tos:
 323 0128 00020000 		.word	EE_cortex_mx_stack_9+512
 324              		.type	EE_cortex_mx_system_tos, %object
 325              		.size	EE_cortex_mx_system_tos, 8
 326              	EE_cortex_mx_system_tos:
 327 012c 00000000 		.word	0
 328 0130 F8020000 		.word	EE_cortex_mx_stack_4+760
 329              		.section	.rodata.str1.4,"aMS",%progbits,1
 330              		.align	2
 331              	.LC0:
 332 0000 616C726D 		.ascii	"alrm_cyclic\000"
 332      5F637963 
 332      6C696300 
 333              	.LC1:
 334 000c 616C726D 		.ascii	"alrm_250ms\000"
 334      5F323530 
 334      6D7300
 335 0017 00       		.space	1
 336              	.LC2:
 337 0018 616C726D 		.ascii	"alrm_1s\000"
 337      5F317300 
ARM GAS  C:\Users\mau_g\AppData\Local\Temp\ccUXRXth.s 			page 7


 338              	.LC3:
 339 0020 65765F6F 		.ascii	"ev_onUpdate\000"
 339      6E557064 
 339      61746500 
 340              	.LC4:
 341 002c 65765F31 		.ascii	"ev_1ms\000"
 341      6D7300
 342 0033 00       		.space	1
 343              	.LC5:
 344 0034 7265735F 		.ascii	"res_My_Resource\000"
 344      4D795F52 
 344      65736F75 
 344      72636500 
 345              	.LC6:
 346 0044 74736B5F 		.ascii	"tsk_init\000"
 346      696E6974 
 346      00
 347 004d 000000   		.space	3
 348              	.LC7:
 349 0050 74736B5F 		.ascii	"tsk_background\000"
 349      6261636B 
 349      67726F75 
 349      6E6400
 350 005f 00       		.space	1
 351              	.LC8:
 352 0060 74736B5F 		.ascii	"tsk_io\000"
 352      696F00
 353 0067 00       		.space	1
 354              	.LC9:
 355 0068 74736B5F 		.ascii	"tsk_control\000"
 355      636F6E74 
 355      726F6C00 
 356              		.bss
 357              		.align	2
 358              		.type	EE_resource_locked, %object
 359              		.size	EE_resource_locked, 4
 360              	EE_resource_locked:
 361 0000 00000000 		.space	4
 362              		.type	EE_th_waswaiting, %object
 363              		.size	EE_th_waswaiting, 16
 364              	EE_th_waswaiting:
 365 0004 00000000 		.space	16
 365      00000000 
 365      00000000 
 365      00000000 
 366              		.type	EE_th_event_waitmask, %object
 367              		.size	EE_th_event_waitmask, 16
 368              	EE_th_event_waitmask:
 369 0014 00000000 		.space	16
 369      00000000 
 369      00000000 
 369      00000000 
 370              		.type	EE_th_event_active, %object
 371              		.size	EE_th_event_active, 16
 372              	EE_th_event_active:
 373 0024 00000000 		.space	16
 373      00000000 
ARM GAS  C:\Users\mau_g\AppData\Local\Temp\ccUXRXth.s 			page 8


 373      00000000 
 373      00000000 
 374              		.type	EE_rq_free, %object
 375              		.size	EE_rq_free, 4
 376              	EE_rq_free:
 377 0034 00000000 		.space	4
 378              		.type	EE_rq_bitmask, %object
 379              		.size	EE_rq_bitmask, 2
 380              	EE_rq_bitmask:
 381 0038 0000     		.space	2
 382 003a 0000     		.space	2
 383              		.type	EE_sys_ceiling, %object
 384              		.size	EE_sys_ceiling, 4
 385              	EE_sys_ceiling:
 386 003c 00000000 		.space	4
 387              		.type	EE_cortex_mx_active_tos, %object
 388              		.size	EE_cortex_mx_active_tos, 4
 389              	EE_cortex_mx_active_tos:
 390 0040 00000000 		.space	4
 391              		.text
 392              	.Letext0:
 393              		.file 1 "Generated_Source\\PSoC5\\ErikaOS_1_common_ee_types.inc"
 394              		.file 2 "Generated_Source\\PSoC5\\ErikaOS_1_cortex_mx_ee_cpu.inc"
 395              		.file 3 "Generated_Source\\PSoC5\\ErikaOS_1_ee_oo_common.inc"
 396              		.file 4 "Generated_Source\\PSoC5\\ErikaOS_1_common_ee_hal_structs.inc"
 397              		.file 5 "Generated_Source\\PSoC5\\ErikaOS_1_eecfg.c"
 398              		.file 6 "Generated_Source\\PSoC5\\ErikaOS_1_ee_oo_intfunc.inc"
 399              		.file 7 "Generated_Source\\PSoC5\\ErikaOS_1_cortex_mx_ee_context.inc"
 400              		.file 8 "Generated_Source\\PSoC5\\ErikaOS_1_common_ee_primitives.inc"
 401              		.section	.debug_info,"",%progbits
 402              	.Ldebug_info0:
 403 0000 8A090000 		.4byte	0x98a
 404 0004 0400     		.2byte	0x4
 405 0006 00000000 		.4byte	.Ldebug_abbrev0
 406 000a 04       		.byte	0x4
 407 000b 01       		.uleb128 0x1
 408 000c 8E050000 		.4byte	.LASF119
 409 0010 0C       		.byte	0xc
 410 0011 C4070000 		.4byte	.LASF120
 411 0015 E7040000 		.4byte	.LASF121
 412 0019 00000000 		.4byte	.Ldebug_line0
 413 001d 02       		.uleb128 0x2
 414 001e 01       		.byte	0x1
 415 001f 06       		.byte	0x6
 416 0020 43010000 		.4byte	.LASF0
 417 0024 02       		.uleb128 0x2
 418 0025 01       		.byte	0x1
 419 0026 08       		.byte	0x8
 420 0027 A2040000 		.4byte	.LASF1
 421 002b 02       		.uleb128 0x2
 422 002c 02       		.byte	0x2
 423 002d 05       		.byte	0x5
 424 002e 86030000 		.4byte	.LASF2
 425 0032 02       		.uleb128 0x2
 426 0033 02       		.byte	0x2
 427 0034 07       		.byte	0x7
 428 0035 BE020000 		.4byte	.LASF3
ARM GAS  C:\Users\mau_g\AppData\Local\Temp\ccUXRXth.s 			page 9


 429 0039 02       		.uleb128 0x2
 430 003a 04       		.byte	0x4
 431 003b 05       		.byte	0x5
 432 003c E1010000 		.4byte	.LASF4
 433 0040 02       		.uleb128 0x2
 434 0041 04       		.byte	0x4
 435 0042 07       		.byte	0x7
 436 0043 7C020000 		.4byte	.LASF5
 437 0047 02       		.uleb128 0x2
 438 0048 08       		.byte	0x8
 439 0049 05       		.byte	0x5
 440 004a 35010000 		.4byte	.LASF6
 441 004e 02       		.uleb128 0x2
 442 004f 08       		.byte	0x8
 443 0050 07       		.byte	0x7
 444 0051 92000000 		.4byte	.LASF7
 445 0055 03       		.uleb128 0x3
 446 0056 04       		.byte	0x4
 447 0057 05       		.byte	0x5
 448 0058 696E7400 		.ascii	"int\000"
 449 005c 02       		.uleb128 0x2
 450 005d 04       		.byte	0x4
 451 005e 07       		.byte	0x7
 452 005f 44020000 		.4byte	.LASF8
 453 0063 02       		.uleb128 0x2
 454 0064 08       		.byte	0x8
 455 0065 04       		.byte	0x4
 456 0066 F0030000 		.4byte	.LASF9
 457 006a 04       		.uleb128 0x4
 458 006b 6F040000 		.4byte	.LASF10
 459 006f 01       		.byte	0x1
 460 0070 52       		.byte	0x52
 461 0071 32000000 		.4byte	0x32
 462 0075 04       		.uleb128 0x4
 463 0076 A9070000 		.4byte	.LASF11
 464 007a 01       		.byte	0x1
 465 007b 53       		.byte	0x53
 466 007c 55000000 		.4byte	0x55
 467 0080 04       		.uleb128 0x4
 468 0081 9F070000 		.4byte	.LASF12
 469 0085 01       		.byte	0x1
 470 0086 54       		.byte	0x54
 471 0087 5C000000 		.4byte	0x5c
 472 008b 04       		.uleb128 0x4
 473 008c 30080000 		.4byte	.LASF13
 474 0090 01       		.byte	0x1
 475 0091 64       		.byte	0x64
 476 0092 96000000 		.4byte	0x96
 477 0096 05       		.uleb128 0x5
 478 0097 04       		.byte	0x4
 479 0098 06       		.uleb128 0x6
 480 0099 04       		.byte	0x4
 481 009a 9E000000 		.4byte	0x9e
 482 009e 07       		.uleb128 0x7
 483 009f 04       		.uleb128 0x4
 484 00a0 69030000 		.4byte	.LASF14
 485 00a4 01       		.byte	0x1
ARM GAS  C:\Users\mau_g\AppData\Local\Temp\ccUXRXth.s 			page 10


 486 00a5 70       		.byte	0x70
 487 00a6 98000000 		.4byte	0x98
 488 00aa 04       		.uleb128 0x4
 489 00ab 28060000 		.4byte	.LASF15
 490 00af 01       		.byte	0x1
 491 00b0 73       		.byte	0x73
 492 00b1 98000000 		.4byte	0x98
 493 00b5 04       		.uleb128 0x4
 494 00b6 51020000 		.4byte	.LASF16
 495 00ba 02       		.byte	0x2
 496 00bb 4D       		.byte	0x4d
 497 00bc 80000000 		.4byte	0x80
 498 00c0 04       		.uleb128 0x4
 499 00c1 12040000 		.4byte	.LASF17
 500 00c5 02       		.byte	0x2
 501 00c6 4E       		.byte	0x4e
 502 00c7 75000000 		.4byte	0x75
 503 00cb 04       		.uleb128 0x4
 504 00cc 4A080000 		.4byte	.LASF18
 505 00d0 02       		.byte	0x2
 506 00d1 4F       		.byte	0x4f
 507 00d2 80000000 		.4byte	0x80
 508 00d6 04       		.uleb128 0x4
 509 00d7 71000000 		.4byte	.LASF19
 510 00db 02       		.byte	0x2
 511 00dc 54       		.byte	0x54
 512 00dd B5000000 		.4byte	0xb5
 513 00e1 04       		.uleb128 0x4
 514 00e2 37020000 		.4byte	.LASF20
 515 00e6 02       		.byte	0x2
 516 00e7 78       		.byte	0x78
 517 00e8 75000000 		.4byte	0x75
 518 00ec 08       		.uleb128 0x8
 519 00ed E7000000 		.4byte	.LASF61
 520 00f1 04       		.byte	0x4
 521 00f2 04       		.byte	0x4
 522 00f3 4D       		.byte	0x4d
 523 00f4 05010000 		.4byte	0x105
 524 00f8 09       		.uleb128 0x9
 525 00f9 09080000 		.4byte	.LASF28
 526 00fd 04       		.byte	0x4
 527 00fe 4E       		.byte	0x4e
 528 00ff 8B000000 		.4byte	0x8b
 529 0103 00       		.byte	0
 530 0104 00       		.byte	0
 531 0105 0A       		.uleb128 0xa
 532 0106 D7030000 		.4byte	.LASF21
 533 010a 03       		.byte	0x3
 534 010b 1101     		.2byte	0x111
 535 010d 6A000000 		.4byte	0x6a
 536 0111 0A       		.uleb128 0xa
 537 0112 DE000000 		.4byte	.LASF22
 538 0116 03       		.byte	0x3
 539 0117 F701     		.2byte	0x1f7
 540 0119 E1000000 		.4byte	0xe1
 541 011d 0A       		.uleb128 0xa
 542 011e 66010000 		.4byte	.LASF23
ARM GAS  C:\Users\mau_g\AppData\Local\Temp\ccUXRXth.s 			page 11


 543 0122 03       		.byte	0x3
 544 0123 2C02     		.2byte	0x22c
 545 0125 B5000000 		.4byte	0xb5
 546 0129 0A       		.uleb128 0xa
 547 012a 42000000 		.4byte	.LASF24
 548 012e 03       		.byte	0x3
 549 012f 3502     		.2byte	0x235
 550 0131 B5000000 		.4byte	0xb5
 551 0135 0A       		.uleb128 0xa
 552 0136 93060000 		.4byte	.LASF25
 553 013a 03       		.byte	0x3
 554 013b 5D02     		.2byte	0x25d
 555 013d B5000000 		.4byte	0xb5
 556 0141 0A       		.uleb128 0xa
 557 0142 66000000 		.4byte	.LASF26
 558 0146 03       		.byte	0x3
 559 0147 6302     		.2byte	0x263
 560 0149 B5000000 		.4byte	0xb5
 561 014d 0A       		.uleb128 0xa
 562 014e 7A030000 		.4byte	.LASF27
 563 0152 03       		.byte	0x3
 564 0153 6C02     		.2byte	0x26c
 565 0155 B5000000 		.4byte	0xb5
 566 0159 0B       		.uleb128 0xb
 567 015a 0C       		.byte	0xc
 568 015b 03       		.byte	0x3
 569 015c 7202     		.2byte	0x272
 570 015e 8A010000 		.4byte	0x18a
 571 0162 0C       		.uleb128 0xc
 572 0163 EE000000 		.4byte	.LASF29
 573 0167 03       		.byte	0x3
 574 0168 7302     		.2byte	0x273
 575 016a 29010000 		.4byte	0x129
 576 016e 00       		.byte	0
 577 016f 0C       		.uleb128 0xc
 578 0170 1A040000 		.4byte	.LASF30
 579 0174 03       		.byte	0x3
 580 0175 7402     		.2byte	0x274
 581 0177 29010000 		.4byte	0x129
 582 017b 04       		.byte	0x4
 583 017c 0C       		.uleb128 0xc
 584 017d 2E020000 		.4byte	.LASF31
 585 0181 03       		.byte	0x3
 586 0182 7502     		.2byte	0x275
 587 0184 29010000 		.4byte	0x129
 588 0188 08       		.byte	0x8
 589 0189 00       		.byte	0
 590 018a 0A       		.uleb128 0xa
 591 018b 77050000 		.4byte	.LASF32
 592 018f 03       		.byte	0x3
 593 0190 7A02     		.2byte	0x27a
 594 0192 59010000 		.4byte	0x159
 595 0196 0B       		.uleb128 0xb
 596 0197 08       		.byte	0x8
 597 0198 03       		.byte	0x3
 598 0199 7D02     		.2byte	0x27d
 599 019b BA010000 		.4byte	0x1ba
ARM GAS  C:\Users\mau_g\AppData\Local\Temp\ccUXRXth.s 			page 12


 600 019f 0C       		.uleb128 0xc
 601 01a0 3E020000 		.4byte	.LASF33
 602 01a4 03       		.byte	0x3
 603 01a5 7E02     		.2byte	0x27e
 604 01a7 29010000 		.4byte	0x129
 605 01ab 00       		.byte	0
 606 01ac 0C       		.uleb128 0xc
 607 01ad 8D060000 		.4byte	.LASF34
 608 01b1 03       		.byte	0x3
 609 01b2 7F02     		.2byte	0x27f
 610 01b4 35010000 		.4byte	0x135
 611 01b8 04       		.byte	0x4
 612 01b9 00       		.byte	0
 613 01ba 0A       		.uleb128 0xa
 614 01bb A7010000 		.4byte	.LASF35
 615 01bf 03       		.byte	0x3
 616 01c0 8002     		.2byte	0x280
 617 01c2 96010000 		.4byte	0x196
 618 01c6 0D       		.uleb128 0xd
 619 01c7 01       		.byte	0x1
 620 01c8 24000000 		.4byte	0x24
 621 01cc 03       		.byte	0x3
 622 01cd 8A02     		.2byte	0x28a
 623 01cf E0010000 		.4byte	0x1e0
 624 01d3 0E       		.uleb128 0xe
 625 01d4 B0040000 		.4byte	.LASF36
 626 01d8 00       		.byte	0
 627 01d9 0E       		.uleb128 0xe
 628 01da 79040000 		.4byte	.LASF37
 629 01de 01       		.byte	0x1
 630 01df 00       		.byte	0
 631 01e0 0A       		.uleb128 0xa
 632 01e1 E9020000 		.4byte	.LASF38
 633 01e5 03       		.byte	0x3
 634 01e6 8D02     		.2byte	0x28d
 635 01e8 C6010000 		.4byte	0x1c6
 636 01ec 0A       		.uleb128 0xa
 637 01ed 15030000 		.4byte	.LASF39
 638 01f1 03       		.byte	0x3
 639 01f2 9002     		.2byte	0x290
 640 01f4 E0010000 		.4byte	0x1e0
 641 01f8 0B       		.uleb128 0xb
 642 01f9 0C       		.byte	0xc
 643 01fa 03       		.byte	0x3
 644 01fb 9402     		.2byte	0x294
 645 01fd 27020000 		.4byte	0x227
 646 0201 0F       		.uleb128 0xf
 647 0202 6300     		.ascii	"c\000"
 648 0204 03       		.byte	0x3
 649 0205 9602     		.2byte	0x296
 650 0207 4D010000 		.4byte	0x14d
 651 020b 00       		.byte	0
 652 020c 0C       		.uleb128 0xc
 653 020d EA060000 		.4byte	.LASF40
 654 0211 03       		.byte	0x3
 655 0212 9802     		.2byte	0x298
 656 0214 35010000 		.4byte	0x135
ARM GAS  C:\Users\mau_g\AppData\Local\Temp\ccUXRXth.s 			page 13


 657 0218 04       		.byte	0x4
 658 0219 0C       		.uleb128 0xc
 659 021a B9020000 		.4byte	.LASF41
 660 021e 03       		.byte	0x3
 661 021f 9A02     		.2byte	0x29a
 662 0221 EC010000 		.4byte	0x1ec
 663 0225 08       		.byte	0x8
 664 0226 00       		.byte	0
 665 0227 0A       		.uleb128 0xa
 666 0228 AF000000 		.4byte	.LASF42
 667 022c 03       		.byte	0x3
 668 022d 9B02     		.2byte	0x29b
 669 022f F8010000 		.4byte	0x1f8
 670 0233 0B       		.uleb128 0xb
 671 0234 10       		.byte	0x10
 672 0235 03       		.byte	0x3
 673 0236 9F02     		.2byte	0x29f
 674 0238 71020000 		.4byte	0x271
 675 023c 0C       		.uleb128 0xc
 676 023d 27040000 		.4byte	.LASF43
 677 0241 03       		.byte	0x3
 678 0242 A002     		.2byte	0x2a0
 679 0244 D6000000 		.4byte	0xd6
 680 0248 00       		.byte	0
 681 0249 0C       		.uleb128 0xc
 682 024a 00080000 		.4byte	.LASF44
 683 024e 03       		.byte	0x3
 684 024f A102     		.2byte	0x2a1
 685 0251 29010000 		.4byte	0x129
 686 0255 04       		.byte	0x4
 687 0256 0C       		.uleb128 0xc
 688 0257 A9000000 		.4byte	.LASF45
 689 025b 03       		.byte	0x3
 690 025c A202     		.2byte	0x2a2
 691 025e 29010000 		.4byte	0x129
 692 0262 08       		.byte	0x8
 693 0263 0C       		.uleb128 0xc
 694 0264 25000000 		.4byte	.LASF46
 695 0268 03       		.byte	0x3
 696 0269 A302     		.2byte	0x2a3
 697 026b 35010000 		.4byte	0x135
 698 026f 0C       		.byte	0xc
 699 0270 00       		.byte	0
 700 0271 0A       		.uleb128 0xa
 701 0272 2C040000 		.4byte	.LASF47
 702 0276 03       		.byte	0x3
 703 0277 A402     		.2byte	0x2a4
 704 0279 33020000 		.4byte	0x233
 705 027d 0D       		.uleb128 0xd
 706 027e 01       		.byte	0x1
 707 027f 24000000 		.4byte	0x24
 708 0283 03       		.byte	0x3
 709 0284 A702     		.2byte	0x2a7
 710 0286 A3020000 		.4byte	0x2a3
 711 028a 0E       		.uleb128 0xe
 712 028b AA060000 		.4byte	.LASF48
 713 028f 00       		.byte	0
ARM GAS  C:\Users\mau_g\AppData\Local\Temp\ccUXRXth.s 			page 14


 714 0290 0E       		.uleb128 0xe
 715 0291 F2060000 		.4byte	.LASF49
 716 0295 01       		.byte	0x1
 717 0296 0E       		.uleb128 0xe
 718 0297 C9060000 		.4byte	.LASF50
 719 029b 02       		.byte	0x2
 720 029c 0E       		.uleb128 0xe
 721 029d 5A060000 		.4byte	.LASF51
 722 02a1 03       		.byte	0x3
 723 02a2 00       		.byte	0
 724 02a3 0A       		.uleb128 0xa
 725 02a4 4F010000 		.4byte	.LASF52
 726 02a8 03       		.byte	0x3
 727 02a9 AC02     		.2byte	0x2ac
 728 02ab 7D020000 		.4byte	0x27d
 729 02af 0A       		.uleb128 0xa
 730 02b0 4E070000 		.4byte	.LASF53
 731 02b4 03       		.byte	0x3
 732 02b5 AF02     		.2byte	0x2af
 733 02b7 A3020000 		.4byte	0x2a3
 734 02bb 0B       		.uleb128 0xb
 735 02bc 14       		.byte	0x14
 736 02bd 03       		.byte	0x3
 737 02be B202     		.2byte	0x2b2
 738 02c0 04030000 		.4byte	0x304
 739 02c4 0C       		.uleb128 0xc
 740 02c5 24070000 		.4byte	.LASF54
 741 02c9 03       		.byte	0x3
 742 02ca B302     		.2byte	0x2b3
 743 02cc AF020000 		.4byte	0x2af
 744 02d0 00       		.byte	0
 745 02d1 0C       		.uleb128 0xc
 746 02d2 11080000 		.4byte	.LASF55
 747 02d6 03       		.byte	0x3
 748 02d7 B402     		.2byte	0x2b4
 749 02d9 11010000 		.4byte	0x111
 750 02dd 04       		.byte	0x4
 751 02de 0C       		.uleb128 0xc
 752 02df 1C060000 		.4byte	.LASF56
 753 02e3 03       		.byte	0x3
 754 02e4 B602     		.2byte	0x2b6
 755 02e6 1D010000 		.4byte	0x11d
 756 02ea 08       		.byte	0x8
 757 02eb 0F       		.uleb128 0xf
 758 02ec 6600     		.ascii	"f\000"
 759 02ee 03       		.byte	0x3
 760 02ef B802     		.2byte	0x2b8
 761 02f1 9F000000 		.4byte	0x9f
 762 02f5 0C       		.byte	0xc
 763 02f6 0C       		.uleb128 0xc
 764 02f7 DE040000 		.4byte	.LASF57
 765 02fb 03       		.byte	0x3
 766 02fc BA02     		.2byte	0x2ba
 767 02fe 4D010000 		.4byte	0x14d
 768 0302 10       		.byte	0x10
 769 0303 00       		.byte	0
 770 0304 0A       		.uleb128 0xa
ARM GAS  C:\Users\mau_g\AppData\Local\Temp\ccUXRXth.s 			page 15


 771 0305 59040000 		.4byte	.LASF58
 772 0309 03       		.byte	0x3
 773 030a BB02     		.2byte	0x2bb
 774 030c BB020000 		.4byte	0x2bb
 775 0310 0B       		.uleb128 0xb
 776 0311 04       		.byte	0x4
 777 0312 03       		.byte	0x3
 778 0313 BD02     		.2byte	0x2bd
 779 0315 27030000 		.4byte	0x327
 780 0319 0C       		.uleb128 0xc
 781 031a A9030000 		.4byte	.LASF59
 782 031e 03       		.byte	0x3
 783 031f BF02     		.2byte	0x2bf
 784 0321 41010000 		.4byte	0x141
 785 0325 00       		.byte	0
 786 0326 00       		.byte	0
 787 0327 0A       		.uleb128 0xa
 788 0328 59020000 		.4byte	.LASF60
 789 032c 03       		.byte	0x3
 790 032d C402     		.2byte	0x2c4
 791 032f 10030000 		.4byte	0x310
 792 0333 10       		.uleb128 0x10
 793 0334 9F020000 		.4byte	.LASF62
 794 0338 08       		.byte	0x8
 795 0339 03       		.byte	0x3
 796 033a 0E04     		.2byte	0x40e
 797 033c 5A030000 		.4byte	0x35a
 798 0340 0F       		.uleb128 0xf
 799 0341 6E7400   		.ascii	"nt\000"
 800 0344 03       		.byte	0x3
 801 0345 0F04     		.2byte	0x40f
 802 0347 B5000000 		.4byte	0xb5
 803 034b 00       		.byte	0
 804 034c 0C       		.uleb128 0xc
 805 034d 30070000 		.4byte	.LASF63
 806 0351 03       		.byte	0x3
 807 0352 1004     		.2byte	0x410
 808 0354 6A030000 		.4byte	0x36a
 809 0358 04       		.byte	0x4
 810 0359 00       		.byte	0
 811 035a 11       		.uleb128 0x11
 812 035b 65030000 		.4byte	0x365
 813 035f 65030000 		.4byte	0x365
 814 0363 12       		.uleb128 0x12
 815 0364 00       		.byte	0
 816 0365 13       		.uleb128 0x13
 817 0366 E1000000 		.4byte	0xe1
 818 036a 06       		.uleb128 0x6
 819 036b 04       		.byte	0x4
 820 036c 5A030000 		.4byte	0x35a
 821 0370 11       		.uleb128 0x11
 822 0371 65030000 		.4byte	0x365
 823 0375 80030000 		.4byte	0x380
 824 0379 14       		.uleb128 0x14
 825 037a 80030000 		.4byte	0x380
 826 037e 00       		.byte	0
 827 037f 00       		.byte	0
ARM GAS  C:\Users\mau_g\AppData\Local\Temp\ccUXRXth.s 			page 16


 828 0380 02       		.uleb128 0x2
 829 0381 04       		.byte	0x4
 830 0382 07       		.byte	0x7
 831 0383 E7030000 		.4byte	.LASF64
 832 0387 15       		.uleb128 0x15
 833 0388 FE000000 		.4byte	.LASF122
 834 038c 05       		.byte	0x5
 835 038d 6507     		.2byte	0x765
 836 038f 99030000 		.4byte	0x399
 837 0393 05       		.uleb128 0x5
 838 0394 03       		.byte	0x3
 839 0395 08000000 		.4byte	EE_oo_autostart_task_mode_OSDEFAULTAPPMODE
 840 0399 13       		.uleb128 0x13
 841 039a 70030000 		.4byte	0x370
 842 039e 11       		.uleb128 0x11
 843 039f AE030000 		.4byte	0x3ae
 844 03a3 AE030000 		.4byte	0x3ae
 845 03a7 14       		.uleb128 0x14
 846 03a8 80030000 		.4byte	0x380
 847 03ac 03       		.byte	0x3
 848 03ad 00       		.byte	0
 849 03ae 13       		.uleb128 0x13
 850 03af AA000000 		.4byte	0xaa
 851 03b3 16       		.uleb128 0x16
 852 03b4 02070000 		.4byte	.LASF65
 853 03b8 05       		.byte	0x5
 854 03b9 D2       		.byte	0xd2
 855 03ba C4030000 		.4byte	0x3c4
 856 03be 05       		.uleb128 0x5
 857 03bf 03       		.byte	0x3
 858 03c0 00000000 		.4byte	EE_hal_thread_body
 859 03c4 13       		.uleb128 0x13
 860 03c5 9E030000 		.4byte	0x39e
 861 03c9 11       		.uleb128 0x11
 862 03ca D9030000 		.4byte	0x3d9
 863 03ce D9030000 		.4byte	0x3d9
 864 03d2 14       		.uleb128 0x14
 865 03d3 80030000 		.4byte	0x380
 866 03d7 04       		.byte	0x4
 867 03d8 00       		.byte	0
 868 03d9 13       		.uleb128 0x13
 869 03da B5000000 		.4byte	0xb5
 870 03de 16       		.uleb128 0x16
 871 03df 48060000 		.4byte	.LASF66
 872 03e3 05       		.byte	0x5
 873 03e4 71       		.byte	0x71
 874 03e5 EF030000 		.4byte	0x3ef
 875 03e9 05       		.uleb128 0x5
 876 03ea 03       		.byte	0x3
 877 03eb 00000000 		.4byte	EE_std_thread_tos
 878 03ef 13       		.uleb128 0x13
 879 03f0 C9030000 		.4byte	0x3c9
 880 03f4 11       		.uleb128 0x11
 881 03f5 80000000 		.4byte	0x80
 882 03f9 04040000 		.4byte	0x404
 883 03fd 14       		.uleb128 0x14
 884 03fe 80030000 		.4byte	0x380
ARM GAS  C:\Users\mau_g\AppData\Local\Temp\ccUXRXth.s 			page 17


 885 0402 03       		.byte	0x3
 886 0403 00       		.byte	0
 887 0404 16       		.uleb128 0x16
 888 0405 B2070000 		.4byte	.LASF67
 889 0409 05       		.byte	0x5
 890 040a ED       		.byte	0xed
 891 040b F4030000 		.4byte	0x3f4
 892 040f 05       		.uleb128 0x5
 893 0410 03       		.byte	0x3
 894 0411 00000000 		.4byte	EE_terminate_data
 895 0415 16       		.uleb128 0x16
 896 0416 C4040000 		.4byte	.LASF68
 897 041a 05       		.byte	0x5
 898 041b F0       		.byte	0xf0
 899 041c 26040000 		.4byte	0x426
 900 0420 05       		.uleb128 0x5
 901 0421 03       		.byte	0x3
 902 0422 00000000 		.4byte	EE_terminate_real_th_body
 903 0426 13       		.uleb128 0x13
 904 0427 9E030000 		.4byte	0x39e
 905 042b 11       		.uleb128 0x11
 906 042c EC000000 		.4byte	0xec
 907 0430 3B040000 		.4byte	0x43b
 908 0434 14       		.uleb128 0x14
 909 0435 80030000 		.4byte	0x380
 910 0439 01       		.byte	0x1
 911 043a 00       		.byte	0
 912 043b 16       		.uleb128 0x16
 913 043c 8A040000 		.4byte	.LASF69
 914 0440 05       		.byte	0x5
 915 0441 8D       		.byte	0x8d
 916 0442 2B040000 		.4byte	0x42b
 917 0446 05       		.uleb128 0x5
 918 0447 03       		.byte	0x3
 919 0448 00000000 		.4byte	EE_cortex_mx_system_tos
 920 044c 16       		.uleb128 0x16
 921 044d 8F010000 		.4byte	.LASF70
 922 0451 05       		.byte	0x5
 923 0452 A9       		.byte	0xa9
 924 0453 B5000000 		.4byte	0xb5
 925 0457 05       		.uleb128 0x5
 926 0458 03       		.byte	0x3
 927 0459 00000000 		.4byte	EE_cortex_mx_active_tos
 928 045d 11       		.uleb128 0x11
 929 045e D9030000 		.4byte	0x3d9
 930 0462 6D040000 		.4byte	0x46d
 931 0466 14       		.uleb128 0x14
 932 0467 80030000 		.4byte	0x380
 933 046b 03       		.byte	0x3
 934 046c 00       		.byte	0
 935 046d 17       		.uleb128 0x17
 936 046e B9060000 		.4byte	.LASF71
 937 0472 05       		.byte	0x5
 938 0473 E202     		.2byte	0x2e2
 939 0475 7F040000 		.4byte	0x47f
 940 0479 05       		.uleb128 0x5
 941 047a 03       		.byte	0x3
ARM GAS  C:\Users\mau_g\AppData\Local\Temp\ccUXRXth.s 			page 18


 942 047b 00000000 		.4byte	EE_th_rnact_max
 943 047f 13       		.uleb128 0x13
 944 0480 5D040000 		.4byte	0x45d
 945 0484 17       		.uleb128 0x17
 946 0485 5D070000 		.4byte	.LASF72
 947 0489 05       		.byte	0x5
 948 048a 0C01     		.2byte	0x10c
 949 048c 96040000 		.4byte	0x496
 950 0490 05       		.uleb128 0x5
 951 0491 03       		.byte	0x3
 952 0492 00000000 		.4byte	EE_th_ready_prio
 953 0496 13       		.uleb128 0x13
 954 0497 5D040000 		.4byte	0x45d
 955 049b 17       		.uleb128 0x17
 956 049c 2B030000 		.4byte	.LASF73
 957 04a0 05       		.byte	0x5
 958 04a1 4502     		.2byte	0x245
 959 04a3 AD040000 		.4byte	0x4ad
 960 04a7 05       		.uleb128 0x5
 961 04a8 03       		.byte	0x3
 962 04a9 00000000 		.4byte	EE_th_dispatch_prio
 963 04ad 13       		.uleb128 0x13
 964 04ae 5D040000 		.4byte	0x45d
 965 04b2 11       		.uleb128 0x11
 966 04b3 C2040000 		.4byte	0x4c2
 967 04b7 C2040000 		.4byte	0x4c2
 968 04bb 14       		.uleb128 0x14
 969 04bc 80030000 		.4byte	0x380
 970 04c0 03       		.byte	0x3
 971 04c1 00       		.byte	0
 972 04c2 06       		.uleb128 0x6
 973 04c3 04       		.byte	0x4
 974 04c4 CF040000 		.4byte	0x4cf
 975 04c8 02       		.uleb128 0x2
 976 04c9 01       		.byte	0x1
 977 04ca 08       		.byte	0x8
 978 04cb A5060000 		.4byte	.LASF74
 979 04cf 13       		.uleb128 0x13
 980 04d0 C8040000 		.4byte	0x4c8
 981 04d4 17       		.uleb128 0x17
 982 04d5 6A050000 		.4byte	.LASF75
 983 04d9 05       		.byte	0x5
 984 04da 2801     		.2byte	0x128
 985 04dc B2040000 		.4byte	0x4b2
 986 04e0 05       		.uleb128 0x5
 987 04e1 03       		.byte	0x3
 988 04e2 00000000 		.4byte	EE_TASK_NAME
 989 04e6 11       		.uleb128 0x11
 990 04e7 C2040000 		.4byte	0x4c2
 991 04eb F6040000 		.4byte	0x4f6
 992 04ef 14       		.uleb128 0x14
 993 04f0 80030000 		.4byte	0x380
 994 04f4 01       		.byte	0x1
 995 04f5 00       		.byte	0
 996 04f6 17       		.uleb128 0x17
 997 04f7 74010000 		.4byte	.LASF76
 998 04fb 05       		.byte	0x5
ARM GAS  C:\Users\mau_g\AppData\Local\Temp\ccUXRXth.s 			page 19


 999 04fc 8101     		.2byte	0x181
 1000 04fe E6040000 		.4byte	0x4e6
 1001 0502 05       		.uleb128 0x5
 1002 0503 03       		.byte	0x3
 1003 0504 00000000 		.4byte	EE_EVENT_NAME
 1004 0508 11       		.uleb128 0x11
 1005 0509 C2040000 		.4byte	0x4c2
 1006 050d 18050000 		.4byte	0x518
 1007 0511 14       		.uleb128 0x14
 1008 0512 80030000 		.4byte	0x380
 1009 0516 02       		.byte	0x2
 1010 0517 00       		.byte	0
 1011 0518 17       		.uleb128 0x17
 1012 0519 6E020000 		.4byte	.LASF77
 1013 051d 05       		.byte	0x5
 1014 051e 3D06     		.2byte	0x63d
 1015 0520 08050000 		.4byte	0x508
 1016 0524 05       		.uleb128 0x5
 1017 0525 03       		.byte	0x3
 1018 0526 00000000 		.4byte	EE_ALARM_NAME
 1019 052a 11       		.uleb128 0x11
 1020 052b C2040000 		.4byte	0x4c2
 1021 052f 3A050000 		.4byte	0x53a
 1022 0533 14       		.uleb128 0x14
 1023 0534 80030000 		.4byte	0x380
 1024 0538 00       		.byte	0
 1025 0539 00       		.byte	0
 1026 053a 17       		.uleb128 0x17
 1027 053b 00000000 		.4byte	.LASF78
 1028 053f 05       		.byte	0x5
 1029 0540 4601     		.2byte	0x146
 1030 0542 2A050000 		.4byte	0x52a
 1031 0546 05       		.uleb128 0x5
 1032 0547 03       		.byte	0x3
 1033 0548 00000000 		.4byte	EE_RESOURCE_NAME
 1034 054c 11       		.uleb128 0x11
 1035 054d 5C050000 		.4byte	0x55c
 1036 0551 5C050000 		.4byte	0x55c
 1037 0555 14       		.uleb128 0x14
 1038 0556 80030000 		.4byte	0x380
 1039 055a 00       		.byte	0
 1040 055b 00       		.byte	0
 1041 055c 13       		.uleb128 0x13
 1042 055d 40000000 		.4byte	0x40
 1043 0561 17       		.uleb128 0x17
 1044 0562 4B000000 		.4byte	.LASF79
 1045 0566 05       		.byte	0x5
 1046 0567 6201     		.2byte	0x162
 1047 0569 73050000 		.4byte	0x573
 1048 056d 05       		.uleb128 0x5
 1049 056e 03       		.byte	0x3
 1050 056f 00000000 		.4byte	EE_RESOURCE_ID
 1051 0573 13       		.uleb128 0x13
 1052 0574 4C050000 		.4byte	0x54c
 1053 0578 11       		.uleb128 0x11
 1054 0579 5C050000 		.4byte	0x55c
 1055 057d 88050000 		.4byte	0x588
ARM GAS  C:\Users\mau_g\AppData\Local\Temp\ccUXRXth.s 			page 20


 1056 0581 14       		.uleb128 0x14
 1057 0582 80030000 		.4byte	0x380
 1058 0586 01       		.byte	0x1
 1059 0587 00       		.byte	0
 1060 0588 17       		.uleb128 0x17
 1061 0589 D5010000 		.4byte	.LASF80
 1062 058d 05       		.byte	0x5
 1063 058e E201     		.2byte	0x1e2
 1064 0590 9A050000 		.4byte	0x59a
 1065 0594 05       		.uleb128 0x5
 1066 0595 03       		.byte	0x3
 1067 0596 00000000 		.4byte	EE_EVENT_ID
 1068 059a 13       		.uleb128 0x13
 1069 059b 78050000 		.4byte	0x578
 1070 059f 11       		.uleb128 0x11
 1071 05a0 5C050000 		.4byte	0x55c
 1072 05a4 AF050000 		.4byte	0x5af
 1073 05a8 14       		.uleb128 0x14
 1074 05a9 80030000 		.4byte	0x380
 1075 05ad 02       		.byte	0x2
 1076 05ae 00       		.byte	0
 1077 05af 17       		.uleb128 0x17
 1078 05b0 29010000 		.4byte	.LASF81
 1079 05b4 05       		.byte	0x5
 1080 05b5 5906     		.2byte	0x659
 1081 05b7 C1050000 		.4byte	0x5c1
 1082 05bb 05       		.uleb128 0x5
 1083 05bc 03       		.byte	0x3
 1084 05bd 00000000 		.4byte	EE_ALARM_ID
 1085 05c1 13       		.uleb128 0x13
 1086 05c2 9F050000 		.4byte	0x59f
 1087 05c6 11       		.uleb128 0x11
 1088 05c7 B5000000 		.4byte	0xb5
 1089 05cb D6050000 		.4byte	0x5d6
 1090 05cf 14       		.uleb128 0x14
 1091 05d0 80030000 		.4byte	0x380
 1092 05d4 03       		.byte	0x3
 1093 05d5 00       		.byte	0
 1094 05d6 17       		.uleb128 0x17
 1095 05d7 08030000 		.4byte	.LASF82
 1096 05db 05       		.byte	0x5
 1097 05dc 8102     		.2byte	0x281
 1098 05de C6050000 		.4byte	0x5c6
 1099 05e2 05       		.uleb128 0x5
 1100 05e3 03       		.byte	0x3
 1101 05e4 00000000 		.4byte	EE_th_status
 1102 05e8 11       		.uleb128 0x11
 1103 05e9 E1000000 		.4byte	0xe1
 1104 05ed F8050000 		.4byte	0x5f8
 1105 05f1 14       		.uleb128 0x14
 1106 05f2 80030000 		.4byte	0x380
 1107 05f6 03       		.byte	0x3
 1108 05f7 00       		.byte	0
 1109 05f8 17       		.uleb128 0x17
 1110 05f9 B9040000 		.4byte	.LASF83
 1111 05fd 05       		.byte	0x5
 1112 05fe 9D02     		.2byte	0x29d
ARM GAS  C:\Users\mau_g\AppData\Local\Temp\ccUXRXth.s 			page 21


 1113 0600 E8050000 		.4byte	0x5e8
 1114 0604 05       		.uleb128 0x5
 1115 0605 03       		.byte	0x3
 1116 0606 00000000 		.4byte	EE_th_next
 1117 060a 17       		.uleb128 0x17
 1118 060b 6E070000 		.4byte	.LASF84
 1119 060f 05       		.byte	0x5
 1120 0610 C702     		.2byte	0x2c7
 1121 0612 C6050000 		.4byte	0x5c6
 1122 0616 05       		.uleb128 0x5
 1123 0617 03       		.byte	0x3
 1124 0618 00000000 		.4byte	EE_th_rnact
 1125 061c 17       		.uleb128 0x17
 1126 061d 2A000000 		.4byte	.LASF85
 1127 0621 05       		.byte	0x5
 1128 0622 7703     		.2byte	0x377
 1129 0624 E8050000 		.4byte	0x5e8
 1130 0628 05       		.uleb128 0x5
 1131 0629 03       		.byte	0x3
 1132 062a 00000000 		.4byte	EE_th_terminate_nextask
 1133 062e 17       		.uleb128 0x17
 1134 062f 5A000000 		.4byte	.LASF86
 1135 0633 05       		.byte	0x5
 1136 0634 B902     		.2byte	0x2b9
 1137 0636 E1000000 		.4byte	0xe1
 1138 063a 05       		.uleb128 0x5
 1139 063b 03       		.byte	0x3
 1140 063c 00000000 		.4byte	EE_stkfirst
 1141 0640 17       		.uleb128 0x17
 1142 0641 15070000 		.4byte	.LASF87
 1143 0645 05       		.byte	0x5
 1144 0646 BC02     		.2byte	0x2bc
 1145 0648 B5000000 		.4byte	0xb5
 1146 064c 05       		.uleb128 0x5
 1147 064d 03       		.byte	0x3
 1148 064e 00000000 		.4byte	EE_sys_ceiling
 1149 0652 17       		.uleb128 0x17
 1150 0653 07040000 		.4byte	.LASF88
 1151 0657 05       		.byte	0x5
 1152 0658 FD02     		.2byte	0x2fd
 1153 065a C6050000 		.4byte	0x5c6
 1154 065e 05       		.uleb128 0x5
 1155 065f 03       		.byte	0x3
 1156 0660 00000000 		.4byte	EE_rq_link
 1157 0664 11       		.uleb128 0x11
 1158 0665 C0000000 		.4byte	0xc0
 1159 0669 74060000 		.4byte	0x674
 1160 066d 14       		.uleb128 0x14
 1161 066e 80030000 		.4byte	0x380
 1162 0672 0F       		.byte	0xf
 1163 0673 00       		.byte	0
 1164 0674 17       		.uleb128 0x17
 1165 0675 EA010000 		.4byte	.LASF89
 1166 0679 05       		.byte	0x5
 1167 067a BF02     		.2byte	0x2bf
 1168 067c 64060000 		.4byte	0x664
 1169 0680 05       		.uleb128 0x5
ARM GAS  C:\Users\mau_g\AppData\Local\Temp\ccUXRXth.s 			page 22


 1170 0681 03       		.byte	0x3
 1171 0682 00000000 		.4byte	EE_rq_queues_head
 1172 0686 17       		.uleb128 0x17
 1173 0687 36060000 		.4byte	.LASF90
 1174 068b 05       		.byte	0x5
 1175 068c C102     		.2byte	0x2c1
 1176 068e 64060000 		.4byte	0x664
 1177 0692 05       		.uleb128 0x5
 1178 0693 03       		.byte	0x3
 1179 0694 00000000 		.4byte	EE_rq_queues_tail
 1180 0698 11       		.uleb128 0x11
 1181 0699 C0000000 		.4byte	0xc0
 1182 069d A8060000 		.4byte	0x6a8
 1183 06a1 14       		.uleb128 0x14
 1184 06a2 80030000 		.4byte	0x380
 1185 06a6 03       		.byte	0x3
 1186 06a7 00       		.byte	0
 1187 06a8 17       		.uleb128 0x17
 1188 06a9 CD000000 		.4byte	.LASF91
 1189 06ad 05       		.byte	0x5
 1190 06ae 1B03     		.2byte	0x31b
 1191 06b0 98060000 		.4byte	0x698
 1192 06b4 05       		.uleb128 0x5
 1193 06b5 03       		.byte	0x3
 1194 06b6 00000000 		.4byte	EE_rq_pairs_next
 1195 06ba 17       		.uleb128 0x17
 1196 06bb 7A070000 		.4byte	.LASF92
 1197 06bf 05       		.byte	0x5
 1198 06c0 7003     		.2byte	0x370
 1199 06c2 E8050000 		.4byte	0x5e8
 1200 06c6 05       		.uleb128 0x5
 1201 06c7 03       		.byte	0x3
 1202 06c8 00000000 		.4byte	EE_rq_pairs_tid
 1203 06cc 17       		.uleb128 0x17
 1204 06cd 6D060000 		.4byte	.LASF93
 1205 06d1 05       		.byte	0x5
 1206 06d2 C402     		.2byte	0x2c4
 1207 06d4 05010000 		.4byte	0x105
 1208 06d8 05       		.uleb128 0x5
 1209 06d9 03       		.byte	0x3
 1210 06da 00000000 		.4byte	EE_rq_bitmask
 1211 06de 17       		.uleb128 0x17
 1212 06df FC030000 		.4byte	.LASF94
 1213 06e3 05       		.byte	0x5
 1214 06e4 7303     		.2byte	0x373
 1215 06e6 C0000000 		.4byte	0xc0
 1216 06ea 05       		.uleb128 0x5
 1217 06eb 03       		.byte	0x3
 1218 06ec 00000000 		.4byte	EE_rq_free
 1219 06f0 17       		.uleb128 0x17
 1220 06f1 ED070000 		.4byte	.LASF95
 1221 06f5 05       		.byte	0x5
 1222 06f6 9A03     		.2byte	0x39a
 1223 06f8 C6050000 		.4byte	0x5c6
 1224 06fc 05       		.uleb128 0x5
 1225 06fd 03       		.byte	0x3
 1226 06fe 00000000 		.4byte	EE_th_event_active
ARM GAS  C:\Users\mau_g\AppData\Local\Temp\ccUXRXth.s 			page 23


 1227 0702 17       		.uleb128 0x17
 1228 0703 3B050000 		.4byte	.LASF96
 1229 0707 05       		.byte	0x5
 1230 0708 B603     		.2byte	0x3b6
 1231 070a C6050000 		.4byte	0x5c6
 1232 070e 05       		.uleb128 0x5
 1233 070f 03       		.byte	0x3
 1234 0710 00000000 		.4byte	EE_th_event_waitmask
 1235 0714 11       		.uleb128 0x11
 1236 0715 D6000000 		.4byte	0xd6
 1237 0719 24070000 		.4byte	0x724
 1238 071d 14       		.uleb128 0x14
 1239 071e 80030000 		.4byte	0x380
 1240 0722 03       		.byte	0x3
 1241 0723 00       		.byte	0
 1242 0724 17       		.uleb128 0x17
 1243 0725 8E020000 		.4byte	.LASF97
 1244 0729 05       		.byte	0x5
 1245 072a D203     		.2byte	0x3d2
 1246 072c 14070000 		.4byte	0x714
 1247 0730 05       		.uleb128 0x5
 1248 0731 03       		.byte	0x3
 1249 0732 00000000 		.4byte	EE_th_waswaiting
 1250 0736 17       		.uleb128 0x17
 1251 0737 38080000 		.4byte	.LASF98
 1252 073b 05       		.byte	0x5
 1253 073c EE03     		.2byte	0x3ee
 1254 073e 48070000 		.4byte	0x748
 1255 0742 05       		.uleb128 0x5
 1256 0743 03       		.byte	0x3
 1257 0744 00000000 		.4byte	EE_th_is_extended
 1258 0748 13       		.uleb128 0x13
 1259 0749 5D040000 		.4byte	0x45d
 1260 074d 11       		.uleb128 0x11
 1261 074e D9030000 		.4byte	0x3d9
 1262 0752 5D070000 		.4byte	0x75d
 1263 0756 14       		.uleb128 0x14
 1264 0757 80030000 		.4byte	0x380
 1265 075b 00       		.byte	0
 1266 075c 00       		.byte	0
 1267 075d 17       		.uleb128 0x17
 1268 075e 52080000 		.4byte	.LASF99
 1269 0762 05       		.byte	0x5
 1270 0763 B504     		.2byte	0x4b5
 1271 0765 6F070000 		.4byte	0x76f
 1272 0769 05       		.uleb128 0x5
 1273 076a 03       		.byte	0x3
 1274 076b 00000000 		.4byte	EE_resource_ceiling
 1275 076f 13       		.uleb128 0x13
 1276 0770 4D070000 		.4byte	0x74d
 1277 0774 11       		.uleb128 0x11
 1278 0775 B5000000 		.4byte	0xb5
 1279 0779 84070000 		.4byte	0x784
 1280 077d 14       		.uleb128 0x14
 1281 077e 80030000 		.4byte	0x380
 1282 0782 00       		.byte	0
 1283 0783 00       		.byte	0
ARM GAS  C:\Users\mau_g\AppData\Local\Temp\ccUXRXth.s 			page 24


 1284 0784 17       		.uleb128 0x17
 1285 0785 BE010000 		.4byte	.LASF100
 1286 0789 05       		.byte	0x5
 1287 078a F404     		.2byte	0x4f4
 1288 078c 74070000 		.4byte	0x774
 1289 0790 05       		.uleb128 0x5
 1290 0791 03       		.byte	0x3
 1291 0792 00000000 		.4byte	EE_resource_oldceiling
 1292 0796 11       		.uleb128 0x11
 1293 0797 D6000000 		.4byte	0xd6
 1294 079b A6070000 		.4byte	0x7a6
 1295 079f 14       		.uleb128 0x14
 1296 07a0 80030000 		.4byte	0x380
 1297 07a4 00       		.byte	0
 1298 07a5 00       		.byte	0
 1299 07a6 17       		.uleb128 0x17
 1300 07a7 1D080000 		.4byte	.LASF101
 1301 07ab 05       		.byte	0x5
 1302 07ac 9404     		.2byte	0x494
 1303 07ae 96070000 		.4byte	0x796
 1304 07b2 05       		.uleb128 0x5
 1305 07b3 03       		.byte	0x3
 1306 07b4 00000000 		.4byte	EE_resource_locked
 1307 07b8 17       		.uleb128 0x17
 1308 07b9 11000000 		.4byte	.LASF102
 1309 07bd 05       		.byte	0x5
 1310 07be 3704     		.2byte	0x437
 1311 07c0 C6050000 		.4byte	0x5c6
 1312 07c4 05       		.uleb128 0x5
 1313 07c5 03       		.byte	0x3
 1314 07c6 00000000 		.4byte	EE_th_resource_last
 1315 07ca 17       		.uleb128 0x17
 1316 07cb 7B060000 		.4byte	.LASF103
 1317 07cf 05       		.byte	0x5
 1318 07d0 7004     		.2byte	0x470
 1319 07d2 74070000 		.4byte	0x774
 1320 07d6 05       		.uleb128 0x5
 1321 07d7 03       		.byte	0x3
 1322 07d8 00000000 		.4byte	EE_resource_stack
 1323 07dc 11       		.uleb128 0x11
 1324 07dd EC070000 		.4byte	0x7ec
 1325 07e1 EC070000 		.4byte	0x7ec
 1326 07e5 14       		.uleb128 0x14
 1327 07e6 80030000 		.4byte	0x380
 1328 07ea 00       		.byte	0
 1329 07eb 00       		.byte	0
 1330 07ec 13       		.uleb128 0x13
 1331 07ed 8A010000 		.4byte	0x18a
 1332 07f1 17       		.uleb128 0x17
 1333 07f2 4A040000 		.4byte	.LASF104
 1334 07f6 05       		.byte	0x5
 1335 07f7 FF05     		.2byte	0x5ff
 1336 07f9 03080000 		.4byte	0x803
 1337 07fd 05       		.uleb128 0x5
 1338 07fe 03       		.byte	0x3
 1339 07ff 00000000 		.4byte	EE_counter_ROM
 1340 0803 13       		.uleb128 0x13
ARM GAS  C:\Users\mau_g\AppData\Local\Temp\ccUXRXth.s 			page 25


 1341 0804 DC070000 		.4byte	0x7dc
 1342 0808 11       		.uleb128 0x11
 1343 0809 18080000 		.4byte	0x818
 1344 080d 18080000 		.4byte	0x818
 1345 0811 14       		.uleb128 0x14
 1346 0812 80030000 		.4byte	0x380
 1347 0816 02       		.byte	0x2
 1348 0817 00       		.byte	0
 1349 0818 13       		.uleb128 0x13
 1350 0819 27020000 		.4byte	0x227
 1351 081d 17       		.uleb128 0x17
 1352 081e 90030000 		.4byte	.LASF105
 1353 0822 05       		.byte	0x5
 1354 0823 9606     		.2byte	0x696
 1355 0825 2F080000 		.4byte	0x82f
 1356 0829 05       		.uleb128 0x5
 1357 082a 03       		.byte	0x3
 1358 082b 00000000 		.4byte	EE_oo_counter_object_ROM
 1359 082f 13       		.uleb128 0x13
 1360 0830 08080000 		.4byte	0x808
 1361 0834 11       		.uleb128 0x11
 1362 0835 44080000 		.4byte	0x844
 1363 0839 44080000 		.4byte	0x844
 1364 083d 14       		.uleb128 0x14
 1365 083e 80030000 		.4byte	0x380
 1366 0842 02       		.byte	0x2
 1367 0843 00       		.byte	0
 1368 0844 13       		.uleb128 0x13
 1369 0845 04030000 		.4byte	0x304
 1370 0849 17       		.uleb128 0x17
 1371 084a C6030000 		.4byte	.LASF106
 1372 084e 05       		.byte	0x5
 1373 084f BA06     		.2byte	0x6ba
 1374 0851 5B080000 		.4byte	0x85b
 1375 0855 05       		.uleb128 0x5
 1376 0856 03       		.byte	0x3
 1377 0857 00000000 		.4byte	EE_oo_action_ROM
 1378 085b 13       		.uleb128 0x13
 1379 085c 34080000 		.4byte	0x834
 1380 0860 11       		.uleb128 0x11
 1381 0861 70080000 		.4byte	0x870
 1382 0865 70080000 		.4byte	0x870
 1383 0869 14       		.uleb128 0x14
 1384 086a 80030000 		.4byte	0x380
 1385 086e 02       		.byte	0x2
 1386 086f 00       		.byte	0
 1387 0870 13       		.uleb128 0x13
 1388 0871 27030000 		.4byte	0x327
 1389 0875 17       		.uleb128 0x17
 1390 0876 82010000 		.4byte	.LASF107
 1391 087a 05       		.byte	0x5
 1392 087b 2006     		.2byte	0x620
 1393 087d 87080000 		.4byte	0x887
 1394 0881 05       		.uleb128 0x5
 1395 0882 03       		.byte	0x3
 1396 0883 00000000 		.4byte	EE_alarm_ROM
 1397 0887 13       		.uleb128 0x13
ARM GAS  C:\Users\mau_g\AppData\Local\Temp\ccUXRXth.s 			page 26


 1398 0888 60080000 		.4byte	0x860
 1399 088c 11       		.uleb128 0x11
 1400 088d BA010000 		.4byte	0x1ba
 1401 0891 9C080000 		.4byte	0x89c
 1402 0895 14       		.uleb128 0x14
 1403 0896 80030000 		.4byte	0x380
 1404 089a 00       		.byte	0
 1405 089b 00       		.byte	0
 1406 089c 17       		.uleb128 0x17
 1407 089d DB060000 		.4byte	.LASF108
 1408 08a1 05       		.byte	0x5
 1409 08a2 0C06     		.2byte	0x60c
 1410 08a4 8C080000 		.4byte	0x88c
 1411 08a8 05       		.uleb128 0x5
 1412 08a9 03       		.byte	0x3
 1413 08aa 00000000 		.4byte	EE_counter_RAM
 1414 08ae 11       		.uleb128 0x11
 1415 08af 71020000 		.4byte	0x271
 1416 08b3 BE080000 		.4byte	0x8be
 1417 08b7 14       		.uleb128 0x14
 1418 08b8 80030000 		.4byte	0x380
 1419 08bc 02       		.byte	0x2
 1420 08bd 00       		.byte	0
 1421 08be 17       		.uleb128 0x17
 1422 08bf 35070000 		.4byte	.LASF109
 1423 08c3 05       		.byte	0x5
 1424 08c4 B106     		.2byte	0x6b1
 1425 08c6 AE080000 		.4byte	0x8ae
 1426 08ca 05       		.uleb128 0x5
 1427 08cb 03       		.byte	0x3
 1428 08cc 00000000 		.4byte	EE_oo_counter_object_RAM
 1429 08d0 11       		.uleb128 0x11
 1430 08d1 E0080000 		.4byte	0x8e0
 1431 08d5 E0080000 		.4byte	0x8e0
 1432 08d9 14       		.uleb128 0x14
 1433 08da 80030000 		.4byte	0x380
 1434 08de 00       		.byte	0
 1435 08df 00       		.byte	0
 1436 08e0 13       		.uleb128 0x13
 1437 08e1 33030000 		.4byte	0x333
 1438 08e5 17       		.uleb128 0x17
 1439 08e6 50050000 		.4byte	.LASF110
 1440 08ea 05       		.byte	0x5
 1441 08eb 9607     		.2byte	0x796
 1442 08ed F7080000 		.4byte	0x8f7
 1443 08f1 05       		.uleb128 0x5
 1444 08f2 03       		.byte	0x3
 1445 08f3 00000000 		.4byte	EE_oo_autostart_task_data
 1446 08f7 13       		.uleb128 0x13
 1447 08f8 D0080000 		.4byte	0x8d0
 1448 08fc 18       		.uleb128 0x18
 1449 08fd D1020000 		.4byte	.LASF111
 1450 0901 06       		.byte	0x6
 1451 0902 40       		.byte	0x40
 1452 0903 B5000000 		.4byte	0xb5
 1453 0907 18       		.uleb128 0x18
 1454 0908 FC010000 		.4byte	.LASF112
ARM GAS  C:\Users\mau_g\AppData\Local\Temp\ccUXRXth.s 			page 27


 1455 090c 06       		.byte	0x6
 1456 090d 47       		.byte	0x47
 1457 090e CB000000 		.4byte	0xcb
 1458 0912 17       		.uleb128 0x17
 1459 0913 B3030000 		.4byte	.LASF113
 1460 0917 05       		.byte	0x5
 1461 0918 5C07     		.2byte	0x75c
 1462 091a B5000000 		.4byte	0xb5
 1463 091e 05       		.uleb128 0x5
 1464 091f 03       		.byte	0x3
 1465 0920 00000000 		.4byte	EE_ApplicationMode
 1466 0924 18       		.uleb128 0x18
 1467 0925 15020000 		.4byte	.LASF114
 1468 0929 07       		.byte	0x7
 1469 092a 48       		.byte	0x48
 1470 092b E1000000 		.4byte	0xe1
 1471 092f 18       		.uleb128 0x18
 1472 0930 8A070000 		.4byte	.LASF115
 1473 0934 08       		.byte	0x8
 1474 0935 44       		.byte	0x44
 1475 0936 B5000000 		.4byte	0xb5
 1476 093a 16       		.uleb128 0x16
 1477 093b 7D000000 		.4byte	.LASF116
 1478 093f 05       		.byte	0x5
 1479 0940 AD       		.byte	0xad
 1480 0941 EC000000 		.4byte	0xec
 1481 0945 05       		.uleb128 0x5
 1482 0946 03       		.byte	0x3
 1483 0947 00000000 		.4byte	EE_cortex_mx_IRQ_tos
 1484 094b 11       		.uleb128 0x11
 1485 094c 55000000 		.4byte	0x55
 1486 0950 5B090000 		.4byte	0x95b
 1487 0954 14       		.uleb128 0x14
 1488 0955 80030000 		.4byte	0x380
 1489 0959 C7       		.byte	0xc7
 1490 095a 00       		.byte	0
 1491 095b 16       		.uleb128 0x16
 1492 095c 3F030000 		.4byte	.LASF117
 1493 0960 05       		.byte	0x5
 1494 0961 1D       		.byte	0x1d
 1495 0962 4B090000 		.4byte	0x94b
 1496 0966 05       		.uleb128 0x5
 1497 0967 03       		.byte	0x3
 1498 0968 00000000 		.4byte	EE_cortex_mx_stack_4
 1499 096c 11       		.uleb128 0x11
 1500 096d 55000000 		.4byte	0x55
 1501 0971 7C090000 		.4byte	0x97c
 1502 0975 14       		.uleb128 0x14
 1503 0976 80030000 		.4byte	0x380
 1504 097a 7F       		.byte	0x7f
 1505 097b 00       		.byte	0
 1506 097c 16       		.uleb128 0x16
 1507 097d 54030000 		.4byte	.LASF118
 1508 0981 05       		.byte	0x5
 1509 0982 32       		.byte	0x32
 1510 0983 6C090000 		.4byte	0x96c
 1511 0987 05       		.uleb128 0x5
ARM GAS  C:\Users\mau_g\AppData\Local\Temp\ccUXRXth.s 			page 28


 1512 0988 03       		.byte	0x3
 1513 0989 00000000 		.4byte	EE_cortex_mx_stack_9
 1514 098d 00       		.byte	0
 1515              		.section	.debug_abbrev,"",%progbits
 1516              	.Ldebug_abbrev0:
 1517 0000 01       		.uleb128 0x1
 1518 0001 11       		.uleb128 0x11
 1519 0002 01       		.byte	0x1
 1520 0003 25       		.uleb128 0x25
 1521 0004 0E       		.uleb128 0xe
 1522 0005 13       		.uleb128 0x13
 1523 0006 0B       		.uleb128 0xb
 1524 0007 03       		.uleb128 0x3
 1525 0008 0E       		.uleb128 0xe
 1526 0009 1B       		.uleb128 0x1b
 1527 000a 0E       		.uleb128 0xe
 1528 000b 10       		.uleb128 0x10
 1529 000c 17       		.uleb128 0x17
 1530 000d 00       		.byte	0
 1531 000e 00       		.byte	0
 1532 000f 02       		.uleb128 0x2
 1533 0010 24       		.uleb128 0x24
 1534 0011 00       		.byte	0
 1535 0012 0B       		.uleb128 0xb
 1536 0013 0B       		.uleb128 0xb
 1537 0014 3E       		.uleb128 0x3e
 1538 0015 0B       		.uleb128 0xb
 1539 0016 03       		.uleb128 0x3
 1540 0017 0E       		.uleb128 0xe
 1541 0018 00       		.byte	0
 1542 0019 00       		.byte	0
 1543 001a 03       		.uleb128 0x3
 1544 001b 24       		.uleb128 0x24
 1545 001c 00       		.byte	0
 1546 001d 0B       		.uleb128 0xb
 1547 001e 0B       		.uleb128 0xb
 1548 001f 3E       		.uleb128 0x3e
 1549 0020 0B       		.uleb128 0xb
 1550 0021 03       		.uleb128 0x3
 1551 0022 08       		.uleb128 0x8
 1552 0023 00       		.byte	0
 1553 0024 00       		.byte	0
 1554 0025 04       		.uleb128 0x4
 1555 0026 16       		.uleb128 0x16
 1556 0027 00       		.byte	0
 1557 0028 03       		.uleb128 0x3
 1558 0029 0E       		.uleb128 0xe
 1559 002a 3A       		.uleb128 0x3a
 1560 002b 0B       		.uleb128 0xb
 1561 002c 3B       		.uleb128 0x3b
 1562 002d 0B       		.uleb128 0xb
 1563 002e 49       		.uleb128 0x49
 1564 002f 13       		.uleb128 0x13
 1565 0030 00       		.byte	0
 1566 0031 00       		.byte	0
 1567 0032 05       		.uleb128 0x5
 1568 0033 0F       		.uleb128 0xf
ARM GAS  C:\Users\mau_g\AppData\Local\Temp\ccUXRXth.s 			page 29


 1569 0034 00       		.byte	0
 1570 0035 0B       		.uleb128 0xb
 1571 0036 0B       		.uleb128 0xb
 1572 0037 00       		.byte	0
 1573 0038 00       		.byte	0
 1574 0039 06       		.uleb128 0x6
 1575 003a 0F       		.uleb128 0xf
 1576 003b 00       		.byte	0
 1577 003c 0B       		.uleb128 0xb
 1578 003d 0B       		.uleb128 0xb
 1579 003e 49       		.uleb128 0x49
 1580 003f 13       		.uleb128 0x13
 1581 0040 00       		.byte	0
 1582 0041 00       		.byte	0
 1583 0042 07       		.uleb128 0x7
 1584 0043 15       		.uleb128 0x15
 1585 0044 00       		.byte	0
 1586 0045 27       		.uleb128 0x27
 1587 0046 19       		.uleb128 0x19
 1588 0047 00       		.byte	0
 1589 0048 00       		.byte	0
 1590 0049 08       		.uleb128 0x8
 1591 004a 13       		.uleb128 0x13
 1592 004b 01       		.byte	0x1
 1593 004c 03       		.uleb128 0x3
 1594 004d 0E       		.uleb128 0xe
 1595 004e 0B       		.uleb128 0xb
 1596 004f 0B       		.uleb128 0xb
 1597 0050 3A       		.uleb128 0x3a
 1598 0051 0B       		.uleb128 0xb
 1599 0052 3B       		.uleb128 0x3b
 1600 0053 0B       		.uleb128 0xb
 1601 0054 01       		.uleb128 0x1
 1602 0055 13       		.uleb128 0x13
 1603 0056 00       		.byte	0
 1604 0057 00       		.byte	0
 1605 0058 09       		.uleb128 0x9
 1606 0059 0D       		.uleb128 0xd
 1607 005a 00       		.byte	0
 1608 005b 03       		.uleb128 0x3
 1609 005c 0E       		.uleb128 0xe
 1610 005d 3A       		.uleb128 0x3a
 1611 005e 0B       		.uleb128 0xb
 1612 005f 3B       		.uleb128 0x3b
 1613 0060 0B       		.uleb128 0xb
 1614 0061 49       		.uleb128 0x49
 1615 0062 13       		.uleb128 0x13
 1616 0063 38       		.uleb128 0x38
 1617 0064 0B       		.uleb128 0xb
 1618 0065 00       		.byte	0
 1619 0066 00       		.byte	0
 1620 0067 0A       		.uleb128 0xa
 1621 0068 16       		.uleb128 0x16
 1622 0069 00       		.byte	0
 1623 006a 03       		.uleb128 0x3
 1624 006b 0E       		.uleb128 0xe
 1625 006c 3A       		.uleb128 0x3a
ARM GAS  C:\Users\mau_g\AppData\Local\Temp\ccUXRXth.s 			page 30


 1626 006d 0B       		.uleb128 0xb
 1627 006e 3B       		.uleb128 0x3b
 1628 006f 05       		.uleb128 0x5
 1629 0070 49       		.uleb128 0x49
 1630 0071 13       		.uleb128 0x13
 1631 0072 00       		.byte	0
 1632 0073 00       		.byte	0
 1633 0074 0B       		.uleb128 0xb
 1634 0075 13       		.uleb128 0x13
 1635 0076 01       		.byte	0x1
 1636 0077 0B       		.uleb128 0xb
 1637 0078 0B       		.uleb128 0xb
 1638 0079 3A       		.uleb128 0x3a
 1639 007a 0B       		.uleb128 0xb
 1640 007b 3B       		.uleb128 0x3b
 1641 007c 05       		.uleb128 0x5
 1642 007d 01       		.uleb128 0x1
 1643 007e 13       		.uleb128 0x13
 1644 007f 00       		.byte	0
 1645 0080 00       		.byte	0
 1646 0081 0C       		.uleb128 0xc
 1647 0082 0D       		.uleb128 0xd
 1648 0083 00       		.byte	0
 1649 0084 03       		.uleb128 0x3
 1650 0085 0E       		.uleb128 0xe
 1651 0086 3A       		.uleb128 0x3a
 1652 0087 0B       		.uleb128 0xb
 1653 0088 3B       		.uleb128 0x3b
 1654 0089 05       		.uleb128 0x5
 1655 008a 49       		.uleb128 0x49
 1656 008b 13       		.uleb128 0x13
 1657 008c 38       		.uleb128 0x38
 1658 008d 0B       		.uleb128 0xb
 1659 008e 00       		.byte	0
 1660 008f 00       		.byte	0
 1661 0090 0D       		.uleb128 0xd
 1662 0091 04       		.uleb128 0x4
 1663 0092 01       		.byte	0x1
 1664 0093 0B       		.uleb128 0xb
 1665 0094 0B       		.uleb128 0xb
 1666 0095 49       		.uleb128 0x49
 1667 0096 13       		.uleb128 0x13
 1668 0097 3A       		.uleb128 0x3a
 1669 0098 0B       		.uleb128 0xb
 1670 0099 3B       		.uleb128 0x3b
 1671 009a 05       		.uleb128 0x5
 1672 009b 01       		.uleb128 0x1
 1673 009c 13       		.uleb128 0x13
 1674 009d 00       		.byte	0
 1675 009e 00       		.byte	0
 1676 009f 0E       		.uleb128 0xe
 1677 00a0 28       		.uleb128 0x28
 1678 00a1 00       		.byte	0
 1679 00a2 03       		.uleb128 0x3
 1680 00a3 0E       		.uleb128 0xe
 1681 00a4 1C       		.uleb128 0x1c
 1682 00a5 0B       		.uleb128 0xb
ARM GAS  C:\Users\mau_g\AppData\Local\Temp\ccUXRXth.s 			page 31


 1683 00a6 00       		.byte	0
 1684 00a7 00       		.byte	0
 1685 00a8 0F       		.uleb128 0xf
 1686 00a9 0D       		.uleb128 0xd
 1687 00aa 00       		.byte	0
 1688 00ab 03       		.uleb128 0x3
 1689 00ac 08       		.uleb128 0x8
 1690 00ad 3A       		.uleb128 0x3a
 1691 00ae 0B       		.uleb128 0xb
 1692 00af 3B       		.uleb128 0x3b
 1693 00b0 05       		.uleb128 0x5
 1694 00b1 49       		.uleb128 0x49
 1695 00b2 13       		.uleb128 0x13
 1696 00b3 38       		.uleb128 0x38
 1697 00b4 0B       		.uleb128 0xb
 1698 00b5 00       		.byte	0
 1699 00b6 00       		.byte	0
 1700 00b7 10       		.uleb128 0x10
 1701 00b8 13       		.uleb128 0x13
 1702 00b9 01       		.byte	0x1
 1703 00ba 03       		.uleb128 0x3
 1704 00bb 0E       		.uleb128 0xe
 1705 00bc 0B       		.uleb128 0xb
 1706 00bd 0B       		.uleb128 0xb
 1707 00be 3A       		.uleb128 0x3a
 1708 00bf 0B       		.uleb128 0xb
 1709 00c0 3B       		.uleb128 0x3b
 1710 00c1 05       		.uleb128 0x5
 1711 00c2 01       		.uleb128 0x1
 1712 00c3 13       		.uleb128 0x13
 1713 00c4 00       		.byte	0
 1714 00c5 00       		.byte	0
 1715 00c6 11       		.uleb128 0x11
 1716 00c7 01       		.uleb128 0x1
 1717 00c8 01       		.byte	0x1
 1718 00c9 49       		.uleb128 0x49
 1719 00ca 13       		.uleb128 0x13
 1720 00cb 01       		.uleb128 0x1
 1721 00cc 13       		.uleb128 0x13
 1722 00cd 00       		.byte	0
 1723 00ce 00       		.byte	0
 1724 00cf 12       		.uleb128 0x12
 1725 00d0 21       		.uleb128 0x21
 1726 00d1 00       		.byte	0
 1727 00d2 00       		.byte	0
 1728 00d3 00       		.byte	0
 1729 00d4 13       		.uleb128 0x13
 1730 00d5 26       		.uleb128 0x26
 1731 00d6 00       		.byte	0
 1732 00d7 49       		.uleb128 0x49
 1733 00d8 13       		.uleb128 0x13
 1734 00d9 00       		.byte	0
 1735 00da 00       		.byte	0
 1736 00db 14       		.uleb128 0x14
 1737 00dc 21       		.uleb128 0x21
 1738 00dd 00       		.byte	0
 1739 00de 49       		.uleb128 0x49
ARM GAS  C:\Users\mau_g\AppData\Local\Temp\ccUXRXth.s 			page 32


 1740 00df 13       		.uleb128 0x13
 1741 00e0 2F       		.uleb128 0x2f
 1742 00e1 0B       		.uleb128 0xb
 1743 00e2 00       		.byte	0
 1744 00e3 00       		.byte	0
 1745 00e4 15       		.uleb128 0x15
 1746 00e5 34       		.uleb128 0x34
 1747 00e6 00       		.byte	0
 1748 00e7 03       		.uleb128 0x3
 1749 00e8 0E       		.uleb128 0xe
 1750 00e9 3A       		.uleb128 0x3a
 1751 00ea 0B       		.uleb128 0xb
 1752 00eb 3B       		.uleb128 0x3b
 1753 00ec 05       		.uleb128 0x5
 1754 00ed 49       		.uleb128 0x49
 1755 00ee 13       		.uleb128 0x13
 1756 00ef 02       		.uleb128 0x2
 1757 00f0 18       		.uleb128 0x18
 1758 00f1 00       		.byte	0
 1759 00f2 00       		.byte	0
 1760 00f3 16       		.uleb128 0x16
 1761 00f4 34       		.uleb128 0x34
 1762 00f5 00       		.byte	0
 1763 00f6 03       		.uleb128 0x3
 1764 00f7 0E       		.uleb128 0xe
 1765 00f8 3A       		.uleb128 0x3a
 1766 00f9 0B       		.uleb128 0xb
 1767 00fa 3B       		.uleb128 0x3b
 1768 00fb 0B       		.uleb128 0xb
 1769 00fc 49       		.uleb128 0x49
 1770 00fd 13       		.uleb128 0x13
 1771 00fe 3F       		.uleb128 0x3f
 1772 00ff 19       		.uleb128 0x19
 1773 0100 02       		.uleb128 0x2
 1774 0101 18       		.uleb128 0x18
 1775 0102 00       		.byte	0
 1776 0103 00       		.byte	0
 1777 0104 17       		.uleb128 0x17
 1778 0105 34       		.uleb128 0x34
 1779 0106 00       		.byte	0
 1780 0107 03       		.uleb128 0x3
 1781 0108 0E       		.uleb128 0xe
 1782 0109 3A       		.uleb128 0x3a
 1783 010a 0B       		.uleb128 0xb
 1784 010b 3B       		.uleb128 0x3b
 1785 010c 05       		.uleb128 0x5
 1786 010d 49       		.uleb128 0x49
 1787 010e 13       		.uleb128 0x13
 1788 010f 3F       		.uleb128 0x3f
 1789 0110 19       		.uleb128 0x19
 1790 0111 02       		.uleb128 0x2
 1791 0112 18       		.uleb128 0x18
 1792 0113 00       		.byte	0
 1793 0114 00       		.byte	0
 1794 0115 18       		.uleb128 0x18
 1795 0116 34       		.uleb128 0x34
 1796 0117 00       		.byte	0
ARM GAS  C:\Users\mau_g\AppData\Local\Temp\ccUXRXth.s 			page 33


 1797 0118 03       		.uleb128 0x3
 1798 0119 0E       		.uleb128 0xe
 1799 011a 3A       		.uleb128 0x3a
 1800 011b 0B       		.uleb128 0xb
 1801 011c 3B       		.uleb128 0x3b
 1802 011d 0B       		.uleb128 0xb
 1803 011e 49       		.uleb128 0x49
 1804 011f 13       		.uleb128 0x13
 1805 0120 3F       		.uleb128 0x3f
 1806 0121 19       		.uleb128 0x19
 1807 0122 3C       		.uleb128 0x3c
 1808 0123 19       		.uleb128 0x19
 1809 0124 00       		.byte	0
 1810 0125 00       		.byte	0
 1811 0126 00       		.byte	0
 1812              		.section	.debug_aranges,"",%progbits
 1813 0000 14000000 		.4byte	0x14
 1814 0004 0200     		.2byte	0x2
 1815 0006 00000000 		.4byte	.Ldebug_info0
 1816 000a 04       		.byte	0x4
 1817 000b 00       		.byte	0
 1818 000c 0000     		.2byte	0
 1819 000e 0000     		.2byte	0
 1820 0010 00000000 		.4byte	0
 1821 0014 00000000 		.4byte	0
 1822              		.section	.debug_line,"",%progbits
 1823              	.Ldebug_line0:
 1824 0000 38010000 		.section	.debug_str,"MS",%progbits,1
 1824      02003201 
 1824      00000201 
 1824      FB0E0D00 
 1824      01010101 
 1825              	.LASF78:
 1826 0000 45455F52 		.ascii	"EE_RESOURCE_NAME\000"
 1826      45534F55 
 1826      5243455F 
 1826      4E414D45 
 1826      00
 1827              	.LASF102:
 1828 0011 45455F74 		.ascii	"EE_th_resource_last\000"
 1828      685F7265 
 1828      736F7572 
 1828      63655F6C 
 1828      61737400 
 1829              	.LASF46:
 1830 0025 6E657874 		.ascii	"next\000"
 1830      00
 1831              	.LASF85:
 1832 002a 45455F74 		.ascii	"EE_th_terminate_nextask\000"
 1832      685F7465 
 1832      726D696E 
 1832      6174655F 
 1832      6E657874 
 1833              	.LASF24:
 1834 0042 5469636B 		.ascii	"TickType\000"
 1834      54797065 
 1834      00
ARM GAS  C:\Users\mau_g\AppData\Local\Temp\ccUXRXth.s 			page 34


 1835              	.LASF79:
 1836 004b 45455F52 		.ascii	"EE_RESOURCE_ID\000"
 1836      45534F55 
 1836      5243455F 
 1836      494400
 1837              	.LASF86:
 1838 005a 45455F73 		.ascii	"EE_stkfirst\000"
 1838      746B6669 
 1838      72737400 
 1839              	.LASF26:
 1840 0066 41637469 		.ascii	"ActionType\000"
 1840      6F6E5479 
 1840      706500
 1841              	.LASF19:
 1842 0071 45455F54 		.ascii	"EE_TYPEBOOL\000"
 1842      59504542 
 1842      4F4F4C00 
 1843              	.LASF116:
 1844 007d 45455F63 		.ascii	"EE_cortex_mx_IRQ_tos\000"
 1844      6F727465 
 1844      785F6D78 
 1844      5F495251 
 1844      5F746F73 
 1845              	.LASF7:
 1846 0092 6C6F6E67 		.ascii	"long long unsigned int\000"
 1846      206C6F6E 
 1846      6720756E 
 1846      7369676E 
 1846      65642069 
 1847              	.LASF45:
 1848 00a9 64656C74 		.ascii	"delta\000"
 1848      6100
 1849              	.LASF42:
 1850 00af 45455F6F 		.ascii	"EE_oo_counter_object_ROM_type\000"
 1850      6F5F636F 
 1850      756E7465 
 1850      725F6F62 
 1850      6A656374 
 1851              	.LASF91:
 1852 00cd 45455F72 		.ascii	"EE_rq_pairs_next\000"
 1852      715F7061 
 1852      6972735F 
 1852      6E657874 
 1852      00
 1853              	.LASF22:
 1854 00de 5461736B 		.ascii	"TaskType\000"
 1854      54797065 
 1854      00
 1855              	.LASF61:
 1856 00e7 45455F54 		.ascii	"EE_TOS\000"
 1856      4F5300
 1857              	.LASF29:
 1858 00ee 6D617861 		.ascii	"maxallowedvalue\000"
 1858      6C6C6F77 
 1858      65647661 
 1858      6C756500 
 1859              	.LASF122:
ARM GAS  C:\Users\mau_g\AppData\Local\Temp\ccUXRXth.s 			page 35


 1860 00fe 45455F6F 		.ascii	"EE_oo_autostart_task_mode_OSDEFAULTAPPMODE\000"
 1860      6F5F6175 
 1860      746F7374 
 1860      6172745F 
 1860      7461736B 
 1861              	.LASF81:
 1862 0129 45455F41 		.ascii	"EE_ALARM_ID\000"
 1862      4C41524D 
 1862      5F494400 
 1863              	.LASF6:
 1864 0135 6C6F6E67 		.ascii	"long long int\000"
 1864      206C6F6E 
 1864      6720696E 
 1864      7400
 1865              	.LASF0:
 1866 0143 7369676E 		.ascii	"signed char\000"
 1866      65642063 
 1866      68617200 
 1867              	.LASF52:
 1868 014f 45455F6F 		.ascii	"EE_oo_action_kind_type\000"
 1868      6F5F6163 
 1868      74696F6E 
 1868      5F6B696E 
 1868      645F7479 
 1869              	.LASF23:
 1870 0166 4576656E 		.ascii	"EventMaskType\000"
 1870      744D6173 
 1870      6B547970 
 1870      6500
 1871              	.LASF76:
 1872 0174 45455F45 		.ascii	"EE_EVENT_NAME\000"
 1872      56454E54 
 1872      5F4E414D 
 1872      4500
 1873              	.LASF107:
 1874 0182 45455F61 		.ascii	"EE_alarm_ROM\000"
 1874      6C61726D 
 1874      5F524F4D 
 1874      00
 1875              	.LASF70:
 1876 018f 45455F63 		.ascii	"EE_cortex_mx_active_tos\000"
 1876      6F727465 
 1876      785F6D78 
 1876      5F616374 
 1876      6976655F 
 1877              	.LASF35:
 1878 01a7 45455F6F 		.ascii	"EE_oo_counter_RAM_type\000"
 1878      6F5F636F 
 1878      756E7465 
 1878      725F5241 
 1878      4D5F7479 
 1879              	.LASF100:
 1880 01be 45455F72 		.ascii	"EE_resource_oldceiling\000"
 1880      65736F75 
 1880      7263655F 
 1880      6F6C6463 
 1880      65696C69 
ARM GAS  C:\Users\mau_g\AppData\Local\Temp\ccUXRXth.s 			page 36


 1881              	.LASF80:
 1882 01d5 45455F45 		.ascii	"EE_EVENT_ID\000"
 1882      56454E54 
 1882      5F494400 
 1883              	.LASF4:
 1884 01e1 6C6F6E67 		.ascii	"long int\000"
 1884      20696E74 
 1884      00
 1885              	.LASF89:
 1886 01ea 45455F72 		.ascii	"EE_rq_queues_head\000"
 1886      715F7175 
 1886      65756573 
 1886      5F686561 
 1886      6400
 1887              	.LASF112:
 1888 01fc 45455F6F 		.ascii	"EE_oo_IRQ_suspend_status\000"
 1888      6F5F4952 
 1888      515F7375 
 1888      7370656E 
 1888      645F7374 
 1889              	.LASF114:
 1890 0215 45455F73 		.ascii	"EE_std_endcycle_next_tid\000"
 1890      74645F65 
 1890      6E646379 
 1890      636C655F 
 1890      6E657874 
 1891              	.LASF31:
 1892 022e 6D696E63 		.ascii	"mincycle\000"
 1892      79636C65 
 1892      00
 1893              	.LASF20:
 1894 0237 45455F54 		.ascii	"EE_TID\000"
 1894      494400
 1895              	.LASF33:
 1896 023e 76616C75 		.ascii	"value\000"
 1896      6500
 1897              	.LASF8:
 1898 0244 756E7369 		.ascii	"unsigned int\000"
 1898      676E6564 
 1898      20696E74 
 1898      00
 1899              	.LASF16:
 1900 0251 45455F55 		.ascii	"EE_UREG\000"
 1900      52454700 
 1901              	.LASF60:
 1902 0259 45455F6F 		.ascii	"EE_oo_alarm_ROM_type\000"
 1902      6F5F616C 
 1902      61726D5F 
 1902      524F4D5F 
 1902      74797065 
 1903              	.LASF77:
 1904 026e 45455F41 		.ascii	"EE_ALARM_NAME\000"
 1904      4C41524D 
 1904      5F4E414D 
 1904      4500
 1905              	.LASF5:
 1906 027c 6C6F6E67 		.ascii	"long unsigned int\000"
ARM GAS  C:\Users\mau_g\AppData\Local\Temp\ccUXRXth.s 			page 37


 1906      20756E73 
 1906      69676E65 
 1906      6420696E 
 1906      7400
 1907              	.LASF97:
 1908 028e 45455F74 		.ascii	"EE_th_waswaiting\000"
 1908      685F7761 
 1908      73776169 
 1908      74696E67 
 1908      00
 1909              	.LASF62:
 1910 029f 45455F6F 		.ascii	"EE_oo_autostart_task_type\000"
 1910      6F5F6175 
 1910      746F7374 
 1910      6172745F 
 1910      7461736B 
 1911              	.LASF41:
 1912 02b9 6B696E64 		.ascii	"kind\000"
 1912      00
 1913              	.LASF3:
 1914 02be 73686F72 		.ascii	"short unsigned int\000"
 1914      7420756E 
 1914      7369676E 
 1914      65642069 
 1914      6E7400
 1915              	.LASF111:
 1916 02d1 45455F6F 		.ascii	"EE_oo_IRQ_disable_count\000"
 1916      6F5F4952 
 1916      515F6469 
 1916      7361626C 
 1916      655F636F 
 1917              	.LASF38:
 1918 02e9 45455F6F 		.ascii	"EE_oo_counter_object_kind_type\000"
 1918      6F5F636F 
 1918      756E7465 
 1918      725F6F62 
 1918      6A656374 
 1919              	.LASF82:
 1920 0308 45455F74 		.ascii	"EE_th_status\000"
 1920      685F7374 
 1920      61747573 
 1920      00
 1921              	.LASF39:
 1922 0315 436F756E 		.ascii	"CounterObjectKindType\000"
 1922      7465724F 
 1922      626A6563 
 1922      744B696E 
 1922      64547970 
 1923              	.LASF73:
 1924 032b 45455F74 		.ascii	"EE_th_dispatch_prio\000"
 1924      685F6469 
 1924      73706174 
 1924      63685F70 
 1924      72696F00 
 1925              	.LASF117:
 1926 033f 45455F63 		.ascii	"EE_cortex_mx_stack_4\000"
 1926      6F727465 
ARM GAS  C:\Users\mau_g\AppData\Local\Temp\ccUXRXth.s 			page 38


 1926      785F6D78 
 1926      5F737461 
 1926      636B5F34 
 1927              	.LASF118:
 1928 0354 45455F63 		.ascii	"EE_cortex_mx_stack_9\000"
 1928      6F727465 
 1928      785F6D78 
 1928      5F737461 
 1928      636B5F39 
 1929              	.LASF14:
 1930 0369 45455F56 		.ascii	"EE_VOID_CALLBACK\000"
 1930      4F49445F 
 1930      43414C4C 
 1930      4241434B 
 1930      00
 1931              	.LASF27:
 1932 037a 436F756E 		.ascii	"CounterType\000"
 1932      74657254 
 1932      79706500 
 1933              	.LASF2:
 1934 0386 73686F72 		.ascii	"short int\000"
 1934      7420696E 
 1934      7400
 1935              	.LASF105:
 1936 0390 45455F6F 		.ascii	"EE_oo_counter_object_ROM\000"
 1936      6F5F636F 
 1936      756E7465 
 1936      725F6F62 
 1936      6A656374 
 1937              	.LASF59:
 1938 03a9 61637469 		.ascii	"action_id\000"
 1938      6F6E5F69 
 1938      6400
 1939              	.LASF113:
 1940 03b3 45455F41 		.ascii	"EE_ApplicationMode\000"
 1940      70706C69 
 1940      63617469 
 1940      6F6E4D6F 
 1940      646500
 1941              	.LASF106:
 1942 03c6 45455F6F 		.ascii	"EE_oo_action_ROM\000"
 1942      6F5F6163 
 1942      74696F6E 
 1942      5F524F4D 
 1942      00
 1943              	.LASF21:
 1944 03d7 45455F54 		.ascii	"EE_TYPE_RQ_MASK\000"
 1944      5950455F 
 1944      52515F4D 
 1944      41534B00 
 1945              	.LASF64:
 1946 03e7 73697A65 		.ascii	"sizetype\000"
 1946      74797065 
 1946      00
 1947              	.LASF9:
 1948 03f0 6C6F6E67 		.ascii	"long double\000"
 1948      20646F75 
ARM GAS  C:\Users\mau_g\AppData\Local\Temp\ccUXRXth.s 			page 39


 1948      626C6500 
 1949              	.LASF94:
 1950 03fc 45455F72 		.ascii	"EE_rq_free\000"
 1950      715F6672 
 1950      656500
 1951              	.LASF88:
 1952 0407 45455F72 		.ascii	"EE_rq_link\000"
 1952      715F6C69 
 1952      6E6B00
 1953              	.LASF17:
 1954 0412 45455F53 		.ascii	"EE_SREG\000"
 1954      52454700 
 1955              	.LASF30:
 1956 041a 7469636B 		.ascii	"ticksperbase\000"
 1956      73706572 
 1956      62617365 
 1956      00
 1957              	.LASF43:
 1958 0427 75736564 		.ascii	"used\000"
 1958      00
 1959              	.LASF47:
 1960 042c 45455F6F 		.ascii	"EE_oo_counter_object_RAM_type\000"
 1960      6F5F636F 
 1960      756E7465 
 1960      725F6F62 
 1960      6A656374 
 1961              	.LASF104:
 1962 044a 45455F63 		.ascii	"EE_counter_ROM\000"
 1962      6F756E74 
 1962      65725F52 
 1962      4F4D00
 1963              	.LASF58:
 1964 0459 45455F6F 		.ascii	"EE_oo_action_ROM_type\000"
 1964      6F5F6163 
 1964      74696F6E 
 1964      5F524F4D 
 1964      5F747970 
 1965              	.LASF10:
 1966 046f 45455F55 		.ascii	"EE_UINT16\000"
 1966      494E5431 
 1966      3600
 1967              	.LASF37:
 1968 0479 45455F53 		.ascii	"EE_SCHEDULETABLE\000"
 1968      43484544 
 1968      554C4554 
 1968      41424C45 
 1968      00
 1969              	.LASF69:
 1970 048a 45455F63 		.ascii	"EE_cortex_mx_system_tos\000"
 1970      6F727465 
 1970      785F6D78 
 1970      5F737973 
 1970      74656D5F 
 1971              	.LASF1:
 1972 04a2 756E7369 		.ascii	"unsigned char\000"
 1972      676E6564 
 1972      20636861 
ARM GAS  C:\Users\mau_g\AppData\Local\Temp\ccUXRXth.s 			page 40


 1972      7200
 1973              	.LASF36:
 1974 04b0 45455F41 		.ascii	"EE_ALARM\000"
 1974      4C41524D 
 1974      00
 1975              	.LASF83:
 1976 04b9 45455F74 		.ascii	"EE_th_next\000"
 1976      685F6E65 
 1976      787400
 1977              	.LASF68:
 1978 04c4 45455F74 		.ascii	"EE_terminate_real_th_body\000"
 1978      65726D69 
 1978      6E617465 
 1978      5F726561 
 1978      6C5F7468 
 1979              	.LASF57:
 1980 04de 696E6363 		.ascii	"inccount\000"
 1980      6F756E74 
 1980      00
 1981              	.LASF121:
 1982 04e7 433A5C55 		.ascii	"C:\\Users\\mau_g\\Desktop\\Master\\2_SEMESTER\\EAA_"
 1982      73657273 
 1982      5C6D6175 
 1982      5F675C44 
 1982      65736B74 
 1983 0514 4C61625C 		.ascii	"Lab\\Lab2\\Workspace_Lab2\\EAA_Lab2.cydsn\000"
 1983      4C616232 
 1983      5C576F72 
 1983      6B737061 
 1983      63655F4C 
 1984              	.LASF96:
 1985 053b 45455F74 		.ascii	"EE_th_event_waitmask\000"
 1985      685F6576 
 1985      656E745F 
 1985      77616974 
 1985      6D61736B 
 1986              	.LASF110:
 1987 0550 45455F6F 		.ascii	"EE_oo_autostart_task_data\000"
 1987      6F5F6175 
 1987      746F7374 
 1987      6172745F 
 1987      7461736B 
 1988              	.LASF75:
 1989 056a 45455F54 		.ascii	"EE_TASK_NAME\000"
 1989      41534B5F 
 1989      4E414D45 
 1989      00
 1990              	.LASF32:
 1991 0577 45455F6F 		.ascii	"EE_oo_counter_ROM_type\000"
 1991      6F5F636F 
 1991      756E7465 
 1991      725F524F 
 1991      4D5F7479 
 1992              	.LASF119:
 1993 058e 474E5520 		.ascii	"GNU C11 5.4.1 20160609 (release) [ARM/embedded-5-br"
 1993      43313120 
 1993      352E342E 
ARM GAS  C:\Users\mau_g\AppData\Local\Temp\ccUXRXth.s 			page 41


 1993      31203230 
 1993      31363036 
 1994 05c1 616E6368 		.ascii	"anch revision 237715] -mcpu=cortex-m3 -mthumb -g -O"
 1994      20726576 
 1994      6973696F 
 1994      6E203233 
 1994      37373135 
 1995 05f4 67202D66 		.ascii	"g -ffunction-sections -ffat-lto-objects\000"
 1995      66756E63 
 1995      74696F6E 
 1995      2D736563 
 1995      74696F6E 
 1996              	.LASF56:
 1997 061c 61637469 		.ascii	"action_mask\000"
 1997      6F6E5F6D 
 1997      61736B00 
 1998              	.LASF15:
 1999 0628 45455F54 		.ascii	"EE_THREAD_PTR\000"
 1999      48524541 
 1999      445F5054 
 1999      5200
 2000              	.LASF90:
 2001 0636 45455F72 		.ascii	"EE_rq_queues_tail\000"
 2001      715F7175 
 2001      65756573 
 2001      5F746169 
 2001      6C00
 2002              	.LASF66:
 2003 0648 45455F73 		.ascii	"EE_std_thread_tos\000"
 2003      74645F74 
 2003      68726561 
 2003      645F746F 
 2003      7300
 2004              	.LASF51:
 2005 065a 45455F41 		.ascii	"EE_ACTION_CALLBACK\000"
 2005      4354494F 
 2005      4E5F4341 
 2005      4C4C4241 
 2005      434B00
 2006              	.LASF93:
 2007 066d 45455F72 		.ascii	"EE_rq_bitmask\000"
 2007      715F6269 
 2007      746D6173 
 2007      6B00
 2008              	.LASF103:
 2009 067b 45455F72 		.ascii	"EE_resource_stack\000"
 2009      65736F75 
 2009      7263655F 
 2009      73746163 
 2009      6B00
 2010              	.LASF34:
 2011 068d 66697273 		.ascii	"first\000"
 2011      7400
 2012              	.LASF25:
 2013 0693 436F756E 		.ascii	"CounterObjectType\000"
 2013      7465724F 
 2013      626A6563 
ARM GAS  C:\Users\mau_g\AppData\Local\Temp\ccUXRXth.s 			page 42


 2013      74547970 
 2013      6500
 2014              	.LASF74:
 2015 06a5 63686172 		.ascii	"char\000"
 2015      00
 2016              	.LASF48:
 2017 06aa 45455F41 		.ascii	"EE_ACTION_TASK\000"
 2017      4354494F 
 2017      4E5F5441 
 2017      534B00
 2018              	.LASF71:
 2019 06b9 45455F74 		.ascii	"EE_th_rnact_max\000"
 2019      685F726E 
 2019      6163745F 
 2019      6D617800 
 2020              	.LASF50:
 2021 06c9 45455F41 		.ascii	"EE_ACTION_COUNTER\000"
 2021      4354494F 
 2021      4E5F434F 
 2021      554E5445 
 2021      5200
 2022              	.LASF108:
 2023 06db 45455F63 		.ascii	"EE_counter_RAM\000"
 2023      6F756E74 
 2023      65725F52 
 2023      414D00
 2024              	.LASF40:
 2025 06ea 73706563 		.ascii	"spec_id\000"
 2025      5F696400 
 2026              	.LASF49:
 2027 06f2 45455F41 		.ascii	"EE_ACTION_EVENT\000"
 2027      4354494F 
 2027      4E5F4556 
 2027      454E5400 
 2028              	.LASF65:
 2029 0702 45455F68 		.ascii	"EE_hal_thread_body\000"
 2029      616C5F74 
 2029      68726561 
 2029      645F626F 
 2029      647900
 2030              	.LASF87:
 2031 0715 45455F73 		.ascii	"EE_sys_ceiling\000"
 2031      79735F63 
 2031      65696C69 
 2031      6E6700
 2032              	.LASF54:
 2033 0724 61637469 		.ascii	"action_kind\000"
 2033      6F6E5F6B 
 2033      696E6400 
 2034              	.LASF63:
 2035 0730 7461736B 		.ascii	"task\000"
 2035      00
 2036              	.LASF109:
 2037 0735 45455F6F 		.ascii	"EE_oo_counter_object_RAM\000"
 2037      6F5F636F 
 2037      756E7465 
 2037      725F6F62 
ARM GAS  C:\Users\mau_g\AppData\Local\Temp\ccUXRXth.s 			page 43


 2037      6A656374 
 2038              	.LASF53:
 2039 074e 41637469 		.ascii	"ActionKindType\000"
 2039      6F6E4B69 
 2039      6E645479 
 2039      706500
 2040              	.LASF72:
 2041 075d 45455F74 		.ascii	"EE_th_ready_prio\000"
 2041      685F7265 
 2041      6164795F 
 2041      7072696F 
 2041      00
 2042              	.LASF84:
 2043 076e 45455F74 		.ascii	"EE_th_rnact\000"
 2043      685F726E 
 2043      61637400 
 2044              	.LASF92:
 2045 077a 45455F72 		.ascii	"EE_rq_pairs_tid\000"
 2045      715F7061 
 2045      6972735F 
 2045      74696400 
 2046              	.LASF115:
 2047 078a 45455F49 		.ascii	"EE_IRQ_nesting_level\000"
 2047      52515F6E 
 2047      65737469 
 2047      6E675F6C 
 2047      6576656C 
 2048              	.LASF12:
 2049 079f 45455F55 		.ascii	"EE_UINT32\000"
 2049      494E5433 
 2049      3200
 2050              	.LASF11:
 2051 07a9 45455F49 		.ascii	"EE_INT32\000"
 2051      4E543332 
 2051      00
 2052              	.LASF67:
 2053 07b2 45455F74 		.ascii	"EE_terminate_data\000"
 2053      65726D69 
 2053      6E617465 
 2053      5F646174 
 2053      6100
 2054              	.LASF120:
 2055 07c4 47656E65 		.ascii	"Generated_Source\\PSoC5\\ErikaOS_1_eecfg.c\000"
 2055      72617465 
 2055      645F536F 
 2055      75726365 
 2055      5C50536F 
 2056              	.LASF95:
 2057 07ed 45455F74 		.ascii	"EE_th_event_active\000"
 2057      685F6576 
 2057      656E745F 
 2057      61637469 
 2057      766500
 2058              	.LASF44:
 2059 0800 636E7463 		.ascii	"cntcycle\000"
 2059      79636C65 
 2059      00
ARM GAS  C:\Users\mau_g\AppData\Local\Temp\ccUXRXth.s 			page 44


 2060              	.LASF28:
 2061 0809 5359535F 		.ascii	"SYS_tos\000"
 2061      746F7300 
 2062              	.LASF55:
 2063 0811 61637469 		.ascii	"action_task\000"
 2063      6F6E5F74 
 2063      61736B00 
 2064              	.LASF101:
 2065 081d 45455F72 		.ascii	"EE_resource_locked\000"
 2065      65736F75 
 2065      7263655F 
 2065      6C6F636B 
 2065      656400
 2066              	.LASF13:
 2067 0830 45455F41 		.ascii	"EE_ADDR\000"
 2067      44445200 
 2068              	.LASF98:
 2069 0838 45455F74 		.ascii	"EE_th_is_extended\000"
 2069      685F6973 
 2069      5F657874 
 2069      656E6465 
 2069      6400
 2070              	.LASF18:
 2071 084a 45455F46 		.ascii	"EE_FREG\000"
 2071      52454700 
 2072              	.LASF99:
 2073 0852 45455F72 		.ascii	"EE_resource_ceiling\000"
 2073      65736F75 
 2073      7263655F 
 2073      6365696C 
 2073      696E6700 
 2074              		.ident	"GCC: (GNU Tools for ARM Embedded Processors) 5.4.1 20160609 (release) [ARM/embedded-5-bran
