ARM GAS  C:\Users\mau_g\AppData\Local\Temp\ccjnQwP7.s 			page 1


   1              		.syntax unified
   2              		.cpu cortex-m3
   3              		.fpu softvfp
   4              		.eabi_attribute 20, 1
   5              		.eabi_attribute 21, 1
   6              		.eabi_attribute 23, 3
   7              		.eabi_attribute 24, 1
   8              		.eabi_attribute 25, 1
   9              		.eabi_attribute 26, 1
  10              		.eabi_attribute 30, 1
  11              		.eabi_attribute 34, 1
  12              		.eabi_attribute 18, 4
  13              		.thumb
  14              		.syntax unified
  15              		.file	"rte.c"
  16              		.text
  17              	.Ltext0:
  18              		.cfi_sections	.debug_frame
  19              		.section	.text.RTE_ProcessCyclicTable,"ax",%progbits
  20              		.align	2
  21              		.global	RTE_ProcessCyclicTable
  22              		.thumb
  23              		.thumb_func
  24              		.type	RTE_ProcessCyclicTable, %function
  25              	RTE_ProcessCyclicTable:
  26              	.LFB110:
  27              		.file 1 "Source\\rte\\rte.c"
   1:Source\rte/rte.c **** /**
   2:Source\rte/rte.c **** * \file rte.c
   3:Source\rte/rte.c **** * \author P. Fromm
   4:Source\rte/rte.c **** * \date 8.12.18
   5:Source\rte/rte.c **** *
   6:Source\rte/rte.c **** * \brief Runnable dispatcher
   7:Source\rte/rte.c **** *
   8:Source\rte/rte.c **** * \copyright Copyright ©2016
   9:Source\rte/rte.c **** * Department of electrical engineering and information technology, Hochschule Darmstadt - Universit
  10:Source\rte/rte.c **** * Permission to use, copy, modify, and distribute this software and its documentation for education
  11:Source\rte/rte.c **** * (unless permitted by h_da) and official h_da projects, is hereby granted for enrolled students of
  12:Source\rte/rte.c **** * this paragraph and the following paragraph appear in all copies, modifications, and distributions
  13:Source\rte/rte.c **** * Contact Prof.Dr.-Ing. Peter Fromm, peter.fromm@h-da.de, Birkenweg 8 64295 Darmstadt - GERMANY for
  14:Source\rte/rte.c **** *
  15:Source\rte/rte.c **** * \warning This software is a PROTOTYPE version and is not designed or intended for use in producti
  16:Source\rte/rte.c **** * The user represents and warrants that it will NOT use or redistribute the Software for such purpo
  17:Source\rte/rte.c **** * This prototype is for research purposes only. This software is provided "AS IS," without a warran
  18:Source\rte/rte.c **** */
  19:Source\rte/rte.c **** 
  20:Source\rte/rte.c **** /*****************************************************************************/
  21:Source\rte/rte.c **** /* Include files                                                             */
  22:Source\rte/rte.c **** /*****************************************************************************/
  23:Source\rte/rte.c **** #include "rte.h"
  24:Source\rte/rte.c **** 
  25:Source\rte/rte.c **** /*****************************************************************************/
  26:Source\rte/rte.c **** /* Local pre-processor symbols/macros ('#define')                            */
  27:Source\rte/rte.c **** /*****************************************************************************/
  28:Source\rte/rte.c **** 
  29:Source\rte/rte.c **** /*****************************************************************************/
  30:Source\rte/rte.c **** /* Global variable definitions (declared in header file with 'extern')       */
ARM GAS  C:\Users\mau_g\AppData\Local\Temp\ccjnQwP7.s 			page 2


  31:Source\rte/rte.c **** /*****************************************************************************/
  32:Source\rte/rte.c **** 
  33:Source\rte/rte.c **** /*****************************************************************************/
  34:Source\rte/rte.c **** /* Local type definitions ('typedef')                                        */
  35:Source\rte/rte.c **** /*****************************************************************************/
  36:Source\rte/rte.c **** 
  37:Source\rte/rte.c **** /*****************************************************************************/
  38:Source\rte/rte.c **** /* Local variable definitions ('static')                                     */
  39:Source\rte/rte.c **** /*****************************************************************************/
  40:Source\rte/rte.c **** 
  41:Source\rte/rte.c **** 
  42:Source\rte/rte.c **** 
  43:Source\rte/rte.c **** /*****************************************************************************/
  44:Source\rte/rte.c **** /* Local function prototypes ('static')                                      */
  45:Source\rte/rte.c **** /*****************************************************************************/
  46:Source\rte/rte.c **** 
  47:Source\rte/rte.c **** 
  48:Source\rte/rte.c **** /*****************************************************************************/
  49:Source\rte/rte.c **** /* Function implementation - global ('extern') and local ('static')          */
  50:Source\rte/rte.c **** /*****************************************************************************/
  51:Source\rte/rte.c **** 
  52:Source\rte/rte.c **** /**
  53:Source\rte/rte.c ****  * Will call all cyclic runnables when due
  54:Source\rte/rte.c ****  * \param RTE_cyclicTable_t const *const table : [IN] table to be processed
  55:Source\rte/rte.c ****  * \param uint16_t tableSize : [IN] table size
  56:Source\rte/rte.c ****  * \param uint32_t* time : [IN] ticktime elapsed since start in ms
  57:Source\rte/rte.c ****  * \return RC_SUCCESS if all ok, error code otherwise
  58:Source\rte/rte.c ****  */
  59:Source\rte/rte.c **** RC_t RTE_ProcessCyclicTable(RTE_cyclicTable_t const *const table, uint16_t tableSize, uint32_t time
  60:Source\rte/rte.c **** {
  28              		.loc 1 60 0
  29              		.cfi_startproc
  30              		@ args = 0, pretend = 0, frame = 0
  31              		@ frame_needed = 0, uses_anonymous_args = 0
  32              	.LVL0:
  33 0000 F8B5     		push	{r3, r4, r5, r6, r7, lr}
  34              		.cfi_def_cfa_offset 24
  35              		.cfi_offset 3, -24
  36              		.cfi_offset 4, -20
  37              		.cfi_offset 5, -16
  38              		.cfi_offset 6, -12
  39              		.cfi_offset 7, -8
  40              		.cfi_offset 14, -4
  41 0002 0646     		mov	r6, r0
  42 0004 0F46     		mov	r7, r1
  43 0006 1546     		mov	r5, r2
  44              	.LVL1:
  45              	.LBB2:
  61:Source\rte/rte.c ****     
  62:Source\rte/rte.c ****     for (uint16_t i = 0; i < tableSize; i++)
  46              		.loc 1 62 0
  47 0008 0024     		movs	r4, #0
  48 000a 0DE0     		b	.L2
  49              	.LVL2:
  50              	.L4:
  63:Source\rte/rte.c ****     {
  64:Source\rte/rte.c ****         if (0 == (time % table[i].cycleTime))
ARM GAS  C:\Users\mau_g\AppData\Local\Temp\ccjnQwP7.s 			page 3


  51              		.loc 1 64 0
  52 000c 06EBC403 		add	r3, r6, r4, lsl #3
  53 0010 9A88     		ldrh	r2, [r3, #4]
  54 0012 B5FBF2F3 		udiv	r3, r5, r2
  55 0016 02FB1353 		mls	r3, r2, r3, r5
  56 001a 1BB9     		cbnz	r3, .L3
  65:Source\rte/rte.c ****         {
  66:Source\rte/rte.c **** 			//No event information in this case
  67:Source\rte/rte.c ****             table[i].run(0);
  57              		.loc 1 67 0
  58 001c 56F83430 		ldr	r3, [r6, r4, lsl #3]
  59 0020 0020     		movs	r0, #0
  60 0022 9847     		blx	r3
  61              	.LVL3:
  62              	.L3:
  62:Source\rte/rte.c ****     {
  63              		.loc 1 62 0 discriminator 2
  64 0024 0134     		adds	r4, r4, #1
  65              	.LVL4:
  66 0026 A4B2     		uxth	r4, r4
  67              	.LVL5:
  68              	.L2:
  62:Source\rte/rte.c ****     {
  69              		.loc 1 62 0 is_stmt 0 discriminator 1
  70 0028 BC42     		cmp	r4, r7
  71 002a EFD3     		bcc	.L4
  72              	.LBE2:
  68:Source\rte/rte.c ****         }
  69:Source\rte/rte.c ****     }
  70:Source\rte/rte.c ****     
  71:Source\rte/rte.c **** }
  73              		.loc 1 71 0 is_stmt 1
  74 002c F8BD     		pop	{r3, r4, r5, r6, r7, pc}
  75              		.cfi_endproc
  76              	.LFE110:
  77              		.size	RTE_ProcessCyclicTable, .-RTE_ProcessCyclicTable
  78 002e 00BF     		.section	.text.RTE_ProcessEventTable,"ax",%progbits
  79              		.align	2
  80              		.global	RTE_ProcessEventTable
  81              		.thumb
  82              		.thumb_func
  83              		.type	RTE_ProcessEventTable, %function
  84              	RTE_ProcessEventTable:
  85              	.LFB111:
  72:Source\rte/rte.c ****     
  73:Source\rte/rte.c **** /**
  74:Source\rte/rte.c ****  * Will call all event runnables when due
  75:Source\rte/rte.c ****  * \param RTE_eventTable_t const *const table : [IN] table to be processed
  76:Source\rte/rte.c ****  * \param uint16_t tableSize : [IN] table size
  77:Source\rte/rte.c ****  * \param EventMaskType ev : [IN] event mask to be processed
  78:Source\rte/rte.c ****  * \return RC_SUCCESS if all ok, error code otherwise
  79:Source\rte/rte.c ****  */
  80:Source\rte/rte.c **** RC_t RTE_ProcessEventTable(RTE_eventTable_t const *const table, uint16_t tableSize, EventMaskType e
  81:Source\rte/rte.c **** {
  86              		.loc 1 81 0
  87              		.cfi_startproc
  88              		@ args = 0, pretend = 0, frame = 0
ARM GAS  C:\Users\mau_g\AppData\Local\Temp\ccjnQwP7.s 			page 4


  89              		@ frame_needed = 0, uses_anonymous_args = 0
  90              	.LVL6:
  91 0000 F8B5     		push	{r3, r4, r5, r6, r7, lr}
  92              		.cfi_def_cfa_offset 24
  93              		.cfi_offset 3, -24
  94              		.cfi_offset 4, -20
  95              		.cfi_offset 5, -16
  96              		.cfi_offset 6, -12
  97              		.cfi_offset 7, -8
  98              		.cfi_offset 14, -4
  99 0002 0546     		mov	r5, r0
 100 0004 0E46     		mov	r6, r1
 101 0006 1746     		mov	r7, r2
 102              	.LVL7:
 103              	.LBB3:
  82:Source\rte/rte.c ****     
  83:Source\rte/rte.c ****     for (uint16_t i = 0; i < tableSize; i++)
 104              		.loc 1 83 0
 105 0008 0024     		movs	r4, #0
 106 000a 09E0     		b	.L7
 107              	.LVL8:
 108              	.L9:
  84:Source\rte/rte.c ****     {
  85:Source\rte/rte.c ****         if (ev & table[i].event)
 109              		.loc 1 85 0
 110 000c 05EBC403 		add	r3, r5, r4, lsl #3
 111 0010 5868     		ldr	r0, [r3, #4]
 112 0012 3842     		tst	r0, r7
 113 0014 02D0     		beq	.L8
  86:Source\rte/rte.c ****         {
  87:Source\rte/rte.c **** 			//Fire activating event
  88:Source\rte/rte.c ****             table[i].run(table[i].event);
 114              		.loc 1 88 0
 115 0016 55F83430 		ldr	r3, [r5, r4, lsl #3]
 116 001a 9847     		blx	r3
 117              	.LVL9:
 118              	.L8:
  83:Source\rte/rte.c ****     {
 119              		.loc 1 83 0 discriminator 2
 120 001c 0134     		adds	r4, r4, #1
 121              	.LVL10:
 122 001e A4B2     		uxth	r4, r4
 123              	.LVL11:
 124              	.L7:
  83:Source\rte/rte.c ****     {
 125              		.loc 1 83 0 is_stmt 0 discriminator 1
 126 0020 B442     		cmp	r4, r6
 127 0022 F3D3     		bcc	.L9
 128              	.LBE3:
  89:Source\rte/rte.c ****         }
  90:Source\rte/rte.c ****     }
  91:Source\rte/rte.c ****     
  92:Source\rte/rte.c **** }...
 129              		.loc 1 92 0 is_stmt 1
 130 0024 F8BD     		pop	{r3, r4, r5, r6, r7, pc}
 131              		.cfi_endproc
 132              	.LFE111:
ARM GAS  C:\Users\mau_g\AppData\Local\Temp\ccjnQwP7.s 			page 5


 133              		.size	RTE_ProcessEventTable, .-RTE_ProcessEventTable
 134 0026 00BF     		.text
 135              	.Letext0:
 136              		.file 2 "c:\\program files (x86)\\cypress\\psoc creator\\4.4\\psoc creator\\import\\gnu\\arm\\5.4.
 137              		.file 3 "c:\\program files (x86)\\cypress\\psoc creator\\4.4\\psoc creator\\import\\gnu\\arm\\5.4.
 138              		.file 4 "Generated_Source\\PSoC5/ErikaOS_1_common_ee_types.inc"
 139              		.file 5 "Generated_Source\\PSoC5/ErikaOS_1_cortex_mx_ee_cpu.inc"
 140              		.file 6 "Generated_Source\\PSoC5/ErikaOS_1_ee_oo_common.inc"
 141              		.file 7 ".\\Source\\bsw/global.h"
 142              		.file 8 "Source\\rte\\rte_types.h"
 143              		.file 9 "Source\\rte\\rte.h"
 144              		.file 10 "Generated_Source\\PSoC5/ErikaOS_1_ee_oo_intfunc.inc"
 145              		.file 11 "Generated_Source\\PSoC5/ErikaOS_1_cortex_mx_ee_context.inc"
 146              		.file 12 "Generated_Source\\PSoC5/ErikaOS_1_common_ee_primitives.inc"
 147              		.file 13 "Generated_Source\\PSoC5/core_cm3.h"
 148              		.section	.debug_info,"",%progbits
 149              	.Ldebug_info0:
 150 0000 6F030000 		.4byte	0x36f
 151 0004 0400     		.2byte	0x4
 152 0006 00000000 		.4byte	.Ldebug_abbrev0
 153 000a 04       		.byte	0x4
 154 000b 01       		.uleb128 0x1
 155 000c 08030000 		.4byte	.LASF69
 156 0010 0C       		.byte	0xc
 157 0011 3E020000 		.4byte	.LASF70
 158 0015 DD000000 		.4byte	.LASF71
 159 0019 00000000 		.4byte	.Ldebug_ranges0+0
 160 001d 00000000 		.4byte	0
 161 0021 00000000 		.4byte	.Ldebug_line0
 162 0025 02       		.uleb128 0x2
 163 0026 01       		.byte	0x1
 164 0027 06       		.byte	0x6
 165 0028 59020000 		.4byte	.LASF0
 166 002c 02       		.uleb128 0x2
 167 002d 01       		.byte	0x1
 168 002e 08       		.byte	0x8
 169 002f 24020000 		.4byte	.LASF1
 170 0033 02       		.uleb128 0x2
 171 0034 02       		.byte	0x2
 172 0035 05       		.byte	0x5
 173 0036 40000000 		.4byte	.LASF2
 174 003a 03       		.uleb128 0x3
 175 003b B4000000 		.4byte	.LASF4
 176 003f 02       		.byte	0x2
 177 0040 2B       		.byte	0x2b
 178 0041 45000000 		.4byte	0x45
 179 0045 02       		.uleb128 0x2
 180 0046 02       		.byte	0x2
 181 0047 07       		.byte	0x7
 182 0048 E3020000 		.4byte	.LASF3
 183 004c 03       		.uleb128 0x3
 184 004d 48040000 		.4byte	.LASF5
 185 0051 02       		.byte	0x2
 186 0052 3F       		.byte	0x3f
 187 0053 57000000 		.4byte	0x57
 188 0057 02       		.uleb128 0x2
 189 0058 04       		.byte	0x4
ARM GAS  C:\Users\mau_g\AppData\Local\Temp\ccjnQwP7.s 			page 6


 190 0059 05       		.byte	0x5
 191 005a D8010000 		.4byte	.LASF6
 192 005e 03       		.uleb128 0x3
 193 005f A3000000 		.4byte	.LASF7
 194 0063 02       		.byte	0x2
 195 0064 41       		.byte	0x41
 196 0065 69000000 		.4byte	0x69
 197 0069 02       		.uleb128 0x2
 198 006a 04       		.byte	0x4
 199 006b 07       		.byte	0x7
 200 006c F4030000 		.4byte	.LASF8
 201 0070 02       		.uleb128 0x2
 202 0071 08       		.byte	0x8
 203 0072 05       		.byte	0x5
 204 0073 8D010000 		.4byte	.LASF9
 205 0077 02       		.uleb128 0x2
 206 0078 08       		.byte	0x8
 207 0079 07       		.byte	0x7
 208 007a 65020000 		.4byte	.LASF10
 209 007e 04       		.uleb128 0x4
 210 007f 04       		.byte	0x4
 211 0080 05       		.byte	0x5
 212 0081 696E7400 		.ascii	"int\000"
 213 0085 02       		.uleb128 0x2
 214 0086 04       		.byte	0x4
 215 0087 07       		.byte	0x7
 216 0088 96020000 		.4byte	.LASF11
 217 008c 03       		.uleb128 0x3
 218 008d B1020000 		.4byte	.LASF12
 219 0091 03       		.byte	0x3
 220 0092 24       		.byte	0x24
 221 0093 3A000000 		.4byte	0x3a
 222 0097 03       		.uleb128 0x3
 223 0098 B0030000 		.4byte	.LASF13
 224 009c 03       		.byte	0x3
 225 009d 2C       		.byte	0x2c
 226 009e 4C000000 		.4byte	0x4c
 227 00a2 03       		.uleb128 0x3
 228 00a3 8D020000 		.4byte	.LASF14
 229 00a7 03       		.byte	0x3
 230 00a8 30       		.byte	0x30
 231 00a9 5E000000 		.4byte	0x5e
 232 00ad 02       		.uleb128 0x2
 233 00ae 04       		.byte	0x4
 234 00af 04       		.byte	0x4
 235 00b0 87010000 		.4byte	.LASF15
 236 00b4 02       		.uleb128 0x2
 237 00b5 08       		.byte	0x8
 238 00b6 04       		.byte	0x4
 239 00b7 06040000 		.4byte	.LASF16
 240 00bb 02       		.uleb128 0x2
 241 00bc 01       		.byte	0x1
 242 00bd 08       		.byte	0x8
 243 00be 96030000 		.4byte	.LASF17
 244 00c2 02       		.uleb128 0x2
 245 00c3 08       		.byte	0x8
 246 00c4 04       		.byte	0x4
ARM GAS  C:\Users\mau_g\AppData\Local\Temp\ccjnQwP7.s 			page 7


 247 00c5 32020000 		.4byte	.LASF18
 248 00c9 03       		.uleb128 0x3
 249 00ca 4C010000 		.4byte	.LASF19
 250 00ce 04       		.byte	0x4
 251 00cf 53       		.byte	0x53
 252 00d0 7E000000 		.4byte	0x7e
 253 00d4 03       		.uleb128 0x3
 254 00d5 4F020000 		.4byte	.LASF20
 255 00d9 04       		.byte	0x4
 256 00da 54       		.byte	0x54
 257 00db 85000000 		.4byte	0x85
 258 00df 03       		.uleb128 0x3
 259 00e0 1F040000 		.4byte	.LASF21
 260 00e4 05       		.byte	0x5
 261 00e5 4D       		.byte	0x4d
 262 00e6 D4000000 		.4byte	0xd4
 263 00ea 03       		.uleb128 0x3
 264 00eb 87000000 		.4byte	.LASF22
 265 00ef 05       		.byte	0x5
 266 00f0 4F       		.byte	0x4f
 267 00f1 D4000000 		.4byte	0xd4
 268 00f5 03       		.uleb128 0x3
 269 00f6 BF000000 		.4byte	.LASF23
 270 00fa 05       		.byte	0x5
 271 00fb 78       		.byte	0x78
 272 00fc C9000000 		.4byte	0xc9
 273 0100 05       		.uleb128 0x5
 274 0101 00000000 		.4byte	.LASF24
 275 0105 06       		.byte	0x6
 276 0106 2C02     		.2byte	0x22c
 277 0108 DF000000 		.4byte	0xdf
 278 010c 02       		.uleb128 0x2
 279 010d 04       		.byte	0x4
 280 010e 07       		.byte	0x7
 281 010f 70000000 		.4byte	.LASF25
 282 0113 06       		.uleb128 0x6
 283 0114 65524300 		.ascii	"eRC\000"
 284 0118 01       		.byte	0x1
 285 0119 25000000 		.4byte	0x25
 286 011d 07       		.byte	0x7
 287 011e AC       		.byte	0xac
 288 011f BA010000 		.4byte	0x1ba
 289 0123 07       		.uleb128 0x7
 290 0124 21000000 		.4byte	.LASF26
 291 0128 00       		.byte	0
 292 0129 08       		.uleb128 0x8
 293 012a 89040000 		.4byte	.LASF27
 294 012e 7F       		.sleb128 -1
 295 012f 08       		.uleb128 0x8
 296 0130 BA020000 		.4byte	.LASF28
 297 0134 7E       		.sleb128 -2
 298 0135 08       		.uleb128 0x8
 299 0136 79000000 		.4byte	.LASF29
 300 013a 7D       		.sleb128 -3
 301 013b 08       		.uleb128 0x8
 302 013c 92040000 		.4byte	.LASF30
 303 0140 7C       		.sleb128 -4
ARM GAS  C:\Users\mau_g\AppData\Local\Temp\ccjnQwP7.s 			page 8


 304 0141 08       		.uleb128 0x8
 305 0142 78010000 		.4byte	.LASF31
 306 0146 7B       		.sleb128 -5
 307 0147 08       		.uleb128 0x8
 308 0148 4A000000 		.4byte	.LASF32
 309 014c 7A       		.sleb128 -6
 310 014d 08       		.uleb128 0x8
 311 014e E1010000 		.4byte	.LASF33
 312 0152 79       		.sleb128 -7
 313 0153 08       		.uleb128 0x8
 314 0154 9B030000 		.4byte	.LASF34
 315 0158 78       		.sleb128 -8
 316 0159 08       		.uleb128 0x8
 317 015a C8020000 		.4byte	.LASF35
 318 015e 77       		.sleb128 -9
 319 015f 08       		.uleb128 0x8
 320 0160 F3010000 		.4byte	.LASF36
 321 0164 76       		.sleb128 -10
 322 0165 08       		.uleb128 0x8
 323 0166 BF040000 		.4byte	.LASF37
 324 016a 75       		.sleb128 -11
 325 016b 08       		.uleb128 0x8
 326 016c A3020000 		.4byte	.LASF38
 327 0170 74       		.sleb128 -12
 328 0171 08       		.uleb128 0x8
 329 0172 0D040000 		.4byte	.LASF39
 330 0176 73       		.sleb128 -13
 331 0177 08       		.uleb128 0x8
 332 0178 0E000000 		.4byte	.LASF40
 333 017c 72       		.sleb128 -14
 334 017d 08       		.uleb128 0x8
 335 017e 2C000000 		.4byte	.LASF41
 336 0182 71       		.sleb128 -15
 337 0183 08       		.uleb128 0x8
 338 0184 01020000 		.4byte	.LASF42
 339 0188 70       		.sleb128 -16
 340 0189 08       		.uleb128 0x8
 341 018a 8F000000 		.4byte	.LASF43
 342 018e 6F       		.sleb128 -17
 343 018f 08       		.uleb128 0x8
 344 0190 5B000000 		.4byte	.LASF44
 345 0194 6E       		.sleb128 -18
 346 0195 08       		.uleb128 0x8
 347 0196 B4010000 		.4byte	.LASF45
 348 019a 6D       		.sleb128 -19
 349 019b 08       		.uleb128 0x8
 350 019c CE030000 		.4byte	.LASF46
 351 01a0 6C       		.sleb128 -20
 352 01a1 08       		.uleb128 0x8
 353 01a2 12020000 		.4byte	.LASF47
 354 01a6 6B       		.sleb128 -21
 355 01a7 08       		.uleb128 0x8
 356 01a8 5C040000 		.4byte	.LASF48
 357 01ac 6A       		.sleb128 -22
 358 01ad 08       		.uleb128 0x8
 359 01ae C6000000 		.4byte	.LASF49
 360 01b2 69       		.sleb128 -23
ARM GAS  C:\Users\mau_g\AppData\Local\Temp\ccjnQwP7.s 			page 9


 361 01b3 08       		.uleb128 0x8
 362 01b4 C7010000 		.4byte	.LASF50
 363 01b8 68       		.sleb128 -24
 364 01b9 00       		.byte	0
 365 01ba 03       		.uleb128 0x3
 366 01bb BA040000 		.4byte	.LASF51
 367 01bf 07       		.byte	0x7
 368 01c0 C8       		.byte	0xc8
 369 01c1 13010000 		.4byte	0x113
 370 01c5 03       		.uleb128 0x3
 371 01c6 52040000 		.4byte	.LASF52
 372 01ca 08       		.byte	0x8
 373 01cb 21       		.byte	0x21
 374 01cc 00010000 		.4byte	0x100
 375 01d0 03       		.uleb128 0x3
 376 01d1 6E040000 		.4byte	.LASF53
 377 01d5 09       		.byte	0x9
 378 01d6 66       		.byte	0x66
 379 01d7 DB010000 		.4byte	0x1db
 380 01db 09       		.uleb128 0x9
 381 01dc 04       		.byte	0x4
 382 01dd E1010000 		.4byte	0x1e1
 383 01e1 0A       		.uleb128 0xa
 384 01e2 EC010000 		.4byte	0x1ec
 385 01e6 0B       		.uleb128 0xb
 386 01e7 C5010000 		.4byte	0x1c5
 387 01eb 00       		.byte	0
 388 01ec 0C       		.uleb128 0xc
 389 01ed 08       		.byte	0x8
 390 01ee 09       		.byte	0x9
 391 01ef 6B       		.byte	0x6b
 392 01f0 0D020000 		.4byte	0x20d
 393 01f4 0D       		.uleb128 0xd
 394 01f5 72756E00 		.ascii	"run\000"
 395 01f9 09       		.byte	0x9
 396 01fa 6D       		.byte	0x6d
 397 01fb D0010000 		.4byte	0x1d0
 398 01ff 00       		.byte	0
 399 0200 0E       		.uleb128 0xe
 400 0201 55010000 		.4byte	.LASF54
 401 0205 09       		.byte	0x9
 402 0206 6E       		.byte	0x6e
 403 0207 8C000000 		.4byte	0x8c
 404 020b 04       		.byte	0x4
 405 020c 00       		.byte	0
 406 020d 03       		.uleb128 0x3
 407 020e F6020000 		.4byte	.LASF55
 408 0212 09       		.byte	0x9
 409 0213 6F       		.byte	0x6f
 410 0214 EC010000 		.4byte	0x1ec
 411 0218 0C       		.uleb128 0xc
 412 0219 08       		.byte	0x8
 413 021a 09       		.byte	0x9
 414 021b 74       		.byte	0x74
 415 021c 39020000 		.4byte	0x239
 416 0220 0D       		.uleb128 0xd
 417 0221 72756E00 		.ascii	"run\000"
ARM GAS  C:\Users\mau_g\AppData\Local\Temp\ccjnQwP7.s 			page 10


 418 0225 09       		.byte	0x9
 419 0226 76       		.byte	0x76
 420 0227 D0010000 		.4byte	0x1d0
 421 022b 00       		.byte	0
 422 022c 0E       		.uleb128 0xe
 423 022d AE000000 		.4byte	.LASF56
 424 0231 09       		.byte	0x9
 425 0232 77       		.byte	0x77
 426 0233 00010000 		.4byte	0x100
 427 0237 04       		.byte	0x4
 428 0238 00       		.byte	0
 429 0239 03       		.uleb128 0x3
 430 023a 7C020000 		.4byte	.LASF57
 431 023e 09       		.byte	0x9
 432 023f 78       		.byte	0x78
 433 0240 18020000 		.4byte	0x218
 434 0244 0F       		.uleb128 0xf
 435 0245 31040000 		.4byte	.LASF61
 436 0249 01       		.byte	0x1
 437 024a 3B       		.byte	0x3b
 438 024b BA010000 		.4byte	0x1ba
 439 024f 00000000 		.4byte	.LFB110
 440 0253 2E000000 		.4byte	.LFE110-.LFB110
 441 0257 01       		.uleb128 0x1
 442 0258 9C       		.byte	0x9c
 443 0259 AD020000 		.4byte	0x2ad
 444 025d 10       		.uleb128 0x10
 445 025e 31010000 		.4byte	.LASF58
 446 0262 01       		.byte	0x1
 447 0263 3B       		.byte	0x3b
 448 0264 B8020000 		.4byte	0x2b8
 449 0268 00000000 		.4byte	.LLST0
 450 026c 10       		.uleb128 0x10
 451 026d 27040000 		.4byte	.LASF59
 452 0271 01       		.byte	0x1
 453 0272 3B       		.byte	0x3b
 454 0273 8C000000 		.4byte	0x8c
 455 0277 1E000000 		.4byte	.LLST1
 456 027b 10       		.uleb128 0x10
 457 027c DE020000 		.4byte	.LASF60
 458 0280 01       		.byte	0x1
 459 0281 3B       		.byte	0x3b
 460 0282 A2000000 		.4byte	0xa2
 461 0286 3F000000 		.4byte	.LLST2
 462 028a 11       		.uleb128 0x11
 463 028b 08000000 		.4byte	.LBB2
 464 028f 24000000 		.4byte	.LBE2-.LBB2
 465 0293 12       		.uleb128 0x12
 466 0294 6900     		.ascii	"i\000"
 467 0296 01       		.byte	0x1
 468 0297 3E       		.byte	0x3e
 469 0298 8C000000 		.4byte	0x8c
 470 029c 5D000000 		.4byte	.LLST3
 471 02a0 13       		.uleb128 0x13
 472 02a1 24000000 		.4byte	.LVL3
 473 02a5 14       		.uleb128 0x14
 474 02a6 01       		.uleb128 0x1
ARM GAS  C:\Users\mau_g\AppData\Local\Temp\ccjnQwP7.s 			page 11


 475 02a7 50       		.byte	0x50
 476 02a8 01       		.uleb128 0x1
 477 02a9 30       		.byte	0x30
 478 02aa 00       		.byte	0
 479 02ab 00       		.byte	0
 480 02ac 00       		.byte	0
 481 02ad 09       		.uleb128 0x9
 482 02ae 04       		.byte	0x4
 483 02af B3020000 		.4byte	0x2b3
 484 02b3 15       		.uleb128 0x15
 485 02b4 0D020000 		.4byte	0x20d
 486 02b8 15       		.uleb128 0x15
 487 02b9 AD020000 		.4byte	0x2ad
 488 02bd 16       		.uleb128 0x16
 489 02be B8030000 		.4byte	.LASF62
 490 02c2 01       		.byte	0x1
 491 02c3 50       		.byte	0x50
 492 02c4 BA010000 		.4byte	0x1ba
 493 02c8 00000000 		.4byte	.LFB111
 494 02cc 26000000 		.4byte	.LFE111-.LFB111
 495 02d0 01       		.uleb128 0x1
 496 02d1 9C       		.byte	0x9c
 497 02d2 1A030000 		.4byte	0x31a
 498 02d6 10       		.uleb128 0x10
 499 02d7 31010000 		.4byte	.LASF58
 500 02db 01       		.byte	0x1
 501 02dc 50       		.byte	0x50
 502 02dd 25030000 		.4byte	0x325
 503 02e1 87000000 		.4byte	.LLST4
 504 02e5 10       		.uleb128 0x10
 505 02e6 27040000 		.4byte	.LASF59
 506 02ea 01       		.byte	0x1
 507 02eb 50       		.byte	0x50
 508 02ec 8C000000 		.4byte	0x8c
 509 02f0 A5000000 		.4byte	.LLST5
 510 02f4 17       		.uleb128 0x17
 511 02f5 657600   		.ascii	"ev\000"
 512 02f8 01       		.byte	0x1
 513 02f9 50       		.byte	0x50
 514 02fa 00010000 		.4byte	0x100
 515 02fe C6000000 		.4byte	.LLST6
 516 0302 11       		.uleb128 0x11
 517 0303 08000000 		.4byte	.LBB3
 518 0307 1C000000 		.4byte	.LBE3-.LBB3
 519 030b 12       		.uleb128 0x12
 520 030c 6900     		.ascii	"i\000"
 521 030e 01       		.byte	0x1
 522 030f 53       		.byte	0x53
 523 0310 8C000000 		.4byte	0x8c
 524 0314 E4000000 		.4byte	.LLST7
 525 0318 00       		.byte	0
 526 0319 00       		.byte	0
 527 031a 09       		.uleb128 0x9
 528 031b 04       		.byte	0x4
 529 031c 20030000 		.4byte	0x320
 530 0320 15       		.uleb128 0x15
 531 0321 39020000 		.4byte	0x239
ARM GAS  C:\Users\mau_g\AppData\Local\Temp\ccjnQwP7.s 			page 12


 532 0325 15       		.uleb128 0x15
 533 0326 1A030000 		.4byte	0x31a
 534 032a 18       		.uleb128 0x18
 535 032b A2040000 		.4byte	.LASF63
 536 032f 0A       		.byte	0xa
 537 0330 40       		.byte	0x40
 538 0331 DF000000 		.4byte	0xdf
 539 0335 18       		.uleb128 0x18
 540 0336 9B010000 		.4byte	.LASF64
 541 033a 0A       		.byte	0xa
 542 033b 47       		.byte	0x47
 543 033c EA000000 		.4byte	0xea
 544 0340 18       		.uleb128 0x18
 545 0341 E1030000 		.4byte	.LASF65
 546 0345 0A       		.byte	0xa
 547 0346 4A       		.byte	0x4a
 548 0347 DF000000 		.4byte	0xdf
 549 034b 18       		.uleb128 0x18
 550 034c 5F010000 		.4byte	.LASF66
 551 0350 0B       		.byte	0xb
 552 0351 48       		.byte	0x48
 553 0352 F5000000 		.4byte	0xf5
 554 0356 18       		.uleb128 0x18
 555 0357 37010000 		.4byte	.LASF67
 556 035b 0C       		.byte	0xc
 557 035c 44       		.byte	0x44
 558 035d DF000000 		.4byte	0xdf
 559 0361 19       		.uleb128 0x19
 560 0362 7C040000 		.4byte	.LASF68
 561 0366 0D       		.byte	0xd
 562 0367 1207     		.2byte	0x712
 563 0369 6D030000 		.4byte	0x36d
 564 036d 1A       		.uleb128 0x1a
 565 036e 97000000 		.4byte	0x97
 566 0372 00       		.byte	0
 567              		.section	.debug_abbrev,"",%progbits
 568              	.Ldebug_abbrev0:
 569 0000 01       		.uleb128 0x1
 570 0001 11       		.uleb128 0x11
 571 0002 01       		.byte	0x1
 572 0003 25       		.uleb128 0x25
 573 0004 0E       		.uleb128 0xe
 574 0005 13       		.uleb128 0x13
 575 0006 0B       		.uleb128 0xb
 576 0007 03       		.uleb128 0x3
 577 0008 0E       		.uleb128 0xe
 578 0009 1B       		.uleb128 0x1b
 579 000a 0E       		.uleb128 0xe
 580 000b 55       		.uleb128 0x55
 581 000c 17       		.uleb128 0x17
 582 000d 11       		.uleb128 0x11
 583 000e 01       		.uleb128 0x1
 584 000f 10       		.uleb128 0x10
 585 0010 17       		.uleb128 0x17
 586 0011 00       		.byte	0
 587 0012 00       		.byte	0
 588 0013 02       		.uleb128 0x2
ARM GAS  C:\Users\mau_g\AppData\Local\Temp\ccjnQwP7.s 			page 13


 589 0014 24       		.uleb128 0x24
 590 0015 00       		.byte	0
 591 0016 0B       		.uleb128 0xb
 592 0017 0B       		.uleb128 0xb
 593 0018 3E       		.uleb128 0x3e
 594 0019 0B       		.uleb128 0xb
 595 001a 03       		.uleb128 0x3
 596 001b 0E       		.uleb128 0xe
 597 001c 00       		.byte	0
 598 001d 00       		.byte	0
 599 001e 03       		.uleb128 0x3
 600 001f 16       		.uleb128 0x16
 601 0020 00       		.byte	0
 602 0021 03       		.uleb128 0x3
 603 0022 0E       		.uleb128 0xe
 604 0023 3A       		.uleb128 0x3a
 605 0024 0B       		.uleb128 0xb
 606 0025 3B       		.uleb128 0x3b
 607 0026 0B       		.uleb128 0xb
 608 0027 49       		.uleb128 0x49
 609 0028 13       		.uleb128 0x13
 610 0029 00       		.byte	0
 611 002a 00       		.byte	0
 612 002b 04       		.uleb128 0x4
 613 002c 24       		.uleb128 0x24
 614 002d 00       		.byte	0
 615 002e 0B       		.uleb128 0xb
 616 002f 0B       		.uleb128 0xb
 617 0030 3E       		.uleb128 0x3e
 618 0031 0B       		.uleb128 0xb
 619 0032 03       		.uleb128 0x3
 620 0033 08       		.uleb128 0x8
 621 0034 00       		.byte	0
 622 0035 00       		.byte	0
 623 0036 05       		.uleb128 0x5
 624 0037 16       		.uleb128 0x16
 625 0038 00       		.byte	0
 626 0039 03       		.uleb128 0x3
 627 003a 0E       		.uleb128 0xe
 628 003b 3A       		.uleb128 0x3a
 629 003c 0B       		.uleb128 0xb
 630 003d 3B       		.uleb128 0x3b
 631 003e 05       		.uleb128 0x5
 632 003f 49       		.uleb128 0x49
 633 0040 13       		.uleb128 0x13
 634 0041 00       		.byte	0
 635 0042 00       		.byte	0
 636 0043 06       		.uleb128 0x6
 637 0044 04       		.uleb128 0x4
 638 0045 01       		.byte	0x1
 639 0046 03       		.uleb128 0x3
 640 0047 08       		.uleb128 0x8
 641 0048 0B       		.uleb128 0xb
 642 0049 0B       		.uleb128 0xb
 643 004a 49       		.uleb128 0x49
 644 004b 13       		.uleb128 0x13
 645 004c 3A       		.uleb128 0x3a
ARM GAS  C:\Users\mau_g\AppData\Local\Temp\ccjnQwP7.s 			page 14


 646 004d 0B       		.uleb128 0xb
 647 004e 3B       		.uleb128 0x3b
 648 004f 0B       		.uleb128 0xb
 649 0050 01       		.uleb128 0x1
 650 0051 13       		.uleb128 0x13
 651 0052 00       		.byte	0
 652 0053 00       		.byte	0
 653 0054 07       		.uleb128 0x7
 654 0055 28       		.uleb128 0x28
 655 0056 00       		.byte	0
 656 0057 03       		.uleb128 0x3
 657 0058 0E       		.uleb128 0xe
 658 0059 1C       		.uleb128 0x1c
 659 005a 0B       		.uleb128 0xb
 660 005b 00       		.byte	0
 661 005c 00       		.byte	0
 662 005d 08       		.uleb128 0x8
 663 005e 28       		.uleb128 0x28
 664 005f 00       		.byte	0
 665 0060 03       		.uleb128 0x3
 666 0061 0E       		.uleb128 0xe
 667 0062 1C       		.uleb128 0x1c
 668 0063 0D       		.uleb128 0xd
 669 0064 00       		.byte	0
 670 0065 00       		.byte	0
 671 0066 09       		.uleb128 0x9
 672 0067 0F       		.uleb128 0xf
 673 0068 00       		.byte	0
 674 0069 0B       		.uleb128 0xb
 675 006a 0B       		.uleb128 0xb
 676 006b 49       		.uleb128 0x49
 677 006c 13       		.uleb128 0x13
 678 006d 00       		.byte	0
 679 006e 00       		.byte	0
 680 006f 0A       		.uleb128 0xa
 681 0070 15       		.uleb128 0x15
 682 0071 01       		.byte	0x1
 683 0072 27       		.uleb128 0x27
 684 0073 19       		.uleb128 0x19
 685 0074 01       		.uleb128 0x1
 686 0075 13       		.uleb128 0x13
 687 0076 00       		.byte	0
 688 0077 00       		.byte	0
 689 0078 0B       		.uleb128 0xb
 690 0079 05       		.uleb128 0x5
 691 007a 00       		.byte	0
 692 007b 49       		.uleb128 0x49
 693 007c 13       		.uleb128 0x13
 694 007d 00       		.byte	0
 695 007e 00       		.byte	0
 696 007f 0C       		.uleb128 0xc
 697 0080 13       		.uleb128 0x13
 698 0081 01       		.byte	0x1
 699 0082 0B       		.uleb128 0xb
 700 0083 0B       		.uleb128 0xb
 701 0084 3A       		.uleb128 0x3a
 702 0085 0B       		.uleb128 0xb
ARM GAS  C:\Users\mau_g\AppData\Local\Temp\ccjnQwP7.s 			page 15


 703 0086 3B       		.uleb128 0x3b
 704 0087 0B       		.uleb128 0xb
 705 0088 01       		.uleb128 0x1
 706 0089 13       		.uleb128 0x13
 707 008a 00       		.byte	0
 708 008b 00       		.byte	0
 709 008c 0D       		.uleb128 0xd
 710 008d 0D       		.uleb128 0xd
 711 008e 00       		.byte	0
 712 008f 03       		.uleb128 0x3
 713 0090 08       		.uleb128 0x8
 714 0091 3A       		.uleb128 0x3a
 715 0092 0B       		.uleb128 0xb
 716 0093 3B       		.uleb128 0x3b
 717 0094 0B       		.uleb128 0xb
 718 0095 49       		.uleb128 0x49
 719 0096 13       		.uleb128 0x13
 720 0097 38       		.uleb128 0x38
 721 0098 0B       		.uleb128 0xb
 722 0099 00       		.byte	0
 723 009a 00       		.byte	0
 724 009b 0E       		.uleb128 0xe
 725 009c 0D       		.uleb128 0xd
 726 009d 00       		.byte	0
 727 009e 03       		.uleb128 0x3
 728 009f 0E       		.uleb128 0xe
 729 00a0 3A       		.uleb128 0x3a
 730 00a1 0B       		.uleb128 0xb
 731 00a2 3B       		.uleb128 0x3b
 732 00a3 0B       		.uleb128 0xb
 733 00a4 49       		.uleb128 0x49
 734 00a5 13       		.uleb128 0x13
 735 00a6 38       		.uleb128 0x38
 736 00a7 0B       		.uleb128 0xb
 737 00a8 00       		.byte	0
 738 00a9 00       		.byte	0
 739 00aa 0F       		.uleb128 0xf
 740 00ab 2E       		.uleb128 0x2e
 741 00ac 01       		.byte	0x1
 742 00ad 3F       		.uleb128 0x3f
 743 00ae 19       		.uleb128 0x19
 744 00af 03       		.uleb128 0x3
 745 00b0 0E       		.uleb128 0xe
 746 00b1 3A       		.uleb128 0x3a
 747 00b2 0B       		.uleb128 0xb
 748 00b3 3B       		.uleb128 0x3b
 749 00b4 0B       		.uleb128 0xb
 750 00b5 27       		.uleb128 0x27
 751 00b6 19       		.uleb128 0x19
 752 00b7 49       		.uleb128 0x49
 753 00b8 13       		.uleb128 0x13
 754 00b9 11       		.uleb128 0x11
 755 00ba 01       		.uleb128 0x1
 756 00bb 12       		.uleb128 0x12
 757 00bc 06       		.uleb128 0x6
 758 00bd 40       		.uleb128 0x40
 759 00be 18       		.uleb128 0x18
ARM GAS  C:\Users\mau_g\AppData\Local\Temp\ccjnQwP7.s 			page 16


 760 00bf 9742     		.uleb128 0x2117
 761 00c1 19       		.uleb128 0x19
 762 00c2 01       		.uleb128 0x1
 763 00c3 13       		.uleb128 0x13
 764 00c4 00       		.byte	0
 765 00c5 00       		.byte	0
 766 00c6 10       		.uleb128 0x10
 767 00c7 05       		.uleb128 0x5
 768 00c8 00       		.byte	0
 769 00c9 03       		.uleb128 0x3
 770 00ca 0E       		.uleb128 0xe
 771 00cb 3A       		.uleb128 0x3a
 772 00cc 0B       		.uleb128 0xb
 773 00cd 3B       		.uleb128 0x3b
 774 00ce 0B       		.uleb128 0xb
 775 00cf 49       		.uleb128 0x49
 776 00d0 13       		.uleb128 0x13
 777 00d1 02       		.uleb128 0x2
 778 00d2 17       		.uleb128 0x17
 779 00d3 00       		.byte	0
 780 00d4 00       		.byte	0
 781 00d5 11       		.uleb128 0x11
 782 00d6 0B       		.uleb128 0xb
 783 00d7 01       		.byte	0x1
 784 00d8 11       		.uleb128 0x11
 785 00d9 01       		.uleb128 0x1
 786 00da 12       		.uleb128 0x12
 787 00db 06       		.uleb128 0x6
 788 00dc 00       		.byte	0
 789 00dd 00       		.byte	0
 790 00de 12       		.uleb128 0x12
 791 00df 34       		.uleb128 0x34
 792 00e0 00       		.byte	0
 793 00e1 03       		.uleb128 0x3
 794 00e2 08       		.uleb128 0x8
 795 00e3 3A       		.uleb128 0x3a
 796 00e4 0B       		.uleb128 0xb
 797 00e5 3B       		.uleb128 0x3b
 798 00e6 0B       		.uleb128 0xb
 799 00e7 49       		.uleb128 0x49
 800 00e8 13       		.uleb128 0x13
 801 00e9 02       		.uleb128 0x2
 802 00ea 17       		.uleb128 0x17
 803 00eb 00       		.byte	0
 804 00ec 00       		.byte	0
 805 00ed 13       		.uleb128 0x13
 806 00ee 898201   		.uleb128 0x4109
 807 00f1 01       		.byte	0x1
 808 00f2 11       		.uleb128 0x11
 809 00f3 01       		.uleb128 0x1
 810 00f4 00       		.byte	0
 811 00f5 00       		.byte	0
 812 00f6 14       		.uleb128 0x14
 813 00f7 8A8201   		.uleb128 0x410a
 814 00fa 00       		.byte	0
 815 00fb 02       		.uleb128 0x2
 816 00fc 18       		.uleb128 0x18
ARM GAS  C:\Users\mau_g\AppData\Local\Temp\ccjnQwP7.s 			page 17


 817 00fd 9142     		.uleb128 0x2111
 818 00ff 18       		.uleb128 0x18
 819 0100 00       		.byte	0
 820 0101 00       		.byte	0
 821 0102 15       		.uleb128 0x15
 822 0103 26       		.uleb128 0x26
 823 0104 00       		.byte	0
 824 0105 49       		.uleb128 0x49
 825 0106 13       		.uleb128 0x13
 826 0107 00       		.byte	0
 827 0108 00       		.byte	0
 828 0109 16       		.uleb128 0x16
 829 010a 2E       		.uleb128 0x2e
 830 010b 01       		.byte	0x1
 831 010c 3F       		.uleb128 0x3f
 832 010d 19       		.uleb128 0x19
 833 010e 03       		.uleb128 0x3
 834 010f 0E       		.uleb128 0xe
 835 0110 3A       		.uleb128 0x3a
 836 0111 0B       		.uleb128 0xb
 837 0112 3B       		.uleb128 0x3b
 838 0113 0B       		.uleb128 0xb
 839 0114 27       		.uleb128 0x27
 840 0115 19       		.uleb128 0x19
 841 0116 49       		.uleb128 0x49
 842 0117 13       		.uleb128 0x13
 843 0118 11       		.uleb128 0x11
 844 0119 01       		.uleb128 0x1
 845 011a 12       		.uleb128 0x12
 846 011b 06       		.uleb128 0x6
 847 011c 40       		.uleb128 0x40
 848 011d 18       		.uleb128 0x18
 849 011e 9642     		.uleb128 0x2116
 850 0120 19       		.uleb128 0x19
 851 0121 01       		.uleb128 0x1
 852 0122 13       		.uleb128 0x13
 853 0123 00       		.byte	0
 854 0124 00       		.byte	0
 855 0125 17       		.uleb128 0x17
 856 0126 05       		.uleb128 0x5
 857 0127 00       		.byte	0
 858 0128 03       		.uleb128 0x3
 859 0129 08       		.uleb128 0x8
 860 012a 3A       		.uleb128 0x3a
 861 012b 0B       		.uleb128 0xb
 862 012c 3B       		.uleb128 0x3b
 863 012d 0B       		.uleb128 0xb
 864 012e 49       		.uleb128 0x49
 865 012f 13       		.uleb128 0x13
 866 0130 02       		.uleb128 0x2
 867 0131 17       		.uleb128 0x17
 868 0132 00       		.byte	0
 869 0133 00       		.byte	0
 870 0134 18       		.uleb128 0x18
 871 0135 34       		.uleb128 0x34
 872 0136 00       		.byte	0
 873 0137 03       		.uleb128 0x3
ARM GAS  C:\Users\mau_g\AppData\Local\Temp\ccjnQwP7.s 			page 18


 874 0138 0E       		.uleb128 0xe
 875 0139 3A       		.uleb128 0x3a
 876 013a 0B       		.uleb128 0xb
 877 013b 3B       		.uleb128 0x3b
 878 013c 0B       		.uleb128 0xb
 879 013d 49       		.uleb128 0x49
 880 013e 13       		.uleb128 0x13
 881 013f 3F       		.uleb128 0x3f
 882 0140 19       		.uleb128 0x19
 883 0141 3C       		.uleb128 0x3c
 884 0142 19       		.uleb128 0x19
 885 0143 00       		.byte	0
 886 0144 00       		.byte	0
 887 0145 19       		.uleb128 0x19
 888 0146 34       		.uleb128 0x34
 889 0147 00       		.byte	0
 890 0148 03       		.uleb128 0x3
 891 0149 0E       		.uleb128 0xe
 892 014a 3A       		.uleb128 0x3a
 893 014b 0B       		.uleb128 0xb
 894 014c 3B       		.uleb128 0x3b
 895 014d 05       		.uleb128 0x5
 896 014e 49       		.uleb128 0x49
 897 014f 13       		.uleb128 0x13
 898 0150 3F       		.uleb128 0x3f
 899 0151 19       		.uleb128 0x19
 900 0152 3C       		.uleb128 0x3c
 901 0153 19       		.uleb128 0x19
 902 0154 00       		.byte	0
 903 0155 00       		.byte	0
 904 0156 1A       		.uleb128 0x1a
 905 0157 35       		.uleb128 0x35
 906 0158 00       		.byte	0
 907 0159 49       		.uleb128 0x49
 908 015a 13       		.uleb128 0x13
 909 015b 00       		.byte	0
 910 015c 00       		.byte	0
 911 015d 00       		.byte	0
 912              		.section	.debug_loc,"",%progbits
 913              	.Ldebug_loc0:
 914              	.LLST0:
 915 0000 00000000 		.4byte	.LVL0
 916 0004 0C000000 		.4byte	.LVL2
 917 0008 0100     		.2byte	0x1
 918 000a 50       		.byte	0x50
 919 000b 0C000000 		.4byte	.LVL2
 920 000f 2E000000 		.4byte	.LFE110
 921 0013 0100     		.2byte	0x1
 922 0015 56       		.byte	0x56
 923 0016 00000000 		.4byte	0
 924 001a 00000000 		.4byte	0
 925              	.LLST1:
 926 001e 00000000 		.4byte	.LVL0
 927 0022 0C000000 		.4byte	.LVL2
 928 0026 0100     		.2byte	0x1
 929 0028 51       		.byte	0x51
 930 0029 0C000000 		.4byte	.LVL2
ARM GAS  C:\Users\mau_g\AppData\Local\Temp\ccjnQwP7.s 			page 19


 931 002d 2E000000 		.4byte	.LFE110
 932 0031 0400     		.2byte	0x4
 933 0033 F3       		.byte	0xf3
 934 0034 01       		.uleb128 0x1
 935 0035 51       		.byte	0x51
 936 0036 9F       		.byte	0x9f
 937 0037 00000000 		.4byte	0
 938 003b 00000000 		.4byte	0
 939              	.LLST2:
 940 003f 00000000 		.4byte	.LVL0
 941 0043 0C000000 		.4byte	.LVL2
 942 0047 0100     		.2byte	0x1
 943 0049 52       		.byte	0x52
 944 004a 0C000000 		.4byte	.LVL2
 945 004e 2E000000 		.4byte	.LFE110
 946 0052 0100     		.2byte	0x1
 947 0054 55       		.byte	0x55
 948 0055 00000000 		.4byte	0
 949 0059 00000000 		.4byte	0
 950              	.LLST3:
 951 005d 08000000 		.4byte	.LVL1
 952 0061 0C000000 		.4byte	.LVL2
 953 0065 0200     		.2byte	0x2
 954 0067 30       		.byte	0x30
 955 0068 9F       		.byte	0x9f
 956 0069 0C000000 		.4byte	.LVL2
 957 006d 26000000 		.4byte	.LVL4
 958 0071 0100     		.2byte	0x1
 959 0073 54       		.byte	0x54
 960 0074 28000000 		.4byte	.LVL5
 961 0078 2E000000 		.4byte	.LFE110
 962 007c 0100     		.2byte	0x1
 963 007e 54       		.byte	0x54
 964 007f 00000000 		.4byte	0
 965 0083 00000000 		.4byte	0
 966              	.LLST4:
 967 0087 00000000 		.4byte	.LVL6
 968 008b 0C000000 		.4byte	.LVL8
 969 008f 0100     		.2byte	0x1
 970 0091 50       		.byte	0x50
 971 0092 0C000000 		.4byte	.LVL8
 972 0096 26000000 		.4byte	.LFE111
 973 009a 0100     		.2byte	0x1
 974 009c 55       		.byte	0x55
 975 009d 00000000 		.4byte	0
 976 00a1 00000000 		.4byte	0
 977              	.LLST5:
 978 00a5 00000000 		.4byte	.LVL6
 979 00a9 0C000000 		.4byte	.LVL8
 980 00ad 0100     		.2byte	0x1
 981 00af 51       		.byte	0x51
 982 00b0 0C000000 		.4byte	.LVL8
 983 00b4 26000000 		.4byte	.LFE111
 984 00b8 0400     		.2byte	0x4
 985 00ba F3       		.byte	0xf3
 986 00bb 01       		.uleb128 0x1
 987 00bc 51       		.byte	0x51
ARM GAS  C:\Users\mau_g\AppData\Local\Temp\ccjnQwP7.s 			page 20


 988 00bd 9F       		.byte	0x9f
 989 00be 00000000 		.4byte	0
 990 00c2 00000000 		.4byte	0
 991              	.LLST6:
 992 00c6 00000000 		.4byte	.LVL6
 993 00ca 0C000000 		.4byte	.LVL8
 994 00ce 0100     		.2byte	0x1
 995 00d0 52       		.byte	0x52
 996 00d1 0C000000 		.4byte	.LVL8
 997 00d5 26000000 		.4byte	.LFE111
 998 00d9 0100     		.2byte	0x1
 999 00db 57       		.byte	0x57
 1000 00dc 00000000 		.4byte	0
 1001 00e0 00000000 		.4byte	0
 1002              	.LLST7:
 1003 00e4 08000000 		.4byte	.LVL7
 1004 00e8 0C000000 		.4byte	.LVL8
 1005 00ec 0200     		.2byte	0x2
 1006 00ee 30       		.byte	0x30
 1007 00ef 9F       		.byte	0x9f
 1008 00f0 0C000000 		.4byte	.LVL8
 1009 00f4 1E000000 		.4byte	.LVL10
 1010 00f8 0100     		.2byte	0x1
 1011 00fa 54       		.byte	0x54
 1012 00fb 20000000 		.4byte	.LVL11
 1013 00ff 26000000 		.4byte	.LFE111
 1014 0103 0100     		.2byte	0x1
 1015 0105 54       		.byte	0x54
 1016 0106 00000000 		.4byte	0
 1017 010a 00000000 		.4byte	0
 1018              		.section	.debug_aranges,"",%progbits
 1019 0000 24000000 		.4byte	0x24
 1020 0004 0200     		.2byte	0x2
 1021 0006 00000000 		.4byte	.Ldebug_info0
 1022 000a 04       		.byte	0x4
 1023 000b 00       		.byte	0
 1024 000c 0000     		.2byte	0
 1025 000e 0000     		.2byte	0
 1026 0010 00000000 		.4byte	.LFB110
 1027 0014 2E000000 		.4byte	.LFE110-.LFB110
 1028 0018 00000000 		.4byte	.LFB111
 1029 001c 26000000 		.4byte	.LFE111-.LFB111
 1030 0020 00000000 		.4byte	0
 1031 0024 00000000 		.4byte	0
 1032              		.section	.debug_ranges,"",%progbits
 1033              	.Ldebug_ranges0:
 1034 0000 00000000 		.4byte	.LFB110
 1035 0004 2E000000 		.4byte	.LFE110
 1036 0008 00000000 		.4byte	.LFB111
 1037 000c 26000000 		.4byte	.LFE111
 1038 0010 00000000 		.4byte	0
 1039 0014 00000000 		.4byte	0
 1040              		.section	.debug_line,"",%progbits
 1041              	.Ldebug_line0:
 1042 0000 8F020000 		.section	.debug_str,"MS",%progbits,1
 1042      02004602 
 1042      00000201 
ARM GAS  C:\Users\mau_g\AppData\Local\Temp\ccjnQwP7.s 			page 21


 1042      FB0E0D00 
 1042      01010101 
 1043              	.LASF24:
 1044 0000 4576656E 		.ascii	"EventMaskType\000"
 1044      744D6173 
 1044      6B547970 
 1044      6500
 1045              	.LASF40:
 1046 000e 52435F45 		.ascii	"RC_ERROR_READ_ONLY\000"
 1046      52524F52 
 1046      5F524541 
 1046      445F4F4E 
 1046      4C5900
 1047              	.LASF26:
 1048 0021 52435F53 		.ascii	"RC_SUCCESS\000"
 1048      55434345 
 1048      535300
 1049              	.LASF41:
 1050 002c 52435F45 		.ascii	"RC_ERROR_WRITE_ONLY\000"
 1050      52524F52 
 1050      5F575249 
 1050      54455F4F 
 1050      4E4C5900 
 1051              	.LASF2:
 1052 0040 73686F72 		.ascii	"short int\000"
 1052      7420696E 
 1052      7400
 1053              	.LASF32:
 1054 004a 52435F45 		.ascii	"RC_ERROR_OVERRUN\000"
 1054      52524F52 
 1054      5F4F5645 
 1054      5252554E 
 1054      00
 1055              	.LASF44:
 1056 005b 52435F45 		.ascii	"RC_ERROR_WRITE_FAILS\000"
 1056      52524F52 
 1056      5F575249 
 1056      54455F46 
 1056      41494C53 
 1057              	.LASF25:
 1058 0070 73697A65 		.ascii	"sizetype\000"
 1058      74797065 
 1058      00
 1059              	.LASF29:
 1060 0079 52435F45 		.ascii	"RC_ERROR_ZERO\000"
 1060      52524F52 
 1060      5F5A4552 
 1060      4F00
 1061              	.LASF22:
 1062 0087 45455F46 		.ascii	"EE_FREG\000"
 1062      52454700 
 1063              	.LASF43:
 1064 008f 52435F45 		.ascii	"RC_ERROR_READ_FAILS\000"
 1064      52524F52 
 1064      5F524541 
 1064      445F4641 
 1064      494C5300 
ARM GAS  C:\Users\mau_g\AppData\Local\Temp\ccjnQwP7.s 			page 22


 1065              	.LASF7:
 1066 00a3 5F5F7569 		.ascii	"__uint32_t\000"
 1066      6E743332 
 1066      5F7400
 1067              	.LASF56:
 1068 00ae 6576656E 		.ascii	"event\000"
 1068      7400
 1069              	.LASF4:
 1070 00b4 5F5F7569 		.ascii	"__uint16_t\000"
 1070      6E743136 
 1070      5F7400
 1071              	.LASF23:
 1072 00bf 45455F54 		.ascii	"EE_TID\000"
 1072      494400
 1073              	.LASF49:
 1074 00c6 52435F45 		.ascii	"RC_ERROR_INVALID_STATE\000"
 1074      52524F52 
 1074      5F494E56 
 1074      414C4944 
 1074      5F535441 
 1075              	.LASF71:
 1076 00dd 433A5C55 		.ascii	"C:\\Users\\mau_g\\Desktop\\Master\\2_SEMESTER\\EAA_"
 1076      73657273 
 1076      5C6D6175 
 1076      5F675C44 
 1076      65736B74 
 1077 010a 4C61625C 		.ascii	"Lab\\Lab2\\Workspace_Lab2\\EAA_Lab2.cydsn\000"
 1077      4C616232 
 1077      5C576F72 
 1077      6B737061 
 1077      63655F4C 
 1078              	.LASF58:
 1079 0131 7461626C 		.ascii	"table\000"
 1079      6500
 1080              	.LASF67:
 1081 0137 45455F49 		.ascii	"EE_IRQ_nesting_level\000"
 1081      52515F6E 
 1081      65737469 
 1081      6E675F6C 
 1081      6576656C 
 1082              	.LASF19:
 1083 014c 45455F49 		.ascii	"EE_INT32\000"
 1083      4E543332 
 1083      00
 1084              	.LASF54:
 1085 0155 6379636C 		.ascii	"cycleTime\000"
 1085      6554696D 
 1085      6500
 1086              	.LASF66:
 1087 015f 45455F73 		.ascii	"EE_std_endcycle_next_tid\000"
 1087      74645F65 
 1087      6E646379 
 1087      636C655F 
 1087      6E657874 
 1088              	.LASF31:
 1089 0178 52435F45 		.ascii	"RC_ERROR_RANGE\000"
 1089      52524F52 
ARM GAS  C:\Users\mau_g\AppData\Local\Temp\ccjnQwP7.s 			page 23


 1089      5F52414E 
 1089      474500
 1090              	.LASF15:
 1091 0187 666C6F61 		.ascii	"float\000"
 1091      7400
 1092              	.LASF9:
 1093 018d 6C6F6E67 		.ascii	"long long int\000"
 1093      206C6F6E 
 1093      6720696E 
 1093      7400
 1094              	.LASF64:
 1095 019b 45455F6F 		.ascii	"EE_oo_IRQ_suspend_status\000"
 1095      6F5F4952 
 1095      515F7375 
 1095      7370656E 
 1095      645F7374 
 1096              	.LASF45:
 1097 01b4 52435F45 		.ascii	"RC_ERROR_NOT_MATCH\000"
 1097      52524F52 
 1097      5F4E4F54 
 1097      5F4D4154 
 1097      434800
 1098              	.LASF50:
 1099 01c7 52435F45 		.ascii	"RC_ERROR_UNKNOWN\000"
 1099      52524F52 
 1099      5F554E4B 
 1099      4E4F574E 
 1099      00
 1100              	.LASF6:
 1101 01d8 6C6F6E67 		.ascii	"long int\000"
 1101      20696E74 
 1101      00
 1102              	.LASF33:
 1103 01e1 52435F45 		.ascii	"RC_ERROR_UNDERRUN\000"
 1103      52524F52 
 1103      5F554E44 
 1103      45525255 
 1103      4E00
 1104              	.LASF36:
 1105 01f3 52435F45 		.ascii	"RC_ERROR_BUSY\000"
 1105      52524F52 
 1105      5F425553 
 1105      5900
 1106              	.LASF42:
 1107 0201 52435F45 		.ascii	"RC_ERROR_INVALID\000"
 1107      52524F52 
 1107      5F494E56 
 1107      414C4944 
 1107      00
 1108              	.LASF47:
 1109 0212 52435F45 		.ascii	"RC_ERROR_BAD_DATA\000"
 1109      52524F52 
 1109      5F424144 
 1109      5F444154 
 1109      4100
 1110              	.LASF1:
 1111 0224 756E7369 		.ascii	"unsigned char\000"
ARM GAS  C:\Users\mau_g\AppData\Local\Temp\ccjnQwP7.s 			page 24


 1111      676E6564 
 1111      20636861 
 1111      7200
 1112              	.LASF18:
 1113 0232 6C6F6E67 		.ascii	"long double\000"
 1113      20646F75 
 1113      626C6500 
 1114              	.LASF70:
 1115 023e 536F7572 		.ascii	"Source\\rte\\rte.c\000"
 1115      63655C72 
 1115      74655C72 
 1115      74652E63 
 1115      00
 1116              	.LASF20:
 1117 024f 45455F55 		.ascii	"EE_UINT32\000"
 1117      494E5433 
 1117      3200
 1118              	.LASF0:
 1119 0259 7369676E 		.ascii	"signed char\000"
 1119      65642063 
 1119      68617200 
 1120              	.LASF10:
 1121 0265 6C6F6E67 		.ascii	"long long unsigned int\000"
 1121      206C6F6E 
 1121      6720756E 
 1121      7369676E 
 1121      65642069 
 1122              	.LASF57:
 1123 027c 5254455F 		.ascii	"RTE_eventTable_t\000"
 1123      6576656E 
 1123      74546162 
 1123      6C655F74 
 1123      00
 1124              	.LASF14:
 1125 028d 75696E74 		.ascii	"uint32_t\000"
 1125      33325F74 
 1125      00
 1126              	.LASF11:
 1127 0296 756E7369 		.ascii	"unsigned int\000"
 1127      676E6564 
 1127      20696E74 
 1127      00
 1128              	.LASF38:
 1129 02a3 52435F45 		.ascii	"RC_ERROR_OPEN\000"
 1129      52524F52 
 1129      5F4F5045 
 1129      4E00
 1130              	.LASF12:
 1131 02b1 75696E74 		.ascii	"uint16_t\000"
 1131      31365F74 
 1131      00
 1132              	.LASF28:
 1133 02ba 52435F45 		.ascii	"RC_ERROR_NULL\000"
 1133      52524F52 
 1133      5F4E554C 
 1133      4C00
 1134              	.LASF35:
ARM GAS  C:\Users\mau_g\AppData\Local\Temp\ccjnQwP7.s 			page 25


 1135 02c8 52435F45 		.ascii	"RC_ERROR_BUFFER_EMTPY\000"
 1135      52524F52 
 1135      5F425546 
 1135      4645525F 
 1135      454D5450 
 1136              	.LASF60:
 1137 02de 74696D65 		.ascii	"time\000"
 1137      00
 1138              	.LASF3:
 1139 02e3 73686F72 		.ascii	"short unsigned int\000"
 1139      7420756E 
 1139      7369676E 
 1139      65642069 
 1139      6E7400
 1140              	.LASF55:
 1141 02f6 5254455F 		.ascii	"RTE_cyclicTable_t\000"
 1141      6379636C 
 1141      69635461 
 1141      626C655F 
 1141      7400
 1142              	.LASF69:
 1143 0308 474E5520 		.ascii	"GNU C11 5.4.1 20160609 (release) [ARM/embedded-5-br"
 1143      43313120 
 1143      352E342E 
 1143      31203230 
 1143      31363036 
 1144 033b 616E6368 		.ascii	"anch revision 237715] -mcpu=cortex-m3 -mthumb -g -O"
 1144      20726576 
 1144      6973696F 
 1144      6E203233 
 1144      37373135 
 1145 036e 67202D66 		.ascii	"g -ffunction-sections -ffat-lto-objects\000"
 1145      66756E63 
 1145      74696F6E 
 1145      2D736563 
 1145      74696F6E 
 1146              	.LASF17:
 1147 0396 63686172 		.ascii	"char\000"
 1147      00
 1148              	.LASF34:
 1149 039b 52435F45 		.ascii	"RC_ERROR_BUFFER_FULL\000"
 1149      52524F52 
 1149      5F425546 
 1149      4645525F 
 1149      46554C4C 
 1150              	.LASF13:
 1151 03b0 696E7433 		.ascii	"int32_t\000"
 1151      325F7400 
 1152              	.LASF62:
 1153 03b8 5254455F 		.ascii	"RTE_ProcessEventTable\000"
 1153      50726F63 
 1153      65737345 
 1153      76656E74 
 1153      5461626C 
 1154              	.LASF46:
 1155 03ce 52435F45 		.ascii	"RC_ERROR_BAD_PARAM\000"
 1155      52524F52 
ARM GAS  C:\Users\mau_g\AppData\Local\Temp\ccjnQwP7.s 			page 26


 1155      5F424144 
 1155      5F504152 
 1155      414D00
 1156              	.LASF65:
 1157 03e1 45455F41 		.ascii	"EE_ApplicationMode\000"
 1157      70706C69 
 1157      63617469 
 1157      6F6E4D6F 
 1157      646500
 1158              	.LASF8:
 1159 03f4 6C6F6E67 		.ascii	"long unsigned int\000"
 1159      20756E73 
 1159      69676E65 
 1159      6420696E 
 1159      7400
 1160              	.LASF16:
 1161 0406 646F7562 		.ascii	"double\000"
 1161      6C6500
 1162              	.LASF39:
 1163 040d 52435F45 		.ascii	"RC_ERROR_CHECKSUM\000"
 1163      52524F52 
 1163      5F434845 
 1163      434B5355 
 1163      4D00
 1164              	.LASF21:
 1165 041f 45455F55 		.ascii	"EE_UREG\000"
 1165      52454700 
 1166              	.LASF59:
 1167 0427 7461626C 		.ascii	"tableSize\000"
 1167      6553697A 
 1167      6500
 1168              	.LASF61:
 1169 0431 5254455F 		.ascii	"RTE_ProcessCyclicTable\000"
 1169      50726F63 
 1169      65737343 
 1169      79636C69 
 1169      63546162 
 1170              	.LASF5:
 1171 0448 5F5F696E 		.ascii	"__int32_t\000"
 1171      7433325F 
 1171      7400
 1172              	.LASF52:
 1173 0452 5254455F 		.ascii	"RTE_event\000"
 1173      6576656E 
 1173      7400
 1174              	.LASF48:
 1175 045c 52435F45 		.ascii	"RC_ERROR_CANCELED\000"
 1175      52524F52 
 1175      5F43414E 
 1175      43454C45 
 1175      4400
 1176              	.LASF53:
 1177 046e 5254455F 		.ascii	"RTE_pRunnable\000"
 1177      7052756E 
 1177      6E61626C 
 1177      6500
 1178              	.LASF68:
ARM GAS  C:\Users\mau_g\AppData\Local\Temp\ccjnQwP7.s 			page 27


 1179 047c 49544D5F 		.ascii	"ITM_RxBuffer\000"
 1179      52784275 
 1179      66666572 
 1179      00
 1180              	.LASF27:
 1181 0489 52435F45 		.ascii	"RC_ERROR\000"
 1181      52524F52 
 1181      00
 1182              	.LASF30:
 1183 0492 52435F45 		.ascii	"RC_ERROR_MEMORY\000"
 1183      52524F52 
 1183      5F4D454D 
 1183      4F525900 
 1184              	.LASF63:
 1185 04a2 45455F6F 		.ascii	"EE_oo_IRQ_disable_count\000"
 1185      6F5F4952 
 1185      515F6469 
 1185      7361626C 
 1185      655F636F 
 1186              	.LASF51:
 1187 04ba 52435F74 		.ascii	"RC_t\000"
 1187      00
 1188              	.LASF37:
 1189 04bf 52435F45 		.ascii	"RC_ERROR_TIME_OUT\000"
 1189      52524F52 
 1189      5F54494D 
 1189      455F4F55 
 1189      5400
 1190              		.ident	"GCC: (GNU Tools for ARM Embedded Processors) 5.4.1 20160609 (release) [ARM/embedded-5-bran
