ARM GAS  C:\Users\mau_g\AppData\Local\Temp\ccJbQeVG.s 			page 1


   1              		.syntax unified
   2              		.cpu cortex-m3
   3              		.fpu softvfp
   4              		.eabi_attribute 20, 1
   5              		.eabi_attribute 21, 1
   6              		.eabi_attribute 23, 3
   7              		.eabi_attribute 24, 1
   8              		.eabi_attribute 25, 1
   9              		.eabi_attribute 26, 1
  10              		.eabi_attribute 30, 1
  11              		.eabi_attribute 34, 1
  12              		.eabi_attribute 18, 4
  13              		.thumb
  14              		.syntax unified
  15              		.file	"sc_button.c"
  16              		.text
  17              	.Ltext0:
  18              		.cfi_sections	.debug_frame
  19              	.Letext0:
  20              		.section	.debug_line,"",%progbits
  21              	.Ldebug_line0:
  22              		.section	.debug_str,"MS",%progbits,1
  23              	.LASF0:
  24 0000 536F7572 		.ascii	"Source\\rte\\sc_button.c\000"
  24      63655C72 
  24      74655C73 
  24      635F6275 
  24      74746F6E 
  25              	.LASF1:
  26 0017 474E5520 		.ascii	"GNU C11 5.4.1 20160609 (release) [ARM/embedded-5-br"
  26      43313120 
  26      352E342E 
  26      31203230 
  26      31363036 
  27 004a 616E6368 		.ascii	"anch revision 237715] -mcpu=cortex-m3 -mthumb -g -O"
  27      20726576 
  27      6973696F 
  27      6E203233 
  27      37373135 
  28 007d 67202D66 		.ascii	"g -ffunction-sections -ffat-lto-objects\000"
  28      66756E63 
  28      74696F6E 
  28      2D736563 
  28      74696F6E 
  29              	.LASF2:
  30 00a5 433A5C55 		.ascii	"C:\\Users\\mau_g\\Desktop\\Master\\2_SEMESTER\\EAA_"
  30      73657273 
  30      5C6D6175 
  30      5F675C44 
  30      65736B74 
  31 00d2 4C61625C 		.ascii	"Lab\\Lab2\\Workspace_Lab2\\EAA_Lab2.cydsn\000"
  31      4C616232 
  31      5C576F72 
  31      6B737061 
  31      63655F4C 
  32              		.ident	"GCC: (GNU Tools for ARM Embedded Processors) 5.4.1 20160609 (release) [ARM/embedded-5-bran
