ARM GAS  C:\Users\mau_g\AppData\Local\Temp\ccS4cGbb.s 			page 1


   1              		.syntax unified
   2              		.cpu cortex-m3
   3              		.fpu softvfp
   4              		.eabi_attribute 20, 1
   5              		.eabi_attribute 21, 1
   6              		.eabi_attribute 23, 3
   7              		.eabi_attribute 24, 1
   8              		.eabi_attribute 25, 1
   9              		.eabi_attribute 26, 1
  10              		.eabi_attribute 30, 1
  11              		.eabi_attribute 34, 1
  12              		.eabi_attribute 18, 4
  13              		.thumb
  14              		.syntax unified
  15              		.file	"sc_button_type.c"
  16              		.text
  17              	.Ltext0:
  18              		.cfi_sections	.debug_frame
  19              		.section	.text.SC_BUTTON_driverIn,"ax",%progbits
  20              		.align	2
  21              		.global	SC_BUTTON_driverIn
  22              		.thumb
  23              		.thumb_func
  24              		.type	SC_BUTTON_driverIn, %function
  25              	SC_BUTTON_driverIn:
  26              	.LFB110:
  27              		.file 1 "Source\\rte\\sc_button_type.c"
   1:Source\rte/sc_button_type.c **** 
   2:Source\rte/sc_button_type.c **** 
   3:Source\rte/sc_button_type.c **** /*
   4:Source\rte/sc_button_type.c ****  * Filename: sc_button_type.c
   5:Source\rte/sc_button_type.c ****  *
   6:Source\rte/sc_button_type.c ****  * Author: Autogenerated by H-DA RTE Generator, (c) Prof. Fromm
   7:Source\rte/sc_button_type.c ****  */
   8:Source\rte/sc_button_type.c **** 
   9:Source\rte/sc_button_type.c **** #include "project.h"
  10:Source\rte/sc_button_type.c **** #include "global.h"
  11:Source\rte/sc_button_type.c **** #include "rte.h"
  12:Source\rte/sc_button_type.c **** #include "rte_types.h"
  13:Source\rte/sc_button_type.c **** #include "sc_button_type.h"
  14:Source\rte/sc_button_type.c **** 
  15:Source\rte/sc_button_type.c **** 
  16:Source\rte/sc_button_type.c **** 
  17:Source\rte/sc_button_type.c **** /* USER CODE START SC_BUTTON_INCLUDE */
  18:Source\rte/sc_button_type.c **** 
  19:Source\rte/sc_button_type.c **** /* USER CODE END SC_BUTTON_INCLUDE */
  20:Source\rte/sc_button_type.c **** 
  21:Source\rte/sc_button_type.c **** 
  22:Source\rte/sc_button_type.c **** /*
  23:Source\rte/sc_button_type.c **** * description: Signalclass for the button
  24:Source\rte/sc_button_type.c **** * name: sc_button
  25:Source\rte/sc_button_type.c **** * shortname: button
  26:Source\rte/sc_button_type.c **** */
  27:Source\rte/sc_button_type.c **** 
  28:Source\rte/sc_button_type.c **** /* USER CODE START SC_BUTTON_USERDEFINITIONS */
  29:Source\rte/sc_button_type.c **** 
  30:Source\rte/sc_button_type.c **** /* USER CODE END SC_BUTTON_USERDEFINITIONS */
ARM GAS  C:\Users\mau_g\AppData\Local\Temp\ccS4cGbb.s 			page 2


  31:Source\rte/sc_button_type.c **** 
  32:Source\rte/sc_button_type.c **** 
  33:Source\rte/sc_button_type.c **** /*****************************************************************************************
  34:Source\rte/sc_button_type.c ****  *************** Port Wrapper Implementation for SC_BUTTON signal  ****************
  35:Source\rte/sc_button_type.c ****  *****************************************************************************************/
  36:Source\rte/sc_button_type.c ****  
  37:Source\rte/sc_button_type.c ****  
  38:Source\rte/sc_button_type.c **** 
  39:Source\rte/sc_button_type.c **** /**
  40:Source\rte/sc_button_type.c ****  * Default IN driver API
  41:Source\rte/sc_button_type.c ****  */
  42:Source\rte/sc_button_type.c **** inline RC_t SC_BUTTON_driverIn(SC_BUTTON_data_t *const data)
  43:Source\rte/sc_button_type.c **** {
  28              		.loc 1 43 0
  29              		.cfi_startproc
  30              		@ args = 0, pretend = 0, frame = 0
  31              		@ frame_needed = 0, uses_anonymous_args = 0
  32              	.LVL0:
  33 0000 10B5     		push	{r4, lr}
  34              		.cfi_def_cfa_offset 8
  35              		.cfi_offset 4, -8
  36              		.cfi_offset 14, -4
  37 0002 0446     		mov	r4, r0
  44:Source\rte/sc_button_type.c **** 	/* USER CODE START driverInSC_BUTTON */
  45:Source\rte/sc_button_type.c **** //#error "Add your code here"
  46:Source\rte/sc_button_type.c **** 
  47:Source\rte/sc_button_type.c **** 	//Read data from the MCAL driver
  48:Source\rte/sc_button_type.c ****     data->buttonLeftPressed  = BUTTON_IsPressed(BUTTON_1);
  38              		.loc 1 48 0
  39 0004 0020     		movs	r0, #0
  40              	.LVL1:
  41 0006 FFF7FEFF 		bl	BUTTON_IsPressed
  42              	.LVL2:
  43 000a 2070     		strb	r0, [r4]
  49:Source\rte/sc_button_type.c ****     
  50:Source\rte/sc_button_type.c ****     data->buttonRightPressed = BUTTON_IsPressed(BUTTON_2);
  44              		.loc 1 50 0
  45 000c 0120     		movs	r0, #1
  46 000e FFF7FEFF 		bl	BUTTON_IsPressed
  47              	.LVL3:
  48 0012 6070     		strb	r0, [r4, #1]
  51:Source\rte/sc_button_type.c **** 
  52:Source\rte/sc_button_type.c **** 	return RC_SUCCESS;
  53:Source\rte/sc_button_type.c **** 	/* USER CODE END driverInSC_BUTTON */
  54:Source\rte/sc_button_type.c **** }
  49              		.loc 1 54 0
  50 0014 0020     		movs	r0, #0
  51 0016 10BD     		pop	{r4, pc}
  52              		.cfi_endproc
  53              	.LFE110:
  54              		.size	SC_BUTTON_driverIn, .-SC_BUTTON_driverIn
  55              		.text
  56              	.Letext0:
  57              		.file 2 "c:\\program files (x86)\\cypress\\psoc creator\\4.4\\psoc creator\\import\\gnu\\arm\\5.4.
  58              		.file 3 "c:\\program files (x86)\\cypress\\psoc creator\\4.4\\psoc creator\\import\\gnu\\arm\\5.4.
  59              		.file 4 "Generated_Source\\PSoC5/ErikaOS_1_common_ee_types.inc"
  60              		.file 5 "Generated_Source\\PSoC5/ErikaOS_1_cortex_mx_ee_cpu.inc"
ARM GAS  C:\Users\mau_g\AppData\Local\Temp\ccS4cGbb.s 			page 3


  61              		.file 6 ".\\Source\\bsw/global.h"
  62              		.file 7 "Source\\rte\\sc_button_type.h"
  63              		.file 8 "Generated_Source\\PSoC5/ErikaOS_1_ee_oo_intfunc.inc"
  64              		.file 9 "Generated_Source\\PSoC5/ErikaOS_1_cortex_mx_ee_context.inc"
  65              		.file 10 "Generated_Source\\PSoC5/ErikaOS_1_common_ee_primitives.inc"
  66              		.file 11 "Generated_Source\\PSoC5/core_cm3.h"
  67              		.file 12 ".\\Source\\bsw/button.h"
  68              		.section	.debug_info,"",%progbits
  69              	.Ldebug_info0:
  70 0000 93020000 		.4byte	0x293
  71 0004 0400     		.2byte	0x4
  72 0006 00000000 		.4byte	.Ldebug_abbrev0
  73 000a 04       		.byte	0x4
  74 000b 01       		.uleb128 0x1
  75 000c E8020000 		.4byte	.LASF62
  76 0010 0C       		.byte	0xc
  77 0011 AC030000 		.4byte	.LASF63
  78 0015 E4000000 		.4byte	.LASF64
  79 0019 00000000 		.4byte	.Ldebug_ranges0+0
  80 001d 00000000 		.4byte	0
  81 0021 00000000 		.4byte	.Ldebug_line0
  82 0025 02       		.uleb128 0x2
  83 0026 01       		.byte	0x1
  84 0027 06       		.byte	0x6
  85 0028 62020000 		.4byte	.LASF0
  86 002c 02       		.uleb128 0x2
  87 002d 01       		.byte	0x1
  88 002e 08       		.byte	0x8
  89 002f 54020000 		.4byte	.LASF1
  90 0033 02       		.uleb128 0x2
  91 0034 02       		.byte	0x2
  92 0035 05       		.byte	0x5
  93 0036 47000000 		.4byte	.LASF2
  94 003a 02       		.uleb128 0x2
  95 003b 02       		.byte	0x2
  96 003c 07       		.byte	0x7
  97 003d D5020000 		.4byte	.LASF3
  98 0041 03       		.uleb128 0x3
  99 0042 19040000 		.4byte	.LASF9
 100 0046 02       		.byte	0x2
 101 0047 3F       		.byte	0x3f
 102 0048 4C000000 		.4byte	0x4c
 103 004c 02       		.uleb128 0x2
 104 004d 04       		.byte	0x4
 105 004e 05       		.byte	0x5
 106 004f F2010000 		.4byte	.LASF4
 107 0053 02       		.uleb128 0x2
 108 0054 04       		.byte	0x4
 109 0055 07       		.byte	0x7
 110 0056 DB030000 		.4byte	.LASF5
 111 005a 02       		.uleb128 0x2
 112 005b 08       		.byte	0x8
 113 005c 05       		.byte	0x5
 114 005d A7010000 		.4byte	.LASF6
 115 0061 02       		.uleb128 0x2
 116 0062 08       		.byte	0x8
 117 0063 07       		.byte	0x7
ARM GAS  C:\Users\mau_g\AppData\Local\Temp\ccS4cGbb.s 			page 4


 118 0064 6E020000 		.4byte	.LASF7
 119 0068 04       		.uleb128 0x4
 120 0069 04       		.byte	0x4
 121 006a 05       		.byte	0x5
 122 006b 696E7400 		.ascii	"int\000"
 123 006f 02       		.uleb128 0x2
 124 0070 04       		.byte	0x4
 125 0071 07       		.byte	0x7
 126 0072 85020000 		.4byte	.LASF8
 127 0076 03       		.uleb128 0x3
 128 0077 8C030000 		.4byte	.LASF10
 129 007b 03       		.byte	0x3
 130 007c 2C       		.byte	0x2c
 131 007d 41000000 		.4byte	0x41
 132 0081 02       		.uleb128 0x2
 133 0082 04       		.byte	0x4
 134 0083 04       		.byte	0x4
 135 0084 A1010000 		.4byte	.LASF11
 136 0088 02       		.uleb128 0x2
 137 0089 08       		.byte	0x8
 138 008a 04       		.byte	0x4
 139 008b ED030000 		.4byte	.LASF12
 140 008f 02       		.uleb128 0x2
 141 0090 01       		.byte	0x1
 142 0091 08       		.byte	0x8
 143 0092 76030000 		.4byte	.LASF13
 144 0096 02       		.uleb128 0x2
 145 0097 08       		.byte	0x8
 146 0098 04       		.byte	0x4
 147 0099 48020000 		.4byte	.LASF14
 148 009d 03       		.uleb128 0x3
 149 009e C4020000 		.4byte	.LASF15
 150 00a2 04       		.byte	0x4
 151 00a3 53       		.byte	0x53
 152 00a4 68000000 		.4byte	0x68
 153 00a8 03       		.uleb128 0x3
 154 00a9 AA000000 		.4byte	.LASF16
 155 00ad 04       		.byte	0x4
 156 00ae 54       		.byte	0x54
 157 00af 6F000000 		.4byte	0x6f
 158 00b3 03       		.uleb128 0x3
 159 00b4 99010000 		.4byte	.LASF17
 160 00b8 05       		.byte	0x5
 161 00b9 4D       		.byte	0x4d
 162 00ba A8000000 		.4byte	0xa8
 163 00be 03       		.uleb128 0x3
 164 00bf 8E000000 		.4byte	.LASF18
 165 00c3 05       		.byte	0x5
 166 00c4 4F       		.byte	0x4f
 167 00c5 A8000000 		.4byte	0xa8
 168 00c9 03       		.uleb128 0x3
 169 00ca B4000000 		.4byte	.LASF19
 170 00ce 05       		.byte	0x5
 171 00cf 78       		.byte	0x78
 172 00d0 9D000000 		.4byte	0x9d
 173 00d4 02       		.uleb128 0x2
 174 00d5 04       		.byte	0x4
ARM GAS  C:\Users\mau_g\AppData\Local\Temp\ccS4cGbb.s 			page 5


 175 00d6 07       		.byte	0x7
 176 00d7 77000000 		.4byte	.LASF20
 177 00db 03       		.uleb128 0x3
 178 00dc 3E020000 		.4byte	.LASF21
 179 00e0 06       		.byte	0x6
 180 00e1 82       		.byte	0x82
 181 00e2 2C000000 		.4byte	0x2c
 182 00e6 05       		.uleb128 0x5
 183 00e7 65524300 		.ascii	"eRC\000"
 184 00eb 01       		.byte	0x1
 185 00ec 25000000 		.4byte	0x25
 186 00f0 06       		.byte	0x6
 187 00f1 AC       		.byte	0xac
 188 00f2 8D010000 		.4byte	0x18d
 189 00f6 06       		.uleb128 0x6
 190 00f7 28000000 		.4byte	.LASF22
 191 00fb 00       		.byte	0
 192 00fc 07       		.uleb128 0x7
 193 00fd 66040000 		.4byte	.LASF23
 194 0101 7F       		.sleb128 -1
 195 0102 07       		.uleb128 0x7
 196 0103 A0020000 		.4byte	.LASF24
 197 0107 7E       		.sleb128 -2
 198 0108 07       		.uleb128 0x7
 199 0109 80000000 		.4byte	.LASF25
 200 010d 7D       		.sleb128 -3
 201 010e 07       		.uleb128 0x7
 202 010f 6F040000 		.4byte	.LASF26
 203 0113 7C       		.sleb128 -4
 204 0114 07       		.uleb128 0x7
 205 0115 8A010000 		.4byte	.LASF27
 206 0119 7B       		.sleb128 -5
 207 011a 07       		.uleb128 0x7
 208 011b 51000000 		.4byte	.LASF28
 209 011f 7A       		.sleb128 -6
 210 0120 07       		.uleb128 0x7
 211 0121 FB010000 		.4byte	.LASF29
 212 0125 79       		.sleb128 -7
 213 0126 07       		.uleb128 0x7
 214 0127 00000000 		.4byte	.LASF30
 215 012b 78       		.sleb128 -8
 216 012c 07       		.uleb128 0x7
 217 012d AE020000 		.4byte	.LASF31
 218 0131 77       		.sleb128 -9
 219 0132 07       		.uleb128 0x7
 220 0133 0D020000 		.4byte	.LASF32
 221 0137 76       		.sleb128 -10
 222 0138 07       		.uleb128 0x7
 223 0139 9C040000 		.4byte	.LASF33
 224 013d 75       		.sleb128 -11
 225 013e 07       		.uleb128 0x7
 226 013f 92020000 		.4byte	.LASF34
 227 0143 74       		.sleb128 -12
 228 0144 07       		.uleb128 0x7
 229 0145 F4030000 		.4byte	.LASF35
 230 0149 73       		.sleb128 -13
 231 014a 07       		.uleb128 0x7
ARM GAS  C:\Users\mau_g\AppData\Local\Temp\ccS4cGbb.s 			page 6


 232 014b 15000000 		.4byte	.LASF36
 233 014f 72       		.sleb128 -14
 234 0150 07       		.uleb128 0x7
 235 0151 33000000 		.4byte	.LASF37
 236 0155 71       		.sleb128 -15
 237 0156 07       		.uleb128 0x7
 238 0157 1B020000 		.4byte	.LASF38
 239 015b 70       		.sleb128 -16
 240 015c 07       		.uleb128 0x7
 241 015d 96000000 		.4byte	.LASF39
 242 0161 6F       		.sleb128 -17
 243 0162 07       		.uleb128 0x7
 244 0163 62000000 		.4byte	.LASF40
 245 0167 6E       		.sleb128 -18
 246 0168 07       		.uleb128 0x7
 247 0169 CE010000 		.4byte	.LASF41
 248 016d 6D       		.sleb128 -19
 249 016e 07       		.uleb128 0x7
 250 016f 94030000 		.4byte	.LASF42
 251 0173 6C       		.sleb128 -20
 252 0174 07       		.uleb128 0x7
 253 0175 2C020000 		.4byte	.LASF43
 254 0179 6B       		.sleb128 -21
 255 017a 07       		.uleb128 0x7
 256 017b 47040000 		.4byte	.LASF44
 257 017f 6A       		.sleb128 -22
 258 0180 07       		.uleb128 0x7
 259 0181 CD000000 		.4byte	.LASF45
 260 0185 69       		.sleb128 -23
 261 0186 07       		.uleb128 0x7
 262 0187 E1010000 		.4byte	.LASF46
 263 018b 68       		.sleb128 -24
 264 018c 00       		.byte	0
 265 018d 03       		.uleb128 0x3
 266 018e 97040000 		.4byte	.LASF47
 267 0192 06       		.byte	0x6
 268 0193 C8       		.byte	0xc8
 269 0194 E6000000 		.4byte	0xe6
 270 0198 08       		.uleb128 0x8
 271 0199 CD020000 		.4byte	.LASF48
 272 019d 01       		.byte	0x1
 273 019e 2C000000 		.4byte	0x2c
 274 01a2 0C       		.byte	0xc
 275 01a3 59       		.byte	0x59
 276 01a4 C1010000 		.4byte	0x1c1
 277 01a8 06       		.uleb128 0x6
 278 01a9 23040000 		.4byte	.LASF49
 279 01ad 00       		.byte	0
 280 01ae 06       		.uleb128 0x6
 281 01af 2C040000 		.4byte	.LASF50
 282 01b3 01       		.byte	0x1
 283 01b4 06       		.uleb128 0x6
 284 01b5 35040000 		.4byte	.LASF51
 285 01b9 02       		.byte	0x2
 286 01ba 06       		.uleb128 0x6
 287 01bb 3E040000 		.4byte	.LASF52
 288 01bf 03       		.byte	0x3
ARM GAS  C:\Users\mau_g\AppData\Local\Temp\ccS4cGbb.s 			page 7


 289 01c0 00       		.byte	0
 290 01c1 09       		.uleb128 0x9
 291 01c2 02       		.byte	0x2
 292 01c3 07       		.byte	0x7
 293 01c4 20       		.byte	0x20
 294 01c5 E2010000 		.4byte	0x1e2
 295 01c9 0A       		.uleb128 0xa
 296 01ca BB000000 		.4byte	.LASF53
 297 01ce 07       		.byte	0x7
 298 01cf 23       		.byte	0x23
 299 01d0 DB000000 		.4byte	0xdb
 300 01d4 00       		.byte	0
 301 01d5 0A       		.uleb128 0xa
 302 01d6 5E010000 		.4byte	.LASF54
 303 01da 07       		.byte	0x7
 304 01db 24       		.byte	0x24
 305 01dc DB000000 		.4byte	0xdb
 306 01e0 01       		.byte	0x1
 307 01e1 00       		.byte	0
 308 01e2 03       		.uleb128 0x3
 309 01e3 7B030000 		.4byte	.LASF55
 310 01e7 07       		.byte	0x7
 311 01e8 27       		.byte	0x27
 312 01e9 C1010000 		.4byte	0x1c1
 313 01ed 0B       		.uleb128 0xb
 314 01ee 06040000 		.4byte	.LASF65
 315 01f2 01       		.byte	0x1
 316 01f3 2A       		.byte	0x2a
 317 01f4 8D010000 		.4byte	0x18d
 318 01f8 00000000 		.4byte	.LFB110
 319 01fc 18000000 		.4byte	.LFE110-.LFB110
 320 0200 01       		.uleb128 0x1
 321 0201 9C       		.byte	0x9c
 322 0202 38020000 		.4byte	0x238
 323 0206 0C       		.uleb128 0xc
 324 0207 A7030000 		.4byte	.LASF66
 325 020b 01       		.byte	0x1
 326 020c 2A       		.byte	0x2a
 327 020d 3E020000 		.4byte	0x23e
 328 0211 00000000 		.4byte	.LLST0
 329 0215 0D       		.uleb128 0xd
 330 0216 0A000000 		.4byte	.LVL2
 331 021a 8B020000 		.4byte	0x28b
 332 021e 28020000 		.4byte	0x228
 333 0222 0E       		.uleb128 0xe
 334 0223 01       		.uleb128 0x1
 335 0224 50       		.byte	0x50
 336 0225 01       		.uleb128 0x1
 337 0226 30       		.byte	0x30
 338 0227 00       		.byte	0
 339 0228 0F       		.uleb128 0xf
 340 0229 12000000 		.4byte	.LVL3
 341 022d 8B020000 		.4byte	0x28b
 342 0231 0E       		.uleb128 0xe
 343 0232 01       		.uleb128 0x1
 344 0233 50       		.byte	0x50
 345 0234 01       		.uleb128 0x1
ARM GAS  C:\Users\mau_g\AppData\Local\Temp\ccS4cGbb.s 			page 8


 346 0235 31       		.byte	0x31
 347 0236 00       		.byte	0
 348 0237 00       		.byte	0
 349 0238 10       		.uleb128 0x10
 350 0239 04       		.byte	0x4
 351 023a E2010000 		.4byte	0x1e2
 352 023e 11       		.uleb128 0x11
 353 023f 38020000 		.4byte	0x238
 354 0243 12       		.uleb128 0x12
 355 0244 7F040000 		.4byte	.LASF56
 356 0248 08       		.byte	0x8
 357 0249 40       		.byte	0x40
 358 024a B3000000 		.4byte	0xb3
 359 024e 12       		.uleb128 0x12
 360 024f B5010000 		.4byte	.LASF57
 361 0253 08       		.byte	0x8
 362 0254 47       		.byte	0x47
 363 0255 BE000000 		.4byte	0xbe
 364 0259 12       		.uleb128 0x12
 365 025a C8030000 		.4byte	.LASF58
 366 025e 08       		.byte	0x8
 367 025f 4A       		.byte	0x4a
 368 0260 B3000000 		.4byte	0xb3
 369 0264 12       		.uleb128 0x12
 370 0265 71010000 		.4byte	.LASF59
 371 0269 09       		.byte	0x9
 372 026a 48       		.byte	0x48
 373 026b C9000000 		.4byte	0xc9
 374 026f 12       		.uleb128 0x12
 375 0270 38010000 		.4byte	.LASF60
 376 0274 0A       		.byte	0xa
 377 0275 44       		.byte	0x44
 378 0276 B3000000 		.4byte	0xb3
 379 027a 13       		.uleb128 0x13
 380 027b 59040000 		.4byte	.LASF61
 381 027f 0B       		.byte	0xb
 382 0280 1207     		.2byte	0x712
 383 0282 86020000 		.4byte	0x286
 384 0286 14       		.uleb128 0x14
 385 0287 76000000 		.4byte	0x76
 386 028b 15       		.uleb128 0x15
 387 028c 4D010000 		.4byte	.LASF67
 388 0290 4D010000 		.4byte	.LASF67
 389 0294 0C       		.byte	0xc
 390 0295 7F       		.byte	0x7f
 391 0296 00       		.byte	0
 392              		.section	.debug_abbrev,"",%progbits
 393              	.Ldebug_abbrev0:
 394 0000 01       		.uleb128 0x1
 395 0001 11       		.uleb128 0x11
 396 0002 01       		.byte	0x1
 397 0003 25       		.uleb128 0x25
 398 0004 0E       		.uleb128 0xe
 399 0005 13       		.uleb128 0x13
 400 0006 0B       		.uleb128 0xb
 401 0007 03       		.uleb128 0x3
 402 0008 0E       		.uleb128 0xe
ARM GAS  C:\Users\mau_g\AppData\Local\Temp\ccS4cGbb.s 			page 9


 403 0009 1B       		.uleb128 0x1b
 404 000a 0E       		.uleb128 0xe
 405 000b 55       		.uleb128 0x55
 406 000c 17       		.uleb128 0x17
 407 000d 11       		.uleb128 0x11
 408 000e 01       		.uleb128 0x1
 409 000f 10       		.uleb128 0x10
 410 0010 17       		.uleb128 0x17
 411 0011 00       		.byte	0
 412 0012 00       		.byte	0
 413 0013 02       		.uleb128 0x2
 414 0014 24       		.uleb128 0x24
 415 0015 00       		.byte	0
 416 0016 0B       		.uleb128 0xb
 417 0017 0B       		.uleb128 0xb
 418 0018 3E       		.uleb128 0x3e
 419 0019 0B       		.uleb128 0xb
 420 001a 03       		.uleb128 0x3
 421 001b 0E       		.uleb128 0xe
 422 001c 00       		.byte	0
 423 001d 00       		.byte	0
 424 001e 03       		.uleb128 0x3
 425 001f 16       		.uleb128 0x16
 426 0020 00       		.byte	0
 427 0021 03       		.uleb128 0x3
 428 0022 0E       		.uleb128 0xe
 429 0023 3A       		.uleb128 0x3a
 430 0024 0B       		.uleb128 0xb
 431 0025 3B       		.uleb128 0x3b
 432 0026 0B       		.uleb128 0xb
 433 0027 49       		.uleb128 0x49
 434 0028 13       		.uleb128 0x13
 435 0029 00       		.byte	0
 436 002a 00       		.byte	0
 437 002b 04       		.uleb128 0x4
 438 002c 24       		.uleb128 0x24
 439 002d 00       		.byte	0
 440 002e 0B       		.uleb128 0xb
 441 002f 0B       		.uleb128 0xb
 442 0030 3E       		.uleb128 0x3e
 443 0031 0B       		.uleb128 0xb
 444 0032 03       		.uleb128 0x3
 445 0033 08       		.uleb128 0x8
 446 0034 00       		.byte	0
 447 0035 00       		.byte	0
 448 0036 05       		.uleb128 0x5
 449 0037 04       		.uleb128 0x4
 450 0038 01       		.byte	0x1
 451 0039 03       		.uleb128 0x3
 452 003a 08       		.uleb128 0x8
 453 003b 0B       		.uleb128 0xb
 454 003c 0B       		.uleb128 0xb
 455 003d 49       		.uleb128 0x49
 456 003e 13       		.uleb128 0x13
 457 003f 3A       		.uleb128 0x3a
 458 0040 0B       		.uleb128 0xb
 459 0041 3B       		.uleb128 0x3b
ARM GAS  C:\Users\mau_g\AppData\Local\Temp\ccS4cGbb.s 			page 10


 460 0042 0B       		.uleb128 0xb
 461 0043 01       		.uleb128 0x1
 462 0044 13       		.uleb128 0x13
 463 0045 00       		.byte	0
 464 0046 00       		.byte	0
 465 0047 06       		.uleb128 0x6
 466 0048 28       		.uleb128 0x28
 467 0049 00       		.byte	0
 468 004a 03       		.uleb128 0x3
 469 004b 0E       		.uleb128 0xe
 470 004c 1C       		.uleb128 0x1c
 471 004d 0B       		.uleb128 0xb
 472 004e 00       		.byte	0
 473 004f 00       		.byte	0
 474 0050 07       		.uleb128 0x7
 475 0051 28       		.uleb128 0x28
 476 0052 00       		.byte	0
 477 0053 03       		.uleb128 0x3
 478 0054 0E       		.uleb128 0xe
 479 0055 1C       		.uleb128 0x1c
 480 0056 0D       		.uleb128 0xd
 481 0057 00       		.byte	0
 482 0058 00       		.byte	0
 483 0059 08       		.uleb128 0x8
 484 005a 04       		.uleb128 0x4
 485 005b 01       		.byte	0x1
 486 005c 03       		.uleb128 0x3
 487 005d 0E       		.uleb128 0xe
 488 005e 0B       		.uleb128 0xb
 489 005f 0B       		.uleb128 0xb
 490 0060 49       		.uleb128 0x49
 491 0061 13       		.uleb128 0x13
 492 0062 3A       		.uleb128 0x3a
 493 0063 0B       		.uleb128 0xb
 494 0064 3B       		.uleb128 0x3b
 495 0065 0B       		.uleb128 0xb
 496 0066 01       		.uleb128 0x1
 497 0067 13       		.uleb128 0x13
 498 0068 00       		.byte	0
 499 0069 00       		.byte	0
 500 006a 09       		.uleb128 0x9
 501 006b 13       		.uleb128 0x13
 502 006c 01       		.byte	0x1
 503 006d 0B       		.uleb128 0xb
 504 006e 0B       		.uleb128 0xb
 505 006f 3A       		.uleb128 0x3a
 506 0070 0B       		.uleb128 0xb
 507 0071 3B       		.uleb128 0x3b
 508 0072 0B       		.uleb128 0xb
 509 0073 01       		.uleb128 0x1
 510 0074 13       		.uleb128 0x13
 511 0075 00       		.byte	0
 512 0076 00       		.byte	0
 513 0077 0A       		.uleb128 0xa
 514 0078 0D       		.uleb128 0xd
 515 0079 00       		.byte	0
 516 007a 03       		.uleb128 0x3
ARM GAS  C:\Users\mau_g\AppData\Local\Temp\ccS4cGbb.s 			page 11


 517 007b 0E       		.uleb128 0xe
 518 007c 3A       		.uleb128 0x3a
 519 007d 0B       		.uleb128 0xb
 520 007e 3B       		.uleb128 0x3b
 521 007f 0B       		.uleb128 0xb
 522 0080 49       		.uleb128 0x49
 523 0081 13       		.uleb128 0x13
 524 0082 38       		.uleb128 0x38
 525 0083 0B       		.uleb128 0xb
 526 0084 00       		.byte	0
 527 0085 00       		.byte	0
 528 0086 0B       		.uleb128 0xb
 529 0087 2E       		.uleb128 0x2e
 530 0088 01       		.byte	0x1
 531 0089 3F       		.uleb128 0x3f
 532 008a 19       		.uleb128 0x19
 533 008b 03       		.uleb128 0x3
 534 008c 0E       		.uleb128 0xe
 535 008d 3A       		.uleb128 0x3a
 536 008e 0B       		.uleb128 0xb
 537 008f 3B       		.uleb128 0x3b
 538 0090 0B       		.uleb128 0xb
 539 0091 27       		.uleb128 0x27
 540 0092 19       		.uleb128 0x19
 541 0093 49       		.uleb128 0x49
 542 0094 13       		.uleb128 0x13
 543 0095 11       		.uleb128 0x11
 544 0096 01       		.uleb128 0x1
 545 0097 12       		.uleb128 0x12
 546 0098 06       		.uleb128 0x6
 547 0099 40       		.uleb128 0x40
 548 009a 18       		.uleb128 0x18
 549 009b 9742     		.uleb128 0x2117
 550 009d 19       		.uleb128 0x19
 551 009e 01       		.uleb128 0x1
 552 009f 13       		.uleb128 0x13
 553 00a0 00       		.byte	0
 554 00a1 00       		.byte	0
 555 00a2 0C       		.uleb128 0xc
 556 00a3 05       		.uleb128 0x5
 557 00a4 00       		.byte	0
 558 00a5 03       		.uleb128 0x3
 559 00a6 0E       		.uleb128 0xe
 560 00a7 3A       		.uleb128 0x3a
 561 00a8 0B       		.uleb128 0xb
 562 00a9 3B       		.uleb128 0x3b
 563 00aa 0B       		.uleb128 0xb
 564 00ab 49       		.uleb128 0x49
 565 00ac 13       		.uleb128 0x13
 566 00ad 02       		.uleb128 0x2
 567 00ae 17       		.uleb128 0x17
 568 00af 00       		.byte	0
 569 00b0 00       		.byte	0
 570 00b1 0D       		.uleb128 0xd
 571 00b2 898201   		.uleb128 0x4109
 572 00b5 01       		.byte	0x1
 573 00b6 11       		.uleb128 0x11
ARM GAS  C:\Users\mau_g\AppData\Local\Temp\ccS4cGbb.s 			page 12


 574 00b7 01       		.uleb128 0x1
 575 00b8 31       		.uleb128 0x31
 576 00b9 13       		.uleb128 0x13
 577 00ba 01       		.uleb128 0x1
 578 00bb 13       		.uleb128 0x13
 579 00bc 00       		.byte	0
 580 00bd 00       		.byte	0
 581 00be 0E       		.uleb128 0xe
 582 00bf 8A8201   		.uleb128 0x410a
 583 00c2 00       		.byte	0
 584 00c3 02       		.uleb128 0x2
 585 00c4 18       		.uleb128 0x18
 586 00c5 9142     		.uleb128 0x2111
 587 00c7 18       		.uleb128 0x18
 588 00c8 00       		.byte	0
 589 00c9 00       		.byte	0
 590 00ca 0F       		.uleb128 0xf
 591 00cb 898201   		.uleb128 0x4109
 592 00ce 01       		.byte	0x1
 593 00cf 11       		.uleb128 0x11
 594 00d0 01       		.uleb128 0x1
 595 00d1 31       		.uleb128 0x31
 596 00d2 13       		.uleb128 0x13
 597 00d3 00       		.byte	0
 598 00d4 00       		.byte	0
 599 00d5 10       		.uleb128 0x10
 600 00d6 0F       		.uleb128 0xf
 601 00d7 00       		.byte	0
 602 00d8 0B       		.uleb128 0xb
 603 00d9 0B       		.uleb128 0xb
 604 00da 49       		.uleb128 0x49
 605 00db 13       		.uleb128 0x13
 606 00dc 00       		.byte	0
 607 00dd 00       		.byte	0
 608 00de 11       		.uleb128 0x11
 609 00df 26       		.uleb128 0x26
 610 00e0 00       		.byte	0
 611 00e1 49       		.uleb128 0x49
 612 00e2 13       		.uleb128 0x13
 613 00e3 00       		.byte	0
 614 00e4 00       		.byte	0
 615 00e5 12       		.uleb128 0x12
 616 00e6 34       		.uleb128 0x34
 617 00e7 00       		.byte	0
 618 00e8 03       		.uleb128 0x3
 619 00e9 0E       		.uleb128 0xe
 620 00ea 3A       		.uleb128 0x3a
 621 00eb 0B       		.uleb128 0xb
 622 00ec 3B       		.uleb128 0x3b
 623 00ed 0B       		.uleb128 0xb
 624 00ee 49       		.uleb128 0x49
 625 00ef 13       		.uleb128 0x13
 626 00f0 3F       		.uleb128 0x3f
 627 00f1 19       		.uleb128 0x19
 628 00f2 3C       		.uleb128 0x3c
 629 00f3 19       		.uleb128 0x19
 630 00f4 00       		.byte	0
ARM GAS  C:\Users\mau_g\AppData\Local\Temp\ccS4cGbb.s 			page 13


 631 00f5 00       		.byte	0
 632 00f6 13       		.uleb128 0x13
 633 00f7 34       		.uleb128 0x34
 634 00f8 00       		.byte	0
 635 00f9 03       		.uleb128 0x3
 636 00fa 0E       		.uleb128 0xe
 637 00fb 3A       		.uleb128 0x3a
 638 00fc 0B       		.uleb128 0xb
 639 00fd 3B       		.uleb128 0x3b
 640 00fe 05       		.uleb128 0x5
 641 00ff 49       		.uleb128 0x49
 642 0100 13       		.uleb128 0x13
 643 0101 3F       		.uleb128 0x3f
 644 0102 19       		.uleb128 0x19
 645 0103 3C       		.uleb128 0x3c
 646 0104 19       		.uleb128 0x19
 647 0105 00       		.byte	0
 648 0106 00       		.byte	0
 649 0107 14       		.uleb128 0x14
 650 0108 35       		.uleb128 0x35
 651 0109 00       		.byte	0
 652 010a 49       		.uleb128 0x49
 653 010b 13       		.uleb128 0x13
 654 010c 00       		.byte	0
 655 010d 00       		.byte	0
 656 010e 15       		.uleb128 0x15
 657 010f 2E       		.uleb128 0x2e
 658 0110 00       		.byte	0
 659 0111 3F       		.uleb128 0x3f
 660 0112 19       		.uleb128 0x19
 661 0113 3C       		.uleb128 0x3c
 662 0114 19       		.uleb128 0x19
 663 0115 6E       		.uleb128 0x6e
 664 0116 0E       		.uleb128 0xe
 665 0117 03       		.uleb128 0x3
 666 0118 0E       		.uleb128 0xe
 667 0119 3A       		.uleb128 0x3a
 668 011a 0B       		.uleb128 0xb
 669 011b 3B       		.uleb128 0x3b
 670 011c 0B       		.uleb128 0xb
 671 011d 00       		.byte	0
 672 011e 00       		.byte	0
 673 011f 00       		.byte	0
 674              		.section	.debug_loc,"",%progbits
 675              	.Ldebug_loc0:
 676              	.LLST0:
 677 0000 00000000 		.4byte	.LVL0
 678 0004 06000000 		.4byte	.LVL1
 679 0008 0100     		.2byte	0x1
 680 000a 50       		.byte	0x50
 681 000b 06000000 		.4byte	.LVL1
 682 000f 18000000 		.4byte	.LFE110
 683 0013 0100     		.2byte	0x1
 684 0015 54       		.byte	0x54
 685 0016 00000000 		.4byte	0
 686 001a 00000000 		.4byte	0
 687              		.section	.debug_aranges,"",%progbits
ARM GAS  C:\Users\mau_g\AppData\Local\Temp\ccS4cGbb.s 			page 14


 688 0000 1C000000 		.4byte	0x1c
 689 0004 0200     		.2byte	0x2
 690 0006 00000000 		.4byte	.Ldebug_info0
 691 000a 04       		.byte	0x4
 692 000b 00       		.byte	0
 693 000c 0000     		.2byte	0
 694 000e 0000     		.2byte	0
 695 0010 00000000 		.4byte	.LFB110
 696 0014 18000000 		.4byte	.LFE110-.LFB110
 697 0018 00000000 		.4byte	0
 698 001c 00000000 		.4byte	0
 699              		.section	.debug_ranges,"",%progbits
 700              	.Ldebug_ranges0:
 701 0000 00000000 		.4byte	.LFB110
 702 0004 18000000 		.4byte	.LFE110
 703 0008 00000000 		.4byte	0
 704 000c 00000000 		.4byte	0
 705              		.section	.debug_line,"",%progbits
 706              	.Ldebug_line0:
 707 0000 53020000 		.section	.debug_str,"MS",%progbits,1
 707      02003B02 
 707      00000201 
 707      FB0E0D00 
 707      01010101 
 708              	.LASF30:
 709 0000 52435F45 		.ascii	"RC_ERROR_BUFFER_FULL\000"
 709      52524F52 
 709      5F425546 
 709      4645525F 
 709      46554C4C 
 710              	.LASF36:
 711 0015 52435F45 		.ascii	"RC_ERROR_READ_ONLY\000"
 711      52524F52 
 711      5F524541 
 711      445F4F4E 
 711      4C5900
 712              	.LASF22:
 713 0028 52435F53 		.ascii	"RC_SUCCESS\000"
 713      55434345 
 713      535300
 714              	.LASF37:
 715 0033 52435F45 		.ascii	"RC_ERROR_WRITE_ONLY\000"
 715      52524F52 
 715      5F575249 
 715      54455F4F 
 715      4E4C5900 
 716              	.LASF2:
 717 0047 73686F72 		.ascii	"short int\000"
 717      7420696E 
 717      7400
 718              	.LASF28:
 719 0051 52435F45 		.ascii	"RC_ERROR_OVERRUN\000"
 719      52524F52 
 719      5F4F5645 
 719      5252554E 
 719      00
 720              	.LASF40:
ARM GAS  C:\Users\mau_g\AppData\Local\Temp\ccS4cGbb.s 			page 15


 721 0062 52435F45 		.ascii	"RC_ERROR_WRITE_FAILS\000"
 721      52524F52 
 721      5F575249 
 721      54455F46 
 721      41494C53 
 722              	.LASF20:
 723 0077 73697A65 		.ascii	"sizetype\000"
 723      74797065 
 723      00
 724              	.LASF25:
 725 0080 52435F45 		.ascii	"RC_ERROR_ZERO\000"
 725      52524F52 
 725      5F5A4552 
 725      4F00
 726              	.LASF18:
 727 008e 45455F46 		.ascii	"EE_FREG\000"
 727      52454700 
 728              	.LASF39:
 729 0096 52435F45 		.ascii	"RC_ERROR_READ_FAILS\000"
 729      52524F52 
 729      5F524541 
 729      445F4641 
 729      494C5300 
 730              	.LASF16:
 731 00aa 45455F55 		.ascii	"EE_UINT32\000"
 731      494E5433 
 731      3200
 732              	.LASF19:
 733 00b4 45455F54 		.ascii	"EE_TID\000"
 733      494400
 734              	.LASF53:
 735 00bb 62757474 		.ascii	"buttonLeftPressed\000"
 735      6F6E4C65 
 735      66745072 
 735      65737365 
 735      6400
 736              	.LASF45:
 737 00cd 52435F45 		.ascii	"RC_ERROR_INVALID_STATE\000"
 737      52524F52 
 737      5F494E56 
 737      414C4944 
 737      5F535441 
 738              	.LASF64:
 739 00e4 433A5C55 		.ascii	"C:\\Users\\mau_g\\Desktop\\Master\\2_SEMESTER\\EAA_"
 739      73657273 
 739      5C6D6175 
 739      5F675C44 
 739      65736B74 
 740 0111 4C61625C 		.ascii	"Lab\\Lab2\\Workspace_Lab2\\EAA_Lab2.cydsn\000"
 740      4C616232 
 740      5C576F72 
 740      6B737061 
 740      63655F4C 
 741              	.LASF60:
 742 0138 45455F49 		.ascii	"EE_IRQ_nesting_level\000"
 742      52515F6E 
 742      65737469 
ARM GAS  C:\Users\mau_g\AppData\Local\Temp\ccS4cGbb.s 			page 16


 742      6E675F6C 
 742      6576656C 
 743              	.LASF67:
 744 014d 42555454 		.ascii	"BUTTON_IsPressed\000"
 744      4F4E5F49 
 744      73507265 
 744      73736564 
 744      00
 745              	.LASF54:
 746 015e 62757474 		.ascii	"buttonRightPressed\000"
 746      6F6E5269 
 746      67687450 
 746      72657373 
 746      656400
 747              	.LASF59:
 748 0171 45455F73 		.ascii	"EE_std_endcycle_next_tid\000"
 748      74645F65 
 748      6E646379 
 748      636C655F 
 748      6E657874 
 749              	.LASF27:
 750 018a 52435F45 		.ascii	"RC_ERROR_RANGE\000"
 750      52524F52 
 750      5F52414E 
 750      474500
 751              	.LASF17:
 752 0199 45455F55 		.ascii	"EE_UREG\000"
 752      52454700 
 753              	.LASF11:
 754 01a1 666C6F61 		.ascii	"float\000"
 754      7400
 755              	.LASF6:
 756 01a7 6C6F6E67 		.ascii	"long long int\000"
 756      206C6F6E 
 756      6720696E 
 756      7400
 757              	.LASF57:
 758 01b5 45455F6F 		.ascii	"EE_oo_IRQ_suspend_status\000"
 758      6F5F4952 
 758      515F7375 
 758      7370656E 
 758      645F7374 
 759              	.LASF41:
 760 01ce 52435F45 		.ascii	"RC_ERROR_NOT_MATCH\000"
 760      52524F52 
 760      5F4E4F54 
 760      5F4D4154 
 760      434800
 761              	.LASF46:
 762 01e1 52435F45 		.ascii	"RC_ERROR_UNKNOWN\000"
 762      52524F52 
 762      5F554E4B 
 762      4E4F574E 
 762      00
 763              	.LASF4:
 764 01f2 6C6F6E67 		.ascii	"long int\000"
 764      20696E74 
ARM GAS  C:\Users\mau_g\AppData\Local\Temp\ccS4cGbb.s 			page 17


 764      00
 765              	.LASF29:
 766 01fb 52435F45 		.ascii	"RC_ERROR_UNDERRUN\000"
 766      52524F52 
 766      5F554E44 
 766      45525255 
 766      4E00
 767              	.LASF32:
 768 020d 52435F45 		.ascii	"RC_ERROR_BUSY\000"
 768      52524F52 
 768      5F425553 
 768      5900
 769              	.LASF38:
 770 021b 52435F45 		.ascii	"RC_ERROR_INVALID\000"
 770      52524F52 
 770      5F494E56 
 770      414C4944 
 770      00
 771              	.LASF43:
 772 022c 52435F45 		.ascii	"RC_ERROR_BAD_DATA\000"
 772      52524F52 
 772      5F424144 
 772      5F444154 
 772      4100
 773              	.LASF21:
 774 023e 626F6F6C 		.ascii	"boolean_t\000"
 774      65616E5F 
 774      7400
 775              	.LASF14:
 776 0248 6C6F6E67 		.ascii	"long double\000"
 776      20646F75 
 776      626C6500 
 777              	.LASF1:
 778 0254 756E7369 		.ascii	"unsigned char\000"
 778      676E6564 
 778      20636861 
 778      7200
 779              	.LASF0:
 780 0262 7369676E 		.ascii	"signed char\000"
 780      65642063 
 780      68617200 
 781              	.LASF7:
 782 026e 6C6F6E67 		.ascii	"long long unsigned int\000"
 782      206C6F6E 
 782      6720756E 
 782      7369676E 
 782      65642069 
 783              	.LASF8:
 784 0285 756E7369 		.ascii	"unsigned int\000"
 784      676E6564 
 784      20696E74 
 784      00
 785              	.LASF34:
 786 0292 52435F45 		.ascii	"RC_ERROR_OPEN\000"
 786      52524F52 
 786      5F4F5045 
 786      4E00
ARM GAS  C:\Users\mau_g\AppData\Local\Temp\ccS4cGbb.s 			page 18


 787              	.LASF24:
 788 02a0 52435F45 		.ascii	"RC_ERROR_NULL\000"
 788      52524F52 
 788      5F4E554C 
 788      4C00
 789              	.LASF31:
 790 02ae 52435F45 		.ascii	"RC_ERROR_BUFFER_EMTPY\000"
 790      52524F52 
 790      5F425546 
 790      4645525F 
 790      454D5450 
 791              	.LASF15:
 792 02c4 45455F49 		.ascii	"EE_INT32\000"
 792      4E543332 
 792      00
 793              	.LASF48:
 794 02cd 65427574 		.ascii	"eButton\000"
 794      746F6E00 
 795              	.LASF3:
 796 02d5 73686F72 		.ascii	"short unsigned int\000"
 796      7420756E 
 796      7369676E 
 796      65642069 
 796      6E7400
 797              	.LASF62:
 798 02e8 474E5520 		.ascii	"GNU C11 5.4.1 20160609 (release) [ARM/embedded-5-br"
 798      43313120 
 798      352E342E 
 798      31203230 
 798      31363036 
 799 031b 616E6368 		.ascii	"anch revision 237715] -mcpu=cortex-m3 -mthumb -g -O"
 799      20726576 
 799      6973696F 
 799      6E203233 
 799      37373135 
 800 034e 67202D66 		.ascii	"g -ffunction-sections -ffat-lto-objects\000"
 800      66756E63 
 800      74696F6E 
 800      2D736563 
 800      74696F6E 
 801              	.LASF13:
 802 0376 63686172 		.ascii	"char\000"
 802      00
 803              	.LASF55:
 804 037b 53435F42 		.ascii	"SC_BUTTON_data_t\000"
 804      5554544F 
 804      4E5F6461 
 804      74615F74 
 804      00
 805              	.LASF10:
 806 038c 696E7433 		.ascii	"int32_t\000"
 806      325F7400 
 807              	.LASF42:
 808 0394 52435F45 		.ascii	"RC_ERROR_BAD_PARAM\000"
 808      52524F52 
 808      5F424144 
 808      5F504152 
ARM GAS  C:\Users\mau_g\AppData\Local\Temp\ccS4cGbb.s 			page 19


 808      414D00
 809              	.LASF66:
 810 03a7 64617461 		.ascii	"data\000"
 810      00
 811              	.LASF63:
 812 03ac 536F7572 		.ascii	"Source\\rte\\sc_button_type.c\000"
 812      63655C72 
 812      74655C73 
 812      635F6275 
 812      74746F6E 
 813              	.LASF58:
 814 03c8 45455F41 		.ascii	"EE_ApplicationMode\000"
 814      70706C69 
 814      63617469 
 814      6F6E4D6F 
 814      646500
 815              	.LASF5:
 816 03db 6C6F6E67 		.ascii	"long unsigned int\000"
 816      20756E73 
 816      69676E65 
 816      6420696E 
 816      7400
 817              	.LASF12:
 818 03ed 646F7562 		.ascii	"double\000"
 818      6C6500
 819              	.LASF35:
 820 03f4 52435F45 		.ascii	"RC_ERROR_CHECKSUM\000"
 820      52524F52 
 820      5F434845 
 820      434B5355 
 820      4D00
 821              	.LASF65:
 822 0406 53435F42 		.ascii	"SC_BUTTON_driverIn\000"
 822      5554544F 
 822      4E5F6472 
 822      69766572 
 822      496E00
 823              	.LASF9:
 824 0419 5F5F696E 		.ascii	"__int32_t\000"
 824      7433325F 
 824      7400
 825              	.LASF49:
 826 0423 42555454 		.ascii	"BUTTON_1\000"
 826      4F4E5F31 
 826      00
 827              	.LASF50:
 828 042c 42555454 		.ascii	"BUTTON_2\000"
 828      4F4E5F32 
 828      00
 829              	.LASF51:
 830 0435 42555454 		.ascii	"BUTTON_3\000"
 830      4F4E5F33 
 830      00
 831              	.LASF52:
 832 043e 42555454 		.ascii	"BUTTON_4\000"
 832      4F4E5F34 
 832      00
ARM GAS  C:\Users\mau_g\AppData\Local\Temp\ccS4cGbb.s 			page 20


 833              	.LASF44:
 834 0447 52435F45 		.ascii	"RC_ERROR_CANCELED\000"
 834      52524F52 
 834      5F43414E 
 834      43454C45 
 834      4400
 835              	.LASF61:
 836 0459 49544D5F 		.ascii	"ITM_RxBuffer\000"
 836      52784275 
 836      66666572 
 836      00
 837              	.LASF23:
 838 0466 52435F45 		.ascii	"RC_ERROR\000"
 838      52524F52 
 838      00
 839              	.LASF26:
 840 046f 52435F45 		.ascii	"RC_ERROR_MEMORY\000"
 840      52524F52 
 840      5F4D454D 
 840      4F525900 
 841              	.LASF56:
 842 047f 45455F6F 		.ascii	"EE_oo_IRQ_disable_count\000"
 842      6F5F4952 
 842      515F6469 
 842      7361626C 
 842      655F636F 
 843              	.LASF47:
 844 0497 52435F74 		.ascii	"RC_t\000"
 844      00
 845              	.LASF33:
 846 049c 52435F45 		.ascii	"RC_ERROR_TIME_OUT\000"
 846      52524F52 
 846      5F54494D 
 846      455F4F55 
 846      5400
 847              		.ident	"GCC: (GNU Tools for ARM Embedded Processors) 5.4.1 20160609 (release) [ARM/embedded-5-bran
