ARM GAS  C:\Users\mau_g\AppData\Local\Temp\ccFeQBlf.s 			page 1


   1              		.syntax unified
   2              		.cpu cortex-m3
   3              		.fpu softvfp
   4              		.eabi_attribute 20, 1
   5              		.eabi_attribute 21, 1
   6              		.eabi_attribute 23, 3
   7              		.eabi_attribute 24, 1
   8              		.eabi_attribute 25, 1
   9              		.eabi_attribute 26, 1
  10              		.eabi_attribute 30, 1
  11              		.eabi_attribute 34, 1
  12              		.eabi_attribute 18, 4
  13              		.thumb
  14              		.syntax unified
  15              		.file	"sc_clock_type.c"
  16              		.text
  17              	.Ltext0:
  18              		.cfi_sections	.debug_frame
  19              		.section	.text.SC_CLOCK_driverOut,"ax",%progbits
  20              		.align	2
  21              		.global	SC_CLOCK_driverOut
  22              		.thumb
  23              		.thumb_func
  24              		.type	SC_CLOCK_driverOut, %function
  25              	SC_CLOCK_driverOut:
  26              	.LFB111:
  27              		.file 1 "Source\\rte\\sc_clock_type.c"
   1:Source\rte/sc_clock_type.c **** 
   2:Source\rte/sc_clock_type.c **** 
   3:Source\rte/sc_clock_type.c **** /*
   4:Source\rte/sc_clock_type.c ****  * Filename: sc_clock_type.c
   5:Source\rte/sc_clock_type.c ****  *
   6:Source\rte/sc_clock_type.c ****  * Author: Autogenerated by H-DA RTE Generator, (c) Prof. Fromm
   7:Source\rte/sc_clock_type.c ****  */
   8:Source\rte/sc_clock_type.c **** 
   9:Source\rte/sc_clock_type.c **** #include "project.h"
  10:Source\rte/sc_clock_type.c **** #include "global.h"
  11:Source\rte/sc_clock_type.c **** #include "rte.h"
  12:Source\rte/sc_clock_type.c **** #include "rte_types.h"
  13:Source\rte/sc_clock_type.c **** #include "sc_clock_type.h"
  14:Source\rte/sc_clock_type.c **** 
  15:Source\rte/sc_clock_type.c **** 
  16:Source\rte/sc_clock_type.c **** 
  17:Source\rte/sc_clock_type.c **** /* USER CODE START SC_CLOCK_INCLUDE */
  18:Source\rte/sc_clock_type.c **** 
  19:Source\rte/sc_clock_type.c **** /* USER CODE END SC_CLOCK_INCLUDE */
  20:Source\rte/sc_clock_type.c **** 
  21:Source\rte/sc_clock_type.c **** 
  22:Source\rte/sc_clock_type.c **** /*
  23:Source\rte/sc_clock_type.c **** * description: Signalclass for the clock including the hour and the minute widget
  24:Source\rte/sc_clock_type.c **** * name: sc_clock
  25:Source\rte/sc_clock_type.c **** * shortname: clock
  26:Source\rte/sc_clock_type.c **** */
  27:Source\rte/sc_clock_type.c **** 
  28:Source\rte/sc_clock_type.c **** /* USER CODE START SC_CLOCK_USERDEFINITIONS */
  29:Source\rte/sc_clock_type.c **** 
  30:Source\rte/sc_clock_type.c **** /* USER CODE END SC_CLOCK_USERDEFINITIONS */
ARM GAS  C:\Users\mau_g\AppData\Local\Temp\ccFeQBlf.s 			page 2


  31:Source\rte/sc_clock_type.c **** 
  32:Source\rte/sc_clock_type.c **** 
  33:Source\rte/sc_clock_type.c **** /*****************************************************************************************
  34:Source\rte/sc_clock_type.c ****  *************** Port Wrapper Implementation for SC_CLOCK signal  ****************
  35:Source\rte/sc_clock_type.c ****  *****************************************************************************************/
  36:Source\rte/sc_clock_type.c ****  
  37:Source\rte/sc_clock_type.c ****  
  38:Source\rte/sc_clock_type.c **** /**
  39:Source\rte/sc_clock_type.c ****  * Default OUT driver API
  40:Source\rte/sc_clock_type.c ****  */
  41:Source\rte/sc_clock_type.c **** inline RC_t SC_CLOCK_driverOut(const SC_CLOCK_data_t  *const data)
  42:Source\rte/sc_clock_type.c **** {
  28              		.loc 1 42 0
  29              		.cfi_startproc
  30              		@ args = 0, pretend = 0, frame = 8
  31              		@ frame_needed = 0, uses_anonymous_args = 0
  32              	.LVL0:
  33 0000 30B5     		push	{r4, r5, lr}
  34              		.cfi_def_cfa_offset 12
  35              		.cfi_offset 4, -12
  36              		.cfi_offset 5, -8
  37              		.cfi_offset 14, -4
  38 0002 85B0     		sub	sp, sp, #20
  39              		.cfi_def_cfa_offset 32
  40 0004 0446     		mov	r4, r0
  43:Source\rte/sc_clock_type.c **** 	/* USER CODE START driverOutSC_CLOCK */
  44:Source\rte/sc_clock_type.c **** //#error "Add your code here"
  45:Source\rte/sc_clock_type.c **** 
  46:Source\rte/sc_clock_type.c ****     if(TRUE == data->m_hours.m_fontEditing) 
  41              		.loc 1 46 0
  42 0006 0379     		ldrb	r3, [r0, #4]	@ zero_extendqisi2
  43 0008 012B     		cmp	r3, #1
  44 000a 0DD1     		bne	.L2
  47:Source\rte/sc_clock_type.c ****     {
  48:Source\rte/sc_clock_type.c ****         TFT_fillRect(8, 55, 45, 35, WHITE);
  45              		.loc 1 48 0
  46 000c 4FF6FF75 		movw	r5, #65535
  47 0010 0095     		str	r5, [sp]
  48 0012 2323     		movs	r3, #35
  49 0014 2D22     		movs	r2, #45
  50 0016 3721     		movs	r1, #55
  51 0018 0820     		movs	r0, #8
  52              	.LVL1:
  53 001a FFF7FEFF 		bl	TFT_fillRect
  54              	.LVL2:
  49:Source\rte/sc_clock_type.c ****         TFT_setColors(BLACK, WHITE);
  55              		.loc 1 49 0
  56 001e 2946     		mov	r1, r5
  57 0020 0020     		movs	r0, #0
  58 0022 FFF7FEFF 		bl	TFT_setColors
  59              	.LVL3:
  60 0026 0CE0     		b	.L3
  61              	.LVL4:
  62              	.L2:
  50:Source\rte/sc_clock_type.c ****     }
  51:Source\rte/sc_clock_type.c ****     else 
  52:Source\rte/sc_clock_type.c ****     {
ARM GAS  C:\Users\mau_g\AppData\Local\Temp\ccFeQBlf.s 			page 3


  53:Source\rte/sc_clock_type.c ****         TFT_fillRect(8, 55, 45, 35, BLACK);
  63              		.loc 1 53 0
  64 0028 0025     		movs	r5, #0
  65 002a 0095     		str	r5, [sp]
  66 002c 2323     		movs	r3, #35
  67 002e 2D22     		movs	r2, #45
  68 0030 3721     		movs	r1, #55
  69 0032 0820     		movs	r0, #8
  70              	.LVL5:
  71 0034 FFF7FEFF 		bl	TFT_fillRect
  72              	.LVL6:
  54:Source\rte/sc_clock_type.c ****         TFT_setColors(WHITE, BLACK);
  73              		.loc 1 54 0
  74 0038 2946     		mov	r1, r5
  75 003a 4FF6FF70 		movw	r0, #65535
  76 003e FFF7FEFF 		bl	TFT_setColors
  77              	.LVL7:
  78              	.L3:
  55:Source\rte/sc_clock_type.c ****     }
  56:Source\rte/sc_clock_type.c ****     
  57:Source\rte/sc_clock_type.c ****     TFT_setCursor(13, 60);
  79              		.loc 1 57 0
  80 0042 3C21     		movs	r1, #60
  81 0044 0D20     		movs	r0, #13
  82 0046 FFF7FEFF 		bl	TFT_setCursor
  83              	.LVL8:
  58:Source\rte/sc_clock_type.c ****     
  59:Source\rte/sc_clock_type.c ****     if(data->m_hours.m_currentValue < 10) 
  84              		.loc 1 59 0
  85 004a 6378     		ldrb	r3, [r4, #1]	@ zero_extendqisi2
  86 004c 092B     		cmp	r3, #9
  87 004e 02D8     		bhi	.L4
  60:Source\rte/sc_clock_type.c ****     { 
  61:Source\rte/sc_clock_type.c ****         TFT_print("0");
  88              		.loc 1 61 0
  89 0050 2448     		ldr	r0, .L9
  90 0052 FFF7FEFF 		bl	TFT_print
  91              	.LVL9:
  92              	.L4:
  62:Source\rte/sc_clock_type.c ****     }
  63:Source\rte/sc_clock_type.c ****     else
  64:Source\rte/sc_clock_type.c ****     {
  65:Source\rte/sc_clock_type.c ****         //Intended to do nothing.
  66:Source\rte/sc_clock_type.c ****     }
  67:Source\rte/sc_clock_type.c ****     
  68:Source\rte/sc_clock_type.c ****     char printHours[3];
  69:Source\rte/sc_clock_type.c ****     itoa(data->m_hours.m_currentValue, printHours, 10);
  93              		.loc 1 69 0
  94 0056 0A22     		movs	r2, #10
  95 0058 03A9     		add	r1, sp, #12
  96 005a 6078     		ldrb	r0, [r4, #1]	@ zero_extendqisi2
  97 005c FFF7FEFF 		bl	itoa
  98              	.LVL10:
  70:Source\rte/sc_clock_type.c ****     
  71:Source\rte/sc_clock_type.c ****     TFT_print(printHours);
  99              		.loc 1 71 0
 100 0060 03A8     		add	r0, sp, #12
ARM GAS  C:\Users\mau_g\AppData\Local\Temp\ccFeQBlf.s 			page 4


 101 0062 FFF7FEFF 		bl	TFT_print
 102              	.LVL11:
  72:Source\rte/sc_clock_type.c ****     
  73:Source\rte/sc_clock_type.c ****     
  74:Source\rte/sc_clock_type.c ****     TFT_setColors(WHITE, BLACK);
 103              		.loc 1 74 0
 104 0066 0021     		movs	r1, #0
 105 0068 4FF6FF70 		movw	r0, #65535
 106 006c FFF7FEFF 		bl	TFT_setColors
 107              	.LVL12:
  75:Source\rte/sc_clock_type.c ****     TFT_setCursor(56, 60);
 108              		.loc 1 75 0
 109 0070 3C21     		movs	r1, #60
 110 0072 3820     		movs	r0, #56
 111 0074 FFF7FEFF 		bl	TFT_setCursor
 112              	.LVL13:
  76:Source\rte/sc_clock_type.c ****     TFT_print(":");
 113              		.loc 1 76 0
 114 0078 1B48     		ldr	r0, .L9+4
 115 007a FFF7FEFF 		bl	TFT_print
 116              	.LVL14:
  77:Source\rte/sc_clock_type.c ****     
  78:Source\rte/sc_clock_type.c ****     
  79:Source\rte/sc_clock_type.c ****     if(TRUE == data->m_minutes.m_fontEditing) 
 117              		.loc 1 79 0
 118 007e 237A     		ldrb	r3, [r4, #8]	@ zero_extendqisi2
 119 0080 012B     		cmp	r3, #1
 120 0082 0DD1     		bne	.L5
  80:Source\rte/sc_clock_type.c ****     {
  81:Source\rte/sc_clock_type.c ****         TFT_fillRect(75, 55, 45, 35, WHITE);
 121              		.loc 1 81 0
 122 0084 4FF6FF75 		movw	r5, #65535
 123 0088 0095     		str	r5, [sp]
 124 008a 2323     		movs	r3, #35
 125 008c 2D22     		movs	r2, #45
 126 008e 3721     		movs	r1, #55
 127 0090 4B20     		movs	r0, #75
 128 0092 FFF7FEFF 		bl	TFT_fillRect
 129              	.LVL15:
  82:Source\rte/sc_clock_type.c ****         TFT_setColors(BLACK, WHITE);
 130              		.loc 1 82 0
 131 0096 2946     		mov	r1, r5
 132 0098 0020     		movs	r0, #0
 133 009a FFF7FEFF 		bl	TFT_setColors
 134              	.LVL16:
 135 009e 0CE0     		b	.L6
 136              	.L5:
  83:Source\rte/sc_clock_type.c ****     }
  84:Source\rte/sc_clock_type.c ****     else 
  85:Source\rte/sc_clock_type.c ****     {
  86:Source\rte/sc_clock_type.c ****         TFT_fillRect(75, 55, 45, 35, BLACK);
 137              		.loc 1 86 0
 138 00a0 0025     		movs	r5, #0
 139 00a2 0095     		str	r5, [sp]
 140 00a4 2323     		movs	r3, #35
 141 00a6 2D22     		movs	r2, #45
 142 00a8 3721     		movs	r1, #55
ARM GAS  C:\Users\mau_g\AppData\Local\Temp\ccFeQBlf.s 			page 5


 143 00aa 4B20     		movs	r0, #75
 144 00ac FFF7FEFF 		bl	TFT_fillRect
 145              	.LVL17:
  87:Source\rte/sc_clock_type.c ****         TFT_setColors(WHITE, BLACK);
 146              		.loc 1 87 0
 147 00b0 2946     		mov	r1, r5
 148 00b2 4FF6FF70 		movw	r0, #65535
 149 00b6 FFF7FEFF 		bl	TFT_setColors
 150              	.LVL18:
 151              	.L6:
  88:Source\rte/sc_clock_type.c ****     }
  89:Source\rte/sc_clock_type.c ****     
  90:Source\rte/sc_clock_type.c ****     TFT_setCursor(80, 60);
 152              		.loc 1 90 0
 153 00ba 3C21     		movs	r1, #60
 154 00bc 5020     		movs	r0, #80
 155 00be FFF7FEFF 		bl	TFT_setCursor
 156              	.LVL19:
  91:Source\rte/sc_clock_type.c ****     
  92:Source\rte/sc_clock_type.c ****     if(data->m_minutes.m_currentValue < 10) 
 157              		.loc 1 92 0
 158 00c2 6379     		ldrb	r3, [r4, #5]	@ zero_extendqisi2
 159 00c4 092B     		cmp	r3, #9
 160 00c6 02D8     		bhi	.L7
  93:Source\rte/sc_clock_type.c ****     { 
  94:Source\rte/sc_clock_type.c ****         TFT_print("0");
 161              		.loc 1 94 0
 162 00c8 0648     		ldr	r0, .L9
 163 00ca FFF7FEFF 		bl	TFT_print
 164              	.LVL20:
 165              	.L7:
  95:Source\rte/sc_clock_type.c ****     }
  96:Source\rte/sc_clock_type.c ****     else
  97:Source\rte/sc_clock_type.c ****     {
  98:Source\rte/sc_clock_type.c ****         //Intended to do nothing.
  99:Source\rte/sc_clock_type.c ****     }
 100:Source\rte/sc_clock_type.c ****     
 101:Source\rte/sc_clock_type.c ****     char printMinutes[3];
 102:Source\rte/sc_clock_type.c ****     itoa(data->m_minutes.m_currentValue, printMinutes, 10);
 166              		.loc 1 102 0
 167 00ce 0A22     		movs	r2, #10
 168 00d0 02A9     		add	r1, sp, #8
 169 00d2 6079     		ldrb	r0, [r4, #5]	@ zero_extendqisi2
 170 00d4 FFF7FEFF 		bl	itoa
 171              	.LVL21:
 103:Source\rte/sc_clock_type.c ****     
 104:Source\rte/sc_clock_type.c ****     TFT_print(printMinutes);
 172              		.loc 1 104 0
 173 00d8 02A8     		add	r0, sp, #8
 174 00da FFF7FEFF 		bl	TFT_print
 175              	.LVL22:
 105:Source\rte/sc_clock_type.c **** 
 106:Source\rte/sc_clock_type.c **** 	return RC_SUCCESS;
 107:Source\rte/sc_clock_type.c **** 	/* USER CODE END driverOutSC_CLOCK */
 108:Source\rte/sc_clock_type.c **** }
 176              		.loc 1 108 0
 177 00de 0020     		movs	r0, #0
ARM GAS  C:\Users\mau_g\AppData\Local\Temp\ccFeQBlf.s 			page 6


 178 00e0 05B0     		add	sp, sp, #20
 179              		.cfi_def_cfa_offset 12
 180              		@ sp needed
 181 00e2 30BD     		pop	{r4, r5, pc}
 182              	.LVL23:
 183              	.L10:
 184              		.align	2
 185              	.L9:
 186 00e4 00000000 		.word	.LC0
 187 00e8 04000000 		.word	.LC1
 188              		.cfi_endproc
 189              	.LFE111:
 190              		.size	SC_CLOCK_driverOut, .-SC_CLOCK_driverOut
 191              		.section	.rodata.str1.4,"aMS",%progbits,1
 192              		.align	2
 193              	.LC0:
 194 0000 3000     		.ascii	"0\000"
 195 0002 0000     		.space	2
 196              	.LC1:
 197 0004 3A00     		.ascii	":\000"
 198              		.text
 199              	.Letext0:
 200              		.file 2 "c:\\program files (x86)\\cypress\\psoc creator\\4.4\\psoc creator\\import\\gnu\\arm\\5.4.
 201              		.file 3 "c:\\program files (x86)\\cypress\\psoc creator\\4.4\\psoc creator\\import\\gnu\\arm\\5.4.
 202              		.file 4 "Generated_Source\\PSoC5/ErikaOS_1_common_ee_types.inc"
 203              		.file 5 "Generated_Source\\PSoC5/ErikaOS_1_cortex_mx_ee_cpu.inc"
 204              		.file 6 ".\\Source\\bsw/global.h"
 205              		.file 7 ".\\Source\\bsw\\tft/tft.h"
 206              		.file 8 "Source\\rte\\sc_clock_type.h"
 207              		.file 9 "Generated_Source\\PSoC5/ErikaOS_1_ee_oo_intfunc.inc"
 208              		.file 10 "Generated_Source\\PSoC5/ErikaOS_1_cortex_mx_ee_context.inc"
 209              		.file 11 "Generated_Source\\PSoC5/ErikaOS_1_common_ee_primitives.inc"
 210              		.file 12 "Generated_Source\\PSoC5/core_cm3.h"
 211              		.file 13 "c:\\program files (x86)\\cypress\\psoc creator\\4.4\\psoc creator\\import\\gnu\\arm\\5.4
 212              		.section	.debug_info,"",%progbits
 213              	.Ldebug_info0:
 214 0000 EE050000 		.4byte	0x5ee
 215 0004 0400     		.2byte	0x4
 216 0006 00000000 		.4byte	.Ldebug_abbrev0
 217 000a 04       		.byte	0x4
 218 000b 01       		.uleb128 0x1
 219 000c DD040000 		.4byte	.LASF96
 220 0010 0C       		.byte	0xc
 221 0011 8F030000 		.4byte	.LASF97
 222 0015 FA000000 		.4byte	.LASF98
 223 0019 00000000 		.4byte	.Ldebug_ranges0+0
 224 001d 00000000 		.4byte	0
 225 0021 00000000 		.4byte	.Ldebug_line0
 226 0025 02       		.uleb128 0x2
 227 0026 01       		.byte	0x1
 228 0027 06       		.byte	0x6
 229 0028 D2020000 		.4byte	.LASF0
 230 002c 03       		.uleb128 0x3
 231 002d 35020000 		.4byte	.LASF4
 232 0031 02       		.byte	0x2
 233 0032 1D       		.byte	0x1d
 234 0033 37000000 		.4byte	0x37
ARM GAS  C:\Users\mau_g\AppData\Local\Temp\ccFeQBlf.s 			page 7


 235 0037 02       		.uleb128 0x2
 236 0038 01       		.byte	0x1
 237 0039 08       		.byte	0x8
 238 003a B0020000 		.4byte	.LASF1
 239 003e 02       		.uleb128 0x2
 240 003f 02       		.byte	0x2
 241 0040 05       		.byte	0x5
 242 0041 3D000000 		.4byte	.LASF2
 243 0045 02       		.uleb128 0x2
 244 0046 02       		.byte	0x2
 245 0047 07       		.byte	0x7
 246 0048 7C030000 		.4byte	.LASF3
 247 004c 03       		.uleb128 0x3
 248 004d C8020000 		.4byte	.LASF5
 249 0051 02       		.byte	0x2
 250 0052 3F       		.byte	0x3f
 251 0053 57000000 		.4byte	0x57
 252 0057 02       		.uleb128 0x2
 253 0058 04       		.byte	0x4
 254 0059 05       		.byte	0x5
 255 005a 07020000 		.4byte	.LASF6
 256 005e 02       		.uleb128 0x2
 257 005f 04       		.byte	0x4
 258 0060 07       		.byte	0x7
 259 0061 6D040000 		.4byte	.LASF7
 260 0065 02       		.uleb128 0x2
 261 0066 08       		.byte	0x8
 262 0067 05       		.byte	0x5
 263 0068 AE010000 		.4byte	.LASF8
 264 006c 02       		.uleb128 0x2
 265 006d 08       		.byte	0x8
 266 006e 07       		.byte	0x7
 267 006f DE020000 		.4byte	.LASF9
 268 0073 04       		.uleb128 0x4
 269 0074 04       		.byte	0x4
 270 0075 05       		.byte	0x5
 271 0076 696E7400 		.ascii	"int\000"
 272 007a 02       		.uleb128 0x2
 273 007b 04       		.byte	0x4
 274 007c 07       		.byte	0x7
 275 007d 13030000 		.4byte	.LASF10
 276 0081 03       		.uleb128 0x3
 277 0082 D4000000 		.4byte	.LASF11
 278 0086 03       		.byte	0x3
 279 0087 18       		.byte	0x18
 280 0088 2C000000 		.4byte	0x2c
 281 008c 03       		.uleb128 0x3
 282 008d F0030000 		.4byte	.LASF12
 283 0091 03       		.byte	0x3
 284 0092 2C       		.byte	0x2c
 285 0093 4C000000 		.4byte	0x4c
 286 0097 02       		.uleb128 0x2
 287 0098 04       		.byte	0x4
 288 0099 04       		.byte	0x4
 289 009a A2010000 		.4byte	.LASF13
 290 009e 02       		.uleb128 0x2
 291 009f 08       		.byte	0x8
ARM GAS  C:\Users\mau_g\AppData\Local\Temp\ccFeQBlf.s 			page 8


 292 00a0 04       		.byte	0x4
 293 00a1 7F040000 		.4byte	.LASF14
 294 00a5 02       		.uleb128 0x2
 295 00a6 01       		.byte	0x1
 296 00a7 08       		.byte	0x8
 297 00a8 C0030000 		.4byte	.LASF15
 298 00ac 02       		.uleb128 0x2
 299 00ad 08       		.byte	0x8
 300 00ae 04       		.byte	0x4
 301 00af 9F020000 		.4byte	.LASF16
 302 00b3 03       		.uleb128 0x3
 303 00b4 6A030000 		.4byte	.LASF17
 304 00b8 04       		.byte	0x4
 305 00b9 53       		.byte	0x53
 306 00ba 73000000 		.4byte	0x73
 307 00be 03       		.uleb128 0x3
 308 00bf BD000000 		.4byte	.LASF18
 309 00c3 04       		.byte	0x4
 310 00c4 54       		.byte	0x54
 311 00c5 7A000000 		.4byte	0x7a
 312 00c9 03       		.uleb128 0x3
 313 00ca 0E000000 		.4byte	.LASF19
 314 00ce 05       		.byte	0x5
 315 00cf 4D       		.byte	0x4d
 316 00d0 BE000000 		.4byte	0xbe
 317 00d4 03       		.uleb128 0x3
 318 00d5 96000000 		.4byte	.LASF20
 319 00d9 05       		.byte	0x5
 320 00da 4F       		.byte	0x4f
 321 00db BE000000 		.4byte	0xbe
 322 00df 03       		.uleb128 0x3
 323 00e0 C7000000 		.4byte	.LASF21
 324 00e4 05       		.byte	0x5
 325 00e5 78       		.byte	0x78
 326 00e6 B3000000 		.4byte	0xb3
 327 00ea 02       		.uleb128 0x2
 328 00eb 04       		.byte	0x4
 329 00ec 07       		.byte	0x7
 330 00ed 77000000 		.4byte	.LASF22
 331 00f1 03       		.uleb128 0x3
 332 00f2 6C020000 		.4byte	.LASF23
 333 00f6 06       		.byte	0x6
 334 00f7 82       		.byte	0x82
 335 00f8 37000000 		.4byte	0x37
 336 00fc 05       		.uleb128 0x5
 337 00fd 65524300 		.ascii	"eRC\000"
 338 0101 01       		.byte	0x1
 339 0102 25000000 		.4byte	0x25
 340 0106 06       		.byte	0x6
 341 0107 AC       		.byte	0xac
 342 0108 A3010000 		.4byte	0x1a3
 343 010c 06       		.uleb128 0x6
 344 010d 16000000 		.4byte	.LASF24
 345 0111 00       		.byte	0
 346 0112 07       		.uleb128 0x7
 347 0113 45040000 		.4byte	.LASF25
 348 0117 7F       		.sleb128 -1
ARM GAS  C:\Users\mau_g\AppData\Local\Temp\ccFeQBlf.s 			page 9


 349 0118 07       		.uleb128 0x7
 350 0119 00000000 		.4byte	.LASF26
 351 011d 7E       		.sleb128 -2
 352 011e 07       		.uleb128 0x7
 353 011f F9010000 		.4byte	.LASF27
 354 0123 7D       		.sleb128 -3
 355 0124 07       		.uleb128 0x7
 356 0125 CB030000 		.4byte	.LASF28
 357 0129 7C       		.sleb128 -4
 358 012a 07       		.uleb128 0x7
 359 012b 93010000 		.4byte	.LASF29
 360 012f 7B       		.sleb128 -5
 361 0130 07       		.uleb128 0x7
 362 0131 47000000 		.4byte	.LASF30
 363 0135 7A       		.sleb128 -6
 364 0136 07       		.uleb128 0x7
 365 0137 10020000 		.4byte	.LASF31
 366 013b 79       		.sleb128 -7
 367 013c 07       		.uleb128 0x7
 368 013d DB030000 		.4byte	.LASF32
 369 0141 78       		.sleb128 -8
 370 0142 07       		.uleb128 0x7
 371 0143 B8050000 		.4byte	.LASF33
 372 0147 77       		.sleb128 -9
 373 0148 07       		.uleb128 0x7
 374 0149 22020000 		.4byte	.LASF34
 375 014d 76       		.sleb128 -10
 376 014e 07       		.uleb128 0x7
 377 014f D3050000 		.4byte	.LASF35
 378 0153 75       		.sleb128 -11
 379 0154 07       		.uleb128 0x7
 380 0155 20030000 		.4byte	.LASF36
 381 0159 74       		.sleb128 -12
 382 015a 07       		.uleb128 0x7
 383 015b 9D040000 		.4byte	.LASF37
 384 015f 73       		.sleb128 -13
 385 0160 07       		.uleb128 0x7
 386 0161 86020000 		.4byte	.LASF38
 387 0165 72       		.sleb128 -14
 388 0166 07       		.uleb128 0x7
 389 0167 21000000 		.4byte	.LASF39
 390 016b 71       		.sleb128 -15
 391 016c 07       		.uleb128 0x7
 392 016d 3F020000 		.4byte	.LASF40
 393 0171 70       		.sleb128 -16
 394 0172 07       		.uleb128 0x7
 395 0173 9E000000 		.4byte	.LASF41
 396 0177 6F       		.sleb128 -17
 397 0178 07       		.uleb128 0x7
 398 0179 58000000 		.4byte	.LASF42
 399 017d 6E       		.sleb128 -18
 400 017e 07       		.uleb128 0x7
 401 017f D5010000 		.4byte	.LASF43
 402 0183 6D       		.sleb128 -19
 403 0184 07       		.uleb128 0x7
 404 0185 32040000 		.4byte	.LASF44
 405 0189 6C       		.sleb128 -20
ARM GAS  C:\Users\mau_g\AppData\Local\Temp\ccFeQBlf.s 			page 10


 406 018a 07       		.uleb128 0x7
 407 018b 5A020000 		.4byte	.LASF45
 408 018f 6B       		.sleb128 -21
 409 0190 07       		.uleb128 0x7
 410 0191 BE040000 		.4byte	.LASF46
 411 0195 6A       		.sleb128 -22
 412 0196 07       		.uleb128 0x7
 413 0197 DC000000 		.4byte	.LASF47
 414 019b 69       		.sleb128 -23
 415 019c 07       		.uleb128 0x7
 416 019d E8010000 		.4byte	.LASF48
 417 01a1 68       		.sleb128 -24
 418 01a2 00       		.byte	0
 419 01a3 03       		.uleb128 0x3
 420 01a4 CE050000 		.4byte	.LASF49
 421 01a8 06       		.byte	0x6
 422 01a9 C8       		.byte	0xc8
 423 01aa FC000000 		.4byte	0xfc
 424 01ae 08       		.uleb128 0x8
 425 01af 02       		.byte	0x2
 426 01b0 45000000 		.4byte	0x45
 427 01b4 07       		.byte	0x7
 428 01b5 5C       		.byte	0x5c
 429 01b6 4C020000 		.4byte	0x24c
 430 01ba 09       		.uleb128 0x9
 431 01bb 99020000 		.4byte	.LASF50
 432 01bf FFFF     		.2byte	0xffff
 433 01c1 06       		.uleb128 0x6
 434 01c2 0D030000 		.4byte	.LASF51
 435 01c6 00       		.byte	0
 436 01c7 09       		.uleb128 0x9
 437 01c8 71050000 		.4byte	.LASF52
 438 01cc 00F8     		.2byte	0xf800
 439 01ce 09       		.uleb128 0x9
 440 01cf B3050000 		.4byte	.LASF53
 441 01d3 1FF8     		.2byte	0xf81f
 442 01d5 09       		.uleb128 0x9
 443 01d6 63010000 		.4byte	.LASF54
 444 01da FF07     		.2byte	0x7ff
 445 01dc 09       		.uleb128 0x9
 446 01dd CE000000 		.4byte	.LASF55
 447 01e1 E0FF     		.2byte	0xffe0
 448 01e3 0A       		.uleb128 0xa
 449 01e4 52454400 		.ascii	"RED\000"
 450 01e8 1F       		.byte	0x1f
 451 01e9 09       		.uleb128 0x9
 452 01ea 95040000 		.4byte	.LASF56
 453 01ee 1FF8     		.2byte	0xf81f
 454 01f0 09       		.uleb128 0x9
 455 01f1 6B050000 		.4byte	.LASF57
 456 01f5 E007     		.2byte	0x7e0
 457 01f7 09       		.uleb128 0x9
 458 01f8 30020000 		.4byte	.LASF58
 459 01fc E0FF     		.2byte	0xffe0
 460 01fe 09       		.uleb128 0x9
 461 01ff F3000000 		.4byte	.LASF59
 462 0203 FF07     		.2byte	0x7ff
ARM GAS  C:\Users\mau_g\AppData\Local\Temp\ccFeQBlf.s 			page 11


 463 0205 09       		.uleb128 0x9
 464 0206 B8040000 		.4byte	.LASF60
 465 020a 3D02     		.2byte	0x23d
 466 020c 09       		.uleb128 0x9
 467 020d C5030000 		.4byte	.LASF61
 468 0211 3FE0     		.2byte	0xe03f
 469 0213 09       		.uleb128 0x9
 470 0214 8E010000 		.4byte	.LASF62
 471 0218 210C     		.2byte	0xc21
 472 021a 09       		.uleb128 0x9
 473 021b AF040000 		.4byte	.LASF63
 474 021f 89F3     		.2byte	0xf389
 475 0221 09       		.uleb128 0x9
 476 0222 50020000 		.4byte	.LASF64
 477 0226 BE3E     		.2byte	0x3ebe
 478 0228 09       		.uleb128 0x9
 479 0229 73030000 		.4byte	.LASF65
 480 022d 2A1A     		.2byte	0x1a2a
 481 022f 09       		.uleb128 0x9
 482 0230 B2000000 		.4byte	.LASF66
 483 0234 21F8     		.2byte	0xf821
 484 0236 09       		.uleb128 0x9
 485 0237 A8010000 		.4byte	.LASF67
 486 023b 6318     		.2byte	0x1863
 487 023d 09       		.uleb128 0x9
 488 023e 68010000 		.4byte	.LASF68
 489 0242 658A     		.2byte	0x8a65
 490 0244 09       		.uleb128 0x9
 491 0245 53040000 		.4byte	.LASF69
 492 0249 D448     		.2byte	0x48d4
 493 024b 00       		.byte	0
 494 024c 08       		.uleb128 0x8
 495 024d 01       		.byte	0x1
 496 024e 37000000 		.4byte	0x37
 497 0252 08       		.byte	0x8
 498 0253 2A       		.byte	0x2a
 499 0254 6B020000 		.4byte	0x26b
 500 0258 06       		.uleb128 0x6
 501 0259 F8030000 		.4byte	.LASF70
 502 025d 00       		.byte	0
 503 025e 06       		.uleb128 0x6
 504 025f A1050000 		.4byte	.LASF71
 505 0263 01       		.byte	0x1
 506 0264 06       		.uleb128 0x6
 507 0265 3D030000 		.4byte	.LASF72
 508 0269 02       		.byte	0x2
 509 026a 00       		.byte	0
 510 026b 03       		.uleb128 0x3
 511 026c AA030000 		.4byte	.LASF73
 512 0270 08       		.byte	0x8
 513 0271 2E       		.byte	0x2e
 514 0272 4C020000 		.4byte	0x24c
 515 0276 0B       		.uleb128 0xb
 516 0277 04       		.byte	0x4
 517 0278 08       		.byte	0x8
 518 0279 30       		.byte	0x30
 519 027a AF020000 		.4byte	0x2af
ARM GAS  C:\Users\mau_g\AppData\Local\Temp\ccFeQBlf.s 			page 12


 520 027e 0C       		.uleb128 0xc
 521 027f 2E030000 		.4byte	.LASF74
 522 0283 08       		.byte	0x8
 523 0284 37       		.byte	0x37
 524 0285 81000000 		.4byte	0x81
 525 0289 00       		.byte	0
 526 028a 0C       		.uleb128 0xc
 527 028b 80000000 		.4byte	.LASF75
 528 028f 08       		.byte	0x8
 529 0290 38       		.byte	0x38
 530 0291 81000000 		.4byte	0x81
 531 0295 01       		.byte	0x1
 532 0296 0C       		.uleb128 0xc
 533 0297 F5020000 		.4byte	.LASF76
 534 029b 08       		.byte	0x8
 535 029c 39       		.byte	0x39
 536 029d 81000000 		.4byte	0x81
 537 02a1 02       		.byte	0x2
 538 02a2 0C       		.uleb128 0xc
 539 02a3 72010000 		.4byte	.LASF77
 540 02a7 08       		.byte	0x8
 541 02a8 3A       		.byte	0x3a
 542 02a9 F1000000 		.4byte	0xf1
 543 02ad 03       		.byte	0x3
 544 02ae 00       		.byte	0
 545 02af 03       		.uleb128 0x3
 546 02b0 86040000 		.4byte	.LASF78
 547 02b4 08       		.byte	0x8
 548 02b5 3B       		.byte	0x3b
 549 02b6 76020000 		.4byte	0x276
 550 02ba 0B       		.uleb128 0xb
 551 02bb 09       		.byte	0x9
 552 02bc 08       		.byte	0x8
 553 02bd 44       		.byte	0x44
 554 02be E7020000 		.4byte	0x2e7
 555 02c2 0C       		.uleb128 0xc
 556 02c3 23040000 		.4byte	.LASF79
 557 02c7 08       		.byte	0x8
 558 02c8 46       		.byte	0x46
 559 02c9 6B020000 		.4byte	0x26b
 560 02cd 00       		.byte	0
 561 02ce 0C       		.uleb128 0xc
 562 02cf 35000000 		.4byte	.LASF80
 563 02d3 08       		.byte	0x8
 564 02d4 47       		.byte	0x47
 565 02d5 AF020000 		.4byte	0x2af
 566 02d9 01       		.byte	0x1
 567 02da 0C       		.uleb128 0xc
 568 02db BE020000 		.4byte	.LASF81
 569 02df 08       		.byte	0x8
 570 02e0 48       		.byte	0x48
 571 02e1 AF020000 		.4byte	0x2af
 572 02e5 05       		.byte	0x5
 573 02e6 00       		.byte	0
 574 02e7 03       		.uleb128 0x3
 575 02e8 76020000 		.4byte	.LASF82
 576 02ec 08       		.byte	0x8
ARM GAS  C:\Users\mau_g\AppData\Local\Temp\ccFeQBlf.s 			page 13


 577 02ed 4B       		.byte	0x4b
 578 02ee BA020000 		.4byte	0x2ba
 579 02f2 0D       		.uleb128 0xd
 580 02f3 8E050000 		.4byte	.LASF99
 581 02f7 01       		.byte	0x1
 582 02f8 29       		.byte	0x29
 583 02f9 A3010000 		.4byte	0x1a3
 584 02fd 00000000 		.4byte	.LFB111
 585 0301 EC000000 		.4byte	.LFE111-.LFB111
 586 0305 01       		.uleb128 0x1
 587 0306 9C       		.byte	0x9c
 588 0307 50050000 		.4byte	0x550
 589 030b 0E       		.uleb128 0xe
 590 030c 4E040000 		.4byte	.LASF100
 591 0310 01       		.byte	0x1
 592 0311 29       		.byte	0x29
 593 0312 5B050000 		.4byte	0x55b
 594 0316 00000000 		.4byte	.LLST0
 595 031a 0F       		.uleb128 0xf
 596 031b 8B000000 		.4byte	.LASF83
 597 031f 01       		.byte	0x1
 598 0320 44       		.byte	0x44
 599 0321 60050000 		.4byte	0x560
 600 0325 02       		.uleb128 0x2
 601 0326 91       		.byte	0x91
 602 0327 6C       		.sleb128 -20
 603 0328 0F       		.uleb128 0xf
 604 0329 00030000 		.4byte	.LASF84
 605 032d 01       		.byte	0x1
 606 032e 65       		.byte	0x65
 607 032f 60050000 		.4byte	0x560
 608 0333 02       		.uleb128 0x2
 609 0334 91       		.byte	0x91
 610 0335 68       		.sleb128 -24
 611 0336 10       		.uleb128 0x10
 612 0337 1E000000 		.4byte	.LVL2
 613 033b B8050000 		.4byte	0x5b8
 614 033f 62030000 		.4byte	0x362
 615 0343 11       		.uleb128 0x11
 616 0344 01       		.uleb128 0x1
 617 0345 50       		.byte	0x50
 618 0346 01       		.uleb128 0x1
 619 0347 38       		.byte	0x38
 620 0348 11       		.uleb128 0x11
 621 0349 01       		.uleb128 0x1
 622 034a 51       		.byte	0x51
 623 034b 02       		.uleb128 0x2
 624 034c 08       		.byte	0x8
 625 034d 37       		.byte	0x37
 626 034e 11       		.uleb128 0x11
 627 034f 01       		.uleb128 0x1
 628 0350 52       		.byte	0x52
 629 0351 02       		.uleb128 0x2
 630 0352 08       		.byte	0x8
 631 0353 2D       		.byte	0x2d
 632 0354 11       		.uleb128 0x11
 633 0355 01       		.uleb128 0x1
ARM GAS  C:\Users\mau_g\AppData\Local\Temp\ccFeQBlf.s 			page 14


 634 0356 53       		.byte	0x53
 635 0357 02       		.uleb128 0x2
 636 0358 08       		.byte	0x8
 637 0359 23       		.byte	0x23
 638 035a 11       		.uleb128 0x11
 639 035b 02       		.uleb128 0x2
 640 035c 7D       		.byte	0x7d
 641 035d 00       		.sleb128 0
 642 035e 02       		.uleb128 0x2
 643 035f 75       		.byte	0x75
 644 0360 00       		.sleb128 0
 645 0361 00       		.byte	0
 646 0362 10       		.uleb128 0x10
 647 0363 26000000 		.4byte	.LVL3
 648 0367 C3050000 		.4byte	0x5c3
 649 036b 7B030000 		.4byte	0x37b
 650 036f 11       		.uleb128 0x11
 651 0370 01       		.uleb128 0x1
 652 0371 50       		.byte	0x50
 653 0372 01       		.uleb128 0x1
 654 0373 30       		.byte	0x30
 655 0374 11       		.uleb128 0x11
 656 0375 01       		.uleb128 0x1
 657 0376 51       		.byte	0x51
 658 0377 02       		.uleb128 0x2
 659 0378 75       		.byte	0x75
 660 0379 00       		.sleb128 0
 661 037a 00       		.byte	0
 662 037b 10       		.uleb128 0x10
 663 037c 38000000 		.4byte	.LVL6
 664 0380 B8050000 		.4byte	0x5b8
 665 0384 A7030000 		.4byte	0x3a7
 666 0388 11       		.uleb128 0x11
 667 0389 01       		.uleb128 0x1
 668 038a 50       		.byte	0x50
 669 038b 01       		.uleb128 0x1
 670 038c 38       		.byte	0x38
 671 038d 11       		.uleb128 0x11
 672 038e 01       		.uleb128 0x1
 673 038f 51       		.byte	0x51
 674 0390 02       		.uleb128 0x2
 675 0391 08       		.byte	0x8
 676 0392 37       		.byte	0x37
 677 0393 11       		.uleb128 0x11
 678 0394 01       		.uleb128 0x1
 679 0395 52       		.byte	0x52
 680 0396 02       		.uleb128 0x2
 681 0397 08       		.byte	0x8
 682 0398 2D       		.byte	0x2d
 683 0399 11       		.uleb128 0x11
 684 039a 01       		.uleb128 0x1
 685 039b 53       		.byte	0x53
 686 039c 02       		.uleb128 0x2
 687 039d 08       		.byte	0x8
 688 039e 23       		.byte	0x23
 689 039f 11       		.uleb128 0x11
 690 03a0 02       		.uleb128 0x2
ARM GAS  C:\Users\mau_g\AppData\Local\Temp\ccFeQBlf.s 			page 15


 691 03a1 7D       		.byte	0x7d
 692 03a2 00       		.sleb128 0
 693 03a3 02       		.uleb128 0x2
 694 03a4 75       		.byte	0x75
 695 03a5 00       		.sleb128 0
 696 03a6 00       		.byte	0
 697 03a7 10       		.uleb128 0x10
 698 03a8 42000000 		.4byte	.LVL7
 699 03ac C3050000 		.4byte	0x5c3
 700 03b0 C1030000 		.4byte	0x3c1
 701 03b4 11       		.uleb128 0x11
 702 03b5 01       		.uleb128 0x1
 703 03b6 50       		.byte	0x50
 704 03b7 02       		.uleb128 0x2
 705 03b8 09       		.byte	0x9
 706 03b9 FF       		.byte	0xff
 707 03ba 11       		.uleb128 0x11
 708 03bb 01       		.uleb128 0x1
 709 03bc 51       		.byte	0x51
 710 03bd 02       		.uleb128 0x2
 711 03be 75       		.byte	0x75
 712 03bf 00       		.sleb128 0
 713 03c0 00       		.byte	0
 714 03c1 10       		.uleb128 0x10
 715 03c2 4A000000 		.4byte	.LVL8
 716 03c6 CE050000 		.4byte	0x5ce
 717 03ca DA030000 		.4byte	0x3da
 718 03ce 11       		.uleb128 0x11
 719 03cf 01       		.uleb128 0x1
 720 03d0 50       		.byte	0x50
 721 03d1 01       		.uleb128 0x1
 722 03d2 3D       		.byte	0x3d
 723 03d3 11       		.uleb128 0x11
 724 03d4 01       		.uleb128 0x1
 725 03d5 51       		.byte	0x51
 726 03d6 02       		.uleb128 0x2
 727 03d7 08       		.byte	0x8
 728 03d8 3C       		.byte	0x3c
 729 03d9 00       		.byte	0
 730 03da 10       		.uleb128 0x10
 731 03db 56000000 		.4byte	.LVL9
 732 03df DA050000 		.4byte	0x5da
 733 03e3 F1030000 		.4byte	0x3f1
 734 03e7 11       		.uleb128 0x11
 735 03e8 01       		.uleb128 0x1
 736 03e9 50       		.byte	0x50
 737 03ea 05       		.uleb128 0x5
 738 03eb 03       		.byte	0x3
 739 03ec 00000000 		.4byte	.LC0
 740 03f0 00       		.byte	0
 741 03f1 10       		.uleb128 0x10
 742 03f2 60000000 		.4byte	.LVL10
 743 03f6 E6050000 		.4byte	0x5e6
 744 03fa 0A040000 		.4byte	0x40a
 745 03fe 11       		.uleb128 0x11
 746 03ff 01       		.uleb128 0x1
 747 0400 51       		.byte	0x51
ARM GAS  C:\Users\mau_g\AppData\Local\Temp\ccFeQBlf.s 			page 16


 748 0401 02       		.uleb128 0x2
 749 0402 91       		.byte	0x91
 750 0403 6C       		.sleb128 -20
 751 0404 11       		.uleb128 0x11
 752 0405 01       		.uleb128 0x1
 753 0406 52       		.byte	0x52
 754 0407 01       		.uleb128 0x1
 755 0408 3A       		.byte	0x3a
 756 0409 00       		.byte	0
 757 040a 10       		.uleb128 0x10
 758 040b 66000000 		.4byte	.LVL11
 759 040f DA050000 		.4byte	0x5da
 760 0413 1E040000 		.4byte	0x41e
 761 0417 11       		.uleb128 0x11
 762 0418 01       		.uleb128 0x1
 763 0419 50       		.byte	0x50
 764 041a 02       		.uleb128 0x2
 765 041b 91       		.byte	0x91
 766 041c 6C       		.sleb128 -20
 767 041d 00       		.byte	0
 768 041e 10       		.uleb128 0x10
 769 041f 70000000 		.4byte	.LVL12
 770 0423 C3050000 		.4byte	0x5c3
 771 0427 37040000 		.4byte	0x437
 772 042b 11       		.uleb128 0x11
 773 042c 01       		.uleb128 0x1
 774 042d 50       		.byte	0x50
 775 042e 02       		.uleb128 0x2
 776 042f 09       		.byte	0x9
 777 0430 FF       		.byte	0xff
 778 0431 11       		.uleb128 0x11
 779 0432 01       		.uleb128 0x1
 780 0433 51       		.byte	0x51
 781 0434 01       		.uleb128 0x1
 782 0435 30       		.byte	0x30
 783 0436 00       		.byte	0
 784 0437 10       		.uleb128 0x10
 785 0438 78000000 		.4byte	.LVL13
 786 043c CE050000 		.4byte	0x5ce
 787 0440 51040000 		.4byte	0x451
 788 0444 11       		.uleb128 0x11
 789 0445 01       		.uleb128 0x1
 790 0446 50       		.byte	0x50
 791 0447 02       		.uleb128 0x2
 792 0448 08       		.byte	0x8
 793 0449 38       		.byte	0x38
 794 044a 11       		.uleb128 0x11
 795 044b 01       		.uleb128 0x1
 796 044c 51       		.byte	0x51
 797 044d 02       		.uleb128 0x2
 798 044e 08       		.byte	0x8
 799 044f 3C       		.byte	0x3c
 800 0450 00       		.byte	0
 801 0451 10       		.uleb128 0x10
 802 0452 7E000000 		.4byte	.LVL14
 803 0456 DA050000 		.4byte	0x5da
 804 045a 68040000 		.4byte	0x468
ARM GAS  C:\Users\mau_g\AppData\Local\Temp\ccFeQBlf.s 			page 17


 805 045e 11       		.uleb128 0x11
 806 045f 01       		.uleb128 0x1
 807 0460 50       		.byte	0x50
 808 0461 05       		.uleb128 0x5
 809 0462 03       		.byte	0x3
 810 0463 04000000 		.4byte	.LC1
 811 0467 00       		.byte	0
 812 0468 10       		.uleb128 0x10
 813 0469 96000000 		.4byte	.LVL15
 814 046d B8050000 		.4byte	0x5b8
 815 0471 95040000 		.4byte	0x495
 816 0475 11       		.uleb128 0x11
 817 0476 01       		.uleb128 0x1
 818 0477 50       		.byte	0x50
 819 0478 02       		.uleb128 0x2
 820 0479 08       		.byte	0x8
 821 047a 4B       		.byte	0x4b
 822 047b 11       		.uleb128 0x11
 823 047c 01       		.uleb128 0x1
 824 047d 51       		.byte	0x51
 825 047e 02       		.uleb128 0x2
 826 047f 08       		.byte	0x8
 827 0480 37       		.byte	0x37
 828 0481 11       		.uleb128 0x11
 829 0482 01       		.uleb128 0x1
 830 0483 52       		.byte	0x52
 831 0484 02       		.uleb128 0x2
 832 0485 08       		.byte	0x8
 833 0486 2D       		.byte	0x2d
 834 0487 11       		.uleb128 0x11
 835 0488 01       		.uleb128 0x1
 836 0489 53       		.byte	0x53
 837 048a 02       		.uleb128 0x2
 838 048b 08       		.byte	0x8
 839 048c 23       		.byte	0x23
 840 048d 11       		.uleb128 0x11
 841 048e 02       		.uleb128 0x2
 842 048f 7D       		.byte	0x7d
 843 0490 00       		.sleb128 0
 844 0491 02       		.uleb128 0x2
 845 0492 75       		.byte	0x75
 846 0493 00       		.sleb128 0
 847 0494 00       		.byte	0
 848 0495 10       		.uleb128 0x10
 849 0496 9E000000 		.4byte	.LVL16
 850 049a C3050000 		.4byte	0x5c3
 851 049e AE040000 		.4byte	0x4ae
 852 04a2 11       		.uleb128 0x11
 853 04a3 01       		.uleb128 0x1
 854 04a4 50       		.byte	0x50
 855 04a5 01       		.uleb128 0x1
 856 04a6 30       		.byte	0x30
 857 04a7 11       		.uleb128 0x11
 858 04a8 01       		.uleb128 0x1
 859 04a9 51       		.byte	0x51
 860 04aa 02       		.uleb128 0x2
 861 04ab 75       		.byte	0x75
ARM GAS  C:\Users\mau_g\AppData\Local\Temp\ccFeQBlf.s 			page 18


 862 04ac 00       		.sleb128 0
 863 04ad 00       		.byte	0
 864 04ae 10       		.uleb128 0x10
 865 04af B0000000 		.4byte	.LVL17
 866 04b3 B8050000 		.4byte	0x5b8
 867 04b7 DB040000 		.4byte	0x4db
 868 04bb 11       		.uleb128 0x11
 869 04bc 01       		.uleb128 0x1
 870 04bd 50       		.byte	0x50
 871 04be 02       		.uleb128 0x2
 872 04bf 08       		.byte	0x8
 873 04c0 4B       		.byte	0x4b
 874 04c1 11       		.uleb128 0x11
 875 04c2 01       		.uleb128 0x1
 876 04c3 51       		.byte	0x51
 877 04c4 02       		.uleb128 0x2
 878 04c5 08       		.byte	0x8
 879 04c6 37       		.byte	0x37
 880 04c7 11       		.uleb128 0x11
 881 04c8 01       		.uleb128 0x1
 882 04c9 52       		.byte	0x52
 883 04ca 02       		.uleb128 0x2
 884 04cb 08       		.byte	0x8
 885 04cc 2D       		.byte	0x2d
 886 04cd 11       		.uleb128 0x11
 887 04ce 01       		.uleb128 0x1
 888 04cf 53       		.byte	0x53
 889 04d0 02       		.uleb128 0x2
 890 04d1 08       		.byte	0x8
 891 04d2 23       		.byte	0x23
 892 04d3 11       		.uleb128 0x11
 893 04d4 02       		.uleb128 0x2
 894 04d5 7D       		.byte	0x7d
 895 04d6 00       		.sleb128 0
 896 04d7 02       		.uleb128 0x2
 897 04d8 75       		.byte	0x75
 898 04d9 00       		.sleb128 0
 899 04da 00       		.byte	0
 900 04db 10       		.uleb128 0x10
 901 04dc BA000000 		.4byte	.LVL18
 902 04e0 C3050000 		.4byte	0x5c3
 903 04e4 F5040000 		.4byte	0x4f5
 904 04e8 11       		.uleb128 0x11
 905 04e9 01       		.uleb128 0x1
 906 04ea 50       		.byte	0x50
 907 04eb 02       		.uleb128 0x2
 908 04ec 09       		.byte	0x9
 909 04ed FF       		.byte	0xff
 910 04ee 11       		.uleb128 0x11
 911 04ef 01       		.uleb128 0x1
 912 04f0 51       		.byte	0x51
 913 04f1 02       		.uleb128 0x2
 914 04f2 75       		.byte	0x75
 915 04f3 00       		.sleb128 0
 916 04f4 00       		.byte	0
 917 04f5 10       		.uleb128 0x10
 918 04f6 C2000000 		.4byte	.LVL19
ARM GAS  C:\Users\mau_g\AppData\Local\Temp\ccFeQBlf.s 			page 19


 919 04fa CE050000 		.4byte	0x5ce
 920 04fe 0F050000 		.4byte	0x50f
 921 0502 11       		.uleb128 0x11
 922 0503 01       		.uleb128 0x1
 923 0504 50       		.byte	0x50
 924 0505 02       		.uleb128 0x2
 925 0506 08       		.byte	0x8
 926 0507 50       		.byte	0x50
 927 0508 11       		.uleb128 0x11
 928 0509 01       		.uleb128 0x1
 929 050a 51       		.byte	0x51
 930 050b 02       		.uleb128 0x2
 931 050c 08       		.byte	0x8
 932 050d 3C       		.byte	0x3c
 933 050e 00       		.byte	0
 934 050f 10       		.uleb128 0x10
 935 0510 CE000000 		.4byte	.LVL20
 936 0514 DA050000 		.4byte	0x5da
 937 0518 26050000 		.4byte	0x526
 938 051c 11       		.uleb128 0x11
 939 051d 01       		.uleb128 0x1
 940 051e 50       		.byte	0x50
 941 051f 05       		.uleb128 0x5
 942 0520 03       		.byte	0x3
 943 0521 00000000 		.4byte	.LC0
 944 0525 00       		.byte	0
 945 0526 10       		.uleb128 0x10
 946 0527 D8000000 		.4byte	.LVL21
 947 052b E6050000 		.4byte	0x5e6
 948 052f 3F050000 		.4byte	0x53f
 949 0533 11       		.uleb128 0x11
 950 0534 01       		.uleb128 0x1
 951 0535 51       		.byte	0x51
 952 0536 02       		.uleb128 0x2
 953 0537 91       		.byte	0x91
 954 0538 68       		.sleb128 -24
 955 0539 11       		.uleb128 0x11
 956 053a 01       		.uleb128 0x1
 957 053b 52       		.byte	0x52
 958 053c 01       		.uleb128 0x1
 959 053d 3A       		.byte	0x3a
 960 053e 00       		.byte	0
 961 053f 12       		.uleb128 0x12
 962 0540 DE000000 		.4byte	.LVL22
 963 0544 DA050000 		.4byte	0x5da
 964 0548 11       		.uleb128 0x11
 965 0549 01       		.uleb128 0x1
 966 054a 50       		.byte	0x50
 967 054b 02       		.uleb128 0x2
 968 054c 91       		.byte	0x91
 969 054d 68       		.sleb128 -24
 970 054e 00       		.byte	0
 971 054f 00       		.byte	0
 972 0550 13       		.uleb128 0x13
 973 0551 04       		.byte	0x4
 974 0552 56050000 		.4byte	0x556
 975 0556 14       		.uleb128 0x14
ARM GAS  C:\Users\mau_g\AppData\Local\Temp\ccFeQBlf.s 			page 20


 976 0557 E7020000 		.4byte	0x2e7
 977 055b 14       		.uleb128 0x14
 978 055c 50050000 		.4byte	0x550
 979 0560 15       		.uleb128 0x15
 980 0561 A5000000 		.4byte	0xa5
 981 0565 70050000 		.4byte	0x570
 982 0569 16       		.uleb128 0x16
 983 056a EA000000 		.4byte	0xea
 984 056e 02       		.byte	0x2
 985 056f 00       		.byte	0
 986 0570 17       		.uleb128 0x17
 987 0571 76050000 		.4byte	.LASF85
 988 0575 09       		.byte	0x9
 989 0576 40       		.byte	0x40
 990 0577 C9000000 		.4byte	0xc9
 991 057b 17       		.uleb128 0x17
 992 057c BC010000 		.4byte	.LASF86
 993 0580 09       		.byte	0x9
 994 0581 47       		.byte	0x47
 995 0582 D4000000 		.4byte	0xd4
 996 0586 17       		.uleb128 0x17
 997 0587 5A040000 		.4byte	.LASF87
 998 058b 09       		.byte	0x9
 999 058c 4A       		.byte	0x4a
 1000 058d C9000000 		.4byte	0xc9
 1001 0591 17       		.uleb128 0x17
 1002 0592 51030000 		.4byte	.LASF88
 1003 0596 0A       		.byte	0xa
 1004 0597 48       		.byte	0x48
 1005 0598 DF000000 		.4byte	0xdf
 1006 059c 17       		.uleb128 0x17
 1007 059d 4E010000 		.4byte	.LASF89
 1008 05a1 0B       		.byte	0xb
 1009 05a2 44       		.byte	0x44
 1010 05a3 C9000000 		.4byte	0xc9
 1011 05a7 18       		.uleb128 0x18
 1012 05a8 D0040000 		.4byte	.LASF90
 1013 05ac 0C       		.byte	0xc
 1014 05ad 1207     		.2byte	0x712
 1015 05af B3050000 		.4byte	0x5b3
 1016 05b3 19       		.uleb128 0x19
 1017 05b4 8C000000 		.4byte	0x8c
 1018 05b8 1A       		.uleb128 0x1a
 1019 05b9 08040000 		.4byte	.LASF91
 1020 05bd 08040000 		.4byte	.LASF91
 1021 05c1 07       		.byte	0x7
 1022 05c2 DC       		.byte	0xdc
 1023 05c3 1A       		.uleb128 0x1a
 1024 05c4 80010000 		.4byte	.LASF92
 1025 05c8 80010000 		.4byte	.LASF92
 1026 05cc 07       		.byte	0x7
 1027 05cd B9       		.byte	0xb9
 1028 05ce 1B       		.uleb128 0x1b
 1029 05cf 15040000 		.4byte	.LASF93
 1030 05d3 15040000 		.4byte	.LASF93
 1031 05d7 07       		.byte	0x7
 1032 05d8 7501     		.2byte	0x175
ARM GAS  C:\Users\mau_g\AppData\Local\Temp\ccFeQBlf.s 			page 21


 1033 05da 1B       		.uleb128 0x1b
 1034 05db 6D000000 		.4byte	.LASF94
 1035 05df 6D000000 		.4byte	.LASF94
 1036 05e3 07       		.byte	0x7
 1037 05e4 AC01     		.2byte	0x1ac
 1038 05e6 1A       		.uleb128 0x1a
 1039 05e7 AB020000 		.4byte	.LASF95
 1040 05eb AB020000 		.4byte	.LASF95
 1041 05ef 0D       		.byte	0xd
 1042 05f0 CB       		.byte	0xcb
 1043 05f1 00       		.byte	0
 1044              		.section	.debug_abbrev,"",%progbits
 1045              	.Ldebug_abbrev0:
 1046 0000 01       		.uleb128 0x1
 1047 0001 11       		.uleb128 0x11
 1048 0002 01       		.byte	0x1
 1049 0003 25       		.uleb128 0x25
 1050 0004 0E       		.uleb128 0xe
 1051 0005 13       		.uleb128 0x13
 1052 0006 0B       		.uleb128 0xb
 1053 0007 03       		.uleb128 0x3
 1054 0008 0E       		.uleb128 0xe
 1055 0009 1B       		.uleb128 0x1b
 1056 000a 0E       		.uleb128 0xe
 1057 000b 55       		.uleb128 0x55
 1058 000c 17       		.uleb128 0x17
 1059 000d 11       		.uleb128 0x11
 1060 000e 01       		.uleb128 0x1
 1061 000f 10       		.uleb128 0x10
 1062 0010 17       		.uleb128 0x17
 1063 0011 00       		.byte	0
 1064 0012 00       		.byte	0
 1065 0013 02       		.uleb128 0x2
 1066 0014 24       		.uleb128 0x24
 1067 0015 00       		.byte	0
 1068 0016 0B       		.uleb128 0xb
 1069 0017 0B       		.uleb128 0xb
 1070 0018 3E       		.uleb128 0x3e
 1071 0019 0B       		.uleb128 0xb
 1072 001a 03       		.uleb128 0x3
 1073 001b 0E       		.uleb128 0xe
 1074 001c 00       		.byte	0
 1075 001d 00       		.byte	0
 1076 001e 03       		.uleb128 0x3
 1077 001f 16       		.uleb128 0x16
 1078 0020 00       		.byte	0
 1079 0021 03       		.uleb128 0x3
 1080 0022 0E       		.uleb128 0xe
 1081 0023 3A       		.uleb128 0x3a
 1082 0024 0B       		.uleb128 0xb
 1083 0025 3B       		.uleb128 0x3b
 1084 0026 0B       		.uleb128 0xb
 1085 0027 49       		.uleb128 0x49
 1086 0028 13       		.uleb128 0x13
 1087 0029 00       		.byte	0
 1088 002a 00       		.byte	0
 1089 002b 04       		.uleb128 0x4
ARM GAS  C:\Users\mau_g\AppData\Local\Temp\ccFeQBlf.s 			page 22


 1090 002c 24       		.uleb128 0x24
 1091 002d 00       		.byte	0
 1092 002e 0B       		.uleb128 0xb
 1093 002f 0B       		.uleb128 0xb
 1094 0030 3E       		.uleb128 0x3e
 1095 0031 0B       		.uleb128 0xb
 1096 0032 03       		.uleb128 0x3
 1097 0033 08       		.uleb128 0x8
 1098 0034 00       		.byte	0
 1099 0035 00       		.byte	0
 1100 0036 05       		.uleb128 0x5
 1101 0037 04       		.uleb128 0x4
 1102 0038 01       		.byte	0x1
 1103 0039 03       		.uleb128 0x3
 1104 003a 08       		.uleb128 0x8
 1105 003b 0B       		.uleb128 0xb
 1106 003c 0B       		.uleb128 0xb
 1107 003d 49       		.uleb128 0x49
 1108 003e 13       		.uleb128 0x13
 1109 003f 3A       		.uleb128 0x3a
 1110 0040 0B       		.uleb128 0xb
 1111 0041 3B       		.uleb128 0x3b
 1112 0042 0B       		.uleb128 0xb
 1113 0043 01       		.uleb128 0x1
 1114 0044 13       		.uleb128 0x13
 1115 0045 00       		.byte	0
 1116 0046 00       		.byte	0
 1117 0047 06       		.uleb128 0x6
 1118 0048 28       		.uleb128 0x28
 1119 0049 00       		.byte	0
 1120 004a 03       		.uleb128 0x3
 1121 004b 0E       		.uleb128 0xe
 1122 004c 1C       		.uleb128 0x1c
 1123 004d 0B       		.uleb128 0xb
 1124 004e 00       		.byte	0
 1125 004f 00       		.byte	0
 1126 0050 07       		.uleb128 0x7
 1127 0051 28       		.uleb128 0x28
 1128 0052 00       		.byte	0
 1129 0053 03       		.uleb128 0x3
 1130 0054 0E       		.uleb128 0xe
 1131 0055 1C       		.uleb128 0x1c
 1132 0056 0D       		.uleb128 0xd
 1133 0057 00       		.byte	0
 1134 0058 00       		.byte	0
 1135 0059 08       		.uleb128 0x8
 1136 005a 04       		.uleb128 0x4
 1137 005b 01       		.byte	0x1
 1138 005c 0B       		.uleb128 0xb
 1139 005d 0B       		.uleb128 0xb
 1140 005e 49       		.uleb128 0x49
 1141 005f 13       		.uleb128 0x13
 1142 0060 3A       		.uleb128 0x3a
 1143 0061 0B       		.uleb128 0xb
 1144 0062 3B       		.uleb128 0x3b
 1145 0063 0B       		.uleb128 0xb
 1146 0064 01       		.uleb128 0x1
ARM GAS  C:\Users\mau_g\AppData\Local\Temp\ccFeQBlf.s 			page 23


 1147 0065 13       		.uleb128 0x13
 1148 0066 00       		.byte	0
 1149 0067 00       		.byte	0
 1150 0068 09       		.uleb128 0x9
 1151 0069 28       		.uleb128 0x28
 1152 006a 00       		.byte	0
 1153 006b 03       		.uleb128 0x3
 1154 006c 0E       		.uleb128 0xe
 1155 006d 1C       		.uleb128 0x1c
 1156 006e 05       		.uleb128 0x5
 1157 006f 00       		.byte	0
 1158 0070 00       		.byte	0
 1159 0071 0A       		.uleb128 0xa
 1160 0072 28       		.uleb128 0x28
 1161 0073 00       		.byte	0
 1162 0074 03       		.uleb128 0x3
 1163 0075 08       		.uleb128 0x8
 1164 0076 1C       		.uleb128 0x1c
 1165 0077 0B       		.uleb128 0xb
 1166 0078 00       		.byte	0
 1167 0079 00       		.byte	0
 1168 007a 0B       		.uleb128 0xb
 1169 007b 13       		.uleb128 0x13
 1170 007c 01       		.byte	0x1
 1171 007d 0B       		.uleb128 0xb
 1172 007e 0B       		.uleb128 0xb
 1173 007f 3A       		.uleb128 0x3a
 1174 0080 0B       		.uleb128 0xb
 1175 0081 3B       		.uleb128 0x3b
 1176 0082 0B       		.uleb128 0xb
 1177 0083 01       		.uleb128 0x1
 1178 0084 13       		.uleb128 0x13
 1179 0085 00       		.byte	0
 1180 0086 00       		.byte	0
 1181 0087 0C       		.uleb128 0xc
 1182 0088 0D       		.uleb128 0xd
 1183 0089 00       		.byte	0
 1184 008a 03       		.uleb128 0x3
 1185 008b 0E       		.uleb128 0xe
 1186 008c 3A       		.uleb128 0x3a
 1187 008d 0B       		.uleb128 0xb
 1188 008e 3B       		.uleb128 0x3b
 1189 008f 0B       		.uleb128 0xb
 1190 0090 49       		.uleb128 0x49
 1191 0091 13       		.uleb128 0x13
 1192 0092 38       		.uleb128 0x38
 1193 0093 0B       		.uleb128 0xb
 1194 0094 00       		.byte	0
 1195 0095 00       		.byte	0
 1196 0096 0D       		.uleb128 0xd
 1197 0097 2E       		.uleb128 0x2e
 1198 0098 01       		.byte	0x1
 1199 0099 3F       		.uleb128 0x3f
 1200 009a 19       		.uleb128 0x19
 1201 009b 03       		.uleb128 0x3
 1202 009c 0E       		.uleb128 0xe
 1203 009d 3A       		.uleb128 0x3a
ARM GAS  C:\Users\mau_g\AppData\Local\Temp\ccFeQBlf.s 			page 24


 1204 009e 0B       		.uleb128 0xb
 1205 009f 3B       		.uleb128 0x3b
 1206 00a0 0B       		.uleb128 0xb
 1207 00a1 27       		.uleb128 0x27
 1208 00a2 19       		.uleb128 0x19
 1209 00a3 49       		.uleb128 0x49
 1210 00a4 13       		.uleb128 0x13
 1211 00a5 11       		.uleb128 0x11
 1212 00a6 01       		.uleb128 0x1
 1213 00a7 12       		.uleb128 0x12
 1214 00a8 06       		.uleb128 0x6
 1215 00a9 40       		.uleb128 0x40
 1216 00aa 18       		.uleb128 0x18
 1217 00ab 9742     		.uleb128 0x2117
 1218 00ad 19       		.uleb128 0x19
 1219 00ae 01       		.uleb128 0x1
 1220 00af 13       		.uleb128 0x13
 1221 00b0 00       		.byte	0
 1222 00b1 00       		.byte	0
 1223 00b2 0E       		.uleb128 0xe
 1224 00b3 05       		.uleb128 0x5
 1225 00b4 00       		.byte	0
 1226 00b5 03       		.uleb128 0x3
 1227 00b6 0E       		.uleb128 0xe
 1228 00b7 3A       		.uleb128 0x3a
 1229 00b8 0B       		.uleb128 0xb
 1230 00b9 3B       		.uleb128 0x3b
 1231 00ba 0B       		.uleb128 0xb
 1232 00bb 49       		.uleb128 0x49
 1233 00bc 13       		.uleb128 0x13
 1234 00bd 02       		.uleb128 0x2
 1235 00be 17       		.uleb128 0x17
 1236 00bf 00       		.byte	0
 1237 00c0 00       		.byte	0
 1238 00c1 0F       		.uleb128 0xf
 1239 00c2 34       		.uleb128 0x34
 1240 00c3 00       		.byte	0
 1241 00c4 03       		.uleb128 0x3
 1242 00c5 0E       		.uleb128 0xe
 1243 00c6 3A       		.uleb128 0x3a
 1244 00c7 0B       		.uleb128 0xb
 1245 00c8 3B       		.uleb128 0x3b
 1246 00c9 0B       		.uleb128 0xb
 1247 00ca 49       		.uleb128 0x49
 1248 00cb 13       		.uleb128 0x13
 1249 00cc 02       		.uleb128 0x2
 1250 00cd 18       		.uleb128 0x18
 1251 00ce 00       		.byte	0
 1252 00cf 00       		.byte	0
 1253 00d0 10       		.uleb128 0x10
 1254 00d1 898201   		.uleb128 0x4109
 1255 00d4 01       		.byte	0x1
 1256 00d5 11       		.uleb128 0x11
 1257 00d6 01       		.uleb128 0x1
 1258 00d7 31       		.uleb128 0x31
 1259 00d8 13       		.uleb128 0x13
 1260 00d9 01       		.uleb128 0x1
ARM GAS  C:\Users\mau_g\AppData\Local\Temp\ccFeQBlf.s 			page 25


 1261 00da 13       		.uleb128 0x13
 1262 00db 00       		.byte	0
 1263 00dc 00       		.byte	0
 1264 00dd 11       		.uleb128 0x11
 1265 00de 8A8201   		.uleb128 0x410a
 1266 00e1 00       		.byte	0
 1267 00e2 02       		.uleb128 0x2
 1268 00e3 18       		.uleb128 0x18
 1269 00e4 9142     		.uleb128 0x2111
 1270 00e6 18       		.uleb128 0x18
 1271 00e7 00       		.byte	0
 1272 00e8 00       		.byte	0
 1273 00e9 12       		.uleb128 0x12
 1274 00ea 898201   		.uleb128 0x4109
 1275 00ed 01       		.byte	0x1
 1276 00ee 11       		.uleb128 0x11
 1277 00ef 01       		.uleb128 0x1
 1278 00f0 31       		.uleb128 0x31
 1279 00f1 13       		.uleb128 0x13
 1280 00f2 00       		.byte	0
 1281 00f3 00       		.byte	0
 1282 00f4 13       		.uleb128 0x13
 1283 00f5 0F       		.uleb128 0xf
 1284 00f6 00       		.byte	0
 1285 00f7 0B       		.uleb128 0xb
 1286 00f8 0B       		.uleb128 0xb
 1287 00f9 49       		.uleb128 0x49
 1288 00fa 13       		.uleb128 0x13
 1289 00fb 00       		.byte	0
 1290 00fc 00       		.byte	0
 1291 00fd 14       		.uleb128 0x14
 1292 00fe 26       		.uleb128 0x26
 1293 00ff 00       		.byte	0
 1294 0100 49       		.uleb128 0x49
 1295 0101 13       		.uleb128 0x13
 1296 0102 00       		.byte	0
 1297 0103 00       		.byte	0
 1298 0104 15       		.uleb128 0x15
 1299 0105 01       		.uleb128 0x1
 1300 0106 01       		.byte	0x1
 1301 0107 49       		.uleb128 0x49
 1302 0108 13       		.uleb128 0x13
 1303 0109 01       		.uleb128 0x1
 1304 010a 13       		.uleb128 0x13
 1305 010b 00       		.byte	0
 1306 010c 00       		.byte	0
 1307 010d 16       		.uleb128 0x16
 1308 010e 21       		.uleb128 0x21
 1309 010f 00       		.byte	0
 1310 0110 49       		.uleb128 0x49
 1311 0111 13       		.uleb128 0x13
 1312 0112 2F       		.uleb128 0x2f
 1313 0113 0B       		.uleb128 0xb
 1314 0114 00       		.byte	0
 1315 0115 00       		.byte	0
 1316 0116 17       		.uleb128 0x17
 1317 0117 34       		.uleb128 0x34
ARM GAS  C:\Users\mau_g\AppData\Local\Temp\ccFeQBlf.s 			page 26


 1318 0118 00       		.byte	0
 1319 0119 03       		.uleb128 0x3
 1320 011a 0E       		.uleb128 0xe
 1321 011b 3A       		.uleb128 0x3a
 1322 011c 0B       		.uleb128 0xb
 1323 011d 3B       		.uleb128 0x3b
 1324 011e 0B       		.uleb128 0xb
 1325 011f 49       		.uleb128 0x49
 1326 0120 13       		.uleb128 0x13
 1327 0121 3F       		.uleb128 0x3f
 1328 0122 19       		.uleb128 0x19
 1329 0123 3C       		.uleb128 0x3c
 1330 0124 19       		.uleb128 0x19
 1331 0125 00       		.byte	0
 1332 0126 00       		.byte	0
 1333 0127 18       		.uleb128 0x18
 1334 0128 34       		.uleb128 0x34
 1335 0129 00       		.byte	0
 1336 012a 03       		.uleb128 0x3
 1337 012b 0E       		.uleb128 0xe
 1338 012c 3A       		.uleb128 0x3a
 1339 012d 0B       		.uleb128 0xb
 1340 012e 3B       		.uleb128 0x3b
 1341 012f 05       		.uleb128 0x5
 1342 0130 49       		.uleb128 0x49
 1343 0131 13       		.uleb128 0x13
 1344 0132 3F       		.uleb128 0x3f
 1345 0133 19       		.uleb128 0x19
 1346 0134 3C       		.uleb128 0x3c
 1347 0135 19       		.uleb128 0x19
 1348 0136 00       		.byte	0
 1349 0137 00       		.byte	0
 1350 0138 19       		.uleb128 0x19
 1351 0139 35       		.uleb128 0x35
 1352 013a 00       		.byte	0
 1353 013b 49       		.uleb128 0x49
 1354 013c 13       		.uleb128 0x13
 1355 013d 00       		.byte	0
 1356 013e 00       		.byte	0
 1357 013f 1A       		.uleb128 0x1a
 1358 0140 2E       		.uleb128 0x2e
 1359 0141 00       		.byte	0
 1360 0142 3F       		.uleb128 0x3f
 1361 0143 19       		.uleb128 0x19
 1362 0144 3C       		.uleb128 0x3c
 1363 0145 19       		.uleb128 0x19
 1364 0146 6E       		.uleb128 0x6e
 1365 0147 0E       		.uleb128 0xe
 1366 0148 03       		.uleb128 0x3
 1367 0149 0E       		.uleb128 0xe
 1368 014a 3A       		.uleb128 0x3a
 1369 014b 0B       		.uleb128 0xb
 1370 014c 3B       		.uleb128 0x3b
 1371 014d 0B       		.uleb128 0xb
 1372 014e 00       		.byte	0
 1373 014f 00       		.byte	0
 1374 0150 1B       		.uleb128 0x1b
ARM GAS  C:\Users\mau_g\AppData\Local\Temp\ccFeQBlf.s 			page 27


 1375 0151 2E       		.uleb128 0x2e
 1376 0152 00       		.byte	0
 1377 0153 3F       		.uleb128 0x3f
 1378 0154 19       		.uleb128 0x19
 1379 0155 3C       		.uleb128 0x3c
 1380 0156 19       		.uleb128 0x19
 1381 0157 6E       		.uleb128 0x6e
 1382 0158 0E       		.uleb128 0xe
 1383 0159 03       		.uleb128 0x3
 1384 015a 0E       		.uleb128 0xe
 1385 015b 3A       		.uleb128 0x3a
 1386 015c 0B       		.uleb128 0xb
 1387 015d 3B       		.uleb128 0x3b
 1388 015e 05       		.uleb128 0x5
 1389 015f 00       		.byte	0
 1390 0160 00       		.byte	0
 1391 0161 00       		.byte	0
 1392              		.section	.debug_loc,"",%progbits
 1393              	.Ldebug_loc0:
 1394              	.LLST0:
 1395 0000 00000000 		.4byte	.LVL0
 1396 0004 1A000000 		.4byte	.LVL1
 1397 0008 0100     		.2byte	0x1
 1398 000a 50       		.byte	0x50
 1399 000b 1A000000 		.4byte	.LVL1
 1400 000f 28000000 		.4byte	.LVL4
 1401 0013 0100     		.2byte	0x1
 1402 0015 54       		.byte	0x54
 1403 0016 28000000 		.4byte	.LVL4
 1404 001a 34000000 		.4byte	.LVL5
 1405 001e 0100     		.2byte	0x1
 1406 0020 50       		.byte	0x50
 1407 0021 34000000 		.4byte	.LVL5
 1408 0025 E4000000 		.4byte	.LVL23
 1409 0029 0100     		.2byte	0x1
 1410 002b 54       		.byte	0x54
 1411 002c E4000000 		.4byte	.LVL23
 1412 0030 EC000000 		.4byte	.LFE111
 1413 0034 0400     		.2byte	0x4
 1414 0036 F3       		.byte	0xf3
 1415 0037 01       		.uleb128 0x1
 1416 0038 50       		.byte	0x50
 1417 0039 9F       		.byte	0x9f
 1418 003a 00000000 		.4byte	0
 1419 003e 00000000 		.4byte	0
 1420              		.section	.debug_aranges,"",%progbits
 1421 0000 1C000000 		.4byte	0x1c
 1422 0004 0200     		.2byte	0x2
 1423 0006 00000000 		.4byte	.Ldebug_info0
 1424 000a 04       		.byte	0x4
 1425 000b 00       		.byte	0
 1426 000c 0000     		.2byte	0
 1427 000e 0000     		.2byte	0
 1428 0010 00000000 		.4byte	.LFB111
 1429 0014 EC000000 		.4byte	.LFE111-.LFB111
 1430 0018 00000000 		.4byte	0
 1431 001c 00000000 		.4byte	0
ARM GAS  C:\Users\mau_g\AppData\Local\Temp\ccFeQBlf.s 			page 28


 1432              		.section	.debug_ranges,"",%progbits
 1433              	.Ldebug_ranges0:
 1434 0000 00000000 		.4byte	.LFB111
 1435 0004 EC000000 		.4byte	.LFE111
 1436 0008 00000000 		.4byte	0
 1437 000c 00000000 		.4byte	0
 1438              		.section	.debug_line,"",%progbits
 1439              	.Ldebug_line0:
 1440 0000 E8020000 		.section	.debug_str,"MS",%progbits,1
 1440      0200BB02 
 1440      00000201 
 1440      FB0E0D00 
 1440      01010101 
 1441              	.LASF26:
 1442 0000 52435F45 		.ascii	"RC_ERROR_NULL\000"
 1442      52524F52 
 1442      5F4E554C 
 1442      4C00
 1443              	.LASF19:
 1444 000e 45455F55 		.ascii	"EE_UREG\000"
 1444      52454700 
 1445              	.LASF24:
 1446 0016 52435F53 		.ascii	"RC_SUCCESS\000"
 1446      55434345 
 1446      535300
 1447              	.LASF39:
 1448 0021 52435F45 		.ascii	"RC_ERROR_WRITE_ONLY\000"
 1448      52524F52 
 1448      5F575249 
 1448      54455F4F 
 1448      4E4C5900 
 1449              	.LASF80:
 1450 0035 6D5F686F 		.ascii	"m_hours\000"
 1450      75727300 
 1451              	.LASF2:
 1452 003d 73686F72 		.ascii	"short int\000"
 1452      7420696E 
 1452      7400
 1453              	.LASF30:
 1454 0047 52435F45 		.ascii	"RC_ERROR_OVERRUN\000"
 1454      52524F52 
 1454      5F4F5645 
 1454      5252554E 
 1454      00
 1455              	.LASF42:
 1456 0058 52435F45 		.ascii	"RC_ERROR_WRITE_FAILS\000"
 1456      52524F52 
 1456      5F575249 
 1456      54455F46 
 1456      41494C53 
 1457              	.LASF94:
 1458 006d 5446545F 		.ascii	"TFT_print\000"
 1458      7072696E 
 1458      7400
 1459              	.LASF22:
 1460 0077 73697A65 		.ascii	"sizetype\000"
 1460      74797065 
ARM GAS  C:\Users\mau_g\AppData\Local\Temp\ccFeQBlf.s 			page 29


 1460      00
 1461              	.LASF75:
 1462 0080 6D5F6D61 		.ascii	"m_maxValue\000"
 1462      7856616C 
 1462      756500
 1463              	.LASF83:
 1464 008b 7072696E 		.ascii	"printHours\000"
 1464      74486F75 
 1464      727300
 1465              	.LASF20:
 1466 0096 45455F46 		.ascii	"EE_FREG\000"
 1466      52454700 
 1467              	.LASF41:
 1468 009e 52435F45 		.ascii	"RC_ERROR_READ_FAILS\000"
 1468      52524F52 
 1468      5F524541 
 1468      445F4641 
 1468      494C5300 
 1469              	.LASF66:
 1470 00b2 4C494748 		.ascii	"LIGHTGREEN\000"
 1470      54475245 
 1470      454E00
 1471              	.LASF18:
 1472 00bd 45455F55 		.ascii	"EE_UINT32\000"
 1472      494E5433 
 1472      3200
 1473              	.LASF21:
 1474 00c7 45455F54 		.ascii	"EE_TID\000"
 1474      494400
 1475              	.LASF55:
 1476 00ce 47424C55 		.ascii	"GBLUE\000"
 1476      4500
 1477              	.LASF11:
 1478 00d4 75696E74 		.ascii	"uint8_t\000"
 1478      385F7400 
 1479              	.LASF47:
 1480 00dc 52435F45 		.ascii	"RC_ERROR_INVALID_STATE\000"
 1480      52524F52 
 1480      5F494E56 
 1480      414C4944 
 1480      5F535441 
 1481              	.LASF59:
 1482 00f3 59454C4C 		.ascii	"YELLOW\000"
 1482      4F5700
 1483              	.LASF98:
 1484 00fa 433A5C55 		.ascii	"C:\\Users\\mau_g\\Desktop\\Master\\2_SEMESTER\\EAA_"
 1484      73657273 
 1484      5C6D6175 
 1484      5F675C44 
 1484      65736B74 
 1485 0127 4C61625C 		.ascii	"Lab\\Lab2\\Workspace_Lab2\\EAA_Lab2.cydsn\000"
 1485      4C616232 
 1485      5C576F72 
 1485      6B737061 
 1485      63655F4C 
 1486              	.LASF89:
 1487 014e 45455F49 		.ascii	"EE_IRQ_nesting_level\000"
ARM GAS  C:\Users\mau_g\AppData\Local\Temp\ccFeQBlf.s 			page 30


 1487      52515F6E 
 1487      65737469 
 1487      6E675F6C 
 1487      6576656C 
 1488              	.LASF54:
 1489 0163 47524544 		.ascii	"GRED\000"
 1489      00
 1490              	.LASF68:
 1491 0168 4C475241 		.ascii	"LGRAYBLUE\000"
 1491      59424C55 
 1491      4500
 1492              	.LASF77:
 1493 0172 6D5F666F 		.ascii	"m_fontEditing\000"
 1493      6E744564 
 1493      6974696E 
 1493      6700
 1494              	.LASF92:
 1495 0180 5446545F 		.ascii	"TFT_setColors\000"
 1495      73657443 
 1495      6F6C6F72 
 1495      7300
 1496              	.LASF62:
 1497 018e 47524159 		.ascii	"GRAY\000"
 1497      00
 1498              	.LASF29:
 1499 0193 52435F45 		.ascii	"RC_ERROR_RANGE\000"
 1499      52524F52 
 1499      5F52414E 
 1499      474500
 1500              	.LASF13:
 1501 01a2 666C6F61 		.ascii	"float\000"
 1501      7400
 1502              	.LASF67:
 1503 01a8 4C475241 		.ascii	"LGRAY\000"
 1503      5900
 1504              	.LASF8:
 1505 01ae 6C6F6E67 		.ascii	"long long int\000"
 1505      206C6F6E 
 1505      6720696E 
 1505      7400
 1506              	.LASF86:
 1507 01bc 45455F6F 		.ascii	"EE_oo_IRQ_suspend_status\000"
 1507      6F5F4952 
 1507      515F7375 
 1507      7370656E 
 1507      645F7374 
 1508              	.LASF43:
 1509 01d5 52435F45 		.ascii	"RC_ERROR_NOT_MATCH\000"
 1509      52524F52 
 1509      5F4E4F54 
 1509      5F4D4154 
 1509      434800
 1510              	.LASF48:
 1511 01e8 52435F45 		.ascii	"RC_ERROR_UNKNOWN\000"
 1511      52524F52 
 1511      5F554E4B 
 1511      4E4F574E 
ARM GAS  C:\Users\mau_g\AppData\Local\Temp\ccFeQBlf.s 			page 31


 1511      00
 1512              	.LASF27:
 1513 01f9 52435F45 		.ascii	"RC_ERROR_ZERO\000"
 1513      52524F52 
 1513      5F5A4552 
 1513      4F00
 1514              	.LASF6:
 1515 0207 6C6F6E67 		.ascii	"long int\000"
 1515      20696E74 
 1515      00
 1516              	.LASF31:
 1517 0210 52435F45 		.ascii	"RC_ERROR_UNDERRUN\000"
 1517      52524F52 
 1517      5F554E44 
 1517      45525255 
 1517      4E00
 1518              	.LASF34:
 1519 0222 52435F45 		.ascii	"RC_ERROR_BUSY\000"
 1519      52524F52 
 1519      5F425553 
 1519      5900
 1520              	.LASF58:
 1521 0230 4359414E 		.ascii	"CYAN\000"
 1521      00
 1522              	.LASF4:
 1523 0235 5F5F7569 		.ascii	"__uint8_t\000"
 1523      6E74385F 
 1523      7400
 1524              	.LASF40:
 1525 023f 52435F45 		.ascii	"RC_ERROR_INVALID\000"
 1525      52524F52 
 1525      5F494E56 
 1525      414C4944 
 1525      00
 1526              	.LASF64:
 1527 0250 4C494748 		.ascii	"LIGHTBLUE\000"
 1527      54424C55 
 1527      4500
 1528              	.LASF45:
 1529 025a 52435F45 		.ascii	"RC_ERROR_BAD_DATA\000"
 1529      52524F52 
 1529      5F424144 
 1529      5F444154 
 1529      4100
 1530              	.LASF23:
 1531 026c 626F6F6C 		.ascii	"boolean_t\000"
 1531      65616E5F 
 1531      7400
 1532              	.LASF82:
 1533 0276 53435F43 		.ascii	"SC_CLOCK_data_t\000"
 1533      4C4F434B 
 1533      5F646174 
 1533      615F7400 
 1534              	.LASF38:
 1535 0286 52435F45 		.ascii	"RC_ERROR_READ_ONLY\000"
 1535      52524F52 
 1535      5F524541 
ARM GAS  C:\Users\mau_g\AppData\Local\Temp\ccFeQBlf.s 			page 32


 1535      445F4F4E 
 1535      4C5900
 1536              	.LASF50:
 1537 0299 57484954 		.ascii	"WHITE\000"
 1537      4500
 1538              	.LASF16:
 1539 029f 6C6F6E67 		.ascii	"long double\000"
 1539      20646F75 
 1539      626C6500 
 1540              	.LASF95:
 1541 02ab 69746F61 		.ascii	"itoa\000"
 1541      00
 1542              	.LASF1:
 1543 02b0 756E7369 		.ascii	"unsigned char\000"
 1543      676E6564 
 1543      20636861 
 1543      7200
 1544              	.LASF81:
 1545 02be 6D5F6D69 		.ascii	"m_minutes\000"
 1545      6E757465 
 1545      7300
 1546              	.LASF5:
 1547 02c8 5F5F696E 		.ascii	"__int32_t\000"
 1547      7433325F 
 1547      7400
 1548              	.LASF0:
 1549 02d2 7369676E 		.ascii	"signed char\000"
 1549      65642063 
 1549      68617200 
 1550              	.LASF9:
 1551 02de 6C6F6E67 		.ascii	"long long unsigned int\000"
 1551      206C6F6E 
 1551      6720756E 
 1551      7369676E 
 1551      65642069 
 1552              	.LASF76:
 1553 02f5 6D5F6D69 		.ascii	"m_minValue\000"
 1553      6E56616C 
 1553      756500
 1554              	.LASF84:
 1555 0300 7072696E 		.ascii	"printMinutes\000"
 1555      744D696E 
 1555      75746573 
 1555      00
 1556              	.LASF51:
 1557 030d 424C4143 		.ascii	"BLACK\000"
 1557      4B00
 1558              	.LASF10:
 1559 0313 756E7369 		.ascii	"unsigned int\000"
 1559      676E6564 
 1559      20696E74 
 1559      00
 1560              	.LASF36:
 1561 0320 52435F45 		.ascii	"RC_ERROR_OPEN\000"
 1561      52524F52 
 1561      5F4F5045 
 1561      4E00
ARM GAS  C:\Users\mau_g\AppData\Local\Temp\ccFeQBlf.s 			page 33


 1562              	.LASF74:
 1563 032e 6D5F6375 		.ascii	"m_currentValue\000"
 1563      7272656E 
 1563      7456616C 
 1563      756500
 1564              	.LASF72:
 1565 033d 434C4F43 		.ascii	"CLOCK_minute_widget\000"
 1565      4B5F6D69 
 1565      6E757465 
 1565      5F776964 
 1565      67657400 
 1566              	.LASF88:
 1567 0351 45455F73 		.ascii	"EE_std_endcycle_next_tid\000"
 1567      74645F65 
 1567      6E646379 
 1567      636C655F 
 1567      6E657874 
 1568              	.LASF17:
 1569 036a 45455F49 		.ascii	"EE_INT32\000"
 1569      4E543332 
 1569      00
 1570              	.LASF65:
 1571 0373 47524159 		.ascii	"GRAYBLUE\000"
 1571      424C5545 
 1571      00
 1572              	.LASF3:
 1573 037c 73686F72 		.ascii	"short unsigned int\000"
 1573      7420756E 
 1573      7369676E 
 1573      65642069 
 1573      6E7400
 1574              	.LASF97:
 1575 038f 536F7572 		.ascii	"Source\\rte\\sc_clock_type.c\000"
 1575      63655C72 
 1575      74655C73 
 1575      635F636C 
 1575      6F636B5F 
 1576              	.LASF73:
 1577 03aa 434C4F43 		.ascii	"CLOCK_active_widget_t\000"
 1577      4B5F6163 
 1577      74697665 
 1577      5F776964 
 1577      6765745F 
 1578              	.LASF15:
 1579 03c0 63686172 		.ascii	"char\000"
 1579      00
 1580              	.LASF61:
 1581 03c5 42525245 		.ascii	"BRRED\000"
 1581      4400
 1582              	.LASF28:
 1583 03cb 52435F45 		.ascii	"RC_ERROR_MEMORY\000"
 1583      52524F52 
 1583      5F4D454D 
 1583      4F525900 
 1584              	.LASF32:
 1585 03db 52435F45 		.ascii	"RC_ERROR_BUFFER_FULL\000"
 1585      52524F52 
ARM GAS  C:\Users\mau_g\AppData\Local\Temp\ccFeQBlf.s 			page 34


 1585      5F425546 
 1585      4645525F 
 1585      46554C4C 
 1586              	.LASF12:
 1587 03f0 696E7433 		.ascii	"int32_t\000"
 1587      325F7400 
 1588              	.LASF70:
 1589 03f8 434C4F43 		.ascii	"CLOCK_no_widget\000"
 1589      4B5F6E6F 
 1589      5F776964 
 1589      67657400 
 1590              	.LASF91:
 1591 0408 5446545F 		.ascii	"TFT_fillRect\000"
 1591      66696C6C 
 1591      52656374 
 1591      00
 1592              	.LASF93:
 1593 0415 5446545F 		.ascii	"TFT_setCursor\000"
 1593      73657443 
 1593      7572736F 
 1593      7200
 1594              	.LASF79:
 1595 0423 6D5F6163 		.ascii	"m_activeWidget\000"
 1595      74697665 
 1595      57696467 
 1595      657400
 1596              	.LASF44:
 1597 0432 52435F45 		.ascii	"RC_ERROR_BAD_PARAM\000"
 1597      52524F52 
 1597      5F424144 
 1597      5F504152 
 1597      414D00
 1598              	.LASF25:
 1599 0445 52435F45 		.ascii	"RC_ERROR\000"
 1599      52524F52 
 1599      00
 1600              	.LASF100:
 1601 044e 64617461 		.ascii	"data\000"
 1601      00
 1602              	.LASF69:
 1603 0453 4C42424C 		.ascii	"LBBLUE\000"
 1603      554500
 1604              	.LASF87:
 1605 045a 45455F41 		.ascii	"EE_ApplicationMode\000"
 1605      70706C69 
 1605      63617469 
 1605      6F6E4D6F 
 1605      646500
 1606              	.LASF7:
 1607 046d 6C6F6E67 		.ascii	"long unsigned int\000"
 1607      20756E73 
 1607      69676E65 
 1607      6420696E 
 1607      7400
 1608              	.LASF14:
 1609 047f 646F7562 		.ascii	"double\000"
 1609      6C6500
ARM GAS  C:\Users\mau_g\AppData\Local\Temp\ccFeQBlf.s 			page 35


 1610              	.LASF78:
 1611 0486 434C4F43 		.ascii	"CLOCK_widget_t\000"
 1611      4B5F7769 
 1611      64676574 
 1611      5F7400
 1612              	.LASF56:
 1613 0495 4D414745 		.ascii	"MAGENTA\000"
 1613      4E544100 
 1614              	.LASF37:
 1615 049d 52435F45 		.ascii	"RC_ERROR_CHECKSUM\000"
 1615      52524F52 
 1615      5F434845 
 1615      434B5355 
 1615      4D00
 1616              	.LASF63:
 1617 04af 4441524B 		.ascii	"DARKBLUE\000"
 1617      424C5545 
 1617      00
 1618              	.LASF60:
 1619 04b8 42524F57 		.ascii	"BROWN\000"
 1619      4E00
 1620              	.LASF46:
 1621 04be 52435F45 		.ascii	"RC_ERROR_CANCELED\000"
 1621      52524F52 
 1621      5F43414E 
 1621      43454C45 
 1621      4400
 1622              	.LASF90:
 1623 04d0 49544D5F 		.ascii	"ITM_RxBuffer\000"
 1623      52784275 
 1623      66666572 
 1623      00
 1624              	.LASF96:
 1625 04dd 474E5520 		.ascii	"GNU C11 5.4.1 20160609 (release) [ARM/embedded-5-br"
 1625      43313120 
 1625      352E342E 
 1625      31203230 
 1625      31363036 
 1626 0510 616E6368 		.ascii	"anch revision 237715] -mcpu=cortex-m3 -mthumb -g -O"
 1626      20726576 
 1626      6973696F 
 1626      6E203233 
 1626      37373135 
 1627 0543 67202D66 		.ascii	"g -ffunction-sections -ffat-lto-objects\000"
 1627      66756E63 
 1627      74696F6E 
 1627      2D736563 
 1627      74696F6E 
 1628              	.LASF57:
 1629 056b 47524545 		.ascii	"GREEN\000"
 1629      4E00
 1630              	.LASF52:
 1631 0571 424C5545 		.ascii	"BLUE\000"
 1631      00
 1632              	.LASF85:
 1633 0576 45455F6F 		.ascii	"EE_oo_IRQ_disable_count\000"
 1633      6F5F4952 
ARM GAS  C:\Users\mau_g\AppData\Local\Temp\ccFeQBlf.s 			page 36


 1633      515F6469 
 1633      7361626C 
 1633      655F636F 
 1634              	.LASF99:
 1635 058e 53435F43 		.ascii	"SC_CLOCK_driverOut\000"
 1635      4C4F434B 
 1635      5F647269 
 1635      7665724F 
 1635      757400
 1636              	.LASF71:
 1637 05a1 434C4F43 		.ascii	"CLOCK_hour_widget\000"
 1637      4B5F686F 
 1637      75725F77 
 1637      69646765 
 1637      7400
 1638              	.LASF53:
 1639 05b3 42524544 		.ascii	"BRED\000"
 1639      00
 1640              	.LASF33:
 1641 05b8 52435F45 		.ascii	"RC_ERROR_BUFFER_EMTPY\000"
 1641      52524F52 
 1641      5F425546 
 1641      4645525F 
 1641      454D5450 
 1642              	.LASF49:
 1643 05ce 52435F74 		.ascii	"RC_t\000"
 1643      00
 1644              	.LASF35:
 1645 05d3 52435F45 		.ascii	"RC_ERROR_TIME_OUT\000"
 1645      52524F52 
 1645      5F54494D 
 1645      455F4F55 
 1645      5400
 1646              		.ident	"GCC: (GNU Tools for ARM Embedded Processors) 5.4.1 20160609 (release) [ARM/embedded-5-bran
