ARM GAS  C:\Users\mau_g\AppData\Local\Temp\ccPyDBPY.s 			page 1


   1              		.syntax unified
   2              		.cpu cortex-m3
   3              		.fpu softvfp
   4              		.eabi_attribute 20, 1
   5              		.eabi_attribute 21, 1
   6              		.eabi_attribute 23, 3
   7              		.eabi_attribute 24, 1
   8              		.eabi_attribute 25, 1
   9              		.eabi_attribute 26, 1
  10              		.eabi_attribute 30, 1
  11              		.eabi_attribute 34, 1
  12              		.eabi_attribute 18, 4
  13              		.thumb
  14              		.syntax unified
  15              		.file	"tsk_control.c"
  16              		.text
  17              	.Ltext0:
  18              		.cfi_sections	.debug_frame
  19              		.section	.text.Functsk_control,"ax",%progbits
  20              		.align	2
  21              		.global	Functsk_control
  22              		.thumb
  23              		.thumb_func
  24              		.type	Functsk_control, %function
  25              	Functsk_control:
  26              	.LFB110:
  27              		.file 1 "Source\\asw\\tsk_control.c"
   1:Source\asw/tsk_control.c **** 
   2:Source\asw/tsk_control.c **** 
   3:Source\asw/tsk_control.c **** /*
   4:Source\asw/tsk_control.c ****  * Filename: tsk_control.c
   5:Source\asw/tsk_control.c ****  *
   6:Source\asw/tsk_control.c ****  * Author: Autogenerated by H-DA RTE Generator, (c) Prof. Fromm
   7:Source\asw/tsk_control.c ****  */
   8:Source\asw/tsk_control.c **** 
   9:Source\asw/tsk_control.c **** #include "project.h"
  10:Source\asw/tsk_control.c **** #include "global.h"
  11:Source\asw/tsk_control.c **** #include "rte.h"
  12:Source\asw/tsk_control.c **** #include "rte_types.h"
  13:Source\asw/tsk_control.c **** #include "tsk_control.h"
  14:Source\asw/tsk_control.c **** 
  15:Source\asw/tsk_control.c **** 
  16:Source\asw/tsk_control.c **** 
  17:Source\asw/tsk_control.c **** /* USER CODE START TSK_CONTROL_INCLUDE */
  18:Source\asw/tsk_control.c **** 
  19:Source\asw/tsk_control.c **** /* USER CODE END TSK_CONTROL_INCLUDE */
  20:Source\asw/tsk_control.c **** 
  21:Source\asw/tsk_control.c **** #include "swc_clock.h"
  22:Source\asw/tsk_control.c **** 
  23:Source\asw/tsk_control.c **** 
  24:Source\asw/tsk_control.c **** 
  25:Source\asw/tsk_control.c **** /* USER CODE START TSK_CONTROL_USERDEFINITIONS */
  26:Source\asw/tsk_control.c **** 
  27:Source\asw/tsk_control.c **** /* USER CODE END TSK_CONTROL_USERDEFINITIONS */
  28:Source\asw/tsk_control.c **** 
  29:Source\asw/tsk_control.c **** /*******************************************************************************
  30:Source\asw/tsk_control.c ****  * Runnable Tables from Activation Engine
ARM GAS  C:\Users\mau_g\AppData\Local\Temp\ccPyDBPY.s 			page 2


  31:Source\asw/tsk_control.c ****  *******************************************************************************/
  32:Source\asw/tsk_control.c **** 
  33:Source\asw/tsk_control.c **** /* Event Table */
  34:Source\asw/tsk_control.c **** const RTE_eventTable_t RTE_eventActivationTable_tsk_control[] = {
  35:Source\asw/tsk_control.c ****     { CLOCK_control_run, ev_onUpdate },  //Runnable
  36:Source\asw/tsk_control.c **** }; 
  37:Source\asw/tsk_control.c **** const uint16_t RTE_eventActivation_tsk_control_size = sizeof (RTE_eventActivationTable_tsk_control)
  38:Source\asw/tsk_control.c **** 
  39:Source\asw/tsk_control.c **** /*******************************************************************************
  40:Source\asw/tsk_control.c ****  * Task Body
  41:Source\asw/tsk_control.c ****  *******************************************************************************/
  42:Source\asw/tsk_control.c **** 
  43:Source\asw/tsk_control.c **** 
  44:Source\asw/tsk_control.c **** /*
  45:Source\asw/tsk_control.c **** * description: This task will call the application code
  46:Source\asw/tsk_control.c **** * events: ev_onUpdate
  47:Source\asw/tsk_control.c **** * mode: Event
  48:Source\asw/tsk_control.c **** * name: tsk_control
  49:Source\asw/tsk_control.c **** * shortname: control
  50:Source\asw/tsk_control.c **** * signalpoolsRO: sp_common
  51:Source\asw/tsk_control.c **** * signalpoolsRW: sp_common
  52:Source\asw/tsk_control.c **** * tickEvent: 0
  53:Source\asw/tsk_control.c **** * timertickperiod: 0
  54:Source\asw/tsk_control.c **** */
  55:Source\asw/tsk_control.c **** TASK(tsk_control)
  56:Source\asw/tsk_control.c **** {
  28              		.loc 1 56 0
  29              		.cfi_startproc
  30              		@ args = 0, pretend = 0, frame = 8
  31              		@ frame_needed = 0, uses_anonymous_args = 0
  32 0000 00B5     		push	{lr}
  33              		.cfi_def_cfa_offset 4
  34              		.cfi_offset 14, -4
  35 0002 83B0     		sub	sp, sp, #12
  36              		.cfi_def_cfa_offset 16
  57:Source\asw/tsk_control.c ****     EventMaskType ev = 0;
  37              		.loc 1 57 0
  38 0004 0023     		movs	r3, #0
  39 0006 0193     		str	r3, [sp, #4]
  40              	.L2:
  58:Source\asw/tsk_control.c ****     
  59:Source\asw/tsk_control.c ****     while(1)
  60:Source\asw/tsk_control.c ****     {
  61:Source\asw/tsk_control.c ****         //Wait, read and clear the event
  62:Source\asw/tsk_control.c ****         WaitEvent(ev_onUpdate);
  41              		.loc 1 62 0 discriminator 1
  42 0008 0120     		movs	r0, #1
  43 000a FFF7FEFF 		bl	EE_oo_WaitEvent
  44              	.LVL0:
  63:Source\asw/tsk_control.c ****         GetEvent(tsk_control,&ev);
  45              		.loc 1 63 0 discriminator 1
  46 000e 01A9     		add	r1, sp, #4
  47 0010 0320     		movs	r0, #3
  48 0012 FFF7FEFF 		bl	EE_oo_GetEvent
  49              	.LVL1:
  64:Source\asw/tsk_control.c ****         ClearEvent(ev);
  50              		.loc 1 64 0 discriminator 1
ARM GAS  C:\Users\mau_g\AppData\Local\Temp\ccPyDBPY.s 			page 3


  51 0016 0198     		ldr	r0, [sp, #4]
  52 0018 FFF7FEFF 		bl	EE_oo_ClearEvent
  53              	.LVL2:
  65:Source\asw/tsk_control.c **** 		
  66:Source\asw/tsk_control.c **** 		/* USER CODE START TSK_CONTROL_TASKBOBY_PRE */
  67:Source\asw/tsk_control.c **** 
  68:Source\asw/tsk_control.c **** 		/* USER CODE END TSK_CONTROL_TASKBODY_PRE */
  69:Source\asw/tsk_control.c ****     
  70:Source\asw/tsk_control.c **** 
  71:Source\asw/tsk_control.c ****         //Process Event table on event
  72:Source\asw/tsk_control.c ****         RTE_ProcessEventTable(RTE_eventActivationTable_tsk_control, RTE_eventActivation_tsk_control
  54              		.loc 1 72 0 discriminator 1
  55 001c 019A     		ldr	r2, [sp, #4]
  56 001e 0121     		movs	r1, #1
  57 0020 0148     		ldr	r0, .L4
  58 0022 FFF7FEFF 		bl	RTE_ProcessEventTable
  59              	.LVL3:
  60 0026 EFE7     		b	.L2
  61              	.L5:
  62              		.align	2
  63              	.L4:
  64 0028 00000000 		.word	.LANCHOR0
  65              		.cfi_endproc
  66              	.LFE110:
  67              		.size	Functsk_control, .-Functsk_control
  68              		.global	RTE_eventActivation_tsk_control_size
  69              		.global	RTE_eventActivationTable_tsk_control
  70              		.section	.rodata
  71              		.align	2
  72              		.set	.LANCHOR0,. + 0
  73              		.type	RTE_eventActivationTable_tsk_control, %object
  74              		.size	RTE_eventActivationTable_tsk_control, 8
  75              	RTE_eventActivationTable_tsk_control:
  76 0000 00000000 		.word	CLOCK_control_run
  77 0004 01000000 		.word	1
  78              		.type	RTE_eventActivation_tsk_control_size, %object
  79              		.size	RTE_eventActivation_tsk_control_size, 2
  80              	RTE_eventActivation_tsk_control_size:
  81 0008 0100     		.short	1
  82              		.text
  83              	.Letext0:
  84              		.file 2 "c:\\program files (x86)\\cypress\\psoc creator\\4.4\\psoc creator\\import\\gnu\\arm\\5.4.
  85              		.file 3 "c:\\program files (x86)\\cypress\\psoc creator\\4.4\\psoc creator\\import\\gnu\\arm\\5.4.
  86              		.file 4 "Generated_Source\\PSoC5/ErikaOS_1_common_ee_types.inc"
  87              		.file 5 "Generated_Source\\PSoC5/ErikaOS_1_cortex_mx_ee_cpu.inc"
  88              		.file 6 "Generated_Source\\PSoC5/ErikaOS_1_ee_oo_common.inc"
  89              		.file 7 ".\\Source\\rte/rte_types.h"
  90              		.file 8 ".\\Source\\rte/rte.h"
  91              		.file 9 "Generated_Source\\PSoC5/ErikaOS_1_ee_oo_intfunc.inc"
  92              		.file 10 "Generated_Source\\PSoC5/ErikaOS_1_cortex_mx_ee_context.inc"
  93              		.file 11 "Generated_Source\\PSoC5/ErikaOS_1_common_ee_primitives.inc"
  94              		.file 12 "Generated_Source\\PSoC5/core_cm3.h"
  95              		.file 13 "Generated_Source\\PSoC5/ErikaOS_1_ee_oo_kernel.inc"
  96              		.section	.debug_info,"",%progbits
  97              	.Ldebug_info0:
  98 0000 75020000 		.4byte	0x275
  99 0004 0400     		.2byte	0x4
ARM GAS  C:\Users\mau_g\AppData\Local\Temp\ccPyDBPY.s 			page 4


 100 0006 00000000 		.4byte	.Ldebug_abbrev0
 101 000a 04       		.byte	0x4
 102 000b 01       		.uleb128 0x1
 103 000c CE000000 		.4byte	.LASF40
 104 0010 0C       		.byte	0xc
 105 0011 39030000 		.4byte	.LASF41
 106 0015 D5010000 		.4byte	.LASF42
 107 0019 00000000 		.4byte	.Ldebug_ranges0+0
 108 001d 00000000 		.4byte	0
 109 0021 00000000 		.4byte	.Ldebug_line0
 110 0025 02       		.uleb128 0x2
 111 0026 01       		.byte	0x1
 112 0027 06       		.byte	0x6
 113 0028 10030000 		.4byte	.LASF0
 114 002c 02       		.uleb128 0x2
 115 002d 01       		.byte	0x1
 116 002e 08       		.byte	0x8
 117 002f C0000000 		.4byte	.LASF1
 118 0033 02       		.uleb128 0x2
 119 0034 02       		.byte	0x2
 120 0035 05       		.byte	0x5
 121 0036 E8020000 		.4byte	.LASF2
 122 003a 03       		.uleb128 0x3
 123 003b AF010000 		.4byte	.LASF4
 124 003f 02       		.byte	0x2
 125 0040 2B       		.byte	0x2b
 126 0041 45000000 		.4byte	0x45
 127 0045 02       		.uleb128 0x2
 128 0046 02       		.byte	0x2
 129 0047 07       		.byte	0x7
 130 0048 77010000 		.4byte	.LASF3
 131 004c 03       		.uleb128 0x3
 132 004d 31000000 		.4byte	.LASF5
 133 0051 02       		.byte	0x2
 134 0052 3F       		.byte	0x3f
 135 0053 57000000 		.4byte	0x57
 136 0057 02       		.uleb128 0x2
 137 0058 04       		.byte	0x4
 138 0059 05       		.byte	0x5
 139 005a FB020000 		.4byte	.LASF6
 140 005e 02       		.uleb128 0x2
 141 005f 04       		.byte	0x4
 142 0060 07       		.byte	0x7
 143 0061 65010000 		.4byte	.LASF7
 144 0065 02       		.uleb128 0x2
 145 0066 08       		.byte	0x8
 146 0067 05       		.byte	0x5
 147 0068 B8020000 		.4byte	.LASF8
 148 006c 02       		.uleb128 0x2
 149 006d 08       		.byte	0x8
 150 006e 07       		.byte	0x7
 151 006f 67020000 		.4byte	.LASF9
 152 0073 04       		.uleb128 0x4
 153 0074 04       		.byte	0x4
 154 0075 05       		.byte	0x5
 155 0076 696E7400 		.ascii	"int\000"
 156 007a 02       		.uleb128 0x2
ARM GAS  C:\Users\mau_g\AppData\Local\Temp\ccPyDBPY.s 			page 5


 157 007b 04       		.byte	0x4
 158 007c 07       		.byte	0x7
 159 007d 48020000 		.4byte	.LASF10
 160 0081 03       		.uleb128 0x3
 161 0082 F2020000 		.4byte	.LASF11
 162 0086 03       		.byte	0x3
 163 0087 24       		.byte	0x24
 164 0088 3A000000 		.4byte	0x3a
 165 008c 03       		.uleb128 0x3
 166 008d A7020000 		.4byte	.LASF12
 167 0091 03       		.byte	0x3
 168 0092 2C       		.byte	0x2c
 169 0093 4C000000 		.4byte	0x4c
 170 0097 02       		.uleb128 0x2
 171 0098 04       		.byte	0x4
 172 0099 04       		.byte	0x4
 173 009a 95000000 		.4byte	.LASF13
 174 009e 02       		.uleb128 0x2
 175 009f 08       		.byte	0x8
 176 00a0 04       		.byte	0x4
 177 00a1 6E000000 		.4byte	.LASF14
 178 00a5 02       		.uleb128 0x2
 179 00a6 01       		.byte	0x1
 180 00a7 08       		.byte	0x8
 181 00a8 C6020000 		.4byte	.LASF15
 182 00ac 02       		.uleb128 0x2
 183 00ad 08       		.byte	0x8
 184 00ae 04       		.byte	0x4
 185 00af 04030000 		.4byte	.LASF16
 186 00b3 03       		.uleb128 0x3
 187 00b4 5C010000 		.4byte	.LASF17
 188 00b8 04       		.byte	0x4
 189 00b9 53       		.byte	0x53
 190 00ba 73000000 		.4byte	0x73
 191 00be 03       		.uleb128 0x3
 192 00bf 5D020000 		.4byte	.LASF18
 193 00c3 04       		.byte	0x4
 194 00c4 54       		.byte	0x54
 195 00c5 7A000000 		.4byte	0x7a
 196 00c9 03       		.uleb128 0x3
 197 00ca CB020000 		.4byte	.LASF19
 198 00ce 05       		.byte	0x5
 199 00cf 4D       		.byte	0x4d
 200 00d0 BE000000 		.4byte	0xbe
 201 00d4 03       		.uleb128 0x3
 202 00d5 55020000 		.4byte	.LASF20
 203 00d9 05       		.byte	0x5
 204 00da 4F       		.byte	0x4f
 205 00db BE000000 		.4byte	0xbe
 206 00df 03       		.uleb128 0x3
 207 00e0 8E000000 		.4byte	.LASF21
 208 00e4 05       		.byte	0x5
 209 00e5 78       		.byte	0x78
 210 00e6 B3000000 		.4byte	0xb3
 211 00ea 05       		.uleb128 0x5
 212 00eb 3B000000 		.4byte	.LASF22
 213 00ef 06       		.byte	0x6
ARM GAS  C:\Users\mau_g\AppData\Local\Temp\ccPyDBPY.s 			page 6


 214 00f0 2C02     		.2byte	0x22c
 215 00f2 C9000000 		.4byte	0xc9
 216 00f6 02       		.uleb128 0x2
 217 00f7 04       		.byte	0x4
 218 00f8 07       		.byte	0x7
 219 00f9 AF020000 		.4byte	.LASF23
 220 00fd 03       		.uleb128 0x3
 221 00fe BA010000 		.4byte	.LASF24
 222 0102 07       		.byte	0x7
 223 0103 21       		.byte	0x21
 224 0104 EA000000 		.4byte	0xea
 225 0108 03       		.uleb128 0x3
 226 0109 1C030000 		.4byte	.LASF25
 227 010d 08       		.byte	0x8
 228 010e 66       		.byte	0x66
 229 010f 13010000 		.4byte	0x113
 230 0113 06       		.uleb128 0x6
 231 0114 04       		.byte	0x4
 232 0115 19010000 		.4byte	0x119
 233 0119 07       		.uleb128 0x7
 234 011a 24010000 		.4byte	0x124
 235 011e 08       		.uleb128 0x8
 236 011f FD000000 		.4byte	0xfd
 237 0123 00       		.byte	0
 238 0124 09       		.uleb128 0x9
 239 0125 08       		.byte	0x8
 240 0126 08       		.byte	0x8
 241 0127 74       		.byte	0x74
 242 0128 45010000 		.4byte	0x145
 243 012c 0A       		.uleb128 0xa
 244 012d 72756E00 		.ascii	"run\000"
 245 0131 08       		.byte	0x8
 246 0132 76       		.byte	0x76
 247 0133 08010000 		.4byte	0x108
 248 0137 00       		.byte	0
 249 0138 0B       		.uleb128 0xb
 250 0139 29020000 		.4byte	.LASF26
 251 013d 08       		.byte	0x8
 252 013e 77       		.byte	0x77
 253 013f EA000000 		.4byte	0xea
 254 0143 04       		.byte	0x4
 255 0144 00       		.byte	0
 256 0145 03       		.uleb128 0x3
 257 0146 20000000 		.4byte	.LASF27
 258 014a 08       		.byte	0x8
 259 014b 78       		.byte	0x78
 260 014c 24010000 		.4byte	0x124
 261 0150 0C       		.uleb128 0xc
 262 0151 00000000 		.4byte	.LASF43
 263 0155 01       		.byte	0x1
 264 0156 37       		.byte	0x37
 265 0157 00000000 		.4byte	.LFB110
 266 015b 2C000000 		.4byte	.LFE110-.LFB110
 267 015f 01       		.uleb128 0x1
 268 0160 9C       		.byte	0x9c
 269 0161 C0010000 		.4byte	0x1c0
 270 0165 0D       		.uleb128 0xd
ARM GAS  C:\Users\mau_g\AppData\Local\Temp\ccPyDBPY.s 			page 7


 271 0166 657600   		.ascii	"ev\000"
 272 0169 01       		.byte	0x1
 273 016a 39       		.byte	0x39
 274 016b EA000000 		.4byte	0xea
 275 016f 02       		.uleb128 0x2
 276 0170 91       		.byte	0x91
 277 0171 74       		.sleb128 -12
 278 0172 0E       		.uleb128 0xe
 279 0173 0E000000 		.4byte	.LVL0
 280 0177 49020000 		.4byte	0x249
 281 017b 85010000 		.4byte	0x185
 282 017f 0F       		.uleb128 0xf
 283 0180 01       		.uleb128 0x1
 284 0181 50       		.byte	0x50
 285 0182 01       		.uleb128 0x1
 286 0183 31       		.byte	0x31
 287 0184 00       		.byte	0
 288 0185 0E       		.uleb128 0xe
 289 0186 16000000 		.4byte	.LVL1
 290 018a 55020000 		.4byte	0x255
 291 018e 9E010000 		.4byte	0x19e
 292 0192 0F       		.uleb128 0xf
 293 0193 01       		.uleb128 0x1
 294 0194 50       		.byte	0x50
 295 0195 01       		.uleb128 0x1
 296 0196 33       		.byte	0x33
 297 0197 0F       		.uleb128 0xf
 298 0198 01       		.uleb128 0x1
 299 0199 51       		.byte	0x51
 300 019a 02       		.uleb128 0x2
 301 019b 91       		.byte	0x91
 302 019c 74       		.sleb128 -12
 303 019d 00       		.byte	0
 304 019e 10       		.uleb128 0x10
 305 019f 1C000000 		.4byte	.LVL2
 306 01a3 61020000 		.4byte	0x261
 307 01a7 11       		.uleb128 0x11
 308 01a8 26000000 		.4byte	.LVL3
 309 01ac 6D020000 		.4byte	0x26d
 310 01b0 0F       		.uleb128 0xf
 311 01b1 01       		.uleb128 0x1
 312 01b2 50       		.byte	0x50
 313 01b3 05       		.uleb128 0x5
 314 01b4 03       		.byte	0x3
 315 01b5 00000000 		.4byte	.LANCHOR0
 316 01b9 0F       		.uleb128 0xf
 317 01ba 01       		.uleb128 0x1
 318 01bb 51       		.byte	0x51
 319 01bc 01       		.uleb128 0x1
 320 01bd 31       		.byte	0x31
 321 01be 00       		.byte	0
 322 01bf 00       		.byte	0
 323 01c0 12       		.uleb128 0x12
 324 01c1 8A010000 		.4byte	.LASF28
 325 01c5 09       		.byte	0x9
 326 01c6 40       		.byte	0x40
 327 01c7 C9000000 		.4byte	0xc9
ARM GAS  C:\Users\mau_g\AppData\Local\Temp\ccPyDBPY.s 			page 8


 328 01cb 12       		.uleb128 0x12
 329 01cc 75000000 		.4byte	.LASF29
 330 01d0 09       		.byte	0x9
 331 01d1 47       		.byte	0x47
 332 01d2 D4000000 		.4byte	0xd4
 333 01d6 12       		.uleb128 0x12
 334 01d7 7E020000 		.4byte	.LASF30
 335 01db 09       		.byte	0x9
 336 01dc 4A       		.byte	0x4a
 337 01dd C9000000 		.4byte	0xc9
 338 01e1 12       		.uleb128 0x12
 339 01e2 2F020000 		.4byte	.LASF31
 340 01e6 0A       		.byte	0xa
 341 01e7 48       		.byte	0x48
 342 01e8 DF000000 		.4byte	0xdf
 343 01ec 12       		.uleb128 0x12
 344 01ed D3020000 		.4byte	.LASF32
 345 01f1 0B       		.byte	0xb
 346 01f2 44       		.byte	0x44
 347 01f3 C9000000 		.4byte	0xc9
 348 01f7 13       		.uleb128 0x13
 349 01f8 A2010000 		.4byte	.LASF33
 350 01fc 0C       		.byte	0xc
 351 01fd 1207     		.2byte	0x712
 352 01ff 03020000 		.4byte	0x203
 353 0203 14       		.uleb128 0x14
 354 0204 8C000000 		.4byte	0x8c
 355 0208 15       		.uleb128 0x15
 356 0209 18020000 		.4byte	0x218
 357 020d 18020000 		.4byte	0x218
 358 0211 16       		.uleb128 0x16
 359 0212 F6000000 		.4byte	0xf6
 360 0216 00       		.byte	0
 361 0217 00       		.byte	0
 362 0218 17       		.uleb128 0x17
 363 0219 45010000 		.4byte	0x145
 364 021d 18       		.uleb128 0x18
 365 021e 9B000000 		.4byte	.LASF34
 366 0222 01       		.byte	0x1
 367 0223 22       		.byte	0x22
 368 0224 2E020000 		.4byte	0x22e
 369 0228 05       		.uleb128 0x5
 370 0229 03       		.byte	0x3
 371 022a 00000000 		.4byte	RTE_eventActivationTable_tsk_control
 372 022e 17       		.uleb128 0x17
 373 022f 08020000 		.4byte	0x208
 374 0233 18       		.uleb128 0x18
 375 0234 49000000 		.4byte	.LASF35
 376 0238 01       		.byte	0x1
 377 0239 25       		.byte	0x25
 378 023a 44020000 		.4byte	0x244
 379 023e 05       		.uleb128 0x5
 380 023f 03       		.byte	0x3
 381 0240 00000000 		.4byte	RTE_eventActivation_tsk_control_size
 382 0244 17       		.uleb128 0x17
 383 0245 81000000 		.4byte	0x81
 384 0249 19       		.uleb128 0x19
ARM GAS  C:\Users\mau_g\AppData\Local\Temp\ccPyDBPY.s 			page 9


 385 024a 10000000 		.4byte	.LASF36
 386 024e 10000000 		.4byte	.LASF36
 387 0252 0D       		.byte	0xd
 388 0253 5901     		.2byte	0x159
 389 0255 19       		.uleb128 0x19
 390 0256 2A030000 		.4byte	.LASF37
 391 025a 2A030000 		.4byte	.LASF37
 392 025e 0D       		.byte	0xd
 393 025f 5401     		.2byte	0x154
 394 0261 19       		.uleb128 0x19
 395 0262 C4010000 		.4byte	.LASF38
 396 0266 C4010000 		.4byte	.LASF38
 397 026a 0D       		.byte	0xd
 398 026b 4F01     		.2byte	0x14f
 399 026d 1A       		.uleb128 0x1a
 400 026e 91020000 		.4byte	.LASF39
 401 0272 91020000 		.4byte	.LASF39
 402 0276 08       		.byte	0x8
 403 0277 97       		.byte	0x97
 404 0278 00       		.byte	0
 405              		.section	.debug_abbrev,"",%progbits
 406              	.Ldebug_abbrev0:
 407 0000 01       		.uleb128 0x1
 408 0001 11       		.uleb128 0x11
 409 0002 01       		.byte	0x1
 410 0003 25       		.uleb128 0x25
 411 0004 0E       		.uleb128 0xe
 412 0005 13       		.uleb128 0x13
 413 0006 0B       		.uleb128 0xb
 414 0007 03       		.uleb128 0x3
 415 0008 0E       		.uleb128 0xe
 416 0009 1B       		.uleb128 0x1b
 417 000a 0E       		.uleb128 0xe
 418 000b 55       		.uleb128 0x55
 419 000c 17       		.uleb128 0x17
 420 000d 11       		.uleb128 0x11
 421 000e 01       		.uleb128 0x1
 422 000f 10       		.uleb128 0x10
 423 0010 17       		.uleb128 0x17
 424 0011 00       		.byte	0
 425 0012 00       		.byte	0
 426 0013 02       		.uleb128 0x2
 427 0014 24       		.uleb128 0x24
 428 0015 00       		.byte	0
 429 0016 0B       		.uleb128 0xb
 430 0017 0B       		.uleb128 0xb
 431 0018 3E       		.uleb128 0x3e
 432 0019 0B       		.uleb128 0xb
 433 001a 03       		.uleb128 0x3
 434 001b 0E       		.uleb128 0xe
 435 001c 00       		.byte	0
 436 001d 00       		.byte	0
 437 001e 03       		.uleb128 0x3
 438 001f 16       		.uleb128 0x16
 439 0020 00       		.byte	0
 440 0021 03       		.uleb128 0x3
 441 0022 0E       		.uleb128 0xe
ARM GAS  C:\Users\mau_g\AppData\Local\Temp\ccPyDBPY.s 			page 10


 442 0023 3A       		.uleb128 0x3a
 443 0024 0B       		.uleb128 0xb
 444 0025 3B       		.uleb128 0x3b
 445 0026 0B       		.uleb128 0xb
 446 0027 49       		.uleb128 0x49
 447 0028 13       		.uleb128 0x13
 448 0029 00       		.byte	0
 449 002a 00       		.byte	0
 450 002b 04       		.uleb128 0x4
 451 002c 24       		.uleb128 0x24
 452 002d 00       		.byte	0
 453 002e 0B       		.uleb128 0xb
 454 002f 0B       		.uleb128 0xb
 455 0030 3E       		.uleb128 0x3e
 456 0031 0B       		.uleb128 0xb
 457 0032 03       		.uleb128 0x3
 458 0033 08       		.uleb128 0x8
 459 0034 00       		.byte	0
 460 0035 00       		.byte	0
 461 0036 05       		.uleb128 0x5
 462 0037 16       		.uleb128 0x16
 463 0038 00       		.byte	0
 464 0039 03       		.uleb128 0x3
 465 003a 0E       		.uleb128 0xe
 466 003b 3A       		.uleb128 0x3a
 467 003c 0B       		.uleb128 0xb
 468 003d 3B       		.uleb128 0x3b
 469 003e 05       		.uleb128 0x5
 470 003f 49       		.uleb128 0x49
 471 0040 13       		.uleb128 0x13
 472 0041 00       		.byte	0
 473 0042 00       		.byte	0
 474 0043 06       		.uleb128 0x6
 475 0044 0F       		.uleb128 0xf
 476 0045 00       		.byte	0
 477 0046 0B       		.uleb128 0xb
 478 0047 0B       		.uleb128 0xb
 479 0048 49       		.uleb128 0x49
 480 0049 13       		.uleb128 0x13
 481 004a 00       		.byte	0
 482 004b 00       		.byte	0
 483 004c 07       		.uleb128 0x7
 484 004d 15       		.uleb128 0x15
 485 004e 01       		.byte	0x1
 486 004f 27       		.uleb128 0x27
 487 0050 19       		.uleb128 0x19
 488 0051 01       		.uleb128 0x1
 489 0052 13       		.uleb128 0x13
 490 0053 00       		.byte	0
 491 0054 00       		.byte	0
 492 0055 08       		.uleb128 0x8
 493 0056 05       		.uleb128 0x5
 494 0057 00       		.byte	0
 495 0058 49       		.uleb128 0x49
 496 0059 13       		.uleb128 0x13
 497 005a 00       		.byte	0
 498 005b 00       		.byte	0
ARM GAS  C:\Users\mau_g\AppData\Local\Temp\ccPyDBPY.s 			page 11


 499 005c 09       		.uleb128 0x9
 500 005d 13       		.uleb128 0x13
 501 005e 01       		.byte	0x1
 502 005f 0B       		.uleb128 0xb
 503 0060 0B       		.uleb128 0xb
 504 0061 3A       		.uleb128 0x3a
 505 0062 0B       		.uleb128 0xb
 506 0063 3B       		.uleb128 0x3b
 507 0064 0B       		.uleb128 0xb
 508 0065 01       		.uleb128 0x1
 509 0066 13       		.uleb128 0x13
 510 0067 00       		.byte	0
 511 0068 00       		.byte	0
 512 0069 0A       		.uleb128 0xa
 513 006a 0D       		.uleb128 0xd
 514 006b 00       		.byte	0
 515 006c 03       		.uleb128 0x3
 516 006d 08       		.uleb128 0x8
 517 006e 3A       		.uleb128 0x3a
 518 006f 0B       		.uleb128 0xb
 519 0070 3B       		.uleb128 0x3b
 520 0071 0B       		.uleb128 0xb
 521 0072 49       		.uleb128 0x49
 522 0073 13       		.uleb128 0x13
 523 0074 38       		.uleb128 0x38
 524 0075 0B       		.uleb128 0xb
 525 0076 00       		.byte	0
 526 0077 00       		.byte	0
 527 0078 0B       		.uleb128 0xb
 528 0079 0D       		.uleb128 0xd
 529 007a 00       		.byte	0
 530 007b 03       		.uleb128 0x3
 531 007c 0E       		.uleb128 0xe
 532 007d 3A       		.uleb128 0x3a
 533 007e 0B       		.uleb128 0xb
 534 007f 3B       		.uleb128 0x3b
 535 0080 0B       		.uleb128 0xb
 536 0081 49       		.uleb128 0x49
 537 0082 13       		.uleb128 0x13
 538 0083 38       		.uleb128 0x38
 539 0084 0B       		.uleb128 0xb
 540 0085 00       		.byte	0
 541 0086 00       		.byte	0
 542 0087 0C       		.uleb128 0xc
 543 0088 2E       		.uleb128 0x2e
 544 0089 01       		.byte	0x1
 545 008a 3F       		.uleb128 0x3f
 546 008b 19       		.uleb128 0x19
 547 008c 03       		.uleb128 0x3
 548 008d 0E       		.uleb128 0xe
 549 008e 3A       		.uleb128 0x3a
 550 008f 0B       		.uleb128 0xb
 551 0090 3B       		.uleb128 0x3b
 552 0091 0B       		.uleb128 0xb
 553 0092 27       		.uleb128 0x27
 554 0093 19       		.uleb128 0x19
 555 0094 8701     		.uleb128 0x87
ARM GAS  C:\Users\mau_g\AppData\Local\Temp\ccPyDBPY.s 			page 12


 556 0096 19       		.uleb128 0x19
 557 0097 11       		.uleb128 0x11
 558 0098 01       		.uleb128 0x1
 559 0099 12       		.uleb128 0x12
 560 009a 06       		.uleb128 0x6
 561 009b 40       		.uleb128 0x40
 562 009c 18       		.uleb128 0x18
 563 009d 9742     		.uleb128 0x2117
 564 009f 19       		.uleb128 0x19
 565 00a0 01       		.uleb128 0x1
 566 00a1 13       		.uleb128 0x13
 567 00a2 00       		.byte	0
 568 00a3 00       		.byte	0
 569 00a4 0D       		.uleb128 0xd
 570 00a5 34       		.uleb128 0x34
 571 00a6 00       		.byte	0
 572 00a7 03       		.uleb128 0x3
 573 00a8 08       		.uleb128 0x8
 574 00a9 3A       		.uleb128 0x3a
 575 00aa 0B       		.uleb128 0xb
 576 00ab 3B       		.uleb128 0x3b
 577 00ac 0B       		.uleb128 0xb
 578 00ad 49       		.uleb128 0x49
 579 00ae 13       		.uleb128 0x13
 580 00af 02       		.uleb128 0x2
 581 00b0 18       		.uleb128 0x18
 582 00b1 00       		.byte	0
 583 00b2 00       		.byte	0
 584 00b3 0E       		.uleb128 0xe
 585 00b4 898201   		.uleb128 0x4109
 586 00b7 01       		.byte	0x1
 587 00b8 11       		.uleb128 0x11
 588 00b9 01       		.uleb128 0x1
 589 00ba 31       		.uleb128 0x31
 590 00bb 13       		.uleb128 0x13
 591 00bc 01       		.uleb128 0x1
 592 00bd 13       		.uleb128 0x13
 593 00be 00       		.byte	0
 594 00bf 00       		.byte	0
 595 00c0 0F       		.uleb128 0xf
 596 00c1 8A8201   		.uleb128 0x410a
 597 00c4 00       		.byte	0
 598 00c5 02       		.uleb128 0x2
 599 00c6 18       		.uleb128 0x18
 600 00c7 9142     		.uleb128 0x2111
 601 00c9 18       		.uleb128 0x18
 602 00ca 00       		.byte	0
 603 00cb 00       		.byte	0
 604 00cc 10       		.uleb128 0x10
 605 00cd 898201   		.uleb128 0x4109
 606 00d0 00       		.byte	0
 607 00d1 11       		.uleb128 0x11
 608 00d2 01       		.uleb128 0x1
 609 00d3 31       		.uleb128 0x31
 610 00d4 13       		.uleb128 0x13
 611 00d5 00       		.byte	0
 612 00d6 00       		.byte	0
ARM GAS  C:\Users\mau_g\AppData\Local\Temp\ccPyDBPY.s 			page 13


 613 00d7 11       		.uleb128 0x11
 614 00d8 898201   		.uleb128 0x4109
 615 00db 01       		.byte	0x1
 616 00dc 11       		.uleb128 0x11
 617 00dd 01       		.uleb128 0x1
 618 00de 31       		.uleb128 0x31
 619 00df 13       		.uleb128 0x13
 620 00e0 00       		.byte	0
 621 00e1 00       		.byte	0
 622 00e2 12       		.uleb128 0x12
 623 00e3 34       		.uleb128 0x34
 624 00e4 00       		.byte	0
 625 00e5 03       		.uleb128 0x3
 626 00e6 0E       		.uleb128 0xe
 627 00e7 3A       		.uleb128 0x3a
 628 00e8 0B       		.uleb128 0xb
 629 00e9 3B       		.uleb128 0x3b
 630 00ea 0B       		.uleb128 0xb
 631 00eb 49       		.uleb128 0x49
 632 00ec 13       		.uleb128 0x13
 633 00ed 3F       		.uleb128 0x3f
 634 00ee 19       		.uleb128 0x19
 635 00ef 3C       		.uleb128 0x3c
 636 00f0 19       		.uleb128 0x19
 637 00f1 00       		.byte	0
 638 00f2 00       		.byte	0
 639 00f3 13       		.uleb128 0x13
 640 00f4 34       		.uleb128 0x34
 641 00f5 00       		.byte	0
 642 00f6 03       		.uleb128 0x3
 643 00f7 0E       		.uleb128 0xe
 644 00f8 3A       		.uleb128 0x3a
 645 00f9 0B       		.uleb128 0xb
 646 00fa 3B       		.uleb128 0x3b
 647 00fb 05       		.uleb128 0x5
 648 00fc 49       		.uleb128 0x49
 649 00fd 13       		.uleb128 0x13
 650 00fe 3F       		.uleb128 0x3f
 651 00ff 19       		.uleb128 0x19
 652 0100 3C       		.uleb128 0x3c
 653 0101 19       		.uleb128 0x19
 654 0102 00       		.byte	0
 655 0103 00       		.byte	0
 656 0104 14       		.uleb128 0x14
 657 0105 35       		.uleb128 0x35
 658 0106 00       		.byte	0
 659 0107 49       		.uleb128 0x49
 660 0108 13       		.uleb128 0x13
 661 0109 00       		.byte	0
 662 010a 00       		.byte	0
 663 010b 15       		.uleb128 0x15
 664 010c 01       		.uleb128 0x1
 665 010d 01       		.byte	0x1
 666 010e 49       		.uleb128 0x49
 667 010f 13       		.uleb128 0x13
 668 0110 01       		.uleb128 0x1
 669 0111 13       		.uleb128 0x13
ARM GAS  C:\Users\mau_g\AppData\Local\Temp\ccPyDBPY.s 			page 14


 670 0112 00       		.byte	0
 671 0113 00       		.byte	0
 672 0114 16       		.uleb128 0x16
 673 0115 21       		.uleb128 0x21
 674 0116 00       		.byte	0
 675 0117 49       		.uleb128 0x49
 676 0118 13       		.uleb128 0x13
 677 0119 2F       		.uleb128 0x2f
 678 011a 0B       		.uleb128 0xb
 679 011b 00       		.byte	0
 680 011c 00       		.byte	0
 681 011d 17       		.uleb128 0x17
 682 011e 26       		.uleb128 0x26
 683 011f 00       		.byte	0
 684 0120 49       		.uleb128 0x49
 685 0121 13       		.uleb128 0x13
 686 0122 00       		.byte	0
 687 0123 00       		.byte	0
 688 0124 18       		.uleb128 0x18
 689 0125 34       		.uleb128 0x34
 690 0126 00       		.byte	0
 691 0127 03       		.uleb128 0x3
 692 0128 0E       		.uleb128 0xe
 693 0129 3A       		.uleb128 0x3a
 694 012a 0B       		.uleb128 0xb
 695 012b 3B       		.uleb128 0x3b
 696 012c 0B       		.uleb128 0xb
 697 012d 49       		.uleb128 0x49
 698 012e 13       		.uleb128 0x13
 699 012f 3F       		.uleb128 0x3f
 700 0130 19       		.uleb128 0x19
 701 0131 02       		.uleb128 0x2
 702 0132 18       		.uleb128 0x18
 703 0133 00       		.byte	0
 704 0134 00       		.byte	0
 705 0135 19       		.uleb128 0x19
 706 0136 2E       		.uleb128 0x2e
 707 0137 00       		.byte	0
 708 0138 3F       		.uleb128 0x3f
 709 0139 19       		.uleb128 0x19
 710 013a 3C       		.uleb128 0x3c
 711 013b 19       		.uleb128 0x19
 712 013c 6E       		.uleb128 0x6e
 713 013d 0E       		.uleb128 0xe
 714 013e 03       		.uleb128 0x3
 715 013f 0E       		.uleb128 0xe
 716 0140 3A       		.uleb128 0x3a
 717 0141 0B       		.uleb128 0xb
 718 0142 3B       		.uleb128 0x3b
 719 0143 05       		.uleb128 0x5
 720 0144 00       		.byte	0
 721 0145 00       		.byte	0
 722 0146 1A       		.uleb128 0x1a
 723 0147 2E       		.uleb128 0x2e
 724 0148 00       		.byte	0
 725 0149 3F       		.uleb128 0x3f
 726 014a 19       		.uleb128 0x19
ARM GAS  C:\Users\mau_g\AppData\Local\Temp\ccPyDBPY.s 			page 15


 727 014b 3C       		.uleb128 0x3c
 728 014c 19       		.uleb128 0x19
 729 014d 6E       		.uleb128 0x6e
 730 014e 0E       		.uleb128 0xe
 731 014f 03       		.uleb128 0x3
 732 0150 0E       		.uleb128 0xe
 733 0151 3A       		.uleb128 0x3a
 734 0152 0B       		.uleb128 0xb
 735 0153 3B       		.uleb128 0x3b
 736 0154 0B       		.uleb128 0xb
 737 0155 00       		.byte	0
 738 0156 00       		.byte	0
 739 0157 00       		.byte	0
 740              		.section	.debug_aranges,"",%progbits
 741 0000 1C000000 		.4byte	0x1c
 742 0004 0200     		.2byte	0x2
 743 0006 00000000 		.4byte	.Ldebug_info0
 744 000a 04       		.byte	0x4
 745 000b 00       		.byte	0
 746 000c 0000     		.2byte	0
 747 000e 0000     		.2byte	0
 748 0010 00000000 		.4byte	.LFB110
 749 0014 2C000000 		.4byte	.LFE110-.LFB110
 750 0018 00000000 		.4byte	0
 751 001c 00000000 		.4byte	0
 752              		.section	.debug_ranges,"",%progbits
 753              	.Ldebug_ranges0:
 754 0000 00000000 		.4byte	.LFB110
 755 0004 2C000000 		.4byte	.LFE110
 756 0008 00000000 		.4byte	0
 757 000c 00000000 		.4byte	0
 758              		.section	.debug_line,"",%progbits
 759              	.Ldebug_line0:
 760 0000 8A020000 		.section	.debug_str,"MS",%progbits,1
 760      02006002 
 760      00000201 
 760      FB0E0D00 
 760      01010101 
 761              	.LASF43:
 762 0000 46756E63 		.ascii	"Functsk_control\000"
 762      74736B5F 
 762      636F6E74 
 762      726F6C00 
 763              	.LASF36:
 764 0010 45455F6F 		.ascii	"EE_oo_WaitEvent\000"
 764      6F5F5761 
 764      69744576 
 764      656E7400 
 765              	.LASF27:
 766 0020 5254455F 		.ascii	"RTE_eventTable_t\000"
 766      6576656E 
 766      74546162 
 766      6C655F74 
 766      00
 767              	.LASF5:
 768 0031 5F5F696E 		.ascii	"__int32_t\000"
 768      7433325F 
ARM GAS  C:\Users\mau_g\AppData\Local\Temp\ccPyDBPY.s 			page 16


 768      7400
 769              	.LASF22:
 770 003b 4576656E 		.ascii	"EventMaskType\000"
 770      744D6173 
 770      6B547970 
 770      6500
 771              	.LASF35:
 772 0049 5254455F 		.ascii	"RTE_eventActivation_tsk_control_size\000"
 772      6576656E 
 772      74416374 
 772      69766174 
 772      696F6E5F 
 773              	.LASF14:
 774 006e 646F7562 		.ascii	"double\000"
 774      6C6500
 775              	.LASF29:
 776 0075 45455F6F 		.ascii	"EE_oo_IRQ_suspend_status\000"
 776      6F5F4952 
 776      515F7375 
 776      7370656E 
 776      645F7374 
 777              	.LASF21:
 778 008e 45455F54 		.ascii	"EE_TID\000"
 778      494400
 779              	.LASF13:
 780 0095 666C6F61 		.ascii	"float\000"
 780      7400
 781              	.LASF34:
 782 009b 5254455F 		.ascii	"RTE_eventActivationTable_tsk_control\000"
 782      6576656E 
 782      74416374 
 782      69766174 
 782      696F6E54 
 783              	.LASF1:
 784 00c0 756E7369 		.ascii	"unsigned char\000"
 784      676E6564 
 784      20636861 
 784      7200
 785              	.LASF40:
 786 00ce 474E5520 		.ascii	"GNU C11 5.4.1 20160609 (release) [ARM/embedded-5-br"
 786      43313120 
 786      352E342E 
 786      31203230 
 786      31363036 
 787 0101 616E6368 		.ascii	"anch revision 237715] -mcpu=cortex-m3 -mthumb -g -O"
 787      20726576 
 787      6973696F 
 787      6E203233 
 787      37373135 
 788 0134 67202D66 		.ascii	"g -ffunction-sections -ffat-lto-objects\000"
 788      66756E63 
 788      74696F6E 
 788      2D736563 
 788      74696F6E 
 789              	.LASF17:
 790 015c 45455F49 		.ascii	"EE_INT32\000"
 790      4E543332 
ARM GAS  C:\Users\mau_g\AppData\Local\Temp\ccPyDBPY.s 			page 17


 790      00
 791              	.LASF7:
 792 0165 6C6F6E67 		.ascii	"long unsigned int\000"
 792      20756E73 
 792      69676E65 
 792      6420696E 
 792      7400
 793              	.LASF3:
 794 0177 73686F72 		.ascii	"short unsigned int\000"
 794      7420756E 
 794      7369676E 
 794      65642069 
 794      6E7400
 795              	.LASF28:
 796 018a 45455F6F 		.ascii	"EE_oo_IRQ_disable_count\000"
 796      6F5F4952 
 796      515F6469 
 796      7361626C 
 796      655F636F 
 797              	.LASF33:
 798 01a2 49544D5F 		.ascii	"ITM_RxBuffer\000"
 798      52784275 
 798      66666572 
 798      00
 799              	.LASF4:
 800 01af 5F5F7569 		.ascii	"__uint16_t\000"
 800      6E743136 
 800      5F7400
 801              	.LASF24:
 802 01ba 5254455F 		.ascii	"RTE_event\000"
 802      6576656E 
 802      7400
 803              	.LASF38:
 804 01c4 45455F6F 		.ascii	"EE_oo_ClearEvent\000"
 804      6F5F436C 
 804      65617245 
 804      76656E74 
 804      00
 805              	.LASF42:
 806 01d5 433A5C55 		.ascii	"C:\\Users\\mau_g\\Desktop\\Master\\2_SEMESTER\\EAA_"
 806      73657273 
 806      5C6D6175 
 806      5F675C44 
 806      65736B74 
 807 0202 4C61625C 		.ascii	"Lab\\Lab2\\Workspace_Lab2\\EAA_Lab2.cydsn\000"
 807      4C616232 
 807      5C576F72 
 807      6B737061 
 807      63655F4C 
 808              	.LASF26:
 809 0229 6576656E 		.ascii	"event\000"
 809      7400
 810              	.LASF31:
 811 022f 45455F73 		.ascii	"EE_std_endcycle_next_tid\000"
 811      74645F65 
 811      6E646379 
 811      636C655F 
ARM GAS  C:\Users\mau_g\AppData\Local\Temp\ccPyDBPY.s 			page 18


 811      6E657874 
 812              	.LASF10:
 813 0248 756E7369 		.ascii	"unsigned int\000"
 813      676E6564 
 813      20696E74 
 813      00
 814              	.LASF20:
 815 0255 45455F46 		.ascii	"EE_FREG\000"
 815      52454700 
 816              	.LASF18:
 817 025d 45455F55 		.ascii	"EE_UINT32\000"
 817      494E5433 
 817      3200
 818              	.LASF9:
 819 0267 6C6F6E67 		.ascii	"long long unsigned int\000"
 819      206C6F6E 
 819      6720756E 
 819      7369676E 
 819      65642069 
 820              	.LASF30:
 821 027e 45455F41 		.ascii	"EE_ApplicationMode\000"
 821      70706C69 
 821      63617469 
 821      6F6E4D6F 
 821      646500
 822              	.LASF39:
 823 0291 5254455F 		.ascii	"RTE_ProcessEventTable\000"
 823      50726F63 
 823      65737345 
 823      76656E74 
 823      5461626C 
 824              	.LASF12:
 825 02a7 696E7433 		.ascii	"int32_t\000"
 825      325F7400 
 826              	.LASF23:
 827 02af 73697A65 		.ascii	"sizetype\000"
 827      74797065 
 827      00
 828              	.LASF8:
 829 02b8 6C6F6E67 		.ascii	"long long int\000"
 829      206C6F6E 
 829      6720696E 
 829      7400
 830              	.LASF15:
 831 02c6 63686172 		.ascii	"char\000"
 831      00
 832              	.LASF19:
 833 02cb 45455F55 		.ascii	"EE_UREG\000"
 833      52454700 
 834              	.LASF32:
 835 02d3 45455F49 		.ascii	"EE_IRQ_nesting_level\000"
 835      52515F6E 
 835      65737469 
 835      6E675F6C 
 835      6576656C 
 836              	.LASF2:
 837 02e8 73686F72 		.ascii	"short int\000"
ARM GAS  C:\Users\mau_g\AppData\Local\Temp\ccPyDBPY.s 			page 19


 837      7420696E 
 837      7400
 838              	.LASF11:
 839 02f2 75696E74 		.ascii	"uint16_t\000"
 839      31365F74 
 839      00
 840              	.LASF6:
 841 02fb 6C6F6E67 		.ascii	"long int\000"
 841      20696E74 
 841      00
 842              	.LASF16:
 843 0304 6C6F6E67 		.ascii	"long double\000"
 843      20646F75 
 843      626C6500 
 844              	.LASF0:
 845 0310 7369676E 		.ascii	"signed char\000"
 845      65642063 
 845      68617200 
 846              	.LASF25:
 847 031c 5254455F 		.ascii	"RTE_pRunnable\000"
 847      7052756E 
 847      6E61626C 
 847      6500
 848              	.LASF37:
 849 032a 45455F6F 		.ascii	"EE_oo_GetEvent\000"
 849      6F5F4765 
 849      74457665 
 849      6E7400
 850              	.LASF41:
 851 0339 536F7572 		.ascii	"Source\\asw\\tsk_control.c\000"
 851      63655C61 
 851      73775C74 
 851      736B5F63 
 851      6F6E7472 
 852              		.ident	"GCC: (GNU Tools for ARM Embedded Processors) 5.4.1 20160609 (release) [ARM/embedded-5-bran
